2016-07-19 14:36:53,941 root DEBUG autoptsclient_common.py   349   run_test_case             : Starting TestCase wrapper GAP TC_ADV_BV_03_C
2016-07-19 14:36:53,941 root DEBUG testcase.py               499   pre_run                   : pre_run GAP TC_ADV_BV_03_C
2016-07-19 14:36:53,941 root DEBUG testcase.py               502   pre_run                   : About to run test case GAP TC_ADV_BV_03_C with commands:
2016-07-19 14:36:53,941 root DEBUG testcase.py               504   pre_run                   : 0) ptsprojects.testcase.TestFunc <bound method ZephyrCtl.start of <ptsprojects.zephyr.iutctl.ZephyrCtl instance at 0x7f2c4cf043f8>> None None () {}
2016-07-19 14:36:53,942 root DEBUG testcase.py               504   pre_run                   : 1) ptsprojects.testcase.TestFunc <function core_reg_svc_gap at 0x7f2c4ced5a28> None None () {}
2016-07-19 14:36:53,942 root DEBUG testcase.py               504   pre_run                   : 2) ptsprojects.testcase.TestFunc <function gap_set_conn at 0x7f2c4ceed140> None None () {}
2016-07-19 14:36:53,942 root DEBUG testcase.py               504   pre_run                   : 3) ptsprojects.testcase.TestFunc <function gap_set_gendiscov at 0x7f2c4ceed2a8> None None () {}
2016-07-19 14:36:53,942 root DEBUG testcase.py               504   pre_run                   : 4) ptsprojects.testcase.TestFunc <function gap_adv_ind_on at 0x7f2c4ced5b90> None None () {}
2016-07-19 14:36:53,942 root DEBUG testcase.py               504   pre_run                   : 5) ptsprojects.testcase.TestFuncCleanUp <bound method ZephyrCtl.stop of <ptsprojects.zephyr.iutctl.ZephyrCtl instance at 0x7f2c4cf043f8>> None None () {}
2016-07-19 14:36:53,942 root DEBUG testcase.py               201   start                     : Starting test function: ptsprojects.testcase.TestFunc <bound method ZephyrCtl.start of <ptsprojects.zephyr.iutctl.ZephyrCtl instance at 0x7f2c4cf043f8>> None None () {}
2016-07-19 14:36:53,942 root DEBUG testcase.py               209   start                     : Test function parameters: args=(), kwds={}
2016-07-19 14:36:53,942 root DEBUG iutctl.py                 173   start                     : ptsprojects.zephyr.iutctl.ZephyrCtl.start
2016-07-19 14:36:53,943 root DEBUG iutctl.py                 160   reset_board               : About to reset DUT: "/home/skamrmar/bin/zflash/openocd/bin/openocd -s /home/skamrmar/bin/zflash/openocd/share/scripts -f /home/skamrmar/bin/zflash/boards/mountatlas/openocd.cfg -c 'init' -c 'reset run' -c 'shutdown'"
2016-07-19 14:36:55,955 root DEBUG iutctl.py                 184   start                     : Starting socat process: socat -x -v /dev/ttyUSB1,raw,b115200 UNIX-CONNECT:/tmp/bt-stack-tester
2016-07-19 14:36:55,958 root DEBUG iutctl.py                 56    accept                    : accept
2016-07-19 14:36:55,961 root DEBUG testcase.py               201   start                     : Starting test function: ptsprojects.testcase.TestFunc <function core_reg_svc_gap at 0x7f2c4ced5a28> None None () {}
2016-07-19 14:36:55,961 root DEBUG testcase.py               209   start                     : Test function parameters: args=(), kwds={}
2016-07-19 14:36:55,962 root DEBUG btp.py                    226   core_reg_svc_gap          : core_reg_svc_gap
2016-07-19 14:36:55,962 root DEBUG iutctl.py                 98    send                      : send, 0 3 255 1
2016-07-19 14:36:55,962 root DEBUG iutctl.py                 108   send                      : btpclient command: send 0 3 255 01
2016-07-19 14:36:55,962 root DEBUG btpparser.py              59    enc_frame                 : enc_frame, 0 3 255 '\x01'
2016-07-19 14:36:55,962 root DEBUG iutctl.py                 112   send                      : sending frame '\x00\x03\xff\x01\x00\x01'
2016-07-19 14:36:57,513 root DEBUG btp.py                    246   core_reg_svc_rsp_succ     : core_reg_svc_rsp_succ
2016-07-19 14:36:57,513 root DEBUG iutctl.py                 64    read                      : read
2016-07-19 14:36:57,582 root DEBUG btpparser.py              39    dec_hdr                   : dec_hdr, bytearray(b'\x00\x03\xff\x00\x00')
2016-07-19 14:36:57,584 root DEBUG iutctl.py                 78    read                      : Received: hdr: header(svc_id=0, op=3, ctrl_index=255, data_len=0) bytearray(b'\x00\x03\xff\x00\x00')
2016-07-19 14:36:57,584 root DEBUG btpparser.py              49    dec_data                  : dec_data, bytearray(b'')
2016-07-19 14:36:57,584 root DEBUG iutctl.py                 91    read                      : Received data: ('',), bytearray(b'')
2016-07-19 14:36:57,584 root DEBUG btp.py                    257   core_reg_svc_rsp_succ     : received header(svc_id=0, op=3, ctrl_index=255, data_len=0) ('',)
2016-07-19 14:36:57,584 root DEBUG btp.py                    258   core_reg_svc_rsp_succ     : expected ((0, 3, 255, 0), ('',))
2016-07-19 14:36:57,585 root DEBUG btp.py                    264   core_reg_svc_rsp_succ     : response is valid
2016-07-19 14:36:57,585 root DEBUG testcase.py               201   start                     : Starting test function: ptsprojects.testcase.TestFunc <function gap_set_conn at 0x7f2c4ceed140> None None () {}
2016-07-19 14:36:57,585 root DEBUG testcase.py               209   start                     : Test function parameters: args=(), kwds={}
2016-07-19 14:36:57,585 root DEBUG btp.py                    445   gap_set_conn              : gap_set_conn
2016-07-19 14:36:57,585 root DEBUG iutctl.py                 98    send                      : send, 1 6 0 1
2016-07-19 14:36:57,585 root DEBUG iutctl.py                 108   send                      : btpclient command: send 1 6 0 01
2016-07-19 14:36:57,585 root DEBUG btpparser.py              59    enc_frame                 : enc_frame, 1 6 0 '\x01'
2016-07-19 14:36:57,585 root DEBUG iutctl.py                 112   send                      : sending frame '\x01\x06\x00\x01\x00\x01'
2016-07-19 14:36:57,585 root DEBUG btp.py                    588   gap_command_rsp_succ      : gap_command_rsp_succ
2016-07-19 14:36:57,586 root DEBUG iutctl.py                 64    read                      : read
2016-07-19 14:36:57,588 root DEBUG btpparser.py              39    dec_hdr                   : dec_hdr, bytearray(b'\x01\x06\x00\x04\x00')
2016-07-19 14:36:57,589 root DEBUG iutctl.py                 78    read                      : Received: hdr: header(svc_id=1, op=6, ctrl_index=0, data_len=4) bytearray(b'\x01\x06\x00\x04\x00')
2016-07-19 14:36:57,589 root DEBUG btpparser.py              49    dec_data                  : dec_data, bytearray(b'\x13\x02\x00\x00')
2016-07-19 14:36:57,589 root DEBUG iutctl.py                 91    read                      : Received data: ('\x13\x02\x00\x00',), bytearray(b'\x13\x02\x00\x00')
2016-07-19 14:36:57,589 root DEBUG btp.py                    593   gap_command_rsp_succ      : received header(svc_id=1, op=6, ctrl_index=0, data_len=4) ('\x13\x02\x00\x00',)
2016-07-19 14:36:57,589 root DEBUG testcase.py               201   start                     : Starting test function: ptsprojects.testcase.TestFunc <function gap_set_gendiscov at 0x7f2c4ceed2a8> None None () {}
2016-07-19 14:36:57,590 root DEBUG testcase.py               209   start                     : Test function parameters: args=(), kwds={}
2016-07-19 14:36:57,590 root DEBUG btp.py                    475   gap_set_gendiscov         : gap_set_gendiscov
2016-07-19 14:36:57,590 root DEBUG iutctl.py                 98    send                      : send, 1 8 0 1
2016-07-19 14:36:57,590 root DEBUG iutctl.py                 108   send                      : btpclient command: send 1 8 0 01
2016-07-19 14:36:57,590 root DEBUG btpparser.py              59    enc_frame                 : enc_frame, 1 8 0 '\x01'
2016-07-19 14:36:57,590 root DEBUG iutctl.py                 112   send                      : sending frame '\x01\x08\x00\x01\x00\x01'
2016-07-19 14:36:57,590 root DEBUG btp.py                    588   gap_command_rsp_succ      : gap_command_rsp_succ
2016-07-19 14:36:57,590 root DEBUG iutctl.py                 64    read                      : read
2016-07-19 14:36:57,592 root DEBUG btpparser.py              39    dec_hdr                   : dec_hdr, bytearray(b'\x01\x08\x00\x04\x00')
2016-07-19 14:36:57,593 root DEBUG iutctl.py                 78    read                      : Received: hdr: header(svc_id=1, op=8, ctrl_index=0, data_len=4) bytearray(b'\x01\x08\x00\x04\x00')
2016-07-19 14:36:57,593 root DEBUG btpparser.py              49    dec_data                  : dec_data, bytearray(b'\x1b\x02\x00\x00')
2016-07-19 14:36:57,593 root DEBUG iutctl.py                 91    read                      : Received data: ('\x1b\x02\x00\x00',), bytearray(b'\x1b\x02\x00\x00')
2016-07-19 14:36:57,593 root DEBUG btp.py                    593   gap_command_rsp_succ      : received header(svc_id=1, op=8, ctrl_index=0, data_len=4) ('\x1b\x02\x00\x00',)
2016-07-19 14:36:57,594 root DEBUG testcase.py               201   start                     : Starting test function: ptsprojects.testcase.TestFunc <function gap_adv_ind_on at 0x7f2c4ced5b90> None None () {}
2016-07-19 14:36:57,594 root DEBUG testcase.py               209   start                     : Test function parameters: args=(), kwds={}
2016-07-19 14:36:57,594 root DEBUG btp.py                    268   gap_adv_ind_on            : gap_adv_ind_on None None
2016-07-19 14:36:57,594 root DEBUG iutctl.py                 98    send                      : send, 1 10 0 bytearray(b'\x00\x00')
2016-07-19 14:36:57,594 root DEBUG iutctl.py                 108   send                      : btpclient command: send 1 10 0 0000
2016-07-19 14:36:57,594 root DEBUG btpparser.py              59    enc_frame                 : enc_frame, 1 10 0 bytearray(b'\x00\x00')
2016-07-19 14:36:57,595 root DEBUG iutctl.py                 112   send                      : sending frame '\x01\n\x00\x02\x00\x00\x00'
2016-07-19 14:36:57,595 root DEBUG btp.py                    588   gap_command_rsp_succ      : gap_command_rsp_succ
2016-07-19 14:36:57,595 root DEBUG iutctl.py                 64    read                      : read
2016-07-19 14:36:57,599 root DEBUG btpparser.py              39    dec_hdr                   : dec_hdr, bytearray(b'\x01\n\x00\x04\x00')
2016-07-19 14:36:57,600 root DEBUG iutctl.py                 78    read                      : Received: hdr: header(svc_id=1, op=10, ctrl_index=0, data_len=4) bytearray(b'\x01\n\x00\x04\x00')
2016-07-19 14:36:57,600 root DEBUG btpparser.py              49    dec_data                  : dec_data, bytearray(b'\x1b\x06\x00\x00')
2016-07-19 14:36:57,600 root DEBUG iutctl.py                 91    read                      : Received data: ('\x1b\x06\x00\x00',), bytearray(b'\x1b\x06\x00\x00')
2016-07-19 14:36:57,600 root DEBUG btp.py                    593   gap_command_rsp_succ      : received header(svc_id=1, op=10, ctrl_index=0, data_len=4) ('\x1b\x06\x00\x00',)
2016-07-19 14:37:05,232 ClientCallback.on_implicit_send INFO autoptsclient_common.py   116   on_implicit_send          : ********************
2016-07-19 14:37:05,232 ClientCallback.on_implicit_send INFO autoptsclient_common.py   117   on_implicit_send          : BEGIN OnImplicitSend:
2016-07-19 14:37:05,232 ClientCallback.on_implicit_send INFO autoptsclient_common.py   118   on_implicit_send          : project_name: GAP
2016-07-19 14:37:05,232 ClientCallback.on_implicit_send INFO autoptsclient_common.py   119   on_implicit_send          : wid: 25
2016-07-19 14:37:05,232 ClientCallback.on_implicit_send INFO autoptsclient_common.py   120   on_implicit_send          : test_case_name: TC_ADV_BV_03_C
2016-07-19 14:37:05,232 ClientCallback.on_implicit_send INFO autoptsclient_common.py   121   on_implicit_send          : description: Please prepare IUT to send an advertising report with Flags.
2016-07-19 14:37:05,233 ClientCallback.on_implicit_send INFO autoptsclient_common.py   122   on_implicit_send          : style: MMI_Style_Ok_Cancel2 0x11141
2016-07-19 14:37:05,233 ClientCallback.on_implicit_send INFO autoptsclient_common.py   124   on_implicit_send          : response: 3653016 <type 'int'> 44588408
2016-07-19 14:37:05,233 ClientCallback.on_implicit_send INFO autoptsclient_common.py   125   on_implicit_send          : response_size: 2048
2016-07-19 14:37:05,233 ClientCallback.on_implicit_send INFO autoptsclient_common.py   127   on_implicit_send          : response_is_present: 0 <type 'int'>
2016-07-19 14:37:05,233 ClientCallback.on_implicit_send INFO autoptsclient_common.py   131   on_implicit_send          : Calling test cases on_implicit_send
2016-07-19 14:37:05,233 root DEBUG testcase.py               467   on_implicit_send          : GAP TC_ADV_BV_03_C on_implicit_send
2016-07-19 14:37:05,233 root DEBUG testcase.py               494   on_implicit_send          : Sending response 'OK'
2016-07-19 14:37:05,233 ClientCallback.on_implicit_send INFO autoptsclient_common.py   143   on_implicit_send          : test case returned on_implicit_send, response: OK
2016-07-19 14:37:05,233 ClientCallback.on_implicit_send INFO autoptsclient_common.py   151   on_implicit_send          : END OnImplicitSend:
2016-07-19 14:37:05,234 ClientCallback.on_implicit_send INFO autoptsclient_common.py   152   on_implicit_send          : ********************
2016-07-19 14:37:06,456 ClientCallback.log INFO autoptsclient_common.py   82    log                       : PTS_LOGTYPE_START_TEST Start Test Case 

+3011 ms
 TC_ADV_BV_03_C

2016-07-19 14:37:06,456 root DEBUG testcase.py               358   log                       : New status GAP TC_ADV_BV_03_C - Started
2016-07-19 14:37:07,370 ClientCallback.log INFO autoptsclient_common.py   82    log                       : PTS_LOGTYPE_FINAL_VERDICT Final verdict 

+3900 ms
 : [14] PASS

2016-07-19 14:37:07,370 root DEBUG testcase.py               358   log                       : New status GAP TC_ADV_BV_03_C - PASS
2016-07-19 14:37:07,376 ClientCallback.log INFO autoptsclient_common.py   82    log                       : PTS_LOGTYPE_FINAL_VERDICT Encrypted Verdict 

+3900 ms
 A1#ZWY4MzQ5MDg3MmQwNTIxOGQzMzQ5YjY2ODA5M2MzNjQ5ZDY4NmY0Yjc2MzIzM2VkNTUyNTFhNGU4Mjg1MjI0NA==#9EUQrn+LeOZtLBOssEmaksti6MSYubNsXDzKjgeukY/32+9wsJ3DO3+ea4SC+u+n

2016-07-19 14:37:07,385 ClientCallback.log INFO autoptsclient_common.py   82    log                       : PTS_LOGTYPE_END_TEST Test Case ended 

+3900 ms
 TC_ADV_BV_03_C

2016-07-19 14:37:07,415 root DEBUG testcase.py               518   post_run                  : post_run GAP TC_ADV_BV_03_C 
2016-07-19 14:37:07,416 root DEBUG testcase.py               201   start                     : Starting test function: ptsprojects.testcase.TestFuncCleanUp <bound method ZephyrCtl.stop of <ptsprojects.zephyr.iutctl.ZephyrCtl instance at 0x7f2c4cf043f8>> None None () {}
2016-07-19 14:37:07,416 root DEBUG testcase.py               209   start                     : Test function parameters: args=(), kwds={}
2016-07-19 14:37:07,416 root DEBUG iutctl.py                 207   stop                      : ptsprojects.zephyr.iutctl.ZephyrCtl.stop
2016-07-19 14:37:10,419 root DEBUG autoptsclient_common.py   395   run_test_case             : Done TestCase wrapper GAP TC_ADV_BV_03_C
