2016-07-19 14:35:36,463 root DEBUG autoptsclient_common.py   349   run_test_case             : Starting TestCase wrapper GAP TC_SEC_AUT_BV_18_C
2016-07-19 14:35:36,463 root DEBUG testcase.py               499   pre_run                   : pre_run GAP TC_SEC_AUT_BV_18_C
2016-07-19 14:35:36,463 root DEBUG testcase.py               502   pre_run                   : About to run test case GAP TC_SEC_AUT_BV_18_C with commands:
2016-07-19 14:35:36,464 root DEBUG testcase.py               504   pre_run                   : 0) ptsprojects.testcase.TestFunc <bound method ZephyrCtl.start of <ptsprojects.zephyr.iutctl.ZephyrCtl instance at 0x7f2c4cf043f8>> None None () {}
2016-07-19 14:35:36,464 root DEBUG testcase.py               504   pre_run                   : 1) ptsprojects.testcase.TestFunc <function gap_set_io_cap at 0x7f2c4ced5e60> None None (0,) {}
2016-07-19 14:35:36,464 root DEBUG testcase.py               504   pre_run                   : 2) ptsprojects.testcase.TestFunc <function core_reg_svc_gap at 0x7f2c4ced5a28> None None () {}
2016-07-19 14:35:36,464 root DEBUG testcase.py               504   pre_run                   : 3) ptsprojects.testcase.TestFunc <function core_reg_svc_gatts at 0x7f2c4ced5aa0> None None () {}
2016-07-19 14:35:36,464 root DEBUG testcase.py               504   pre_run                   : 4) ptsprojects.testcase.TestFunc <function gatts_add_svc at 0x7f2c4ceed5f0> None None (0, '1800') {}
2016-07-19 14:35:36,464 root DEBUG testcase.py               504   pre_run                   : 5) ptsprojects.testcase.TestFunc <function gatts_add_char at 0x7f2c4ceed6e0> None None (0, 10, 3, '2A00') {}
2016-07-19 14:35:36,464 root DEBUG testcase.py               504   pre_run                   : 6) ptsprojects.testcase.TestFunc <function gatts_set_val at 0x7f2c4ceed758> None None (0, '54657374657220474150') {}
2016-07-19 14:35:36,464 root DEBUG testcase.py               504   pre_run                   : 7) ptsprojects.testcase.TestFunc <function gatts_add_char at 0x7f2c4ceed6e0> None None (0, 10, 3, '2A01') {}
2016-07-19 14:35:36,465 root DEBUG testcase.py               504   pre_run                   : 8) ptsprojects.testcase.TestFunc <function gatts_set_val at 0x7f2c4ceed758> None None (0, '1234') {}
2016-07-19 14:35:36,465 root DEBUG testcase.py               504   pre_run                   : 9) ptsprojects.testcase.TestFunc <function gatts_add_svc at 0x7f2c4ceed5f0> None None (0, 'AA50') {}
2016-07-19 14:35:36,465 root DEBUG testcase.py               504   pre_run                   : 10) ptsprojects.testcase.TestFunc <function gatts_add_char at 0x7f2c4ceed6e0> None None (0, 2, 17, 'AA51') {}
2016-07-19 14:35:36,465 root DEBUG testcase.py               504   pre_run                   : 11) ptsprojects.testcase.TestFunc <function gatts_set_val at 0x7f2c4ceed758> None None (0, '01') {}
2016-07-19 14:35:36,465 root DEBUG testcase.py               504   pre_run                   : 12) ptsprojects.testcase.TestFunc <function gatts_add_char at 0x7f2c4ceed6e0> None None (0, 2, 5, 'AA52') {}
2016-07-19 14:35:36,465 root DEBUG testcase.py               504   pre_run                   : 13) ptsprojects.testcase.TestFunc <function gatts_set_val at 0x7f2c4ceed758> None None (0, '02') {}
2016-07-19 14:35:36,465 root DEBUG testcase.py               504   pre_run                   : 14) ptsprojects.testcase.TestFunc <function gatts_add_char at 0x7f2c4ceed6e0> None None (0, 66, 3, 'AA52') {}
2016-07-19 14:35:36,465 root DEBUG testcase.py               504   pre_run                   : 15) ptsprojects.testcase.TestFunc <function gatts_set_val at 0x7f2c4ceed758> None None (0, '03') {}
2016-07-19 14:35:36,466 root DEBUG testcase.py               504   pre_run                   : 16) ptsprojects.testcase.TestFunc <function gatts_start_server at 0x7f2c4ceed848> None None () {}
2016-07-19 14:35:36,466 root DEBUG testcase.py               504   pre_run                   : 17) ptsprojects.testcase.TestFunc <function gap_set_conn at 0x7f2c4ceed140> None None () {}
2016-07-19 14:35:36,466 root DEBUG testcase.py               504   pre_run                   : 18) ptsprojects.testcase.TestFunc <function gap_adv_ind_on at 0x7f2c4ced5b90> None None () {}
2016-07-19 14:35:36,466 root DEBUG testcase.py               504   pre_run                   : 19) ptsprojects.testcase.TestFunc <function gap_connected_ev at 0x7f2c4ced5c80> 91 None ('00:1B:DC:E0:37:6C', 0) {}
2016-07-19 14:35:36,466 root DEBUG testcase.py               504   pre_run                   : 20) ptsprojects.testcase.TestFunc <function gattc_read at 0x7f2c4ceedcf8> 112 None (0, '00:1B:DC:E0:37:6C', '0001') {}
2016-07-19 14:35:36,466 root DEBUG testcase.py               504   pre_run                   : 21) ptsprojects.testcase.TestFunc <function gap_passkey_disp_ev at 0x7f2c4ceed0c8> 108 None ('00:1B:DC:E0:37:6C', 0, True) {}
2016-07-19 14:35:36,466 root DEBUG testcase.py               504   pre_run                   : 22) ptsprojects.testcase.TestFuncCleanUp <bound method ZephyrCtl.stop of <ptsprojects.zephyr.iutctl.ZephyrCtl instance at 0x7f2c4cf043f8>> None None () {}
2016-07-19 14:35:36,466 root DEBUG testcase.py               201   start                     : Starting test function: ptsprojects.testcase.TestFunc <bound method ZephyrCtl.start of <ptsprojects.zephyr.iutctl.ZephyrCtl instance at 0x7f2c4cf043f8>> None None () {}
2016-07-19 14:35:36,467 root DEBUG testcase.py               209   start                     : Test function parameters: args=(), kwds={}
2016-07-19 14:35:36,467 root DEBUG iutctl.py                 173   start                     : ptsprojects.zephyr.iutctl.ZephyrCtl.start
2016-07-19 14:35:36,467 root DEBUG iutctl.py                 160   reset_board               : About to reset DUT: "/home/skamrmar/bin/zflash/openocd/bin/openocd -s /home/skamrmar/bin/zflash/openocd/share/scripts -f /home/skamrmar/bin/zflash/boards/mountatlas/openocd.cfg -c 'init' -c 'reset run' -c 'shutdown'"
2016-07-19 14:35:38,479 root DEBUG iutctl.py                 184   start                     : Starting socat process: socat -x -v /dev/ttyUSB1,raw,b115200 UNIX-CONNECT:/tmp/bt-stack-tester
2016-07-19 14:35:38,482 root DEBUG iutctl.py                 56    accept                    : accept
2016-07-19 14:35:38,486 root DEBUG testcase.py               201   start                     : Starting test function: ptsprojects.testcase.TestFunc <function gap_set_io_cap at 0x7f2c4ced5e60> None None (0,) {}
2016-07-19 14:35:38,486 root DEBUG testcase.py               209   start                     : Test function parameters: args=(0,), kwds={}
2016-07-19 14:35:38,486 root DEBUG btp.py                    380   gap_set_io_cap            : gap_set_io_cap 0
2016-07-19 14:35:38,486 root DEBUG iutctl.py                 98    send                      : send, 1 16 0 '\x00'
2016-07-19 14:35:38,486 root DEBUG iutctl.py                 108   send                      : btpclient command: send 1 16 0 00
2016-07-19 14:35:38,486 root DEBUG btpparser.py              59    enc_frame                 : enc_frame, 1 16 0 '\x00'
2016-07-19 14:35:38,487 root DEBUG iutctl.py                 112   send                      : sending frame '\x01\x10\x00\x01\x00\x00'
2016-07-19 14:35:38,487 root DEBUG btp.py                    588   gap_command_rsp_succ      : gap_command_rsp_succ
2016-07-19 14:35:38,487 root DEBUG iutctl.py                 64    read                      : read
2016-07-19 14:35:38,489 root DEBUG btpparser.py              39    dec_hdr                   : dec_hdr, bytearray(b'\x01\x10\x00\x00\x00')
2016-07-19 14:35:38,490 root DEBUG iutctl.py                 78    read                      : Received: hdr: header(svc_id=1, op=16, ctrl_index=0, data_len=0) bytearray(b'\x01\x10\x00\x00\x00')
2016-07-19 14:35:38,490 root DEBUG btpparser.py              49    dec_data                  : dec_data, bytearray(b'')
2016-07-19 14:35:38,491 root DEBUG iutctl.py                 91    read                      : Received data: ('',), bytearray(b'')
2016-07-19 14:35:38,491 root DEBUG btp.py                    593   gap_command_rsp_succ      : received header(svc_id=1, op=16, ctrl_index=0, data_len=0) ('',)
2016-07-19 14:35:38,491 root DEBUG testcase.py               201   start                     : Starting test function: ptsprojects.testcase.TestFunc <function core_reg_svc_gap at 0x7f2c4ced5a28> None None () {}
2016-07-19 14:35:38,491 root DEBUG testcase.py               209   start                     : Test function parameters: args=(), kwds={}
2016-07-19 14:35:38,491 root DEBUG btp.py                    226   core_reg_svc_gap          : core_reg_svc_gap
2016-07-19 14:35:38,491 root DEBUG iutctl.py                 98    send                      : send, 0 3 255 1
2016-07-19 14:35:38,491 root DEBUG iutctl.py                 108   send                      : btpclient command: send 0 3 255 01
2016-07-19 14:35:38,492 root DEBUG btpparser.py              59    enc_frame                 : enc_frame, 0 3 255 '\x01'
2016-07-19 14:35:38,492 root DEBUG iutctl.py                 112   send                      : sending frame '\x00\x03\xff\x01\x00\x01'
2016-07-19 14:35:40,050 root DEBUG btp.py                    246   core_reg_svc_rsp_succ     : core_reg_svc_rsp_succ
2016-07-19 14:35:40,050 root DEBUG iutctl.py                 64    read                      : read
2016-07-19 14:35:40,113 root DEBUG btpparser.py              39    dec_hdr                   : dec_hdr, bytearray(b'\x00\x03\xff\x00\x00')
2016-07-19 14:35:40,115 root DEBUG iutctl.py                 78    read                      : Received: hdr: header(svc_id=0, op=3, ctrl_index=255, data_len=0) bytearray(b'\x00\x03\xff\x00\x00')
2016-07-19 14:35:40,115 root DEBUG btpparser.py              49    dec_data                  : dec_data, bytearray(b'')
2016-07-19 14:35:40,115 root DEBUG iutctl.py                 91    read                      : Received data: ('',), bytearray(b'')
2016-07-19 14:35:40,115 root DEBUG btp.py                    257   core_reg_svc_rsp_succ     : received header(svc_id=0, op=3, ctrl_index=255, data_len=0) ('',)
2016-07-19 14:35:40,115 root DEBUG btp.py                    258   core_reg_svc_rsp_succ     : expected ((0, 3, 255, 0), ('',))
2016-07-19 14:35:40,115 root DEBUG btp.py                    264   core_reg_svc_rsp_succ     : response is valid
2016-07-19 14:35:40,116 root DEBUG testcase.py               201   start                     : Starting test function: ptsprojects.testcase.TestFunc <function core_reg_svc_gatts at 0x7f2c4ced5aa0> None None () {}
2016-07-19 14:35:40,116 root DEBUG testcase.py               209   start                     : Test function parameters: args=(), kwds={}
2016-07-19 14:35:40,116 root DEBUG btp.py                    237   core_reg_svc_gatts        : core_reg_svc_gatts
2016-07-19 14:35:40,116 root DEBUG iutctl.py                 98    send                      : send, 0 3 255 2
2016-07-19 14:35:40,116 root DEBUG iutctl.py                 108   send                      : btpclient command: send 0 3 255 02
2016-07-19 14:35:40,116 root DEBUG btpparser.py              59    enc_frame                 : enc_frame, 0 3 255 '\x02'
2016-07-19 14:35:40,116 root DEBUG iutctl.py                 112   send                      : sending frame '\x00\x03\xff\x01\x00\x02'
2016-07-19 14:35:40,117 root DEBUG btp.py                    246   core_reg_svc_rsp_succ     : core_reg_svc_rsp_succ
2016-07-19 14:35:40,117 root DEBUG iutctl.py                 64    read                      : read
2016-07-19 14:35:40,119 root DEBUG btpparser.py              39    dec_hdr                   : dec_hdr, bytearray(b'\x00\x03\xff\x00\x00')
2016-07-19 14:35:40,120 root DEBUG iutctl.py                 78    read                      : Received: hdr: header(svc_id=0, op=3, ctrl_index=255, data_len=0) bytearray(b'\x00\x03\xff\x00\x00')
2016-07-19 14:35:40,120 root DEBUG btpparser.py              49    dec_data                  : dec_data, bytearray(b'')
2016-07-19 14:35:40,120 root DEBUG iutctl.py                 91    read                      : Received data: ('',), bytearray(b'')
2016-07-19 14:35:40,121 root DEBUG btp.py                    257   core_reg_svc_rsp_succ     : received header(svc_id=0, op=3, ctrl_index=255, data_len=0) ('',)
2016-07-19 14:35:40,121 root DEBUG btp.py                    258   core_reg_svc_rsp_succ     : expected ((0, 3, 255, 0), ('',))
2016-07-19 14:35:40,121 root DEBUG btp.py                    264   core_reg_svc_rsp_succ     : response is valid
2016-07-19 14:35:40,121 root DEBUG testcase.py               201   start                     : Starting test function: ptsprojects.testcase.TestFunc <function gatts_add_svc at 0x7f2c4ceed5f0> None None (0, '1800') {}
2016-07-19 14:35:40,121 root DEBUG testcase.py               209   start                     : Test function parameters: args=(0, '1800'), kwds={}
2016-07-19 14:35:40,121 root DEBUG btp.py                    599   gatts_add_svc             : gatts_add_svc 0 '1800'
2016-07-19 14:35:40,122 root DEBUG iutctl.py                 98    send                      : send, 2 2 0 bytearray(b'\x00\x02\x00\x18')
2016-07-19 14:35:40,122 root DEBUG iutctl.py                 108   send                      : btpclient command: send 2 2 0 00020018
2016-07-19 14:35:40,122 root DEBUG btpparser.py              59    enc_frame                 : enc_frame, 2 2 0 bytearray(b'\x00\x02\x00\x18')
2016-07-19 14:35:40,122 root DEBUG iutctl.py                 112   send                      : sending frame '\x02\x02\x00\x04\x00\x00\x02\x00\x18'
2016-07-19 14:35:40,122 root DEBUG btp.py                    1218  gatt_command_rsp_succ     : gatt_command_rsp_succ
2016-07-19 14:35:40,122 root DEBUG iutctl.py                 64    read                      : read
2016-07-19 14:35:40,124 root DEBUG btpparser.py              39    dec_hdr                   : dec_hdr, bytearray(b'\x02\x02\x00\x02\x00')
2016-07-19 14:35:40,125 root DEBUG iutctl.py                 78    read                      : Received: hdr: header(svc_id=2, op=2, ctrl_index=0, data_len=2) bytearray(b'\x02\x02\x00\x02\x00')
2016-07-19 14:35:40,125 root DEBUG btpparser.py              49    dec_data                  : dec_data, bytearray(b'\x00\x00')
2016-07-19 14:35:40,125 root DEBUG iutctl.py                 91    read                      : Received data: ('\x00\x00',), bytearray(b'\x00\x00')
2016-07-19 14:35:40,125 root DEBUG btp.py                    1223  gatt_command_rsp_succ     : received header(svc_id=2, op=2, ctrl_index=0, data_len=2) ('\x00\x00',)
2016-07-19 14:35:40,126 root DEBUG testcase.py               201   start                     : Starting test function: ptsprojects.testcase.TestFunc <function gatts_add_char at 0x7f2c4ceed6e0> None None (0, 10, 3, '2A00') {}
2016-07-19 14:35:40,126 root DEBUG testcase.py               209   start                     : Test function parameters: args=(0, 10, 3, '2A00'), kwds={}
2016-07-19 14:35:40,126 root DEBUG btp.py                    634   gatts_add_char            : gatts_add_char 0 10 3 '2A00'
2016-07-19 14:35:40,126 root DEBUG iutctl.py                 98    send                      : send, 2 3 0 bytearray(b'\x00\x00\n\x03\x02\x00*')
2016-07-19 14:35:40,126 root DEBUG iutctl.py                 108   send                      : btpclient command: send 2 3 0 00000a0302002a
2016-07-19 14:35:40,126 root DEBUG btpparser.py              59    enc_frame                 : enc_frame, 2 3 0 bytearray(b'\x00\x00\n\x03\x02\x00*')
2016-07-19 14:35:40,126 root DEBUG iutctl.py                 112   send                      : sending frame '\x02\x03\x00\x07\x00\x00\x00\n\x03\x02\x00*'
2016-07-19 14:35:40,127 root DEBUG btp.py                    1218  gatt_command_rsp_succ     : gatt_command_rsp_succ
2016-07-19 14:35:40,127 root DEBUG iutctl.py                 64    read                      : read
2016-07-19 14:35:40,129 root DEBUG btpparser.py              39    dec_hdr                   : dec_hdr, bytearray(b'\x02\x03\x00\x02\x00')
2016-07-19 14:35:40,130 root DEBUG iutctl.py                 78    read                      : Received: hdr: header(svc_id=2, op=3, ctrl_index=0, data_len=2) bytearray(b'\x02\x03\x00\x02\x00')
2016-07-19 14:35:40,130 root DEBUG btpparser.py              49    dec_data                  : dec_data, bytearray(b'\x00\x00')
2016-07-19 14:35:40,130 root DEBUG iutctl.py                 91    read                      : Received data: ('\x00\x00',), bytearray(b'\x00\x00')
2016-07-19 14:35:40,130 root DEBUG btp.py                    1223  gatt_command_rsp_succ     : received header(svc_id=2, op=3, ctrl_index=0, data_len=2) ('\x00\x00',)
2016-07-19 14:35:40,131 root DEBUG testcase.py               201   start                     : Starting test function: ptsprojects.testcase.TestFunc <function gatts_set_val at 0x7f2c4ceed758> None None (0, '54657374657220474150') {}
2016-07-19 14:35:40,131 root DEBUG testcase.py               209   start                     : Test function parameters: args=(0, '54657374657220474150'), kwds={}
2016-07-19 14:35:40,131 root DEBUG btp.py                    657   gatts_set_val             : gatts_set_val 0 '54657374657220474150' 
2016-07-19 14:35:40,131 root DEBUG iutctl.py                 98    send                      : send, 2 6 0 bytearray(b'\x00\x00\n\x00Tester GAP')
2016-07-19 14:35:40,131 root DEBUG iutctl.py                 108   send                      : btpclient command: send 2 6 0 00000a0054657374657220474150
2016-07-19 14:35:40,131 root DEBUG btpparser.py              59    enc_frame                 : enc_frame, 2 6 0 bytearray(b'\x00\x00\n\x00Tester GAP')
2016-07-19 14:35:40,131 root DEBUG iutctl.py                 112   send                      : sending frame '\x02\x06\x00\x0e\x00\x00\x00\n\x00Tester GAP'
2016-07-19 14:35:40,131 root DEBUG btp.py                    1218  gatt_command_rsp_succ     : gatt_command_rsp_succ
2016-07-19 14:35:40,132 root DEBUG iutctl.py                 64    read                      : read
2016-07-19 14:35:40,135 root DEBUG btpparser.py              39    dec_hdr                   : dec_hdr, bytearray(b'\x02\x06\x00\x00\x00')
2016-07-19 14:35:40,136 root DEBUG iutctl.py                 78    read                      : Received: hdr: header(svc_id=2, op=6, ctrl_index=0, data_len=0) bytearray(b'\x02\x06\x00\x00\x00')
2016-07-19 14:35:40,136 root DEBUG btpparser.py              49    dec_data                  : dec_data, bytearray(b'')
2016-07-19 14:35:40,136 root DEBUG iutctl.py                 91    read                      : Received data: ('',), bytearray(b'')
2016-07-19 14:35:40,136 root DEBUG btp.py                    1223  gatt_command_rsp_succ     : received header(svc_id=2, op=6, ctrl_index=0, data_len=0) ('',)
2016-07-19 14:35:40,137 root DEBUG testcase.py               201   start                     : Starting test function: ptsprojects.testcase.TestFunc <function gatts_add_char at 0x7f2c4ceed6e0> None None (0, 10, 3, '2A01') {}
2016-07-19 14:35:40,137 root DEBUG testcase.py               209   start                     : Test function parameters: args=(0, 10, 3, '2A01'), kwds={}
2016-07-19 14:35:40,137 root DEBUG btp.py                    634   gatts_add_char            : gatts_add_char 0 10 3 '2A01'
2016-07-19 14:35:40,137 root DEBUG iutctl.py                 98    send                      : send, 2 3 0 bytearray(b'\x00\x00\n\x03\x02\x01*')
2016-07-19 14:35:40,137 root DEBUG iutctl.py                 108   send                      : btpclient command: send 2 3 0 00000a0302012a
2016-07-19 14:35:40,137 root DEBUG btpparser.py              59    enc_frame                 : enc_frame, 2 3 0 bytearray(b'\x00\x00\n\x03\x02\x01*')
2016-07-19 14:35:40,137 root DEBUG iutctl.py                 112   send                      : sending frame '\x02\x03\x00\x07\x00\x00\x00\n\x03\x02\x01*'
2016-07-19 14:35:40,137 root DEBUG btp.py                    1218  gatt_command_rsp_succ     : gatt_command_rsp_succ
2016-07-19 14:35:40,138 root DEBUG iutctl.py                 64    read                      : read
2016-07-19 14:35:40,140 root DEBUG btpparser.py              39    dec_hdr                   : dec_hdr, bytearray(b'\x02\x03\x00\x02\x00')
2016-07-19 14:35:40,141 root DEBUG iutctl.py                 78    read                      : Received: hdr: header(svc_id=2, op=3, ctrl_index=0, data_len=2) bytearray(b'\x02\x03\x00\x02\x00')
2016-07-19 14:35:40,141 root DEBUG btpparser.py              49    dec_data                  : dec_data, bytearray(b'\x00\x00')
2016-07-19 14:35:40,141 root DEBUG iutctl.py                 91    read                      : Received data: ('\x00\x00',), bytearray(b'\x00\x00')
2016-07-19 14:35:40,141 root DEBUG btp.py                    1223  gatt_command_rsp_succ     : received header(svc_id=2, op=3, ctrl_index=0, data_len=2) ('\x00\x00',)
2016-07-19 14:35:40,141 root DEBUG testcase.py               201   start                     : Starting test function: ptsprojects.testcase.TestFunc <function gatts_set_val at 0x7f2c4ceed758> None None (0, '1234') {}
2016-07-19 14:35:40,141 root DEBUG testcase.py               209   start                     : Test function parameters: args=(0, '1234'), kwds={}
2016-07-19 14:35:40,142 root DEBUG btp.py                    657   gatts_set_val             : gatts_set_val 0 '1234' 
2016-07-19 14:35:40,142 root DEBUG iutctl.py                 98    send                      : send, 2 6 0 bytearray(b'\x00\x00\x02\x00\x124')
2016-07-19 14:35:40,142 root DEBUG iutctl.py                 108   send                      : btpclient command: send 2 6 0 000002001234
2016-07-19 14:35:40,142 root DEBUG btpparser.py              59    enc_frame                 : enc_frame, 2 6 0 bytearray(b'\x00\x00\x02\x00\x124')
2016-07-19 14:35:40,142 root DEBUG iutctl.py                 112   send                      : sending frame '\x02\x06\x00\x06\x00\x00\x00\x02\x00\x124'
2016-07-19 14:35:40,142 root DEBUG btp.py                    1218  gatt_command_rsp_succ     : gatt_command_rsp_succ
2016-07-19 14:35:40,142 root DEBUG iutctl.py                 64    read                      : read
2016-07-19 14:35:40,145 root DEBUG btpparser.py              39    dec_hdr                   : dec_hdr, bytearray(b'\x02\x06\x00\x00\x00')
2016-07-19 14:35:40,146 root DEBUG iutctl.py                 78    read                      : Received: hdr: header(svc_id=2, op=6, ctrl_index=0, data_len=0) bytearray(b'\x02\x06\x00\x00\x00')
2016-07-19 14:35:40,146 root DEBUG btpparser.py              49    dec_data                  : dec_data, bytearray(b'')
2016-07-19 14:35:40,146 root DEBUG iutctl.py                 91    read                      : Received data: ('',), bytearray(b'')
2016-07-19 14:35:40,146 root DEBUG btp.py                    1223  gatt_command_rsp_succ     : received header(svc_id=2, op=6, ctrl_index=0, data_len=0) ('',)
2016-07-19 14:35:40,146 root DEBUG testcase.py               201   start                     : Starting test function: ptsprojects.testcase.TestFunc <function gatts_add_svc at 0x7f2c4ceed5f0> None None (0, 'AA50') {}
2016-07-19 14:35:40,146 root DEBUG testcase.py               209   start                     : Test function parameters: args=(0, 'AA50'), kwds={}
2016-07-19 14:35:40,147 root DEBUG btp.py                    599   gatts_add_svc             : gatts_add_svc 0 'AA50'
2016-07-19 14:35:40,147 root DEBUG iutctl.py                 98    send                      : send, 2 2 0 bytearray(b'\x00\x02P\xaa')
2016-07-19 14:35:40,147 root DEBUG iutctl.py                 108   send                      : btpclient command: send 2 2 0 000250aa
2016-07-19 14:35:40,147 root DEBUG btpparser.py              59    enc_frame                 : enc_frame, 2 2 0 bytearray(b'\x00\x02P\xaa')
2016-07-19 14:35:40,147 root DEBUG iutctl.py                 112   send                      : sending frame '\x02\x02\x00\x04\x00\x00\x02P\xaa'
2016-07-19 14:35:40,147 root DEBUG btp.py                    1218  gatt_command_rsp_succ     : gatt_command_rsp_succ
2016-07-19 14:35:40,147 root DEBUG iutctl.py                 64    read                      : read
2016-07-19 14:35:40,151 root DEBUG btpparser.py              39    dec_hdr                   : dec_hdr, bytearray(b'\x02\x02\x00\x02\x00')
2016-07-19 14:35:40,152 root DEBUG iutctl.py                 78    read                      : Received: hdr: header(svc_id=2, op=2, ctrl_index=0, data_len=2) bytearray(b'\x02\x02\x00\x02\x00')
2016-07-19 14:35:40,152 root DEBUG btpparser.py              49    dec_data                  : dec_data, bytearray(b'\x00\x00')
2016-07-19 14:35:40,152 root DEBUG iutctl.py                 91    read                      : Received data: ('\x00\x00',), bytearray(b'\x00\x00')
2016-07-19 14:35:40,153 root DEBUG btp.py                    1223  gatt_command_rsp_succ     : received header(svc_id=2, op=2, ctrl_index=0, data_len=2) ('\x00\x00',)
2016-07-19 14:35:40,153 root DEBUG testcase.py               201   start                     : Starting test function: ptsprojects.testcase.TestFunc <function gatts_add_char at 0x7f2c4ceed6e0> None None (0, 2, 17, 'AA51') {}
2016-07-19 14:35:40,153 root DEBUG testcase.py               209   start                     : Test function parameters: args=(0, 2, 17, 'AA51'), kwds={}
2016-07-19 14:35:40,153 root DEBUG btp.py                    634   gatts_add_char            : gatts_add_char 0 2 17 'AA51'
2016-07-19 14:35:40,153 root DEBUG iutctl.py                 98    send                      : send, 2 3 0 bytearray(b'\x00\x00\x02\x11\x02Q\xaa')
2016-07-19 14:35:40,153 root DEBUG iutctl.py                 108   send                      : btpclient command: send 2 3 0 000002110251aa
2016-07-19 14:35:40,153 root DEBUG btpparser.py              59    enc_frame                 : enc_frame, 2 3 0 bytearray(b'\x00\x00\x02\x11\x02Q\xaa')
2016-07-19 14:35:40,153 root DEBUG iutctl.py                 112   send                      : sending frame '\x02\x03\x00\x07\x00\x00\x00\x02\x11\x02Q\xaa'
2016-07-19 14:35:40,153 root DEBUG btp.py                    1218  gatt_command_rsp_succ     : gatt_command_rsp_succ
2016-07-19 14:35:40,154 root DEBUG iutctl.py                 64    read                      : read
2016-07-19 14:35:40,156 root DEBUG btpparser.py              39    dec_hdr                   : dec_hdr, bytearray(b'\x02\x03\x00\x02\x00')
2016-07-19 14:35:40,157 root DEBUG iutctl.py                 78    read                      : Received: hdr: header(svc_id=2, op=3, ctrl_index=0, data_len=2) bytearray(b'\x02\x03\x00\x02\x00')
2016-07-19 14:35:40,157 root DEBUG btpparser.py              49    dec_data                  : dec_data, bytearray(b'\x00\x00')
2016-07-19 14:35:40,157 root DEBUG iutctl.py                 91    read                      : Received data: ('\x00\x00',), bytearray(b'\x00\x00')
2016-07-19 14:35:40,157 root DEBUG btp.py                    1223  gatt_command_rsp_succ     : received header(svc_id=2, op=3, ctrl_index=0, data_len=2) ('\x00\x00',)
2016-07-19 14:35:40,157 root DEBUG testcase.py               201   start                     : Starting test function: ptsprojects.testcase.TestFunc <function gatts_set_val at 0x7f2c4ceed758> None None (0, '01') {}
2016-07-19 14:35:40,157 root DEBUG testcase.py               209   start                     : Test function parameters: args=(0, '01'), kwds={}
2016-07-19 14:35:40,157 root DEBUG btp.py                    657   gatts_set_val             : gatts_set_val 0 '01' 
2016-07-19 14:35:40,158 root DEBUG iutctl.py                 98    send                      : send, 2 6 0 bytearray(b'\x00\x00\x01\x00\x01')
2016-07-19 14:35:40,158 root DEBUG iutctl.py                 108   send                      : btpclient command: send 2 6 0 0000010001
2016-07-19 14:35:40,158 root DEBUG btpparser.py              59    enc_frame                 : enc_frame, 2 6 0 bytearray(b'\x00\x00\x01\x00\x01')
2016-07-19 14:35:40,158 root DEBUG iutctl.py                 112   send                      : sending frame '\x02\x06\x00\x05\x00\x00\x00\x01\x00\x01'
2016-07-19 14:35:40,158 root DEBUG btp.py                    1218  gatt_command_rsp_succ     : gatt_command_rsp_succ
2016-07-19 14:35:40,158 root DEBUG iutctl.py                 64    read                      : read
2016-07-19 14:35:40,160 root DEBUG btpparser.py              39    dec_hdr                   : dec_hdr, bytearray(b'\x02\x06\x00\x00\x00')
2016-07-19 14:35:40,161 root DEBUG iutctl.py                 78    read                      : Received: hdr: header(svc_id=2, op=6, ctrl_index=0, data_len=0) bytearray(b'\x02\x06\x00\x00\x00')
2016-07-19 14:35:40,161 root DEBUG btpparser.py              49    dec_data                  : dec_data, bytearray(b'')
2016-07-19 14:35:40,161 root DEBUG iutctl.py                 91    read                      : Received data: ('',), bytearray(b'')
2016-07-19 14:35:40,161 root DEBUG btp.py                    1223  gatt_command_rsp_succ     : received header(svc_id=2, op=6, ctrl_index=0, data_len=0) ('',)
2016-07-19 14:35:40,161 root DEBUG testcase.py               201   start                     : Starting test function: ptsprojects.testcase.TestFunc <function gatts_add_char at 0x7f2c4ceed6e0> None None (0, 2, 5, 'AA52') {}
2016-07-19 14:35:40,161 root DEBUG testcase.py               209   start                     : Test function parameters: args=(0, 2, 5, 'AA52'), kwds={}
2016-07-19 14:35:40,161 root DEBUG btp.py                    634   gatts_add_char            : gatts_add_char 0 2 5 'AA52'
2016-07-19 14:35:40,162 root DEBUG iutctl.py                 98    send                      : send, 2 3 0 bytearray(b'\x00\x00\x02\x05\x02R\xaa')
2016-07-19 14:35:40,162 root DEBUG iutctl.py                 108   send                      : btpclient command: send 2 3 0 000002050252aa
2016-07-19 14:35:40,162 root DEBUG btpparser.py              59    enc_frame                 : enc_frame, 2 3 0 bytearray(b'\x00\x00\x02\x05\x02R\xaa')
2016-07-19 14:35:40,162 root DEBUG iutctl.py                 112   send                      : sending frame '\x02\x03\x00\x07\x00\x00\x00\x02\x05\x02R\xaa'
2016-07-19 14:35:40,162 root DEBUG btp.py                    1218  gatt_command_rsp_succ     : gatt_command_rsp_succ
2016-07-19 14:35:40,162 root DEBUG iutctl.py                 64    read                      : read
2016-07-19 14:35:40,165 root DEBUG btpparser.py              39    dec_hdr                   : dec_hdr, bytearray(b'\x02\x03\x00\x02\x00')
2016-07-19 14:35:40,166 root DEBUG iutctl.py                 78    read                      : Received: hdr: header(svc_id=2, op=3, ctrl_index=0, data_len=2) bytearray(b'\x02\x03\x00\x02\x00')
2016-07-19 14:35:40,166 root DEBUG btpparser.py              49    dec_data                  : dec_data, bytearray(b'\x00\x00')
2016-07-19 14:35:40,166 root DEBUG iutctl.py                 91    read                      : Received data: ('\x00\x00',), bytearray(b'\x00\x00')
2016-07-19 14:35:40,166 root DEBUG btp.py                    1223  gatt_command_rsp_succ     : received header(svc_id=2, op=3, ctrl_index=0, data_len=2) ('\x00\x00',)
2016-07-19 14:35:40,166 root DEBUG testcase.py               201   start                     : Starting test function: ptsprojects.testcase.TestFunc <function gatts_set_val at 0x7f2c4ceed758> None None (0, '02') {}
2016-07-19 14:35:40,166 root DEBUG testcase.py               209   start                     : Test function parameters: args=(0, '02'), kwds={}
2016-07-19 14:35:40,166 root DEBUG btp.py                    657   gatts_set_val             : gatts_set_val 0 '02' 
2016-07-19 14:35:40,167 root DEBUG iutctl.py                 98    send                      : send, 2 6 0 bytearray(b'\x00\x00\x01\x00\x02')
2016-07-19 14:35:40,167 root DEBUG iutctl.py                 108   send                      : btpclient command: send 2 6 0 0000010002
2016-07-19 14:35:40,167 root DEBUG btpparser.py              59    enc_frame                 : enc_frame, 2 6 0 bytearray(b'\x00\x00\x01\x00\x02')
2016-07-19 14:35:40,167 root DEBUG iutctl.py                 112   send                      : sending frame '\x02\x06\x00\x05\x00\x00\x00\x01\x00\x02'
2016-07-19 14:35:40,167 root DEBUG btp.py                    1218  gatt_command_rsp_succ     : gatt_command_rsp_succ
2016-07-19 14:35:40,167 root DEBUG iutctl.py                 64    read                      : read
2016-07-19 14:35:40,169 root DEBUG btpparser.py              39    dec_hdr                   : dec_hdr, bytearray(b'\x02\x06\x00\x00\x00')
2016-07-19 14:35:40,170 root DEBUG iutctl.py                 78    read                      : Received: hdr: header(svc_id=2, op=6, ctrl_index=0, data_len=0) bytearray(b'\x02\x06\x00\x00\x00')
2016-07-19 14:35:40,170 root DEBUG btpparser.py              49    dec_data                  : dec_data, bytearray(b'')
2016-07-19 14:35:40,170 root DEBUG iutctl.py                 91    read                      : Received data: ('',), bytearray(b'')
2016-07-19 14:35:40,170 root DEBUG btp.py                    1223  gatt_command_rsp_succ     : received header(svc_id=2, op=6, ctrl_index=0, data_len=0) ('',)
2016-07-19 14:35:40,170 root DEBUG testcase.py               201   start                     : Starting test function: ptsprojects.testcase.TestFunc <function gatts_add_char at 0x7f2c4ceed6e0> None None (0, 66, 3, 'AA52') {}
2016-07-19 14:35:40,171 root DEBUG testcase.py               209   start                     : Test function parameters: args=(0, 66, 3, 'AA52'), kwds={}
2016-07-19 14:35:40,171 root DEBUG btp.py                    634   gatts_add_char            : gatts_add_char 0 66 3 'AA52'
2016-07-19 14:35:40,171 root DEBUG iutctl.py                 98    send                      : send, 2 3 0 bytearray(b'\x00\x00B\x03\x02R\xaa')
2016-07-19 14:35:40,171 root DEBUG iutctl.py                 108   send                      : btpclient command: send 2 3 0 000042030252aa
2016-07-19 14:35:40,171 root DEBUG btpparser.py              59    enc_frame                 : enc_frame, 2 3 0 bytearray(b'\x00\x00B\x03\x02R\xaa')
2016-07-19 14:35:40,171 root DEBUG iutctl.py                 112   send                      : sending frame '\x02\x03\x00\x07\x00\x00\x00B\x03\x02R\xaa'
2016-07-19 14:35:40,171 root DEBUG btp.py                    1218  gatt_command_rsp_succ     : gatt_command_rsp_succ
2016-07-19 14:35:40,171 root DEBUG iutctl.py                 64    read                      : read
2016-07-19 14:35:40,174 root DEBUG btpparser.py              39    dec_hdr                   : dec_hdr, bytearray(b'\x02\x03\x00\x02\x00')
2016-07-19 14:35:40,175 root DEBUG iutctl.py                 78    read                      : Received: hdr: header(svc_id=2, op=3, ctrl_index=0, data_len=2) bytearray(b'\x02\x03\x00\x02\x00')
2016-07-19 14:35:40,175 root DEBUG btpparser.py              49    dec_data                  : dec_data, bytearray(b'\x00\x00')
2016-07-19 14:35:40,175 root DEBUG iutctl.py                 91    read                      : Received data: ('\x00\x00',), bytearray(b'\x00\x00')
2016-07-19 14:35:40,175 root DEBUG btp.py                    1223  gatt_command_rsp_succ     : received header(svc_id=2, op=3, ctrl_index=0, data_len=2) ('\x00\x00',)
2016-07-19 14:35:40,175 root DEBUG testcase.py               201   start                     : Starting test function: ptsprojects.testcase.TestFunc <function gatts_set_val at 0x7f2c4ceed758> None None (0, '03') {}
2016-07-19 14:35:40,176 root DEBUG testcase.py               209   start                     : Test function parameters: args=(0, '03'), kwds={}
2016-07-19 14:35:40,176 root DEBUG btp.py                    657   gatts_set_val             : gatts_set_val 0 '03' 
2016-07-19 14:35:40,176 root DEBUG iutctl.py                 98    send                      : send, 2 6 0 bytearray(b'\x00\x00\x01\x00\x03')
2016-07-19 14:35:40,176 root DEBUG iutctl.py                 108   send                      : btpclient command: send 2 6 0 0000010003
2016-07-19 14:35:40,176 root DEBUG btpparser.py              59    enc_frame                 : enc_frame, 2 6 0 bytearray(b'\x00\x00\x01\x00\x03')
2016-07-19 14:35:40,176 root DEBUG iutctl.py                 112   send                      : sending frame '\x02\x06\x00\x05\x00\x00\x00\x01\x00\x03'
2016-07-19 14:35:40,176 root DEBUG btp.py                    1218  gatt_command_rsp_succ     : gatt_command_rsp_succ
2016-07-19 14:35:40,177 root DEBUG iutctl.py                 64    read                      : read
2016-07-19 14:35:40,179 root DEBUG btpparser.py              39    dec_hdr                   : dec_hdr, bytearray(b'\x02\x06\x00\x00\x00')
2016-07-19 14:35:40,180 root DEBUG iutctl.py                 78    read                      : Received: hdr: header(svc_id=2, op=6, ctrl_index=0, data_len=0) bytearray(b'\x02\x06\x00\x00\x00')
2016-07-19 14:35:40,180 root DEBUG btpparser.py              49    dec_data                  : dec_data, bytearray(b'')
2016-07-19 14:35:40,180 root DEBUG iutctl.py                 91    read                      : Received data: ('',), bytearray(b'')
2016-07-19 14:35:40,180 root DEBUG btp.py                    1223  gatt_command_rsp_succ     : received header(svc_id=2, op=6, ctrl_index=0, data_len=0) ('',)
2016-07-19 14:35:40,181 root DEBUG testcase.py               201   start                     : Starting test function: ptsprojects.testcase.TestFunc <function gatts_start_server at 0x7f2c4ceed848> None None () {}
2016-07-19 14:35:40,181 root DEBUG testcase.py               209   start                     : Test function parameters: args=(), kwds={}
2016-07-19 14:35:40,181 root DEBUG btp.py                    701   gatts_start_server        : gatts_start_server
2016-07-19 14:35:40,181 root DEBUG iutctl.py                 98    send                      : send, 2 7 0 ''
2016-07-19 14:35:40,181 root DEBUG iutctl.py                 108   send                      : btpclient command: send 2 7 0 
2016-07-19 14:35:40,181 root DEBUG btpparser.py              59    enc_frame                 : enc_frame, 2 7 0 ''
2016-07-19 14:35:40,181 root DEBUG iutctl.py                 112   send                      : sending frame '\x02\x07\x00\x00\x00'
2016-07-19 14:35:40,181 root DEBUG btp.py                    1218  gatt_command_rsp_succ     : gatt_command_rsp_succ
2016-07-19 14:35:40,182 root DEBUG iutctl.py                 64    read                      : read
2016-07-19 14:35:40,185 root DEBUG btpparser.py              39    dec_hdr                   : dec_hdr, bytearray(b'\x02\x07\x00\x03\x00')
2016-07-19 14:35:40,186 root DEBUG iutctl.py                 78    read                      : Received: hdr: header(svc_id=2, op=7, ctrl_index=0, data_len=3) bytearray(b'\x02\x07\x00\x03\x00')
2016-07-19 14:35:40,186 root DEBUG btpparser.py              49    dec_data                  : dec_data, bytearray(b'\x00\x00\x0c')
2016-07-19 14:35:40,186 root DEBUG iutctl.py                 91    read                      : Received data: ('\x00\x00\x0c',), bytearray(b'\x00\x00\x0c')
2016-07-19 14:35:40,186 root DEBUG btp.py                    1223  gatt_command_rsp_succ     : received header(svc_id=2, op=7, ctrl_index=0, data_len=3) ('\x00\x00\x0c',)
2016-07-19 14:35:40,186 root DEBUG testcase.py               201   start                     : Starting test function: ptsprojects.testcase.TestFunc <function gap_set_conn at 0x7f2c4ceed140> None None () {}
2016-07-19 14:35:40,186 root DEBUG testcase.py               209   start                     : Test function parameters: args=(), kwds={}
2016-07-19 14:35:40,187 root DEBUG btp.py                    445   gap_set_conn              : gap_set_conn
2016-07-19 14:35:40,187 root DEBUG iutctl.py                 98    send                      : send, 1 6 0 1
2016-07-19 14:35:40,187 root DEBUG iutctl.py                 108   send                      : btpclient command: send 1 6 0 01
2016-07-19 14:35:40,187 root DEBUG btpparser.py              59    enc_frame                 : enc_frame, 1 6 0 '\x01'
2016-07-19 14:35:40,187 root DEBUG iutctl.py                 112   send                      : sending frame '\x01\x06\x00\x01\x00\x01'
2016-07-19 14:35:40,187 root DEBUG btp.py                    588   gap_command_rsp_succ      : gap_command_rsp_succ
2016-07-19 14:35:40,187 root DEBUG iutctl.py                 64    read                      : read
2016-07-19 14:35:40,189 root DEBUG btpparser.py              39    dec_hdr                   : dec_hdr, bytearray(b'\x01\x06\x00\x04\x00')
2016-07-19 14:35:40,190 root DEBUG iutctl.py                 78    read                      : Received: hdr: header(svc_id=1, op=6, ctrl_index=0, data_len=4) bytearray(b'\x01\x06\x00\x04\x00')
2016-07-19 14:35:40,190 root DEBUG btpparser.py              49    dec_data                  : dec_data, bytearray(b'\x13\x02\x00\x00')
2016-07-19 14:35:40,190 root DEBUG iutctl.py                 91    read                      : Received data: ('\x13\x02\x00\x00',), bytearray(b'\x13\x02\x00\x00')
2016-07-19 14:35:40,190 root DEBUG btp.py                    593   gap_command_rsp_succ      : received header(svc_id=1, op=6, ctrl_index=0, data_len=4) ('\x13\x02\x00\x00',)
2016-07-19 14:35:40,190 root DEBUG testcase.py               201   start                     : Starting test function: ptsprojects.testcase.TestFunc <function gap_adv_ind_on at 0x7f2c4ced5b90> None None () {}
2016-07-19 14:35:40,190 root DEBUG testcase.py               209   start                     : Test function parameters: args=(), kwds={}
2016-07-19 14:35:40,190 root DEBUG btp.py                    268   gap_adv_ind_on            : gap_adv_ind_on None None
2016-07-19 14:35:40,191 root DEBUG iutctl.py                 98    send                      : send, 1 10 0 bytearray(b'\x00\x00')
2016-07-19 14:35:40,191 root DEBUG iutctl.py                 108   send                      : btpclient command: send 1 10 0 0000
2016-07-19 14:35:40,191 root DEBUG btpparser.py              59    enc_frame                 : enc_frame, 1 10 0 bytearray(b'\x00\x00')
2016-07-19 14:35:40,191 root DEBUG iutctl.py                 112   send                      : sending frame '\x01\n\x00\x02\x00\x00\x00'
2016-07-19 14:35:40,191 root DEBUG btp.py                    588   gap_command_rsp_succ      : gap_command_rsp_succ
2016-07-19 14:35:40,191 root DEBUG iutctl.py                 64    read                      : read
2016-07-19 14:35:40,195 root DEBUG btpparser.py              39    dec_hdr                   : dec_hdr, bytearray(b'\x01\n\x00\x04\x00')
2016-07-19 14:35:40,196 root DEBUG iutctl.py                 78    read                      : Received: hdr: header(svc_id=1, op=10, ctrl_index=0, data_len=4) bytearray(b'\x01\n\x00\x04\x00')
2016-07-19 14:35:40,196 root DEBUG btpparser.py              49    dec_data                  : dec_data, bytearray(b'\x13\x06\x00\x00')
2016-07-19 14:35:40,196 root DEBUG iutctl.py                 91    read                      : Received data: ('\x13\x06\x00\x00',), bytearray(b'\x13\x06\x00\x00')
2016-07-19 14:35:40,196 root DEBUG btp.py                    593   gap_command_rsp_succ      : received header(svc_id=1, op=10, ctrl_index=0, data_len=4) ('\x13\x06\x00\x00',)
2016-07-19 14:35:48,275 ClientCallback.on_implicit_send INFO autoptsclient_common.py   116   on_implicit_send          : ********************
2016-07-19 14:35:48,275 ClientCallback.on_implicit_send INFO autoptsclient_common.py   117   on_implicit_send          : BEGIN OnImplicitSend:
2016-07-19 14:35:48,276 ClientCallback.on_implicit_send INFO autoptsclient_common.py   118   on_implicit_send          : project_name: GAP
2016-07-19 14:35:48,276 ClientCallback.on_implicit_send INFO autoptsclient_common.py   119   on_implicit_send          : wid: 91
2016-07-19 14:35:48,276 ClientCallback.on_implicit_send INFO autoptsclient_common.py   120   on_implicit_send          : test_case_name: TC_SEC_AUT_BV_18_C
2016-07-19 14:35:48,276 ClientCallback.on_implicit_send INFO autoptsclient_common.py   121   on_implicit_send          : description: Please send a connectable undirected advertising report.
2016-07-19 14:35:48,276 ClientCallback.on_implicit_send INFO autoptsclient_common.py   122   on_implicit_send          : style: MMI_Style_Ok_Cancel2 0x11141
2016-07-19 14:35:48,276 ClientCallback.on_implicit_send INFO autoptsclient_common.py   124   on_implicit_send          : response: 3653016 <type 'int'> 44588816
2016-07-19 14:35:48,277 ClientCallback.on_implicit_send INFO autoptsclient_common.py   125   on_implicit_send          : response_size: 2048
2016-07-19 14:35:48,277 ClientCallback.on_implicit_send INFO autoptsclient_common.py   127   on_implicit_send          : response_is_present: 0 <type 'int'>
2016-07-19 14:35:48,277 ClientCallback.on_implicit_send INFO autoptsclient_common.py   131   on_implicit_send          : Calling test cases on_implicit_send
2016-07-19 14:35:48,277 root DEBUG testcase.py               467   on_implicit_send          : GAP TC_SEC_AUT_BV_18_C on_implicit_send
2016-07-19 14:35:48,277 root DEBUG testcase.py               201   start                     : Starting test function: ptsprojects.testcase.TestFunc <function gap_connected_ev at 0x7f2c4ced5c80> 91 None ('00:1B:DC:E0:37:6C', 0) {}
2016-07-19 14:35:48,277 root DEBUG testcase.py               209   start                     : Test function parameters: args=('00:1B:DC:E0:37:6C', 0), kwds={}
2016-07-19 14:35:48,277 root DEBUG btp.py                    309   gap_connected_ev          : gap_connected_ev '00:1B:DC:E0:37:6C' 0
2016-07-19 14:35:48,277 root DEBUG iutctl.py                 64    read                      : read
2016-07-19 14:35:48,437 root DEBUG btpparser.py              39    dec_hdr                   : dec_hdr, bytearray(b'\x01\x82\x00\x07\x00')
2016-07-19 14:35:48,437 root DEBUG iutctl.py                 78    read                      : Received: hdr: header(svc_id=1, op=130, ctrl_index=0, data_len=7) bytearray(b'\x01\x82\x00\x07\x00')
2016-07-19 14:35:48,438 root DEBUG btpparser.py              49    dec_data                  : dec_data, bytearray(b'l7\xe0\xdc\x1b\x00\x00')
2016-07-19 14:35:48,438 root DEBUG iutctl.py                 91    read                      : Received data: ('l7\xe0\xdc\x1b\x00\x00',), bytearray(b'l7\xe0\xdc\x1b\x00\x00')
2016-07-19 14:35:48,438 root DEBUG btp.py                    313   gap_connected_ev          : received header(svc_id=1, op=130, ctrl_index=0, data_len=7) ('l7\xe0\xdc\x1b\x00\x00',)
2016-07-19 14:35:48,438 root DEBUG testcase.py               494   on_implicit_send          : Sending response 'OK'
2016-07-19 14:35:48,438 ClientCallback.on_implicit_send INFO autoptsclient_common.py   143   on_implicit_send          : test case returned on_implicit_send, response: OK
2016-07-19 14:35:48,438 ClientCallback.on_implicit_send INFO autoptsclient_common.py   151   on_implicit_send          : END OnImplicitSend:
2016-07-19 14:35:48,438 ClientCallback.on_implicit_send INFO autoptsclient_common.py   152   on_implicit_send          : ********************
2016-07-19 14:35:48,460 ClientCallback.on_implicit_send INFO autoptsclient_common.py   116   on_implicit_send          : ********************
2016-07-19 14:35:48,460 ClientCallback.on_implicit_send INFO autoptsclient_common.py   117   on_implicit_send          : BEGIN OnImplicitSend:
2016-07-19 14:35:48,460 ClientCallback.on_implicit_send INFO autoptsclient_common.py   118   on_implicit_send          : project_name: GAP
2016-07-19 14:35:48,460 ClientCallback.on_implicit_send INFO autoptsclient_common.py   119   on_implicit_send          : wid: 112
2016-07-19 14:35:48,460 ClientCallback.on_implicit_send INFO autoptsclient_common.py   120   on_implicit_send          : test_case_name: TC_SEC_AUT_BV_18_C
2016-07-19 14:35:48,461 ClientCallback.on_implicit_send INFO autoptsclient_common.py   121   on_implicit_send          : description: Please send an ATT service request - read or write request. Discover services if needed. 
2016-07-19 14:35:48,461 ClientCallback.on_implicit_send INFO autoptsclient_common.py   122   on_implicit_send          : style: MMI_Style_Ok_Cancel2 0x11141
2016-07-19 14:35:48,461 ClientCallback.on_implicit_send INFO autoptsclient_common.py   124   on_implicit_send          : response: 3653016 <type 'int'> 44588816
2016-07-19 14:35:48,461 ClientCallback.on_implicit_send INFO autoptsclient_common.py   125   on_implicit_send          : response_size: 2048
2016-07-19 14:35:48,461 ClientCallback.on_implicit_send INFO autoptsclient_common.py   127   on_implicit_send          : response_is_present: 0 <type 'int'>
2016-07-19 14:35:48,461 ClientCallback.on_implicit_send INFO autoptsclient_common.py   131   on_implicit_send          : Calling test cases on_implicit_send
2016-07-19 14:35:48,461 root DEBUG testcase.py               467   on_implicit_send          : GAP TC_SEC_AUT_BV_18_C on_implicit_send
2016-07-19 14:35:48,461 root DEBUG testcase.py               201   start                     : Starting test function: ptsprojects.testcase.TestFunc <function gattc_read at 0x7f2c4ceedcf8> 112 None (0, '00:1B:DC:E0:37:6C', '0001') {}
2016-07-19 14:35:48,461 root DEBUG testcase.py               209   start                     : Test function parameters: args=(0, '00:1B:DC:E0:37:6C', '0001'), kwds={}
2016-07-19 14:35:48,461 root DEBUG btp.py                    956   gattc_read                : gattc_read 0 '00:1B:DC:E0:37:6C' '0001'
2016-07-19 14:35:48,462 root DEBUG iutctl.py                 98    send                      : send, 2 17 0 bytearray(b'\x00l7\xe0\xdc\x1b\x00\x01\x00')
2016-07-19 14:35:48,462 root DEBUG iutctl.py                 108   send                      : btpclient command: send 2 17 0 006c37e0dc1b000100
2016-07-19 14:35:48,462 root DEBUG btpparser.py              59    enc_frame                 : enc_frame, 2 17 0 bytearray(b'\x00l7\xe0\xdc\x1b\x00\x01\x00')
2016-07-19 14:35:48,462 root DEBUG iutctl.py                 112   send                      : sending frame '\x02\x11\x00\t\x00\x00l7\xe0\xdc\x1b\x00\x01\x00'
2016-07-19 14:35:48,462 root DEBUG testcase.py               494   on_implicit_send          : Sending response 'OK'
2016-07-19 14:35:48,462 ClientCallback.on_implicit_send INFO autoptsclient_common.py   143   on_implicit_send          : test case returned on_implicit_send, response: OK
2016-07-19 14:35:48,462 ClientCallback.on_implicit_send INFO autoptsclient_common.py   151   on_implicit_send          : END OnImplicitSend:
2016-07-19 14:35:48,462 ClientCallback.on_implicit_send INFO autoptsclient_common.py   152   on_implicit_send          : ********************
2016-07-19 14:35:50,711 ClientCallback.on_implicit_send INFO autoptsclient_common.py   116   on_implicit_send          : ********************
2016-07-19 14:35:50,711 ClientCallback.on_implicit_send INFO autoptsclient_common.py   117   on_implicit_send          : BEGIN OnImplicitSend:
2016-07-19 14:35:50,712 ClientCallback.on_implicit_send INFO autoptsclient_common.py   118   on_implicit_send          : project_name: GAP
2016-07-19 14:35:50,712 ClientCallback.on_implicit_send INFO autoptsclient_common.py   119   on_implicit_send          : wid: 108
2016-07-19 14:35:50,712 ClientCallback.on_implicit_send INFO autoptsclient_common.py   120   on_implicit_send          : test_case_name: TC_SEC_AUT_BV_18_C
2016-07-19 14:35:50,712 ClientCallback.on_implicit_send INFO autoptsclient_common.py   121   on_implicit_send          : description: Please start the Bonding Procedure in bondable mode.
2016-07-19 14:35:50,712 ClientCallback.on_implicit_send INFO autoptsclient_common.py   122   on_implicit_send          : style: MMI_Style_Ok_Cancel2 0x11141
2016-07-19 14:35:50,712 ClientCallback.on_implicit_send INFO autoptsclient_common.py   124   on_implicit_send          : response: 3653016 <type 'int'> 44588816
2016-07-19 14:35:50,712 ClientCallback.on_implicit_send INFO autoptsclient_common.py   125   on_implicit_send          : response_size: 2048
2016-07-19 14:35:50,712 ClientCallback.on_implicit_send INFO autoptsclient_common.py   127   on_implicit_send          : response_is_present: 0 <type 'int'>
2016-07-19 14:35:50,712 ClientCallback.on_implicit_send INFO autoptsclient_common.py   131   on_implicit_send          : Calling test cases on_implicit_send
2016-07-19 14:35:50,713 root DEBUG testcase.py               467   on_implicit_send          : GAP TC_SEC_AUT_BV_18_C on_implicit_send
2016-07-19 14:35:50,713 root DEBUG testcase.py               201   start                     : Starting test function: ptsprojects.testcase.TestFunc <function gap_passkey_disp_ev at 0x7f2c4ceed0c8> 108 None ('00:1B:DC:E0:37:6C', 0, True) {}
2016-07-19 14:35:50,713 root DEBUG testcase.py               209   start                     : Test function parameters: args=('00:1B:DC:E0:37:6C', 0, True), kwds={}
2016-07-19 14:35:50,713 root DEBUG btp.py                    418   gap_passkey_disp_ev       : gap_passkey_disp_ev '00:1B:DC:E0:37:6C' 0
2016-07-19 14:35:50,713 root DEBUG iutctl.py                 64    read                      : read
2016-07-19 14:35:50,713 root DEBUG btpparser.py              39    dec_hdr                   : dec_hdr, bytearray(b'\x02\x11\x00\x03\x00')
2016-07-19 14:35:50,714 root DEBUG iutctl.py                 78    read                      : Received: hdr: header(svc_id=2, op=17, ctrl_index=0, data_len=3) bytearray(b'\x02\x11\x00\x03\x00')
2016-07-19 14:35:50,714 root DEBUG btpparser.py              49    dec_data                  : dec_data, bytearray(b'\x05\x00\x00')
2016-07-19 14:35:50,714 root DEBUG iutctl.py                 91    read                      : Received data: ('\x05\x00\x00',), bytearray(b'\x05\x00\x00')
2016-07-19 14:35:50,714 root DEBUG btp.py                    422   gap_passkey_disp_ev       : received header(svc_id=2, op=17, ctrl_index=0, data_len=3) ('\x05\x00\x00',)
2016-07-19 14:35:50,714 ClientCallback.on_implicit_send INFO autoptsclient_common.py   146   on_implicit_send          : Caught exception
2016-07-19 14:35:50,714 ClientCallback.on_implicit_send INFO autoptsclient_common.py   147   on_implicit_send          : Incorrect service ID 2 in the response, expected 1!
2016-07-19 14:35:51,331 ClientCallback.log INFO autoptsclient_common.py   82    log                       : PTS_LOGTYPE_START_TEST Start Test Case 

+3010 ms
 TC_SEC_AUT_BV_18_C

2016-07-19 14:35:51,331 root DEBUG testcase.py               358   log                       : New status GAP TC_SEC_AUT_BV_18_C - Started
2016-07-19 14:35:52,852 ClientCallback.log INFO autoptsclient_common.py   82    log                       : PTS_LOGTYPE_FINAL_VERDICT Final verdict 

+5709 ms
 : [15] INCONC

2016-07-19 14:35:52,852 root DEBUG testcase.py               358   log                       : New status GAP TC_SEC_AUT_BV_18_C - INCONC
2016-07-19 14:35:52,857 ClientCallback.log INFO autoptsclient_common.py   82    log                       : PTS_LOGTYPE_FINAL_VERDICT Encrypted Verdict 

+5709 ms
 A1#ZWY4MzQ5MDg3MmQwNTIxOGQzMzQ5YjY2ODA5M2MzNjQ5ZDY4NmY0Yjc2MzIzM2VkNTUyNTFhNGU4Mjg1MjI0NA==#9EUQrn+LeOYR3S503R2dW7nf4fZRmHYJnRYraTjanm+PjS6j6wRCq8GoBCmI7aoS

2016-07-19 14:35:52,868 ClientCallback.log INFO autoptsclient_common.py   82    log                       : PTS_LOGTYPE_END_TEST Test Case ended 

+5709 ms
 TC_SEC_AUT_BV_18_C

2016-07-19 14:35:52,928 root DEBUG testcase.py               518   post_run                  : post_run GAP TC_SEC_AUT_BV_18_C 
2016-07-19 14:35:52,928 root DEBUG testcase.py               201   start                     : Starting test function: ptsprojects.testcase.TestFuncCleanUp <bound method ZephyrCtl.stop of <ptsprojects.zephyr.iutctl.ZephyrCtl instance at 0x7f2c4cf043f8>> None None () {}
2016-07-19 14:35:52,928 root DEBUG testcase.py               209   start                     : Test function parameters: args=(), kwds={}
2016-07-19 14:35:52,929 root DEBUG iutctl.py                 207   stop                      : ptsprojects.zephyr.iutctl.ZephyrCtl.stop
2016-07-19 14:35:55,932 root DEBUG autoptsclient_common.py   395   run_test_case             : Done TestCase wrapper GAP TC_SEC_AUT_BV_18_C
