2016-07-19 14:25:50,298 root DEBUG autoptsclient_common.py   349   run_test_case             : Starting TestCase wrapper GAP TC_BROB_BCST_BV_01_C
2016-07-19 14:25:50,299 root DEBUG testcase.py               499   pre_run                   : pre_run GAP TC_BROB_BCST_BV_01_C
2016-07-19 14:25:50,299 root DEBUG testcase.py               502   pre_run                   : About to run test case GAP TC_BROB_BCST_BV_01_C with commands:
2016-07-19 14:25:50,299 root DEBUG testcase.py               504   pre_run                   : 0) ptsprojects.testcase.TestFunc <bound method ZephyrCtl.start of <ptsprojects.zephyr.iutctl.ZephyrCtl instance at 0x7f2c4cf043f8>> None None () {}
2016-07-19 14:25:50,299 root DEBUG testcase.py               504   pre_run                   : 1) ptsprojects.testcase.TestFunc <function core_reg_svc_gap at 0x7f2c4ced5a28> None None () {}
2016-07-19 14:25:50,299 root DEBUG testcase.py               504   pre_run                   : 2) ptsprojects.testcase.TestFunc <function gap_set_nonconn at 0x7f2c4ceed1b8> 47 None () {}
2016-07-19 14:25:50,299 root DEBUG testcase.py               504   pre_run                   : 3) ptsprojects.testcase.TestFunc <function gap_adv_ind_on at 0x7f2c4ced5b90> 47 None () {}
2016-07-19 14:25:50,299 root DEBUG testcase.py               504   pre_run                   : 4) ptsprojects.testcase.TestFuncCleanUp <bound method ZephyrCtl.stop of <ptsprojects.zephyr.iutctl.ZephyrCtl instance at 0x7f2c4cf043f8>> None None () {}
2016-07-19 14:25:50,299 root DEBUG testcase.py               201   start                     : Starting test function: ptsprojects.testcase.TestFunc <bound method ZephyrCtl.start of <ptsprojects.zephyr.iutctl.ZephyrCtl instance at 0x7f2c4cf043f8>> None None () {}
2016-07-19 14:25:50,299 root DEBUG testcase.py               209   start                     : Test function parameters: args=(), kwds={}
2016-07-19 14:25:50,299 root DEBUG iutctl.py                 173   start                     : ptsprojects.zephyr.iutctl.ZephyrCtl.start
2016-07-19 14:25:50,300 root DEBUG iutctl.py                 160   reset_board               : About to reset DUT: "/home/skamrmar/bin/zflash/openocd/bin/openocd -s /home/skamrmar/bin/zflash/openocd/share/scripts -f /home/skamrmar/bin/zflash/boards/mountatlas/openocd.cfg -c 'init' -c 'reset run' -c 'shutdown'"
2016-07-19 14:25:52,287 root DEBUG iutctl.py                 184   start                     : Starting socat process: socat -x -v /dev/ttyUSB1,raw,b115200 UNIX-CONNECT:/tmp/bt-stack-tester
2016-07-19 14:25:52,289 root DEBUG iutctl.py                 56    accept                    : accept
2016-07-19 14:25:52,292 root DEBUG testcase.py               201   start                     : Starting test function: ptsprojects.testcase.TestFunc <function core_reg_svc_gap at 0x7f2c4ced5a28> None None () {}
2016-07-19 14:25:52,292 root DEBUG testcase.py               209   start                     : Test function parameters: args=(), kwds={}
2016-07-19 14:25:52,292 root DEBUG btp.py                    226   core_reg_svc_gap          : core_reg_svc_gap
2016-07-19 14:25:52,292 root DEBUG iutctl.py                 98    send                      : send, 0 3 255 1
2016-07-19 14:25:52,292 root DEBUG iutctl.py                 108   send                      : btpclient command: send 0 3 255 01
2016-07-19 14:25:52,292 root DEBUG btpparser.py              59    enc_frame                 : enc_frame, 0 3 255 '\x01'
2016-07-19 14:25:52,292 root DEBUG iutctl.py                 112   send                      : sending frame '\x00\x03\xff\x01\x00\x01'
2016-07-19 14:25:53,842 root DEBUG btp.py                    246   core_reg_svc_rsp_succ     : core_reg_svc_rsp_succ
2016-07-19 14:25:53,842 root DEBUG iutctl.py                 64    read                      : read
2016-07-19 14:25:53,911 root DEBUG btpparser.py              39    dec_hdr                   : dec_hdr, bytearray(b'\x00\x03\xff\x00\x00')
2016-07-19 14:25:53,912 root DEBUG iutctl.py                 78    read                      : Received: hdr: header(svc_id=0, op=3, ctrl_index=255, data_len=0) bytearray(b'\x00\x03\xff\x00\x00')
2016-07-19 14:25:53,912 root DEBUG btpparser.py              49    dec_data                  : dec_data, bytearray(b'')
2016-07-19 14:25:53,913 root DEBUG iutctl.py                 91    read                      : Received data: ('',), bytearray(b'')
2016-07-19 14:25:53,913 root DEBUG btp.py                    257   core_reg_svc_rsp_succ     : received header(svc_id=0, op=3, ctrl_index=255, data_len=0) ('',)
2016-07-19 14:25:53,913 root DEBUG btp.py                    258   core_reg_svc_rsp_succ     : expected ((0, 3, 255, 0), ('',))
2016-07-19 14:25:53,913 root DEBUG btp.py                    264   core_reg_svc_rsp_succ     : response is valid
2016-07-19 14:26:02,093 ClientCallback.on_implicit_send INFO autoptsclient_common.py   116   on_implicit_send          : ********************
2016-07-19 14:26:02,093 ClientCallback.on_implicit_send INFO autoptsclient_common.py   117   on_implicit_send          : BEGIN OnImplicitSend:
2016-07-19 14:26:02,093 ClientCallback.on_implicit_send INFO autoptsclient_common.py   118   on_implicit_send          : project_name: GAP
2016-07-19 14:26:02,093 ClientCallback.on_implicit_send INFO autoptsclient_common.py   119   on_implicit_send          : wid: 47
2016-07-19 14:26:02,093 ClientCallback.on_implicit_send INFO autoptsclient_common.py   120   on_implicit_send          : test_case_name: TC_BROB_BCST_BV_01_C
2016-07-19 14:26:02,093 ClientCallback.on_implicit_send INFO autoptsclient_common.py   121   on_implicit_send          : description: Please send non-connectable undirected advertising report or discoverable undirected advertising report.
2016-07-19 14:26:02,093 ClientCallback.on_implicit_send INFO autoptsclient_common.py   122   on_implicit_send          : style: MMI_Style_Ok_Cancel2 0x11141
2016-07-19 14:26:02,094 ClientCallback.on_implicit_send INFO autoptsclient_common.py   124   on_implicit_send          : response: 3653152 <type 'int'> 42637672
2016-07-19 14:26:02,094 ClientCallback.on_implicit_send INFO autoptsclient_common.py   125   on_implicit_send          : response_size: 2048
2016-07-19 14:26:02,094 ClientCallback.on_implicit_send INFO autoptsclient_common.py   127   on_implicit_send          : response_is_present: 0 <type 'int'>
2016-07-19 14:26:02,094 ClientCallback.on_implicit_send INFO autoptsclient_common.py   131   on_implicit_send          : Calling test cases on_implicit_send
2016-07-19 14:26:02,094 root DEBUG testcase.py               467   on_implicit_send          : GAP TC_BROB_BCST_BV_01_C on_implicit_send
2016-07-19 14:26:02,094 root DEBUG testcase.py               201   start                     : Starting test function: ptsprojects.testcase.TestFunc <function gap_set_nonconn at 0x7f2c4ceed1b8> 47 None () {}
2016-07-19 14:26:02,094 root DEBUG testcase.py               209   start                     : Test function parameters: args=(), kwds={}
2016-07-19 14:26:02,095 root DEBUG btp.py                    455   gap_set_nonconn           : gap_set_nonconn
2016-07-19 14:26:02,095 root DEBUG iutctl.py                 98    send                      : send, 1 6 0 0
2016-07-19 14:26:02,095 root DEBUG iutctl.py                 108   send                      : btpclient command: send 1 6 0 00
2016-07-19 14:26:02,095 root DEBUG btpparser.py              59    enc_frame                 : enc_frame, 1 6 0 '\x00'
2016-07-19 14:26:02,095 root DEBUG iutctl.py                 112   send                      : sending frame '\x01\x06\x00\x01\x00\x00'
2016-07-19 14:26:02,095 root DEBUG btp.py                    588   gap_command_rsp_succ      : gap_command_rsp_succ
2016-07-19 14:26:02,095 root DEBUG iutctl.py                 64    read                      : read
2016-07-19 14:26:02,098 root DEBUG btpparser.py              39    dec_hdr                   : dec_hdr, bytearray(b'\x01\x06\x00\x04\x00')
2016-07-19 14:26:02,099 root DEBUG iutctl.py                 78    read                      : Received: hdr: header(svc_id=1, op=6, ctrl_index=0, data_len=4) bytearray(b'\x01\x06\x00\x04\x00')
2016-07-19 14:26:02,099 root DEBUG btpparser.py              49    dec_data                  : dec_data, bytearray(b'\x11\x02\x00\x00')
2016-07-19 14:26:02,099 root DEBUG iutctl.py                 91    read                      : Received data: ('\x11\x02\x00\x00',), bytearray(b'\x11\x02\x00\x00')
2016-07-19 14:26:02,100 root DEBUG btp.py                    593   gap_command_rsp_succ      : received header(svc_id=1, op=6, ctrl_index=0, data_len=4) ('\x11\x02\x00\x00',)
2016-07-19 14:26:02,100 root DEBUG testcase.py               201   start                     : Starting test function: ptsprojects.testcase.TestFunc <function gap_adv_ind_on at 0x7f2c4ced5b90> 47 None () {}
2016-07-19 14:26:02,100 root DEBUG testcase.py               209   start                     : Test function parameters: args=(), kwds={}
2016-07-19 14:26:02,100 root DEBUG btp.py                    268   gap_adv_ind_on            : gap_adv_ind_on None None
2016-07-19 14:26:02,101 root DEBUG iutctl.py                 98    send                      : send, 1 10 0 bytearray(b'\x00\x00')
2016-07-19 14:26:02,101 root DEBUG iutctl.py                 108   send                      : btpclient command: send 1 10 0 0000
2016-07-19 14:26:02,101 root DEBUG btpparser.py              59    enc_frame                 : enc_frame, 1 10 0 bytearray(b'\x00\x00')
2016-07-19 14:26:02,101 root DEBUG iutctl.py                 112   send                      : sending frame '\x01\n\x00\x02\x00\x00\x00'
2016-07-19 14:26:02,101 root DEBUG btp.py                    588   gap_command_rsp_succ      : gap_command_rsp_succ
2016-07-19 14:26:02,102 root DEBUG iutctl.py                 64    read                      : read
2016-07-19 14:26:02,107 root DEBUG btpparser.py              39    dec_hdr                   : dec_hdr, bytearray(b'\x01\n\x00\x04\x00')
2016-07-19 14:26:02,108 root DEBUG iutctl.py                 78    read                      : Received: hdr: header(svc_id=1, op=10, ctrl_index=0, data_len=4) bytearray(b'\x01\n\x00\x04\x00')
2016-07-19 14:26:02,108 root DEBUG btpparser.py              49    dec_data                  : dec_data, bytearray(b'\x11\x06\x00\x00')
2016-07-19 14:26:02,108 root DEBUG iutctl.py                 91    read                      : Received data: ('\x11\x06\x00\x00',), bytearray(b'\x11\x06\x00\x00')
2016-07-19 14:26:02,109 root DEBUG btp.py                    593   gap_command_rsp_succ      : received header(svc_id=1, op=10, ctrl_index=0, data_len=4) ('\x11\x06\x00\x00',)
2016-07-19 14:26:02,109 root DEBUG testcase.py               494   on_implicit_send          : Sending response 'OK'
2016-07-19 14:26:02,109 ClientCallback.on_implicit_send INFO autoptsclient_common.py   143   on_implicit_send          : test case returned on_implicit_send, response: OK
2016-07-19 14:26:02,109 ClientCallback.on_implicit_send INFO autoptsclient_common.py   151   on_implicit_send          : END OnImplicitSend:
2016-07-19 14:26:02,109 ClientCallback.on_implicit_send INFO autoptsclient_common.py   152   on_implicit_send          : ********************
2016-07-19 14:26:03,237 ClientCallback.log INFO autoptsclient_common.py   82    log                       : PTS_LOGTYPE_START_TEST Start Test Case 

+2996 ms
 TC_BROB_BCST_BV_01_C

2016-07-19 14:26:03,237 root DEBUG testcase.py               358   log                       : New status GAP TC_BROB_BCST_BV_01_C - Started
2016-07-19 14:26:04,064 ClientCallback.log INFO autoptsclient_common.py   82    log                       : PTS_LOGTYPE_FINAL_VERDICT Final verdict 

+3760 ms
 : [14] PASS

2016-07-19 14:26:04,064 root DEBUG testcase.py               358   log                       : New status GAP TC_BROB_BCST_BV_01_C - PASS
2016-07-19 14:26:04,070 ClientCallback.log INFO autoptsclient_common.py   82    log                       : PTS_LOGTYPE_FINAL_VERDICT Encrypted Verdict 

+3760 ms
 A1#NzhlMjMwNmI3OTdhOWYyNmY1NTlhMzhiZDEzZGViZTNiNTY2MDY1YjFiMmMwODBhYzQ2ODZhNmQ1OTc1YmY0NA==#1XqOlL5rVcJ2CiJM3sj2BvcNZkXKyJoiLdMb2WxBZLuDD1p0gvX0b5lVYDqnmQZg

2016-07-19 14:26:04,082 ClientCallback.log INFO autoptsclient_common.py   82    log                       : PTS_LOGTYPE_END_TEST Test Case ended 

+3760 ms
 TC_BROB_BCST_BV_01_C

2016-07-19 14:26:04,147 root DEBUG testcase.py               518   post_run                  : post_run GAP TC_BROB_BCST_BV_01_C 
2016-07-19 14:26:04,147 root DEBUG testcase.py               201   start                     : Starting test function: ptsprojects.testcase.TestFuncCleanUp <bound method ZephyrCtl.stop of <ptsprojects.zephyr.iutctl.ZephyrCtl instance at 0x7f2c4cf043f8>> None None () {}
2016-07-19 14:26:04,147 root DEBUG testcase.py               209   start                     : Test function parameters: args=(), kwds={}
2016-07-19 14:26:04,147 root DEBUG iutctl.py                 207   stop                      : ptsprojects.zephyr.iutctl.ZephyrCtl.stop
2016-07-19 14:26:07,151 root DEBUG autoptsclient_common.py   395   run_test_case             : Done TestCase wrapper GAP TC_BROB_BCST_BV_01_C
