2016-07-19 14:35:19,238 root DEBUG autoptsclient_common.py   349   run_test_case             : Starting TestCase wrapper GAP TC_SEC_AUT_BV_14_C
2016-07-19 14:35:19,238 root DEBUG testcase.py               499   pre_run                   : pre_run GAP TC_SEC_AUT_BV_14_C
2016-07-19 14:35:19,238 root DEBUG testcase.py               502   pre_run                   : About to run test case GAP TC_SEC_AUT_BV_14_C with commands:
2016-07-19 14:35:19,238 root DEBUG testcase.py               504   pre_run                   : 0) ptsprojects.testcase.TestFunc <bound method ZephyrCtl.start of <ptsprojects.zephyr.iutctl.ZephyrCtl instance at 0x7f2c4cf043f8>> None None () {}
2016-07-19 14:35:19,238 root DEBUG testcase.py               504   pre_run                   : 1) ptsprojects.testcase.TestFunc <function gap_set_io_cap at 0x7f2c4ced5e60> None None (0,) {}
2016-07-19 14:35:19,239 root DEBUG testcase.py               504   pre_run                   : 2) ptsprojects.testcase.TestFunc <function core_reg_svc_gap at 0x7f2c4ced5a28> None None () {}
2016-07-19 14:35:19,239 root DEBUG testcase.py               504   pre_run                   : 3) ptsprojects.testcase.TestFunc <function core_reg_svc_gatts at 0x7f2c4ced5aa0> None None () {}
2016-07-19 14:35:19,239 root DEBUG testcase.py               504   pre_run                   : 4) ptsprojects.testcase.TestFunc <function gatts_add_svc at 0x7f2c4ceed5f0> None None (0, '1800') {}
2016-07-19 14:35:19,239 root DEBUG testcase.py               504   pre_run                   : 5) ptsprojects.testcase.TestFunc <function gatts_add_char at 0x7f2c4ceed6e0> None None (0, 10, 3, '2A00') {}
2016-07-19 14:35:19,239 root DEBUG testcase.py               504   pre_run                   : 6) ptsprojects.testcase.TestFunc <function gatts_set_val at 0x7f2c4ceed758> None None (0, '54657374657220474150') {}
2016-07-19 14:35:19,239 root DEBUG testcase.py               504   pre_run                   : 7) ptsprojects.testcase.TestFunc <function gatts_add_char at 0x7f2c4ceed6e0> None None (0, 10, 3, '2A01') {}
2016-07-19 14:35:19,240 root DEBUG testcase.py               504   pre_run                   : 8) ptsprojects.testcase.TestFunc <function gatts_set_val at 0x7f2c4ceed758> None None (0, '1234') {}
2016-07-19 14:35:19,240 root DEBUG testcase.py               504   pre_run                   : 9) ptsprojects.testcase.TestFunc <function gatts_add_svc at 0x7f2c4ceed5f0> None None (0, 'AA50') {}
2016-07-19 14:35:19,240 root DEBUG testcase.py               504   pre_run                   : 10) ptsprojects.testcase.TestFunc <function gatts_add_char at 0x7f2c4ceed6e0> None None (0, 2, 17, 'AA51') {}
2016-07-19 14:35:19,240 root DEBUG testcase.py               504   pre_run                   : 11) ptsprojects.testcase.TestFunc <function gatts_set_val at 0x7f2c4ceed758> None None (0, '01') {}
2016-07-19 14:35:19,240 root DEBUG testcase.py               504   pre_run                   : 12) ptsprojects.testcase.TestFunc <function gatts_add_char at 0x7f2c4ceed6e0> None None (0, 2, 5, 'AA52') {}
2016-07-19 14:35:19,240 root DEBUG testcase.py               504   pre_run                   : 13) ptsprojects.testcase.TestFunc <function gatts_set_val at 0x7f2c4ceed758> None None (0, '02') {}
2016-07-19 14:35:19,241 root DEBUG testcase.py               504   pre_run                   : 14) ptsprojects.testcase.TestFunc <function gatts_add_char at 0x7f2c4ceed6e0> None None (0, 66, 3, 'AA52') {}
2016-07-19 14:35:19,241 root DEBUG testcase.py               504   pre_run                   : 15) ptsprojects.testcase.TestFunc <function gatts_set_val at 0x7f2c4ceed758> None None (0, '03') {}
2016-07-19 14:35:19,241 root DEBUG testcase.py               504   pre_run                   : 16) ptsprojects.testcase.TestFunc <function gatts_start_server at 0x7f2c4ceed848> None None () {}
2016-07-19 14:35:19,241 root DEBUG testcase.py               504   pre_run                   : 17) ptsprojects.testcase.TestFunc <function gap_set_conn at 0x7f2c4ceed140> None None () {}
2016-07-19 14:35:19,241 root DEBUG testcase.py               504   pre_run                   : 18) ptsprojects.testcase.TestFunc <function gap_adv_ind_on at 0x7f2c4ced5b90> 91 None () {}
2016-07-19 14:35:19,241 root DEBUG testcase.py               504   pre_run                   : 19) ptsprojects.testcase.TestFunc <function gap_connected_ev at 0x7f2c4ced5c80> 111 None ('00:1B:DC:E0:37:6C', 0) {}
2016-07-19 14:35:19,242 root DEBUG testcase.py               504   pre_run                   : 20) ptsprojects.testcase.TestFunc <function gap_passkey_disp_ev at 0x7f2c4ceed0c8> 111 None ('00:1B:DC:E0:37:6C', 0, True) {}
2016-07-19 14:35:19,242 root DEBUG testcase.py               504   pre_run                   : 21) ptsprojects.testcase.TestFuncCleanUp <bound method ZephyrCtl.stop of <ptsprojects.zephyr.iutctl.ZephyrCtl instance at 0x7f2c4cf043f8>> None None () {}
2016-07-19 14:35:19,242 root DEBUG testcase.py               201   start                     : Starting test function: ptsprojects.testcase.TestFunc <bound method ZephyrCtl.start of <ptsprojects.zephyr.iutctl.ZephyrCtl instance at 0x7f2c4cf043f8>> None None () {}
2016-07-19 14:35:19,242 root DEBUG testcase.py               209   start                     : Test function parameters: args=(), kwds={}
2016-07-19 14:35:19,242 root DEBUG iutctl.py                 173   start                     : ptsprojects.zephyr.iutctl.ZephyrCtl.start
2016-07-19 14:35:19,243 root DEBUG iutctl.py                 160   reset_board               : About to reset DUT: "/home/skamrmar/bin/zflash/openocd/bin/openocd -s /home/skamrmar/bin/zflash/openocd/share/scripts -f /home/skamrmar/bin/zflash/boards/mountatlas/openocd.cfg -c 'init' -c 'reset run' -c 'shutdown'"
2016-07-19 14:35:21,253 root DEBUG iutctl.py                 184   start                     : Starting socat process: socat -x -v /dev/ttyUSB1,raw,b115200 UNIX-CONNECT:/tmp/bt-stack-tester
2016-07-19 14:35:21,255 root DEBUG iutctl.py                 56    accept                    : accept
2016-07-19 14:35:21,258 root DEBUG testcase.py               201   start                     : Starting test function: ptsprojects.testcase.TestFunc <function gap_set_io_cap at 0x7f2c4ced5e60> None None (0,) {}
2016-07-19 14:35:21,259 root DEBUG testcase.py               209   start                     : Test function parameters: args=(0,), kwds={}
2016-07-19 14:35:21,259 root DEBUG btp.py                    380   gap_set_io_cap            : gap_set_io_cap 0
2016-07-19 14:35:21,259 root DEBUG iutctl.py                 98    send                      : send, 1 16 0 '\x00'
2016-07-19 14:35:21,259 root DEBUG iutctl.py                 108   send                      : btpclient command: send 1 16 0 00
2016-07-19 14:35:21,259 root DEBUG btpparser.py              59    enc_frame                 : enc_frame, 1 16 0 '\x00'
2016-07-19 14:35:21,259 root DEBUG iutctl.py                 112   send                      : sending frame '\x01\x10\x00\x01\x00\x00'
2016-07-19 14:35:21,259 root DEBUG btp.py                    588   gap_command_rsp_succ      : gap_command_rsp_succ
2016-07-19 14:35:21,260 root DEBUG iutctl.py                 64    read                      : read
2016-07-19 14:35:21,262 root DEBUG btpparser.py              39    dec_hdr                   : dec_hdr, bytearray(b'\x01\x10\x00\x00\x00')
2016-07-19 14:35:21,263 root DEBUG iutctl.py                 78    read                      : Received: hdr: header(svc_id=1, op=16, ctrl_index=0, data_len=0) bytearray(b'\x01\x10\x00\x00\x00')
2016-07-19 14:35:21,263 root DEBUG btpparser.py              49    dec_data                  : dec_data, bytearray(b'')
2016-07-19 14:35:21,264 root DEBUG iutctl.py                 91    read                      : Received data: ('',), bytearray(b'')
2016-07-19 14:35:21,264 root DEBUG btp.py                    593   gap_command_rsp_succ      : received header(svc_id=1, op=16, ctrl_index=0, data_len=0) ('',)
2016-07-19 14:35:21,264 root DEBUG testcase.py               201   start                     : Starting test function: ptsprojects.testcase.TestFunc <function core_reg_svc_gap at 0x7f2c4ced5a28> None None () {}
2016-07-19 14:35:21,264 root DEBUG testcase.py               209   start                     : Test function parameters: args=(), kwds={}
2016-07-19 14:35:21,264 root DEBUG btp.py                    226   core_reg_svc_gap          : core_reg_svc_gap
2016-07-19 14:35:21,264 root DEBUG iutctl.py                 98    send                      : send, 0 3 255 1
2016-07-19 14:35:21,264 root DEBUG iutctl.py                 108   send                      : btpclient command: send 0 3 255 01
2016-07-19 14:35:21,265 root DEBUG btpparser.py              59    enc_frame                 : enc_frame, 0 3 255 '\x01'
2016-07-19 14:35:21,265 root DEBUG iutctl.py                 112   send                      : sending frame '\x00\x03\xff\x01\x00\x01'
2016-07-19 14:35:22,800 root DEBUG btp.py                    246   core_reg_svc_rsp_succ     : core_reg_svc_rsp_succ
2016-07-19 14:35:22,800 root DEBUG iutctl.py                 64    read                      : read
2016-07-19 14:35:22,869 root DEBUG btpparser.py              39    dec_hdr                   : dec_hdr, bytearray(b'\x00\x03\xff\x00\x00')
2016-07-19 14:35:22,870 root DEBUG iutctl.py                 78    read                      : Received: hdr: header(svc_id=0, op=3, ctrl_index=255, data_len=0) bytearray(b'\x00\x03\xff\x00\x00')
2016-07-19 14:35:22,870 root DEBUG btpparser.py              49    dec_data                  : dec_data, bytearray(b'')
2016-07-19 14:35:22,870 root DEBUG iutctl.py                 91    read                      : Received data: ('',), bytearray(b'')
2016-07-19 14:35:22,871 root DEBUG btp.py                    257   core_reg_svc_rsp_succ     : received header(svc_id=0, op=3, ctrl_index=255, data_len=0) ('',)
2016-07-19 14:35:22,871 root DEBUG btp.py                    258   core_reg_svc_rsp_succ     : expected ((0, 3, 255, 0), ('',))
2016-07-19 14:35:22,871 root DEBUG btp.py                    264   core_reg_svc_rsp_succ     : response is valid
2016-07-19 14:35:22,871 root DEBUG testcase.py               201   start                     : Starting test function: ptsprojects.testcase.TestFunc <function core_reg_svc_gatts at 0x7f2c4ced5aa0> None None () {}
2016-07-19 14:35:22,871 root DEBUG testcase.py               209   start                     : Test function parameters: args=(), kwds={}
2016-07-19 14:35:22,871 root DEBUG btp.py                    237   core_reg_svc_gatts        : core_reg_svc_gatts
2016-07-19 14:35:22,871 root DEBUG iutctl.py                 98    send                      : send, 0 3 255 2
2016-07-19 14:35:22,871 root DEBUG iutctl.py                 108   send                      : btpclient command: send 0 3 255 02
2016-07-19 14:35:22,871 root DEBUG btpparser.py              59    enc_frame                 : enc_frame, 0 3 255 '\x02'
2016-07-19 14:35:22,871 root DEBUG iutctl.py                 112   send                      : sending frame '\x00\x03\xff\x01\x00\x02'
2016-07-19 14:35:22,872 root DEBUG btp.py                    246   core_reg_svc_rsp_succ     : core_reg_svc_rsp_succ
2016-07-19 14:35:22,872 root DEBUG iutctl.py                 64    read                      : read
2016-07-19 14:35:22,874 root DEBUG btpparser.py              39    dec_hdr                   : dec_hdr, bytearray(b'\x00\x03\xff\x00\x00')
2016-07-19 14:35:22,875 root DEBUG iutctl.py                 78    read                      : Received: hdr: header(svc_id=0, op=3, ctrl_index=255, data_len=0) bytearray(b'\x00\x03\xff\x00\x00')
2016-07-19 14:35:22,875 root DEBUG btpparser.py              49    dec_data                  : dec_data, bytearray(b'')
2016-07-19 14:35:22,875 root DEBUG iutctl.py                 91    read                      : Received data: ('',), bytearray(b'')
2016-07-19 14:35:22,875 root DEBUG btp.py                    257   core_reg_svc_rsp_succ     : received header(svc_id=0, op=3, ctrl_index=255, data_len=0) ('',)
2016-07-19 14:35:22,875 root DEBUG btp.py                    258   core_reg_svc_rsp_succ     : expected ((0, 3, 255, 0), ('',))
2016-07-19 14:35:22,875 root DEBUG btp.py                    264   core_reg_svc_rsp_succ     : response is valid
2016-07-19 14:35:22,875 root DEBUG testcase.py               201   start                     : Starting test function: ptsprojects.testcase.TestFunc <function gatts_add_svc at 0x7f2c4ceed5f0> None None (0, '1800') {}
2016-07-19 14:35:22,875 root DEBUG testcase.py               209   start                     : Test function parameters: args=(0, '1800'), kwds={}
2016-07-19 14:35:22,875 root DEBUG btp.py                    599   gatts_add_svc             : gatts_add_svc 0 '1800'
2016-07-19 14:35:22,876 root DEBUG iutctl.py                 98    send                      : send, 2 2 0 bytearray(b'\x00\x02\x00\x18')
2016-07-19 14:35:22,876 root DEBUG iutctl.py                 108   send                      : btpclient command: send 2 2 0 00020018
2016-07-19 14:35:22,876 root DEBUG btpparser.py              59    enc_frame                 : enc_frame, 2 2 0 bytearray(b'\x00\x02\x00\x18')
2016-07-19 14:35:22,876 root DEBUG iutctl.py                 112   send                      : sending frame '\x02\x02\x00\x04\x00\x00\x02\x00\x18'
2016-07-19 14:35:22,876 root DEBUG btp.py                    1218  gatt_command_rsp_succ     : gatt_command_rsp_succ
2016-07-19 14:35:22,876 root DEBUG iutctl.py                 64    read                      : read
2016-07-19 14:35:22,878 root DEBUG btpparser.py              39    dec_hdr                   : dec_hdr, bytearray(b'\x02\x02\x00\x02\x00')
2016-07-19 14:35:22,879 root DEBUG iutctl.py                 78    read                      : Received: hdr: header(svc_id=2, op=2, ctrl_index=0, data_len=2) bytearray(b'\x02\x02\x00\x02\x00')
2016-07-19 14:35:22,879 root DEBUG btpparser.py              49    dec_data                  : dec_data, bytearray(b'\x00\x00')
2016-07-19 14:35:22,879 root DEBUG iutctl.py                 91    read                      : Received data: ('\x00\x00',), bytearray(b'\x00\x00')
2016-07-19 14:35:22,879 root DEBUG btp.py                    1223  gatt_command_rsp_succ     : received header(svc_id=2, op=2, ctrl_index=0, data_len=2) ('\x00\x00',)
2016-07-19 14:35:22,879 root DEBUG testcase.py               201   start                     : Starting test function: ptsprojects.testcase.TestFunc <function gatts_add_char at 0x7f2c4ceed6e0> None None (0, 10, 3, '2A00') {}
2016-07-19 14:35:22,880 root DEBUG testcase.py               209   start                     : Test function parameters: args=(0, 10, 3, '2A00'), kwds={}
2016-07-19 14:35:22,880 root DEBUG btp.py                    634   gatts_add_char            : gatts_add_char 0 10 3 '2A00'
2016-07-19 14:35:22,880 root DEBUG iutctl.py                 98    send                      : send, 2 3 0 bytearray(b'\x00\x00\n\x03\x02\x00*')
2016-07-19 14:35:22,880 root DEBUG iutctl.py                 108   send                      : btpclient command: send 2 3 0 00000a0302002a
2016-07-19 14:35:22,880 root DEBUG btpparser.py              59    enc_frame                 : enc_frame, 2 3 0 bytearray(b'\x00\x00\n\x03\x02\x00*')
2016-07-19 14:35:22,880 root DEBUG iutctl.py                 112   send                      : sending frame '\x02\x03\x00\x07\x00\x00\x00\n\x03\x02\x00*'
2016-07-19 14:35:22,880 root DEBUG btp.py                    1218  gatt_command_rsp_succ     : gatt_command_rsp_succ
2016-07-19 14:35:22,880 root DEBUG iutctl.py                 64    read                      : read
2016-07-19 14:35:22,883 root DEBUG btpparser.py              39    dec_hdr                   : dec_hdr, bytearray(b'\x02\x03\x00\x02\x00')
2016-07-19 14:35:22,884 root DEBUG iutctl.py                 78    read                      : Received: hdr: header(svc_id=2, op=3, ctrl_index=0, data_len=2) bytearray(b'\x02\x03\x00\x02\x00')
2016-07-19 14:35:22,884 root DEBUG btpparser.py              49    dec_data                  : dec_data, bytearray(b'\x00\x00')
2016-07-19 14:35:22,884 root DEBUG iutctl.py                 91    read                      : Received data: ('\x00\x00',), bytearray(b'\x00\x00')
2016-07-19 14:35:22,884 root DEBUG btp.py                    1223  gatt_command_rsp_succ     : received header(svc_id=2, op=3, ctrl_index=0, data_len=2) ('\x00\x00',)
2016-07-19 14:35:22,884 root DEBUG testcase.py               201   start                     : Starting test function: ptsprojects.testcase.TestFunc <function gatts_set_val at 0x7f2c4ceed758> None None (0, '54657374657220474150') {}
2016-07-19 14:35:22,884 root DEBUG testcase.py               209   start                     : Test function parameters: args=(0, '54657374657220474150'), kwds={}
2016-07-19 14:35:22,884 root DEBUG btp.py                    657   gatts_set_val             : gatts_set_val 0 '54657374657220474150' 
2016-07-19 14:35:22,884 root DEBUG iutctl.py                 98    send                      : send, 2 6 0 bytearray(b'\x00\x00\n\x00Tester GAP')
2016-07-19 14:35:22,884 root DEBUG iutctl.py                 108   send                      : btpclient command: send 2 6 0 00000a0054657374657220474150
2016-07-19 14:35:22,885 root DEBUG btpparser.py              59    enc_frame                 : enc_frame, 2 6 0 bytearray(b'\x00\x00\n\x00Tester GAP')
2016-07-19 14:35:22,885 root DEBUG iutctl.py                 112   send                      : sending frame '\x02\x06\x00\x0e\x00\x00\x00\n\x00Tester GAP'
2016-07-19 14:35:22,885 root DEBUG btp.py                    1218  gatt_command_rsp_succ     : gatt_command_rsp_succ
2016-07-19 14:35:22,885 root DEBUG iutctl.py                 64    read                      : read
2016-07-19 14:35:22,888 root DEBUG btpparser.py              39    dec_hdr                   : dec_hdr, bytearray(b'\x02\x06\x00\x00\x00')
2016-07-19 14:35:22,889 root DEBUG iutctl.py                 78    read                      : Received: hdr: header(svc_id=2, op=6, ctrl_index=0, data_len=0) bytearray(b'\x02\x06\x00\x00\x00')
2016-07-19 14:35:22,889 root DEBUG btpparser.py              49    dec_data                  : dec_data, bytearray(b'')
2016-07-19 14:35:22,889 root DEBUG iutctl.py                 91    read                      : Received data: ('',), bytearray(b'')
2016-07-19 14:35:22,889 root DEBUG btp.py                    1223  gatt_command_rsp_succ     : received header(svc_id=2, op=6, ctrl_index=0, data_len=0) ('',)
2016-07-19 14:35:22,889 root DEBUG testcase.py               201   start                     : Starting test function: ptsprojects.testcase.TestFunc <function gatts_add_char at 0x7f2c4ceed6e0> None None (0, 10, 3, '2A01') {}
2016-07-19 14:35:22,889 root DEBUG testcase.py               209   start                     : Test function parameters: args=(0, 10, 3, '2A01'), kwds={}
2016-07-19 14:35:22,889 root DEBUG btp.py                    634   gatts_add_char            : gatts_add_char 0 10 3 '2A01'
2016-07-19 14:35:22,889 root DEBUG iutctl.py                 98    send                      : send, 2 3 0 bytearray(b'\x00\x00\n\x03\x02\x01*')
2016-07-19 14:35:22,890 root DEBUG iutctl.py                 108   send                      : btpclient command: send 2 3 0 00000a0302012a
2016-07-19 14:35:22,890 root DEBUG btpparser.py              59    enc_frame                 : enc_frame, 2 3 0 bytearray(b'\x00\x00\n\x03\x02\x01*')
2016-07-19 14:35:22,890 root DEBUG iutctl.py                 112   send                      : sending frame '\x02\x03\x00\x07\x00\x00\x00\n\x03\x02\x01*'
2016-07-19 14:35:22,890 root DEBUG btp.py                    1218  gatt_command_rsp_succ     : gatt_command_rsp_succ
2016-07-19 14:35:22,890 root DEBUG iutctl.py                 64    read                      : read
2016-07-19 14:35:22,893 root DEBUG btpparser.py              39    dec_hdr                   : dec_hdr, bytearray(b'\x02\x03\x00\x02\x00')
2016-07-19 14:35:22,894 root DEBUG iutctl.py                 78    read                      : Received: hdr: header(svc_id=2, op=3, ctrl_index=0, data_len=2) bytearray(b'\x02\x03\x00\x02\x00')
2016-07-19 14:35:22,894 root DEBUG btpparser.py              49    dec_data                  : dec_data, bytearray(b'\x00\x00')
2016-07-19 14:35:22,894 root DEBUG iutctl.py                 91    read                      : Received data: ('\x00\x00',), bytearray(b'\x00\x00')
2016-07-19 14:35:22,894 root DEBUG btp.py                    1223  gatt_command_rsp_succ     : received header(svc_id=2, op=3, ctrl_index=0, data_len=2) ('\x00\x00',)
2016-07-19 14:35:22,894 root DEBUG testcase.py               201   start                     : Starting test function: ptsprojects.testcase.TestFunc <function gatts_set_val at 0x7f2c4ceed758> None None (0, '1234') {}
2016-07-19 14:35:22,894 root DEBUG testcase.py               209   start                     : Test function parameters: args=(0, '1234'), kwds={}
2016-07-19 14:35:22,894 root DEBUG btp.py                    657   gatts_set_val             : gatts_set_val 0 '1234' 
2016-07-19 14:35:22,894 root DEBUG iutctl.py                 98    send                      : send, 2 6 0 bytearray(b'\x00\x00\x02\x00\x124')
2016-07-19 14:35:22,895 root DEBUG iutctl.py                 108   send                      : btpclient command: send 2 6 0 000002001234
2016-07-19 14:35:22,895 root DEBUG btpparser.py              59    enc_frame                 : enc_frame, 2 6 0 bytearray(b'\x00\x00\x02\x00\x124')
2016-07-19 14:35:22,895 root DEBUG iutctl.py                 112   send                      : sending frame '\x02\x06\x00\x06\x00\x00\x00\x02\x00\x124'
2016-07-19 14:35:22,895 root DEBUG btp.py                    1218  gatt_command_rsp_succ     : gatt_command_rsp_succ
2016-07-19 14:35:22,895 root DEBUG iutctl.py                 64    read                      : read
2016-07-19 14:35:22,898 root DEBUG btpparser.py              39    dec_hdr                   : dec_hdr, bytearray(b'\x02\x06\x00\x00\x00')
2016-07-19 14:35:22,899 root DEBUG iutctl.py                 78    read                      : Received: hdr: header(svc_id=2, op=6, ctrl_index=0, data_len=0) bytearray(b'\x02\x06\x00\x00\x00')
2016-07-19 14:35:22,899 root DEBUG btpparser.py              49    dec_data                  : dec_data, bytearray(b'')
2016-07-19 14:35:22,899 root DEBUG iutctl.py                 91    read                      : Received data: ('',), bytearray(b'')
2016-07-19 14:35:22,899 root DEBUG btp.py                    1223  gatt_command_rsp_succ     : received header(svc_id=2, op=6, ctrl_index=0, data_len=0) ('',)
2016-07-19 14:35:22,899 root DEBUG testcase.py               201   start                     : Starting test function: ptsprojects.testcase.TestFunc <function gatts_add_svc at 0x7f2c4ceed5f0> None None (0, 'AA50') {}
2016-07-19 14:35:22,899 root DEBUG testcase.py               209   start                     : Test function parameters: args=(0, 'AA50'), kwds={}
2016-07-19 14:35:22,899 root DEBUG btp.py                    599   gatts_add_svc             : gatts_add_svc 0 'AA50'
2016-07-19 14:35:22,899 root DEBUG iutctl.py                 98    send                      : send, 2 2 0 bytearray(b'\x00\x02P\xaa')
2016-07-19 14:35:22,900 root DEBUG iutctl.py                 108   send                      : btpclient command: send 2 2 0 000250aa
2016-07-19 14:35:22,900 root DEBUG btpparser.py              59    enc_frame                 : enc_frame, 2 2 0 bytearray(b'\x00\x02P\xaa')
2016-07-19 14:35:22,900 root DEBUG iutctl.py                 112   send                      : sending frame '\x02\x02\x00\x04\x00\x00\x02P\xaa'
2016-07-19 14:35:22,900 root DEBUG btp.py                    1218  gatt_command_rsp_succ     : gatt_command_rsp_succ
2016-07-19 14:35:22,900 root DEBUG iutctl.py                 64    read                      : read
2016-07-19 14:35:22,904 root DEBUG btpparser.py              39    dec_hdr                   : dec_hdr, bytearray(b'\x02\x02\x00\x02\x00')
2016-07-19 14:35:22,905 root DEBUG iutctl.py                 78    read                      : Received: hdr: header(svc_id=2, op=2, ctrl_index=0, data_len=2) bytearray(b'\x02\x02\x00\x02\x00')
2016-07-19 14:35:22,905 root DEBUG btpparser.py              49    dec_data                  : dec_data, bytearray(b'\x00\x00')
2016-07-19 14:35:22,905 root DEBUG iutctl.py                 91    read                      : Received data: ('\x00\x00',), bytearray(b'\x00\x00')
2016-07-19 14:35:22,905 root DEBUG btp.py                    1223  gatt_command_rsp_succ     : received header(svc_id=2, op=2, ctrl_index=0, data_len=2) ('\x00\x00',)
2016-07-19 14:35:22,905 root DEBUG testcase.py               201   start                     : Starting test function: ptsprojects.testcase.TestFunc <function gatts_add_char at 0x7f2c4ceed6e0> None None (0, 2, 17, 'AA51') {}
2016-07-19 14:35:22,905 root DEBUG testcase.py               209   start                     : Test function parameters: args=(0, 2, 17, 'AA51'), kwds={}
2016-07-19 14:35:22,905 root DEBUG btp.py                    634   gatts_add_char            : gatts_add_char 0 2 17 'AA51'
2016-07-19 14:35:22,906 root DEBUG iutctl.py                 98    send                      : send, 2 3 0 bytearray(b'\x00\x00\x02\x11\x02Q\xaa')
2016-07-19 14:35:22,906 root DEBUG iutctl.py                 108   send                      : btpclient command: send 2 3 0 000002110251aa
2016-07-19 14:35:22,906 root DEBUG btpparser.py              59    enc_frame                 : enc_frame, 2 3 0 bytearray(b'\x00\x00\x02\x11\x02Q\xaa')
2016-07-19 14:35:22,906 root DEBUG iutctl.py                 112   send                      : sending frame '\x02\x03\x00\x07\x00\x00\x00\x02\x11\x02Q\xaa'
2016-07-19 14:35:22,906 root DEBUG btp.py                    1218  gatt_command_rsp_succ     : gatt_command_rsp_succ
2016-07-19 14:35:22,906 root DEBUG iutctl.py                 64    read                      : read
2016-07-19 14:35:22,909 root DEBUG btpparser.py              39    dec_hdr                   : dec_hdr, bytearray(b'\x02\x03\x00\x02\x00')
2016-07-19 14:35:22,910 root DEBUG iutctl.py                 78    read                      : Received: hdr: header(svc_id=2, op=3, ctrl_index=0, data_len=2) bytearray(b'\x02\x03\x00\x02\x00')
2016-07-19 14:35:22,910 root DEBUG btpparser.py              49    dec_data                  : dec_data, bytearray(b'\x00\x00')
2016-07-19 14:35:22,910 root DEBUG iutctl.py                 91    read                      : Received data: ('\x00\x00',), bytearray(b'\x00\x00')
2016-07-19 14:35:22,910 root DEBUG btp.py                    1223  gatt_command_rsp_succ     : received header(svc_id=2, op=3, ctrl_index=0, data_len=2) ('\x00\x00',)
2016-07-19 14:35:22,910 root DEBUG testcase.py               201   start                     : Starting test function: ptsprojects.testcase.TestFunc <function gatts_set_val at 0x7f2c4ceed758> None None (0, '01') {}
2016-07-19 14:35:22,910 root DEBUG testcase.py               209   start                     : Test function parameters: args=(0, '01'), kwds={}
2016-07-19 14:35:22,910 root DEBUG btp.py                    657   gatts_set_val             : gatts_set_val 0 '01' 
2016-07-19 14:35:22,911 root DEBUG iutctl.py                 98    send                      : send, 2 6 0 bytearray(b'\x00\x00\x01\x00\x01')
2016-07-19 14:35:22,911 root DEBUG iutctl.py                 108   send                      : btpclient command: send 2 6 0 0000010001
2016-07-19 14:35:22,911 root DEBUG btpparser.py              59    enc_frame                 : enc_frame, 2 6 0 bytearray(b'\x00\x00\x01\x00\x01')
2016-07-19 14:35:22,911 root DEBUG iutctl.py                 112   send                      : sending frame '\x02\x06\x00\x05\x00\x00\x00\x01\x00\x01'
2016-07-19 14:35:22,911 root DEBUG btp.py                    1218  gatt_command_rsp_succ     : gatt_command_rsp_succ
2016-07-19 14:35:22,911 root DEBUG iutctl.py                 64    read                      : read
2016-07-19 14:35:22,914 root DEBUG btpparser.py              39    dec_hdr                   : dec_hdr, bytearray(b'\x02\x06\x00\x00\x00')
2016-07-19 14:35:22,915 root DEBUG iutctl.py                 78    read                      : Received: hdr: header(svc_id=2, op=6, ctrl_index=0, data_len=0) bytearray(b'\x02\x06\x00\x00\x00')
2016-07-19 14:35:22,915 root DEBUG btpparser.py              49    dec_data                  : dec_data, bytearray(b'')
2016-07-19 14:35:22,915 root DEBUG iutctl.py                 91    read                      : Received data: ('',), bytearray(b'')
2016-07-19 14:35:22,915 root DEBUG btp.py                    1223  gatt_command_rsp_succ     : received header(svc_id=2, op=6, ctrl_index=0, data_len=0) ('',)
2016-07-19 14:35:22,915 root DEBUG testcase.py               201   start                     : Starting test function: ptsprojects.testcase.TestFunc <function gatts_add_char at 0x7f2c4ceed6e0> None None (0, 2, 5, 'AA52') {}
2016-07-19 14:35:22,915 root DEBUG testcase.py               209   start                     : Test function parameters: args=(0, 2, 5, 'AA52'), kwds={}
2016-07-19 14:35:22,915 root DEBUG btp.py                    634   gatts_add_char            : gatts_add_char 0 2 5 'AA52'
2016-07-19 14:35:22,915 root DEBUG iutctl.py                 98    send                      : send, 2 3 0 bytearray(b'\x00\x00\x02\x05\x02R\xaa')
2016-07-19 14:35:22,915 root DEBUG iutctl.py                 108   send                      : btpclient command: send 2 3 0 000002050252aa
2016-07-19 14:35:22,915 root DEBUG btpparser.py              59    enc_frame                 : enc_frame, 2 3 0 bytearray(b'\x00\x00\x02\x05\x02R\xaa')
2016-07-19 14:35:22,916 root DEBUG iutctl.py                 112   send                      : sending frame '\x02\x03\x00\x07\x00\x00\x00\x02\x05\x02R\xaa'
2016-07-19 14:35:22,916 root DEBUG btp.py                    1218  gatt_command_rsp_succ     : gatt_command_rsp_succ
2016-07-19 14:35:22,916 root DEBUG iutctl.py                 64    read                      : read
2016-07-19 14:35:22,918 root DEBUG btpparser.py              39    dec_hdr                   : dec_hdr, bytearray(b'\x02\x03\x00\x02\x00')
2016-07-19 14:35:22,918 root DEBUG iutctl.py                 78    read                      : Received: hdr: header(svc_id=2, op=3, ctrl_index=0, data_len=2) bytearray(b'\x02\x03\x00\x02\x00')
2016-07-19 14:35:22,919 root DEBUG btpparser.py              49    dec_data                  : dec_data, bytearray(b'\x00\x00')
2016-07-19 14:35:22,919 root DEBUG iutctl.py                 91    read                      : Received data: ('\x00\x00',), bytearray(b'\x00\x00')
2016-07-19 14:35:22,919 root DEBUG btp.py                    1223  gatt_command_rsp_succ     : received header(svc_id=2, op=3, ctrl_index=0, data_len=2) ('\x00\x00',)
2016-07-19 14:35:22,919 root DEBUG testcase.py               201   start                     : Starting test function: ptsprojects.testcase.TestFunc <function gatts_set_val at 0x7f2c4ceed758> None None (0, '02') {}
2016-07-19 14:35:22,919 root DEBUG testcase.py               209   start                     : Test function parameters: args=(0, '02'), kwds={}
2016-07-19 14:35:22,919 root DEBUG btp.py                    657   gatts_set_val             : gatts_set_val 0 '02' 
2016-07-19 14:35:22,919 root DEBUG iutctl.py                 98    send                      : send, 2 6 0 bytearray(b'\x00\x00\x01\x00\x02')
2016-07-19 14:35:22,920 root DEBUG iutctl.py                 108   send                      : btpclient command: send 2 6 0 0000010002
2016-07-19 14:35:22,920 root DEBUG btpparser.py              59    enc_frame                 : enc_frame, 2 6 0 bytearray(b'\x00\x00\x01\x00\x02')
2016-07-19 14:35:22,920 root DEBUG iutctl.py                 112   send                      : sending frame '\x02\x06\x00\x05\x00\x00\x00\x01\x00\x02'
2016-07-19 14:35:22,920 root DEBUG btp.py                    1218  gatt_command_rsp_succ     : gatt_command_rsp_succ
2016-07-19 14:35:22,920 root DEBUG iutctl.py                 64    read                      : read
2016-07-19 14:35:22,922 root DEBUG btpparser.py              39    dec_hdr                   : dec_hdr, bytearray(b'\x02\x06\x00\x00\x00')
2016-07-19 14:35:22,922 root DEBUG iutctl.py                 78    read                      : Received: hdr: header(svc_id=2, op=6, ctrl_index=0, data_len=0) bytearray(b'\x02\x06\x00\x00\x00')
2016-07-19 14:35:22,923 root DEBUG btpparser.py              49    dec_data                  : dec_data, bytearray(b'')
2016-07-19 14:35:22,923 root DEBUG iutctl.py                 91    read                      : Received data: ('',), bytearray(b'')
2016-07-19 14:35:22,923 root DEBUG btp.py                    1223  gatt_command_rsp_succ     : received header(svc_id=2, op=6, ctrl_index=0, data_len=0) ('',)
2016-07-19 14:35:22,923 root DEBUG testcase.py               201   start                     : Starting test function: ptsprojects.testcase.TestFunc <function gatts_add_char at 0x7f2c4ceed6e0> None None (0, 66, 3, 'AA52') {}
2016-07-19 14:35:22,923 root DEBUG testcase.py               209   start                     : Test function parameters: args=(0, 66, 3, 'AA52'), kwds={}
2016-07-19 14:35:22,923 root DEBUG btp.py                    634   gatts_add_char            : gatts_add_char 0 66 3 'AA52'
2016-07-19 14:35:22,923 root DEBUG iutctl.py                 98    send                      : send, 2 3 0 bytearray(b'\x00\x00B\x03\x02R\xaa')
2016-07-19 14:35:22,923 root DEBUG iutctl.py                 108   send                      : btpclient command: send 2 3 0 000042030252aa
2016-07-19 14:35:22,923 root DEBUG btpparser.py              59    enc_frame                 : enc_frame, 2 3 0 bytearray(b'\x00\x00B\x03\x02R\xaa')
2016-07-19 14:35:22,923 root DEBUG iutctl.py                 112   send                      : sending frame '\x02\x03\x00\x07\x00\x00\x00B\x03\x02R\xaa'
2016-07-19 14:35:22,923 root DEBUG btp.py                    1218  gatt_command_rsp_succ     : gatt_command_rsp_succ
2016-07-19 14:35:22,924 root DEBUG iutctl.py                 64    read                      : read
2016-07-19 14:35:22,926 root DEBUG btpparser.py              39    dec_hdr                   : dec_hdr, bytearray(b'\x02\x03\x00\x02\x00')
2016-07-19 14:35:22,926 root DEBUG iutctl.py                 78    read                      : Received: hdr: header(svc_id=2, op=3, ctrl_index=0, data_len=2) bytearray(b'\x02\x03\x00\x02\x00')
2016-07-19 14:35:22,927 root DEBUG btpparser.py              49    dec_data                  : dec_data, bytearray(b'\x00\x00')
2016-07-19 14:35:22,927 root DEBUG iutctl.py                 91    read                      : Received data: ('\x00\x00',), bytearray(b'\x00\x00')
2016-07-19 14:35:22,927 root DEBUG btp.py                    1223  gatt_command_rsp_succ     : received header(svc_id=2, op=3, ctrl_index=0, data_len=2) ('\x00\x00',)
2016-07-19 14:35:22,927 root DEBUG testcase.py               201   start                     : Starting test function: ptsprojects.testcase.TestFunc <function gatts_set_val at 0x7f2c4ceed758> None None (0, '03') {}
2016-07-19 14:35:22,927 root DEBUG testcase.py               209   start                     : Test function parameters: args=(0, '03'), kwds={}
2016-07-19 14:35:22,927 root DEBUG btp.py                    657   gatts_set_val             : gatts_set_val 0 '03' 
2016-07-19 14:35:22,927 root DEBUG iutctl.py                 98    send                      : send, 2 6 0 bytearray(b'\x00\x00\x01\x00\x03')
2016-07-19 14:35:22,927 root DEBUG iutctl.py                 108   send                      : btpclient command: send 2 6 0 0000010003
2016-07-19 14:35:22,927 root DEBUG btpparser.py              59    enc_frame                 : enc_frame, 2 6 0 bytearray(b'\x00\x00\x01\x00\x03')
2016-07-19 14:35:22,927 root DEBUG iutctl.py                 112   send                      : sending frame '\x02\x06\x00\x05\x00\x00\x00\x01\x00\x03'
2016-07-19 14:35:22,927 root DEBUG btp.py                    1218  gatt_command_rsp_succ     : gatt_command_rsp_succ
2016-07-19 14:35:22,927 root DEBUG iutctl.py                 64    read                      : read
2016-07-19 14:35:22,930 root DEBUG btpparser.py              39    dec_hdr                   : dec_hdr, bytearray(b'\x02\x06\x00\x00\x00')
2016-07-19 14:35:22,931 root DEBUG iutctl.py                 78    read                      : Received: hdr: header(svc_id=2, op=6, ctrl_index=0, data_len=0) bytearray(b'\x02\x06\x00\x00\x00')
2016-07-19 14:35:22,931 root DEBUG btpparser.py              49    dec_data                  : dec_data, bytearray(b'')
2016-07-19 14:35:22,931 root DEBUG iutctl.py                 91    read                      : Received data: ('',), bytearray(b'')
2016-07-19 14:35:22,931 root DEBUG btp.py                    1223  gatt_command_rsp_succ     : received header(svc_id=2, op=6, ctrl_index=0, data_len=0) ('',)
2016-07-19 14:35:22,931 root DEBUG testcase.py               201   start                     : Starting test function: ptsprojects.testcase.TestFunc <function gatts_start_server at 0x7f2c4ceed848> None None () {}
2016-07-19 14:35:22,931 root DEBUG testcase.py               209   start                     : Test function parameters: args=(), kwds={}
2016-07-19 14:35:22,931 root DEBUG btp.py                    701   gatts_start_server        : gatts_start_server
2016-07-19 14:35:22,931 root DEBUG iutctl.py                 98    send                      : send, 2 7 0 ''
2016-07-19 14:35:22,931 root DEBUG iutctl.py                 108   send                      : btpclient command: send 2 7 0 
2016-07-19 14:35:22,931 root DEBUG btpparser.py              59    enc_frame                 : enc_frame, 2 7 0 ''
2016-07-19 14:35:22,931 root DEBUG iutctl.py                 112   send                      : sending frame '\x02\x07\x00\x00\x00'
2016-07-19 14:35:22,931 root DEBUG btp.py                    1218  gatt_command_rsp_succ     : gatt_command_rsp_succ
2016-07-19 14:35:22,932 root DEBUG iutctl.py                 64    read                      : read
2016-07-19 14:35:22,935 root DEBUG btpparser.py              39    dec_hdr                   : dec_hdr, bytearray(b'\x02\x07\x00\x03\x00')
2016-07-19 14:35:22,935 root DEBUG iutctl.py                 78    read                      : Received: hdr: header(svc_id=2, op=7, ctrl_index=0, data_len=3) bytearray(b'\x02\x07\x00\x03\x00')
2016-07-19 14:35:22,936 root DEBUG btpparser.py              49    dec_data                  : dec_data, bytearray(b'\x00\x00\x0c')
2016-07-19 14:35:22,936 root DEBUG iutctl.py                 91    read                      : Received data: ('\x00\x00\x0c',), bytearray(b'\x00\x00\x0c')
2016-07-19 14:35:22,936 root DEBUG btp.py                    1223  gatt_command_rsp_succ     : received header(svc_id=2, op=7, ctrl_index=0, data_len=3) ('\x00\x00\x0c',)
2016-07-19 14:35:22,936 root DEBUG testcase.py               201   start                     : Starting test function: ptsprojects.testcase.TestFunc <function gap_set_conn at 0x7f2c4ceed140> None None () {}
2016-07-19 14:35:22,936 root DEBUG testcase.py               209   start                     : Test function parameters: args=(), kwds={}
2016-07-19 14:35:22,936 root DEBUG btp.py                    445   gap_set_conn              : gap_set_conn
2016-07-19 14:35:22,936 root DEBUG iutctl.py                 98    send                      : send, 1 6 0 1
2016-07-19 14:35:22,936 root DEBUG iutctl.py                 108   send                      : btpclient command: send 1 6 0 01
2016-07-19 14:35:22,936 root DEBUG btpparser.py              59    enc_frame                 : enc_frame, 1 6 0 '\x01'
2016-07-19 14:35:22,936 root DEBUG iutctl.py                 112   send                      : sending frame '\x01\x06\x00\x01\x00\x01'
2016-07-19 14:35:22,936 root DEBUG btp.py                    588   gap_command_rsp_succ      : gap_command_rsp_succ
2016-07-19 14:35:22,937 root DEBUG iutctl.py                 64    read                      : read
2016-07-19 14:35:22,939 root DEBUG btpparser.py              39    dec_hdr                   : dec_hdr, bytearray(b'\x01\x06\x00\x04\x00')
2016-07-19 14:35:22,939 root DEBUG iutctl.py                 78    read                      : Received: hdr: header(svc_id=1, op=6, ctrl_index=0, data_len=4) bytearray(b'\x01\x06\x00\x04\x00')
2016-07-19 14:35:22,940 root DEBUG btpparser.py              49    dec_data                  : dec_data, bytearray(b'\x13\x02\x00\x00')
2016-07-19 14:35:22,940 root DEBUG iutctl.py                 91    read                      : Received data: ('\x13\x02\x00\x00',), bytearray(b'\x13\x02\x00\x00')
2016-07-19 14:35:22,940 root DEBUG btp.py                    593   gap_command_rsp_succ      : received header(svc_id=1, op=6, ctrl_index=0, data_len=4) ('\x13\x02\x00\x00',)
2016-07-19 14:35:30,322 ClientCallback.on_implicit_send INFO autoptsclient_common.py   116   on_implicit_send          : ********************
2016-07-19 14:35:30,322 ClientCallback.on_implicit_send INFO autoptsclient_common.py   117   on_implicit_send          : BEGIN OnImplicitSend:
2016-07-19 14:35:30,322 ClientCallback.on_implicit_send INFO autoptsclient_common.py   118   on_implicit_send          : project_name: GAP
2016-07-19 14:35:30,322 ClientCallback.on_implicit_send INFO autoptsclient_common.py   119   on_implicit_send          : wid: 91
2016-07-19 14:35:30,322 ClientCallback.on_implicit_send INFO autoptsclient_common.py   120   on_implicit_send          : test_case_name: TC_SEC_AUT_BV_14_C
2016-07-19 14:35:30,323 ClientCallback.on_implicit_send INFO autoptsclient_common.py   121   on_implicit_send          : description: Please send a connectable undirected advertising report.
2016-07-19 14:35:30,323 ClientCallback.on_implicit_send INFO autoptsclient_common.py   122   on_implicit_send          : style: MMI_Style_Ok_Cancel2 0x11141
2016-07-19 14:35:30,323 ClientCallback.on_implicit_send INFO autoptsclient_common.py   124   on_implicit_send          : response: 3653016 <type 'int'> 42637696
2016-07-19 14:35:30,323 ClientCallback.on_implicit_send INFO autoptsclient_common.py   125   on_implicit_send          : response_size: 2048
2016-07-19 14:35:30,323 ClientCallback.on_implicit_send INFO autoptsclient_common.py   127   on_implicit_send          : response_is_present: 0 <type 'int'>
2016-07-19 14:35:30,324 ClientCallback.on_implicit_send INFO autoptsclient_common.py   131   on_implicit_send          : Calling test cases on_implicit_send
2016-07-19 14:35:30,324 root DEBUG testcase.py               467   on_implicit_send          : GAP TC_SEC_AUT_BV_14_C on_implicit_send
2016-07-19 14:35:30,324 root DEBUG testcase.py               201   start                     : Starting test function: ptsprojects.testcase.TestFunc <function gap_adv_ind_on at 0x7f2c4ced5b90> 91 None () {}
2016-07-19 14:35:30,324 root DEBUG testcase.py               209   start                     : Test function parameters: args=(), kwds={}
2016-07-19 14:35:30,324 root DEBUG btp.py                    268   gap_adv_ind_on            : gap_adv_ind_on None None
2016-07-19 14:35:30,324 root DEBUG iutctl.py                 98    send                      : send, 1 10 0 bytearray(b'\x00\x00')
2016-07-19 14:35:30,324 root DEBUG iutctl.py                 108   send                      : btpclient command: send 1 10 0 0000
2016-07-19 14:35:30,325 root DEBUG btpparser.py              59    enc_frame                 : enc_frame, 1 10 0 bytearray(b'\x00\x00')
2016-07-19 14:35:30,325 root DEBUG iutctl.py                 112   send                      : sending frame '\x01\n\x00\x02\x00\x00\x00'
2016-07-19 14:35:30,325 root DEBUG btp.py                    588   gap_command_rsp_succ      : gap_command_rsp_succ
2016-07-19 14:35:30,325 root DEBUG iutctl.py                 64    read                      : read
2016-07-19 14:35:30,330 root DEBUG btpparser.py              39    dec_hdr                   : dec_hdr, bytearray(b'\x01\n\x00\x04\x00')
2016-07-19 14:35:30,331 root DEBUG iutctl.py                 78    read                      : Received: hdr: header(svc_id=1, op=10, ctrl_index=0, data_len=4) bytearray(b'\x01\n\x00\x04\x00')
2016-07-19 14:35:30,331 root DEBUG btpparser.py              49    dec_data                  : dec_data, bytearray(b'\x13\x06\x00\x00')
2016-07-19 14:35:30,331 root DEBUG iutctl.py                 91    read                      : Received data: ('\x13\x06\x00\x00',), bytearray(b'\x13\x06\x00\x00')
2016-07-19 14:35:30,331 root DEBUG btp.py                    593   gap_command_rsp_succ      : received header(svc_id=1, op=10, ctrl_index=0, data_len=4) ('\x13\x06\x00\x00',)
2016-07-19 14:35:30,331 root DEBUG testcase.py               494   on_implicit_send          : Sending response 'OK'
2016-07-19 14:35:30,331 ClientCallback.on_implicit_send INFO autoptsclient_common.py   143   on_implicit_send          : test case returned on_implicit_send, response: OK
2016-07-19 14:35:30,331 ClientCallback.on_implicit_send INFO autoptsclient_common.py   151   on_implicit_send          : END OnImplicitSend:
2016-07-19 14:35:30,331 ClientCallback.on_implicit_send INFO autoptsclient_common.py   152   on_implicit_send          : ********************
2016-07-19 14:35:30,770 ClientCallback.on_implicit_send INFO autoptsclient_common.py   116   on_implicit_send          : ********************
2016-07-19 14:35:30,770 ClientCallback.on_implicit_send INFO autoptsclient_common.py   117   on_implicit_send          : BEGIN OnImplicitSend:
2016-07-19 14:35:30,770 ClientCallback.on_implicit_send INFO autoptsclient_common.py   118   on_implicit_send          : project_name: GAP
2016-07-19 14:35:30,770 ClientCallback.on_implicit_send INFO autoptsclient_common.py   119   on_implicit_send          : wid: 1002
2016-07-19 14:35:30,770 ClientCallback.on_implicit_send INFO autoptsclient_common.py   120   on_implicit_send          : test_case_name: TC_SEC_AUT_BV_14_C
2016-07-19 14:35:30,771 ClientCallback.on_implicit_send INFO autoptsclient_common.py   121   on_implicit_send          : description: Please enter Secure Id. 
2016-07-19 14:35:30,771 ClientCallback.on_implicit_send INFO autoptsclient_common.py   122   on_implicit_send          : style: MMI_Style_Edit1 0x12040
2016-07-19 14:35:30,771 ClientCallback.on_implicit_send INFO autoptsclient_common.py   124   on_implicit_send          : response: 3653016 <type 'int'> 44588336
2016-07-19 14:35:30,771 ClientCallback.on_implicit_send INFO autoptsclient_common.py   125   on_implicit_send          : response_size: 2048
2016-07-19 14:35:30,771 ClientCallback.on_implicit_send INFO autoptsclient_common.py   127   on_implicit_send          : response_is_present: 0 <type 'int'>
2016-07-19 14:35:30,771 ClientCallback.on_implicit_send INFO autoptsclient_common.py   131   on_implicit_send          : Calling test cases on_implicit_send
2016-07-19 14:35:30,771 root DEBUG testcase.py               467   on_implicit_send          : GAP TC_SEC_AUT_BV_14_C on_implicit_send
2016-07-19 14:35:30,771 root DEBUG testcase.py               428   handle_mmi_style_edit1    : handle_mmi_style_edit1, 1002 edit1_wids={1002: <function var_get_passkey at 0x7f2c4ced5f50>, 139: '0010'}
2016-07-19 14:35:30,772 root DEBUG testcase.py               494   on_implicit_send          : Sending response '270939'
2016-07-19 14:35:30,772 ClientCallback.on_implicit_send INFO autoptsclient_common.py   143   on_implicit_send          : test case returned on_implicit_send, response: 270939
2016-07-19 14:35:30,772 ClientCallback.on_implicit_send INFO autoptsclient_common.py   151   on_implicit_send          : END OnImplicitSend:
2016-07-19 14:35:30,772 ClientCallback.on_implicit_send INFO autoptsclient_common.py   152   on_implicit_send          : ********************
2016-07-19 14:35:31,736 ClientCallback.log INFO autoptsclient_common.py   82    log                       : PTS_LOGTYPE_START_TEST Start Test Case 

+3011 ms
 TC_SEC_AUT_BV_14_C

2016-07-19 14:35:31,736 root DEBUG testcase.py               358   log                       : New status GAP TC_SEC_AUT_BV_14_C - Started
2016-07-19 14:35:33,344 ClientCallback.log INFO autoptsclient_common.py   82    log                       : PTS_LOGTYPE_FINAL_VERDICT Final verdict 

+4088 ms
 : [15] FAIL

2016-07-19 14:35:33,344 root DEBUG testcase.py               358   log                       : New status GAP TC_SEC_AUT_BV_14_C - FAIL
2016-07-19 14:35:33,350 ClientCallback.log INFO autoptsclient_common.py   82    log                       : PTS_LOGTYPE_FINAL_VERDICT Encrypted Verdict 

+4088 ms
 A1#ZWY4MzQ5MDg3MmQwNTIxOGQzMzQ5YjY2ODA5M2MzNjQ5ZDY4NmY0Yjc2MzIzM2VkNTUyNTFhNGU4Mjg1MjI0NA==#9EUQrn+LeOYtjT+SuOaKRsHgehqZ2tvHbiV7/V8413uoPU5dv+GDzG/gkidur6XK

2016-07-19 14:35:33,362 ClientCallback.log INFO autoptsclient_common.py   82    log                       : PTS_LOGTYPE_END_TEST Test Case ended 

+4088 ms
 TC_SEC_AUT_BV_14_C

2016-07-19 14:35:33,459 root DEBUG testcase.py               518   post_run                  : post_run GAP TC_SEC_AUT_BV_14_C 
2016-07-19 14:35:33,459 root DEBUG testcase.py               201   start                     : Starting test function: ptsprojects.testcase.TestFuncCleanUp <bound method ZephyrCtl.stop of <ptsprojects.zephyr.iutctl.ZephyrCtl instance at 0x7f2c4cf043f8>> None None () {}
2016-07-19 14:35:33,459 root DEBUG testcase.py               209   start                     : Test function parameters: args=(), kwds={}
2016-07-19 14:35:33,459 root DEBUG iutctl.py                 207   stop                      : ptsprojects.zephyr.iutctl.ZephyrCtl.stop
2016-07-19 14:35:36,463 root DEBUG autoptsclient_common.py   395   run_test_case             : Done TestCase wrapper GAP TC_SEC_AUT_BV_14_C
