2016-07-19 14:28:58,618 root DEBUG autoptsclient_common.py   349   run_test_case             : Starting TestCase wrapper GAP TC_DISC_GENM_BV_04_C
2016-07-19 14:28:58,619 root DEBUG testcase.py               499   pre_run                   : pre_run GAP TC_DISC_GENM_BV_04_C
2016-07-19 14:28:58,619 root DEBUG testcase.py               502   pre_run                   : About to run test case GAP TC_DISC_GENM_BV_04_C with commands:
2016-07-19 14:28:58,619 root DEBUG testcase.py               504   pre_run                   : 0) ptsprojects.testcase.TestFunc <bound method ZephyrCtl.start of <ptsprojects.zephyr.iutctl.ZephyrCtl instance at 0x7f2c4cf043f8>> None None () {}
2016-07-19 14:28:58,619 root DEBUG testcase.py               504   pre_run                   : 1) ptsprojects.testcase.TestFunc <function core_reg_svc_gap at 0x7f2c4ced5a28> None None () {}
2016-07-19 14:28:58,620 root DEBUG testcase.py               504   pre_run                   : 2) ptsprojects.testcase.TestFunc <function gap_set_conn at 0x7f2c4ceed140> None None () {}
2016-07-19 14:28:58,620 root DEBUG testcase.py               504   pre_run                   : 3) ptsprojects.testcase.TestFunc <function gap_set_gendiscov at 0x7f2c4ceed2a8> None None () {}
2016-07-19 14:28:58,620 root DEBUG testcase.py               504   pre_run                   : 4) ptsprojects.testcase.TestFunc <function gap_adv_ind_on at 0x7f2c4ced5b90> 52 None () {}
2016-07-19 14:28:58,620 root DEBUG testcase.py               504   pre_run                   : 5) ptsprojects.testcase.TestFuncCleanUp <bound method ZephyrCtl.stop of <ptsprojects.zephyr.iutctl.ZephyrCtl instance at 0x7f2c4cf043f8>> None None () {}
2016-07-19 14:28:58,621 root DEBUG testcase.py               201   start                     : Starting test function: ptsprojects.testcase.TestFunc <bound method ZephyrCtl.start of <ptsprojects.zephyr.iutctl.ZephyrCtl instance at 0x7f2c4cf043f8>> None None () {}
2016-07-19 14:28:58,621 root DEBUG testcase.py               209   start                     : Test function parameters: args=(), kwds={}
2016-07-19 14:28:58,621 root DEBUG iutctl.py                 173   start                     : ptsprojects.zephyr.iutctl.ZephyrCtl.start
2016-07-19 14:28:58,622 root DEBUG iutctl.py                 160   reset_board               : About to reset DUT: "/home/skamrmar/bin/zflash/openocd/bin/openocd -s /home/skamrmar/bin/zflash/openocd/share/scripts -f /home/skamrmar/bin/zflash/boards/mountatlas/openocd.cfg -c 'init' -c 'reset run' -c 'shutdown'"
2016-07-19 14:29:00,618 root DEBUG iutctl.py                 184   start                     : Starting socat process: socat -x -v /dev/ttyUSB1,raw,b115200 UNIX-CONNECT:/tmp/bt-stack-tester
2016-07-19 14:29:00,620 root DEBUG iutctl.py                 56    accept                    : accept
2016-07-19 14:29:00,624 root DEBUG testcase.py               201   start                     : Starting test function: ptsprojects.testcase.TestFunc <function core_reg_svc_gap at 0x7f2c4ced5a28> None None () {}
2016-07-19 14:29:00,624 root DEBUG testcase.py               209   start                     : Test function parameters: args=(), kwds={}
2016-07-19 14:29:00,624 root DEBUG btp.py                    226   core_reg_svc_gap          : core_reg_svc_gap
2016-07-19 14:29:00,625 root DEBUG iutctl.py                 98    send                      : send, 0 3 255 1
2016-07-19 14:29:00,625 root DEBUG iutctl.py                 108   send                      : btpclient command: send 0 3 255 01
2016-07-19 14:29:00,625 root DEBUG btpparser.py              59    enc_frame                 : enc_frame, 0 3 255 '\x01'
2016-07-19 14:29:00,625 root DEBUG iutctl.py                 112   send                      : sending frame '\x00\x03\xff\x01\x00\x01'
2016-07-19 14:29:02,162 root DEBUG btp.py                    246   core_reg_svc_rsp_succ     : core_reg_svc_rsp_succ
2016-07-19 14:29:02,162 root DEBUG iutctl.py                 64    read                      : read
2016-07-19 14:29:02,226 root DEBUG btpparser.py              39    dec_hdr                   : dec_hdr, bytearray(b'\x00\x03\xff\x00\x00')
2016-07-19 14:29:02,226 root DEBUG iutctl.py                 78    read                      : Received: hdr: header(svc_id=0, op=3, ctrl_index=255, data_len=0) bytearray(b'\x00\x03\xff\x00\x00')
2016-07-19 14:29:02,226 root DEBUG btpparser.py              49    dec_data                  : dec_data, bytearray(b'')
2016-07-19 14:29:02,226 root DEBUG iutctl.py                 91    read                      : Received data: ('',), bytearray(b'')
2016-07-19 14:29:02,227 root DEBUG btp.py                    257   core_reg_svc_rsp_succ     : received header(svc_id=0, op=3, ctrl_index=255, data_len=0) ('',)
2016-07-19 14:29:02,227 root DEBUG btp.py                    258   core_reg_svc_rsp_succ     : expected ((0, 3, 255, 0), ('',))
2016-07-19 14:29:02,227 root DEBUG btp.py                    264   core_reg_svc_rsp_succ     : response is valid
2016-07-19 14:29:02,227 root DEBUG testcase.py               201   start                     : Starting test function: ptsprojects.testcase.TestFunc <function gap_set_conn at 0x7f2c4ceed140> None None () {}
2016-07-19 14:29:02,227 root DEBUG testcase.py               209   start                     : Test function parameters: args=(), kwds={}
2016-07-19 14:29:02,227 root DEBUG btp.py                    445   gap_set_conn              : gap_set_conn
2016-07-19 14:29:02,227 root DEBUG iutctl.py                 98    send                      : send, 1 6 0 1
2016-07-19 14:29:02,227 root DEBUG iutctl.py                 108   send                      : btpclient command: send 1 6 0 01
2016-07-19 14:29:02,227 root DEBUG btpparser.py              59    enc_frame                 : enc_frame, 1 6 0 '\x01'
2016-07-19 14:29:02,227 root DEBUG iutctl.py                 112   send                      : sending frame '\x01\x06\x00\x01\x00\x01'
2016-07-19 14:29:02,227 root DEBUG btp.py                    588   gap_command_rsp_succ      : gap_command_rsp_succ
2016-07-19 14:29:02,228 root DEBUG iutctl.py                 64    read                      : read
2016-07-19 14:29:02,229 root DEBUG btpparser.py              39    dec_hdr                   : dec_hdr, bytearray(b'\x01\x06\x00\x04\x00')
2016-07-19 14:29:02,230 root DEBUG iutctl.py                 78    read                      : Received: hdr: header(svc_id=1, op=6, ctrl_index=0, data_len=4) bytearray(b'\x01\x06\x00\x04\x00')
2016-07-19 14:29:02,230 root DEBUG btpparser.py              49    dec_data                  : dec_data, bytearray(b'\x13\x02\x00\x00')
2016-07-19 14:29:02,230 root DEBUG iutctl.py                 91    read                      : Received data: ('\x13\x02\x00\x00',), bytearray(b'\x13\x02\x00\x00')
2016-07-19 14:29:02,230 root DEBUG btp.py                    593   gap_command_rsp_succ      : received header(svc_id=1, op=6, ctrl_index=0, data_len=4) ('\x13\x02\x00\x00',)
2016-07-19 14:29:02,230 root DEBUG testcase.py               201   start                     : Starting test function: ptsprojects.testcase.TestFunc <function gap_set_gendiscov at 0x7f2c4ceed2a8> None None () {}
2016-07-19 14:29:02,230 root DEBUG testcase.py               209   start                     : Test function parameters: args=(), kwds={}
2016-07-19 14:29:02,230 root DEBUG btp.py                    475   gap_set_gendiscov         : gap_set_gendiscov
2016-07-19 14:29:02,231 root DEBUG iutctl.py                 98    send                      : send, 1 8 0 1
2016-07-19 14:29:02,231 root DEBUG iutctl.py                 108   send                      : btpclient command: send 1 8 0 01
2016-07-19 14:29:02,231 root DEBUG btpparser.py              59    enc_frame                 : enc_frame, 1 8 0 '\x01'
2016-07-19 14:29:02,231 root DEBUG iutctl.py                 112   send                      : sending frame '\x01\x08\x00\x01\x00\x01'
2016-07-19 14:29:02,231 root DEBUG btp.py                    588   gap_command_rsp_succ      : gap_command_rsp_succ
2016-07-19 14:29:02,231 root DEBUG iutctl.py                 64    read                      : read
2016-07-19 14:29:02,233 root DEBUG btpparser.py              39    dec_hdr                   : dec_hdr, bytearray(b'\x01\x08\x00\x04\x00')
2016-07-19 14:29:02,234 root DEBUG iutctl.py                 78    read                      : Received: hdr: header(svc_id=1, op=8, ctrl_index=0, data_len=4) bytearray(b'\x01\x08\x00\x04\x00')
2016-07-19 14:29:02,234 root DEBUG btpparser.py              49    dec_data                  : dec_data, bytearray(b'\x1b\x02\x00\x00')
2016-07-19 14:29:02,234 root DEBUG iutctl.py                 91    read                      : Received data: ('\x1b\x02\x00\x00',), bytearray(b'\x1b\x02\x00\x00')
2016-07-19 14:29:02,234 root DEBUG btp.py                    593   gap_command_rsp_succ      : received header(svc_id=1, op=8, ctrl_index=0, data_len=4) ('\x1b\x02\x00\x00',)
2016-07-19 14:29:09,962 ClientCallback.on_implicit_send INFO autoptsclient_common.py   116   on_implicit_send          : ********************
2016-07-19 14:29:09,962 ClientCallback.on_implicit_send INFO autoptsclient_common.py   117   on_implicit_send          : BEGIN OnImplicitSend:
2016-07-19 14:29:09,962 ClientCallback.on_implicit_send INFO autoptsclient_common.py   118   on_implicit_send          : project_name: GAP
2016-07-19 14:29:09,963 ClientCallback.on_implicit_send INFO autoptsclient_common.py   119   on_implicit_send          : wid: 53
2016-07-19 14:29:09,963 ClientCallback.on_implicit_send INFO autoptsclient_common.py   120   on_implicit_send          : test_case_name: TC_DISC_GENM_BV_04_C
2016-07-19 14:29:09,963 ClientCallback.on_implicit_send INFO autoptsclient_common.py   121   on_implicit_send          : description: Please prepare IUT into general discoverable mode and send an advertising report. Press OK to continue.
2016-07-19 14:29:09,963 ClientCallback.on_implicit_send INFO autoptsclient_common.py   122   on_implicit_send          : style: MMI_Style_Ok_Cancel1 0x11041
2016-07-19 14:29:09,963 ClientCallback.on_implicit_send INFO autoptsclient_common.py   124   on_implicit_send          : response: 3653144 <type 'int'> 42637336
2016-07-19 14:29:09,963 ClientCallback.on_implicit_send INFO autoptsclient_common.py   125   on_implicit_send          : response_size: 2048
2016-07-19 14:29:09,964 ClientCallback.on_implicit_send INFO autoptsclient_common.py   127   on_implicit_send          : response_is_present: 0 <type 'int'>
2016-07-19 14:29:09,964 ClientCallback.on_implicit_send INFO autoptsclient_common.py   131   on_implicit_send          : Calling test cases on_implicit_send
2016-07-19 14:29:09,964 root DEBUG testcase.py               467   on_implicit_send          : GAP TC_DISC_GENM_BV_04_C on_implicit_send
2016-07-19 14:29:09,964 root DEBUG testcase.py               494   on_implicit_send          : Sending response 'OK'
2016-07-19 14:29:09,964 ClientCallback.on_implicit_send INFO autoptsclient_common.py   143   on_implicit_send          : test case returned on_implicit_send, response: OK
2016-07-19 14:29:09,964 ClientCallback.on_implicit_send INFO autoptsclient_common.py   151   on_implicit_send          : END OnImplicitSend:
2016-07-19 14:29:09,965 ClientCallback.on_implicit_send INFO autoptsclient_common.py   152   on_implicit_send          : ********************
2016-07-19 14:29:09,994 ClientCallback.on_implicit_send INFO autoptsclient_common.py   116   on_implicit_send          : ********************
2016-07-19 14:29:09,994 ClientCallback.on_implicit_send INFO autoptsclient_common.py   117   on_implicit_send          : BEGIN OnImplicitSend:
2016-07-19 14:29:09,994 ClientCallback.on_implicit_send INFO autoptsclient_common.py   118   on_implicit_send          : project_name: GAP
2016-07-19 14:29:09,995 ClientCallback.on_implicit_send INFO autoptsclient_common.py   119   on_implicit_send          : wid: 52
2016-07-19 14:29:09,995 ClientCallback.on_implicit_send INFO autoptsclient_common.py   120   on_implicit_send          : test_case_name: TC_DISC_GENM_BV_04_C
2016-07-19 14:29:09,995 ClientCallback.on_implicit_send INFO autoptsclient_common.py   121   on_implicit_send          : description: Please prepare IUT into general discoverable mode and send an advertising report using connectable undirected advertising.
2016-07-19 14:29:09,995 ClientCallback.on_implicit_send INFO autoptsclient_common.py   122   on_implicit_send          : style: MMI_Style_Ok_Cancel2 0x11141
2016-07-19 14:29:09,996 ClientCallback.on_implicit_send INFO autoptsclient_common.py   124   on_implicit_send          : response: 3653144 <type 'int'> 42637336
2016-07-19 14:29:09,996 ClientCallback.on_implicit_send INFO autoptsclient_common.py   125   on_implicit_send          : response_size: 2048
2016-07-19 14:29:09,996 ClientCallback.on_implicit_send INFO autoptsclient_common.py   127   on_implicit_send          : response_is_present: 0 <type 'int'>
2016-07-19 14:29:09,996 ClientCallback.on_implicit_send INFO autoptsclient_common.py   131   on_implicit_send          : Calling test cases on_implicit_send
2016-07-19 14:29:09,997 root DEBUG testcase.py               467   on_implicit_send          : GAP TC_DISC_GENM_BV_04_C on_implicit_send
2016-07-19 14:29:09,997 root DEBUG testcase.py               201   start                     : Starting test function: ptsprojects.testcase.TestFunc <function gap_adv_ind_on at 0x7f2c4ced5b90> 52 None () {}
2016-07-19 14:29:09,997 root DEBUG testcase.py               209   start                     : Test function parameters: args=(), kwds={}
2016-07-19 14:29:09,997 root DEBUG btp.py                    268   gap_adv_ind_on            : gap_adv_ind_on None None
2016-07-19 14:29:09,998 root DEBUG iutctl.py                 98    send                      : send, 1 10 0 bytearray(b'\x00\x00')
2016-07-19 14:29:09,998 root DEBUG iutctl.py                 108   send                      : btpclient command: send 1 10 0 0000
2016-07-19 14:29:09,998 root DEBUG btpparser.py              59    enc_frame                 : enc_frame, 1 10 0 bytearray(b'\x00\x00')
2016-07-19 14:29:09,998 root DEBUG iutctl.py                 112   send                      : sending frame '\x01\n\x00\x02\x00\x00\x00'
2016-07-19 14:29:09,999 root DEBUG btp.py                    588   gap_command_rsp_succ      : gap_command_rsp_succ
2016-07-19 14:29:09,999 root DEBUG iutctl.py                 64    read                      : read
2016-07-19 14:29:10,003 root DEBUG btpparser.py              39    dec_hdr                   : dec_hdr, bytearray(b'\x01\n\x00\x04\x00')
2016-07-19 14:29:10,005 root DEBUG iutctl.py                 78    read                      : Received: hdr: header(svc_id=1, op=10, ctrl_index=0, data_len=4) bytearray(b'\x01\n\x00\x04\x00')
2016-07-19 14:29:10,005 root DEBUG btpparser.py              49    dec_data                  : dec_data, bytearray(b'\x1b\x06\x00\x00')
2016-07-19 14:29:10,005 root DEBUG iutctl.py                 91    read                      : Received data: ('\x1b\x06\x00\x00',), bytearray(b'\x1b\x06\x00\x00')
2016-07-19 14:29:10,005 root DEBUG btp.py                    593   gap_command_rsp_succ      : received header(svc_id=1, op=10, ctrl_index=0, data_len=4) ('\x1b\x06\x00\x00',)
2016-07-19 14:29:10,006 root DEBUG testcase.py               494   on_implicit_send          : Sending response 'OK'
2016-07-19 14:29:10,006 ClientCallback.on_implicit_send INFO autoptsclient_common.py   143   on_implicit_send          : test case returned on_implicit_send, response: OK
2016-07-19 14:29:10,006 ClientCallback.on_implicit_send INFO autoptsclient_common.py   151   on_implicit_send          : END OnImplicitSend:
2016-07-19 14:29:10,006 ClientCallback.on_implicit_send INFO autoptsclient_common.py   152   on_implicit_send          : ********************
2016-07-19 14:29:11,129 ClientCallback.log INFO autoptsclient_common.py   82    log                       : PTS_LOGTYPE_START_TEST Start Test Case 

+3011 ms
 TC_DISC_GENM_BV_04_C

2016-07-19 14:29:11,130 root DEBUG testcase.py               358   log                       : New status GAP TC_DISC_GENM_BV_04_C - Started
2016-07-19 14:29:12,029 ClientCallback.log INFO autoptsclient_common.py   82    log                       : PTS_LOGTYPE_FINAL_VERDICT Final verdict 

+3807 ms
 : [14] PASS

2016-07-19 14:29:12,029 root DEBUG testcase.py               358   log                       : New status GAP TC_DISC_GENM_BV_04_C - PASS
2016-07-19 14:29:12,035 ClientCallback.log INFO autoptsclient_common.py   82    log                       : PTS_LOGTYPE_FINAL_VERDICT Encrypted Verdict 

+3807 ms
 A1#ZWY4MzQ5MDg3MmQwNTIxOGQzMzQ5YjY2ODA5M2MzNjQ5ZDY4NmY0Yjc2MzIzM2VkNTUyNTFhNGU4Mjg1MjI0NA==#9EUQrn+LeOaE65EPlGIWDs1KcVgOjikbc4N7d11H7n202uzd5MxL6YGSZBbkZeWs

2016-07-19 14:29:12,045 ClientCallback.log INFO autoptsclient_common.py   82    log                       : PTS_LOGTYPE_END_TEST Test Case ended 

+3807 ms
 TC_DISC_GENM_BV_04_C

2016-07-19 14:29:12,147 root DEBUG testcase.py               518   post_run                  : post_run GAP TC_DISC_GENM_BV_04_C 
2016-07-19 14:29:12,147 root DEBUG testcase.py               201   start                     : Starting test function: ptsprojects.testcase.TestFuncCleanUp <bound method ZephyrCtl.stop of <ptsprojects.zephyr.iutctl.ZephyrCtl instance at 0x7f2c4cf043f8>> None None () {}
2016-07-19 14:29:12,147 root DEBUG testcase.py               209   start                     : Test function parameters: args=(), kwds={}
2016-07-19 14:29:12,147 root DEBUG iutctl.py                 207   stop                      : ptsprojects.zephyr.iutctl.ZephyrCtl.stop
2016-07-19 14:29:15,150 root DEBUG autoptsclient_common.py   395   run_test_case             : Done TestCase wrapper GAP TC_DISC_GENM_BV_04_C
