2016-07-19 14:39:44,093 root DEBUG autoptsclient_common.py   349   run_test_case             : Starting TestCase wrapper GAP TC_ADV_BV_15_C
2016-07-19 14:39:44,093 root DEBUG testcase.py               499   pre_run                   : pre_run GAP TC_ADV_BV_15_C
2016-07-19 14:39:44,093 root DEBUG testcase.py               502   pre_run                   : About to run test case GAP TC_ADV_BV_15_C with commands:
2016-07-19 14:39:44,093 root DEBUG testcase.py               504   pre_run                   : 0) ptsprojects.testcase.TestFunc <bound method ZephyrCtl.start of <ptsprojects.zephyr.iutctl.ZephyrCtl instance at 0x7f2c4cf043f8>> None None () {}
2016-07-19 14:39:44,094 root DEBUG testcase.py               504   pre_run                   : 1) ptsprojects.testcase.TestFunc <function core_reg_svc_gap at 0x7f2c4ced5a28> None None () {}
2016-07-19 14:39:44,094 root DEBUG testcase.py               504   pre_run                   : 2) ptsprojects.testcase.TestFunc <function gap_set_conn at 0x7f2c4ceed140> None None () {}
2016-07-19 14:39:44,094 root DEBUG testcase.py               504   pre_run                   : 3) ptsprojects.testcase.TestFunc <function gap_adv_ind_on at 0x7f2c4ced5b90> 155 None (((27, '001122334455'),),) {}
2016-07-19 14:39:44,094 root DEBUG testcase.py               504   pre_run                   : 4) ptsprojects.testcase.TestFuncCleanUp <bound method ZephyrCtl.stop of <ptsprojects.zephyr.iutctl.ZephyrCtl instance at 0x7f2c4cf043f8>> None None () {}
2016-07-19 14:39:44,094 root DEBUG testcase.py               201   start                     : Starting test function: ptsprojects.testcase.TestFunc <bound method ZephyrCtl.start of <ptsprojects.zephyr.iutctl.ZephyrCtl instance at 0x7f2c4cf043f8>> None None () {}
2016-07-19 14:39:44,094 root DEBUG testcase.py               209   start                     : Test function parameters: args=(), kwds={}
2016-07-19 14:39:44,094 root DEBUG iutctl.py                 173   start                     : ptsprojects.zephyr.iutctl.ZephyrCtl.start
2016-07-19 14:39:44,095 root DEBUG iutctl.py                 160   reset_board               : About to reset DUT: "/home/skamrmar/bin/zflash/openocd/bin/openocd -s /home/skamrmar/bin/zflash/openocd/share/scripts -f /home/skamrmar/bin/zflash/boards/mountatlas/openocd.cfg -c 'init' -c 'reset run' -c 'shutdown'"
2016-07-19 14:39:46,105 root DEBUG iutctl.py                 184   start                     : Starting socat process: socat -x -v /dev/ttyUSB1,raw,b115200 UNIX-CONNECT:/tmp/bt-stack-tester
2016-07-19 14:39:46,108 root DEBUG iutctl.py                 56    accept                    : accept
2016-07-19 14:39:46,111 root DEBUG testcase.py               201   start                     : Starting test function: ptsprojects.testcase.TestFunc <function core_reg_svc_gap at 0x7f2c4ced5a28> None None () {}
2016-07-19 14:39:46,111 root DEBUG testcase.py               209   start                     : Test function parameters: args=(), kwds={}
2016-07-19 14:39:46,112 root DEBUG btp.py                    226   core_reg_svc_gap          : core_reg_svc_gap
2016-07-19 14:39:46,112 root DEBUG iutctl.py                 98    send                      : send, 0 3 255 1
2016-07-19 14:39:46,112 root DEBUG iutctl.py                 108   send                      : btpclient command: send 0 3 255 01
2016-07-19 14:39:46,112 root DEBUG btpparser.py              59    enc_frame                 : enc_frame, 0 3 255 '\x01'
2016-07-19 14:39:46,112 root DEBUG iutctl.py                 112   send                      : sending frame '\x00\x03\xff\x01\x00\x01'
2016-07-19 14:39:47,652 root DEBUG btp.py                    246   core_reg_svc_rsp_succ     : core_reg_svc_rsp_succ
2016-07-19 14:39:47,652 root DEBUG iutctl.py                 64    read                      : read
2016-07-19 14:39:47,721 root DEBUG btpparser.py              39    dec_hdr                   : dec_hdr, bytearray(b'\x00\x03\xff\x00\x00')
2016-07-19 14:39:47,723 root DEBUG iutctl.py                 78    read                      : Received: hdr: header(svc_id=0, op=3, ctrl_index=255, data_len=0) bytearray(b'\x00\x03\xff\x00\x00')
2016-07-19 14:39:47,723 root DEBUG btpparser.py              49    dec_data                  : dec_data, bytearray(b'')
2016-07-19 14:39:47,723 root DEBUG iutctl.py                 91    read                      : Received data: ('',), bytearray(b'')
2016-07-19 14:39:47,723 root DEBUG btp.py                    257   core_reg_svc_rsp_succ     : received header(svc_id=0, op=3, ctrl_index=255, data_len=0) ('',)
2016-07-19 14:39:47,723 root DEBUG btp.py                    258   core_reg_svc_rsp_succ     : expected ((0, 3, 255, 0), ('',))
2016-07-19 14:39:47,723 root DEBUG btp.py                    264   core_reg_svc_rsp_succ     : response is valid
2016-07-19 14:39:47,724 root DEBUG testcase.py               201   start                     : Starting test function: ptsprojects.testcase.TestFunc <function gap_set_conn at 0x7f2c4ceed140> None None () {}
2016-07-19 14:39:47,724 root DEBUG testcase.py               209   start                     : Test function parameters: args=(), kwds={}
2016-07-19 14:39:47,724 root DEBUG btp.py                    445   gap_set_conn              : gap_set_conn
2016-07-19 14:39:47,724 root DEBUG iutctl.py                 98    send                      : send, 1 6 0 1
2016-07-19 14:39:47,724 root DEBUG iutctl.py                 108   send                      : btpclient command: send 1 6 0 01
2016-07-19 14:39:47,724 root DEBUG btpparser.py              59    enc_frame                 : enc_frame, 1 6 0 '\x01'
2016-07-19 14:39:47,724 root DEBUG iutctl.py                 112   send                      : sending frame '\x01\x06\x00\x01\x00\x01'
2016-07-19 14:39:47,725 root DEBUG btp.py                    588   gap_command_rsp_succ      : gap_command_rsp_succ
2016-07-19 14:39:47,725 root DEBUG iutctl.py                 64    read                      : read
2016-07-19 14:39:47,727 root DEBUG btpparser.py              39    dec_hdr                   : dec_hdr, bytearray(b'\x01\x06\x00\x04\x00')
2016-07-19 14:39:47,728 root DEBUG iutctl.py                 78    read                      : Received: hdr: header(svc_id=1, op=6, ctrl_index=0, data_len=4) bytearray(b'\x01\x06\x00\x04\x00')
2016-07-19 14:39:47,728 root DEBUG btpparser.py              49    dec_data                  : dec_data, bytearray(b'\x13\x02\x00\x00')
2016-07-19 14:39:47,729 root DEBUG iutctl.py                 91    read                      : Received data: ('\x13\x02\x00\x00',), bytearray(b'\x13\x02\x00\x00')
2016-07-19 14:39:47,729 root DEBUG btp.py                    593   gap_command_rsp_succ      : received header(svc_id=1, op=6, ctrl_index=0, data_len=4) ('\x13\x02\x00\x00',)
2016-07-19 14:39:54,988 ClientCallback.on_implicit_send INFO autoptsclient_common.py   116   on_implicit_send          : ********************
2016-07-19 14:39:54,988 ClientCallback.on_implicit_send INFO autoptsclient_common.py   117   on_implicit_send          : BEGIN OnImplicitSend:
2016-07-19 14:39:54,988 ClientCallback.on_implicit_send INFO autoptsclient_common.py   118   on_implicit_send          : project_name: GAP
2016-07-19 14:39:54,988 ClientCallback.on_implicit_send INFO autoptsclient_common.py   119   on_implicit_send          : wid: 155
2016-07-19 14:39:54,988 ClientCallback.on_implicit_send INFO autoptsclient_common.py   120   on_implicit_send          : test_case_name: TC_ADV_BV_15_C
2016-07-19 14:39:54,988 ClientCallback.on_implicit_send INFO autoptsclient_common.py   121   on_implicit_send          : description: Please prepare IUT to send an advertising report with LE Blutooth Device Address Data.
2016-07-19 14:39:54,988 ClientCallback.on_implicit_send INFO autoptsclient_common.py   122   on_implicit_send          : style: MMI_Style_Ok_Cancel2 0x11141
2016-07-19 14:39:54,988 ClientCallback.on_implicit_send INFO autoptsclient_common.py   124   on_implicit_send          : response: 3653016 <type 'int'> 42637936
2016-07-19 14:39:54,989 ClientCallback.on_implicit_send INFO autoptsclient_common.py   125   on_implicit_send          : response_size: 2048
2016-07-19 14:39:54,989 ClientCallback.on_implicit_send INFO autoptsclient_common.py   127   on_implicit_send          : response_is_present: 0 <type 'int'>
2016-07-19 14:39:54,989 ClientCallback.on_implicit_send INFO autoptsclient_common.py   131   on_implicit_send          : Calling test cases on_implicit_send
2016-07-19 14:39:54,989 root DEBUG testcase.py               467   on_implicit_send          : GAP TC_ADV_BV_15_C on_implicit_send
2016-07-19 14:39:54,989 root DEBUG testcase.py               201   start                     : Starting test function: ptsprojects.testcase.TestFunc <function gap_adv_ind_on at 0x7f2c4ced5b90> 155 None (((27, '001122334455'),),) {}
2016-07-19 14:39:54,989 root DEBUG testcase.py               209   start                     : Test function parameters: args=(((27, '001122334455'),),), kwds={}
2016-07-19 14:39:54,989 root DEBUG btp.py                    268   gap_adv_ind_on            : gap_adv_ind_on ((27, '001122334455'),) None
2016-07-19 14:39:54,990 root DEBUG iutctl.py                 98    send                      : send, 1 10 0 bytearray(b'\x08\x00\x1b\x06\x00\x11"3DU')
2016-07-19 14:39:54,990 root DEBUG iutctl.py                 108   send                      : btpclient command: send 1 10 0 08001b06001122334455
2016-07-19 14:39:54,990 root DEBUG btpparser.py              59    enc_frame                 : enc_frame, 1 10 0 bytearray(b'\x08\x00\x1b\x06\x00\x11"3DU')
2016-07-19 14:39:54,990 root DEBUG iutctl.py                 112   send                      : sending frame '\x01\n\x00\n\x00\x08\x00\x1b\x06\x00\x11"3DU'
2016-07-19 14:39:54,990 root DEBUG btp.py                    588   gap_command_rsp_succ      : gap_command_rsp_succ
2016-07-19 14:39:54,990 root DEBUG iutctl.py                 64    read                      : read
2016-07-19 14:39:54,995 root DEBUG btpparser.py              39    dec_hdr                   : dec_hdr, bytearray(b'\x01\n\x00\x04\x00')
2016-07-19 14:39:54,996 root DEBUG iutctl.py                 78    read                      : Received: hdr: header(svc_id=1, op=10, ctrl_index=0, data_len=4) bytearray(b'\x01\n\x00\x04\x00')
2016-07-19 14:39:54,996 root DEBUG btpparser.py              49    dec_data                  : dec_data, bytearray(b'\x13\x06\x00\x00')
2016-07-19 14:39:54,997 root DEBUG iutctl.py                 91    read                      : Received data: ('\x13\x06\x00\x00',), bytearray(b'\x13\x06\x00\x00')
2016-07-19 14:39:54,997 root DEBUG btp.py                    593   gap_command_rsp_succ      : received header(svc_id=1, op=10, ctrl_index=0, data_len=4) ('\x13\x06\x00\x00',)
2016-07-19 14:39:54,997 root DEBUG testcase.py               494   on_implicit_send          : Sending response 'OK'
2016-07-19 14:39:54,997 ClientCallback.on_implicit_send INFO autoptsclient_common.py   143   on_implicit_send          : test case returned on_implicit_send, response: OK
2016-07-19 14:39:54,997 ClientCallback.on_implicit_send INFO autoptsclient_common.py   151   on_implicit_send          : END OnImplicitSend:
2016-07-19 14:39:54,997 ClientCallback.on_implicit_send INFO autoptsclient_common.py   152   on_implicit_send          : ********************
2016-07-19 14:39:58,122 ClientCallback.log INFO autoptsclient_common.py   82    log                       : PTS_LOGTYPE_START_TEST Start Test Case 

+2995 ms
 TC_ADV_BV_15_C

2016-07-19 14:39:58,122 root DEBUG testcase.py               358   log                       : New status GAP TC_ADV_BV_15_C - Started
2016-07-19 14:39:59,186 ClientCallback.log INFO autoptsclient_common.py   82    log                       : PTS_LOGTYPE_FINAL_VERDICT Final verdict 

+5787 ms
 : [14] PASS

2016-07-19 14:39:59,187 root DEBUG testcase.py               358   log                       : New status GAP TC_ADV_BV_15_C - PASS
2016-07-19 14:39:59,193 ClientCallback.log INFO autoptsclient_common.py   82    log                       : PTS_LOGTYPE_FINAL_VERDICT Encrypted Verdict 

+5787 ms
 A1#ZWY4MzQ5MDg3MmQwNTIxOGQzMzQ5YjY2ODA5M2MzNjQ5ZDY4NmY0Yjc2MzIzM2VkNTUyNTFhNGU4Mjg1MjI0NA==#9EUQrn+LeObUILuPL6G81Aj4m3Dim3eBOWKaC8CdDjH32+9wsJ3DO3+ea4SC+u+n

2016-07-19 14:39:59,205 ClientCallback.log INFO autoptsclient_common.py   82    log                       : PTS_LOGTYPE_END_TEST Test Case ended 

+5787 ms
 TC_ADV_BV_15_C

2016-07-19 14:39:59,240 root DEBUG testcase.py               518   post_run                  : post_run GAP TC_ADV_BV_15_C 
2016-07-19 14:39:59,241 root DEBUG testcase.py               201   start                     : Starting test function: ptsprojects.testcase.TestFuncCleanUp <bound method ZephyrCtl.stop of <ptsprojects.zephyr.iutctl.ZephyrCtl instance at 0x7f2c4cf043f8>> None None () {}
2016-07-19 14:39:59,241 root DEBUG testcase.py               209   start                     : Test function parameters: args=(), kwds={}
2016-07-19 14:39:59,241 root DEBUG iutctl.py                 207   stop                      : ptsprojects.zephyr.iutctl.ZephyrCtl.stop
2016-07-19 14:40:02,244 root DEBUG autoptsclient_common.py   395   run_test_case             : Done TestCase wrapper GAP TC_ADV_BV_15_C
