2016-07-19 14:33:37,628 root DEBUG autoptsclient_common.py   349   run_test_case             : Starting TestCase wrapper GAP TC_CONN_CPUP_BV_03_C
2016-07-19 14:33:37,629 root DEBUG testcase.py               499   pre_run                   : pre_run GAP TC_CONN_CPUP_BV_03_C
2016-07-19 14:33:37,629 root DEBUG testcase.py               502   pre_run                   : About to run test case GAP TC_CONN_CPUP_BV_03_C with commands:
2016-07-19 14:33:37,629 root DEBUG testcase.py               504   pre_run                   : 0) ptsprojects.testcase.TestFunc <bound method ZephyrCtl.start of <ptsprojects.zephyr.iutctl.ZephyrCtl instance at 0x7f2c4cf043f8>> None None () {}
2016-07-19 14:33:37,629 root DEBUG testcase.py               504   pre_run                   : 1) ptsprojects.testcase.TestFunc <function core_reg_svc_gap at 0x7f2c4ced5a28> None None () {}
2016-07-19 14:33:37,629 root DEBUG testcase.py               504   pre_run                   : 2) ptsprojects.testcase.TestFunc <function gap_adv_ind_on at 0x7f2c4ced5b90> None None () {}
2016-07-19 14:33:37,629 root DEBUG testcase.py               504   pre_run                   : 3) ptsprojects.testcase.TestFuncCleanUp <bound method ZephyrCtl.stop of <ptsprojects.zephyr.iutctl.ZephyrCtl instance at 0x7f2c4cf043f8>> None None () {}
2016-07-19 14:33:37,629 root DEBUG testcase.py               201   start                     : Starting test function: ptsprojects.testcase.TestFunc <bound method ZephyrCtl.start of <ptsprojects.zephyr.iutctl.ZephyrCtl instance at 0x7f2c4cf043f8>> None None () {}
2016-07-19 14:33:37,630 root DEBUG testcase.py               209   start                     : Test function parameters: args=(), kwds={}
2016-07-19 14:33:37,630 root DEBUG iutctl.py                 173   start                     : ptsprojects.zephyr.iutctl.ZephyrCtl.start
2016-07-19 14:33:37,630 root DEBUG iutctl.py                 160   reset_board               : About to reset DUT: "/home/skamrmar/bin/zflash/openocd/bin/openocd -s /home/skamrmar/bin/zflash/openocd/share/scripts -f /home/skamrmar/bin/zflash/boards/mountatlas/openocd.cfg -c 'init' -c 'reset run' -c 'shutdown'"
2016-07-19 14:33:39,635 root DEBUG iutctl.py                 184   start                     : Starting socat process: socat -x -v /dev/ttyUSB1,raw,b115200 UNIX-CONNECT:/tmp/bt-stack-tester
2016-07-19 14:33:39,637 root DEBUG iutctl.py                 56    accept                    : accept
2016-07-19 14:33:39,640 root DEBUG testcase.py               201   start                     : Starting test function: ptsprojects.testcase.TestFunc <function core_reg_svc_gap at 0x7f2c4ced5a28> None None () {}
2016-07-19 14:33:39,640 root DEBUG testcase.py               209   start                     : Test function parameters: args=(), kwds={}
2016-07-19 14:33:39,640 root DEBUG btp.py                    226   core_reg_svc_gap          : core_reg_svc_gap
2016-07-19 14:33:39,641 root DEBUG iutctl.py                 98    send                      : send, 0 3 255 1
2016-07-19 14:33:39,641 root DEBUG iutctl.py                 108   send                      : btpclient command: send 0 3 255 01
2016-07-19 14:33:39,641 root DEBUG btpparser.py              59    enc_frame                 : enc_frame, 0 3 255 '\x01'
2016-07-19 14:33:39,641 root DEBUG iutctl.py                 112   send                      : sending frame '\x00\x03\xff\x01\x00\x01'
2016-07-19 14:33:41,182 root DEBUG btp.py                    246   core_reg_svc_rsp_succ     : core_reg_svc_rsp_succ
2016-07-19 14:33:41,183 root DEBUG iutctl.py                 64    read                      : read
2016-07-19 14:33:41,251 root DEBUG btpparser.py              39    dec_hdr                   : dec_hdr, bytearray(b'\x00\x03\xff\x00\x00')
2016-07-19 14:33:41,253 root DEBUG iutctl.py                 78    read                      : Received: hdr: header(svc_id=0, op=3, ctrl_index=255, data_len=0) bytearray(b'\x00\x03\xff\x00\x00')
2016-07-19 14:33:41,253 root DEBUG btpparser.py              49    dec_data                  : dec_data, bytearray(b'')
2016-07-19 14:33:41,253 root DEBUG iutctl.py                 91    read                      : Received data: ('',), bytearray(b'')
2016-07-19 14:33:41,253 root DEBUG btp.py                    257   core_reg_svc_rsp_succ     : received header(svc_id=0, op=3, ctrl_index=255, data_len=0) ('',)
2016-07-19 14:33:41,253 root DEBUG btp.py                    258   core_reg_svc_rsp_succ     : expected ((0, 3, 255, 0), ('',))
2016-07-19 14:33:41,254 root DEBUG btp.py                    264   core_reg_svc_rsp_succ     : response is valid
2016-07-19 14:33:41,254 root DEBUG testcase.py               201   start                     : Starting test function: ptsprojects.testcase.TestFunc <function gap_adv_ind_on at 0x7f2c4ced5b90> None None () {}
2016-07-19 14:33:41,254 root DEBUG testcase.py               209   start                     : Test function parameters: args=(), kwds={}
2016-07-19 14:33:41,254 root DEBUG btp.py                    268   gap_adv_ind_on            : gap_adv_ind_on None None
2016-07-19 14:33:41,254 root DEBUG iutctl.py                 98    send                      : send, 1 10 0 bytearray(b'\x00\x00')
2016-07-19 14:33:41,254 root DEBUG iutctl.py                 108   send                      : btpclient command: send 1 10 0 0000
2016-07-19 14:33:41,254 root DEBUG btpparser.py              59    enc_frame                 : enc_frame, 1 10 0 bytearray(b'\x00\x00')
2016-07-19 14:33:41,255 root DEBUG iutctl.py                 112   send                      : sending frame '\x01\n\x00\x02\x00\x00\x00'
2016-07-19 14:33:41,255 root DEBUG btp.py                    588   gap_command_rsp_succ      : gap_command_rsp_succ
2016-07-19 14:33:41,255 root DEBUG iutctl.py                 64    read                      : read
2016-07-19 14:33:41,259 root DEBUG btpparser.py              39    dec_hdr                   : dec_hdr, bytearray(b'\x01\n\x00\x04\x00')
2016-07-19 14:33:41,260 root DEBUG iutctl.py                 78    read                      : Received: hdr: header(svc_id=1, op=10, ctrl_index=0, data_len=4) bytearray(b'\x01\n\x00\x04\x00')
2016-07-19 14:33:41,260 root DEBUG btpparser.py              49    dec_data                  : dec_data, bytearray(b'\x13\x06\x00\x00')
2016-07-19 14:33:41,261 root DEBUG iutctl.py                 91    read                      : Received data: ('\x13\x06\x00\x00',), bytearray(b'\x13\x06\x00\x00')
2016-07-19 14:33:41,261 root DEBUG btp.py                    593   gap_command_rsp_succ      : received header(svc_id=1, op=10, ctrl_index=0, data_len=4) ('\x13\x06\x00\x00',)
2016-07-19 14:33:48,865 ClientCallback.on_implicit_send INFO autoptsclient_common.py   116   on_implicit_send          : ********************
2016-07-19 14:33:48,865 ClientCallback.on_implicit_send INFO autoptsclient_common.py   117   on_implicit_send          : BEGIN OnImplicitSend:
2016-07-19 14:33:48,865 ClientCallback.on_implicit_send INFO autoptsclient_common.py   118   on_implicit_send          : project_name: GAP
2016-07-19 14:33:48,865 ClientCallback.on_implicit_send INFO autoptsclient_common.py   119   on_implicit_send          : wid: 21
2016-07-19 14:33:48,865 ClientCallback.on_implicit_send INFO autoptsclient_common.py   120   on_implicit_send          : test_case_name: TC_CONN_CPUP_BV_03_C
2016-07-19 14:33:48,866 ClientCallback.on_implicit_send INFO autoptsclient_common.py   121   on_implicit_send          : description: Please send a connectable advertising report.
2016-07-19 14:33:48,866 ClientCallback.on_implicit_send INFO autoptsclient_common.py   122   on_implicit_send          : style: MMI_Style_Ok_Cancel2 0x11141
2016-07-19 14:33:48,866 ClientCallback.on_implicit_send INFO autoptsclient_common.py   124   on_implicit_send          : response: 3653016 <type 'int'> 44588360
2016-07-19 14:33:48,866 ClientCallback.on_implicit_send INFO autoptsclient_common.py   125   on_implicit_send          : response_size: 2048
2016-07-19 14:33:48,866 ClientCallback.on_implicit_send INFO autoptsclient_common.py   127   on_implicit_send          : response_is_present: 0 <type 'int'>
2016-07-19 14:33:48,866 ClientCallback.on_implicit_send INFO autoptsclient_common.py   131   on_implicit_send          : Calling test cases on_implicit_send
2016-07-19 14:33:48,867 root DEBUG testcase.py               467   on_implicit_send          : GAP TC_CONN_CPUP_BV_03_C on_implicit_send
2016-07-19 14:33:48,867 root DEBUG testcase.py               494   on_implicit_send          : Sending response 'OK'
2016-07-19 14:33:48,867 ClientCallback.on_implicit_send INFO autoptsclient_common.py   143   on_implicit_send          : test case returned on_implicit_send, response: OK
2016-07-19 14:33:48,867 ClientCallback.on_implicit_send INFO autoptsclient_common.py   151   on_implicit_send          : END OnImplicitSend:
2016-07-19 14:33:48,867 ClientCallback.on_implicit_send INFO autoptsclient_common.py   152   on_implicit_send          : ********************
2016-07-19 14:33:49,146 ClientCallback.on_implicit_send INFO autoptsclient_common.py   116   on_implicit_send          : ********************
2016-07-19 14:33:49,146 ClientCallback.on_implicit_send INFO autoptsclient_common.py   117   on_implicit_send          : BEGIN OnImplicitSend:
2016-07-19 14:33:49,147 ClientCallback.on_implicit_send INFO autoptsclient_common.py   118   on_implicit_send          : project_name: GAP
2016-07-19 14:33:49,147 ClientCallback.on_implicit_send INFO autoptsclient_common.py   119   on_implicit_send          : wid: 162
2016-07-19 14:33:49,147 ClientCallback.on_implicit_send INFO autoptsclient_common.py   120   on_implicit_send          : test_case_name: TC_CONN_CPUP_BV_03_C
2016-07-19 14:33:49,147 ClientCallback.on_implicit_send INFO autoptsclient_common.py   121   on_implicit_send          : description: Please send an L2CAP Connection Parameter Update request using valid parameters. Lower tester PTS will respond with reject to test IUT handle invalid parameter handling.
2016-07-19 14:33:49,147 ClientCallback.on_implicit_send INFO autoptsclient_common.py   122   on_implicit_send          : style: MMI_Style_Ok_Cancel2 0x11141
2016-07-19 14:33:49,147 ClientCallback.on_implicit_send INFO autoptsclient_common.py   124   on_implicit_send          : response: 3653016 <type 'int'> 44588360
2016-07-19 14:33:49,147 ClientCallback.on_implicit_send INFO autoptsclient_common.py   125   on_implicit_send          : response_size: 2048
2016-07-19 14:33:49,148 ClientCallback.on_implicit_send INFO autoptsclient_common.py   127   on_implicit_send          : response_is_present: 0 <type 'int'>
2016-07-19 14:33:49,148 ClientCallback.on_implicit_send INFO autoptsclient_common.py   131   on_implicit_send          : Calling test cases on_implicit_send
2016-07-19 14:33:49,148 root DEBUG testcase.py               467   on_implicit_send          : GAP TC_CONN_CPUP_BV_03_C on_implicit_send
2016-07-19 14:33:49,148 root DEBUG testcase.py               494   on_implicit_send          : Sending response 'OK'
2016-07-19 14:33:49,148 ClientCallback.on_implicit_send INFO autoptsclient_common.py   143   on_implicit_send          : test case returned on_implicit_send, response: OK
2016-07-19 14:33:49,148 ClientCallback.on_implicit_send INFO autoptsclient_common.py   151   on_implicit_send          : END OnImplicitSend:
2016-07-19 14:33:49,148 ClientCallback.on_implicit_send INFO autoptsclient_common.py   152   on_implicit_send          : ********************
2016-07-19 14:33:52,505 ClientCallback.log INFO autoptsclient_common.py   82    log                       : PTS_LOGTYPE_START_TEST Start Test Case 

+2995 ms
 TC_CONN_CPUP_BV_03_C

2016-07-19 14:33:52,506 root DEBUG testcase.py               358   log                       : New status GAP TC_CONN_CPUP_BV_03_C - Started
2016-07-19 14:33:53,807 ClientCallback.log INFO autoptsclient_common.py   82    log                       : PTS_LOGTYPE_FINAL_VERDICT Final verdict 

+6287 ms
 : [14] PASS

2016-07-19 14:33:53,807 root DEBUG testcase.py               358   log                       : New status GAP TC_CONN_CPUP_BV_03_C - PASS
2016-07-19 14:33:53,813 ClientCallback.log INFO autoptsclient_common.py   82    log                       : PTS_LOGTYPE_FINAL_VERDICT Encrypted Verdict 

+6287 ms
 A1#ZWY4MzQ5MDg3MmQwNTIxOGQzMzQ5YjY2ODA5M2MzNjQ5ZDY4NmY0Yjc2MzIzM2VkNTUyNTFhNGU4Mjg1MjI0NA==#9EUQrn+LeOYoFsdmxEFQi7umVczlOYsu4pj4bs4N72ybPXbxc68V24GSZBbkZeWs

2016-07-19 14:33:53,822 ClientCallback.log INFO autoptsclient_common.py   82    log                       : PTS_LOGTYPE_END_TEST Test Case ended 

+6287 ms
 TC_CONN_CPUP_BV_03_C

2016-07-19 14:33:53,878 root DEBUG testcase.py               518   post_run                  : post_run GAP TC_CONN_CPUP_BV_03_C 
2016-07-19 14:33:53,879 root DEBUG testcase.py               201   start                     : Starting test function: ptsprojects.testcase.TestFuncCleanUp <bound method ZephyrCtl.stop of <ptsprojects.zephyr.iutctl.ZephyrCtl instance at 0x7f2c4cf043f8>> None None () {}
2016-07-19 14:33:53,879 root DEBUG testcase.py               209   start                     : Test function parameters: args=(), kwds={}
2016-07-19 14:33:53,879 root DEBUG iutctl.py                 207   stop                      : ptsprojects.zephyr.iutctl.ZephyrCtl.stop
2016-07-19 14:33:56,882 root DEBUG autoptsclient_common.py   395   run_test_case             : Done TestCase wrapper GAP TC_CONN_CPUP_BV_03_C
