2016-07-19 14:34:40,048 root DEBUG autoptsclient_common.py   349   run_test_case             : Starting TestCase wrapper GAP TC_BOND_BON_BV_03_C
2016-07-19 14:34:40,048 root DEBUG testcase.py               499   pre_run                   : pre_run GAP TC_BOND_BON_BV_03_C
2016-07-19 14:34:40,048 root DEBUG testcase.py               502   pre_run                   : About to run test case GAP TC_BOND_BON_BV_03_C with commands:
2016-07-19 14:34:40,049 root DEBUG testcase.py               504   pre_run                   : 0) ptsprojects.testcase.TestFunc <bound method ZephyrCtl.start of <ptsprojects.zephyr.iutctl.ZephyrCtl instance at 0x7f2c4cf043f8>> None None () {}
2016-07-19 14:34:40,049 root DEBUG testcase.py               504   pre_run                   : 1) ptsprojects.testcase.TestFunc <function gap_set_io_cap at 0x7f2c4ced5e60> None None (3,) {}
2016-07-19 14:34:40,049 root DEBUG testcase.py               504   pre_run                   : 2) ptsprojects.testcase.TestFunc <function core_reg_svc_gap at 0x7f2c4ced5a28> None None () {}
2016-07-19 14:34:40,049 root DEBUG testcase.py               504   pre_run                   : 3) ptsprojects.testcase.TestFunc <function gap_set_conn at 0x7f2c4ceed140> None None () {}
2016-07-19 14:34:40,049 root DEBUG testcase.py               504   pre_run                   : 4) ptsprojects.testcase.TestFunc <function gap_adv_ind_on at 0x7f2c4ced5b90> None None () {}
2016-07-19 14:34:40,049 root DEBUG testcase.py               504   pre_run                   : 5) ptsprojects.testcase.TestFuncCleanUp <bound method ZephyrCtl.stop of <ptsprojects.zephyr.iutctl.ZephyrCtl instance at 0x7f2c4cf043f8>> None None () {}
2016-07-19 14:34:40,050 root DEBUG testcase.py               201   start                     : Starting test function: ptsprojects.testcase.TestFunc <bound method ZephyrCtl.start of <ptsprojects.zephyr.iutctl.ZephyrCtl instance at 0x7f2c4cf043f8>> None None () {}
2016-07-19 14:34:40,050 root DEBUG testcase.py               209   start                     : Test function parameters: args=(), kwds={}
2016-07-19 14:34:40,050 root DEBUG iutctl.py                 173   start                     : ptsprojects.zephyr.iutctl.ZephyrCtl.start
2016-07-19 14:34:40,050 root DEBUG iutctl.py                 160   reset_board               : About to reset DUT: "/home/skamrmar/bin/zflash/openocd/bin/openocd -s /home/skamrmar/bin/zflash/openocd/share/scripts -f /home/skamrmar/bin/zflash/boards/mountatlas/openocd.cfg -c 'init' -c 'reset run' -c 'shutdown'"
2016-07-19 14:34:42,067 root DEBUG iutctl.py                 184   start                     : Starting socat process: socat -x -v /dev/ttyUSB1,raw,b115200 UNIX-CONNECT:/tmp/bt-stack-tester
2016-07-19 14:34:42,069 root DEBUG iutctl.py                 56    accept                    : accept
2016-07-19 14:34:42,072 root DEBUG testcase.py               201   start                     : Starting test function: ptsprojects.testcase.TestFunc <function gap_set_io_cap at 0x7f2c4ced5e60> None None (3,) {}
2016-07-19 14:34:42,072 root DEBUG testcase.py               209   start                     : Test function parameters: args=(3,), kwds={}
2016-07-19 14:34:42,073 root DEBUG btp.py                    380   gap_set_io_cap            : gap_set_io_cap 3
2016-07-19 14:34:42,073 root DEBUG iutctl.py                 98    send                      : send, 1 16 0 '\x03'
2016-07-19 14:34:42,073 root DEBUG iutctl.py                 108   send                      : btpclient command: send 1 16 0 03
2016-07-19 14:34:42,073 root DEBUG btpparser.py              59    enc_frame                 : enc_frame, 1 16 0 '\x03'
2016-07-19 14:34:42,073 root DEBUG iutctl.py                 112   send                      : sending frame '\x01\x10\x00\x01\x00\x03'
2016-07-19 14:34:42,073 root DEBUG btp.py                    588   gap_command_rsp_succ      : gap_command_rsp_succ
2016-07-19 14:34:42,074 root DEBUG iutctl.py                 64    read                      : read
2016-07-19 14:34:42,076 root DEBUG btpparser.py              39    dec_hdr                   : dec_hdr, bytearray(b'\x01\x10\x00\x00\x00')
2016-07-19 14:34:42,077 root DEBUG iutctl.py                 78    read                      : Received: hdr: header(svc_id=1, op=16, ctrl_index=0, data_len=0) bytearray(b'\x01\x10\x00\x00\x00')
2016-07-19 14:34:42,077 root DEBUG btpparser.py              49    dec_data                  : dec_data, bytearray(b'')
2016-07-19 14:34:42,078 root DEBUG iutctl.py                 91    read                      : Received data: ('',), bytearray(b'')
2016-07-19 14:34:42,078 root DEBUG btp.py                    593   gap_command_rsp_succ      : received header(svc_id=1, op=16, ctrl_index=0, data_len=0) ('',)
2016-07-19 14:34:42,078 root DEBUG testcase.py               201   start                     : Starting test function: ptsprojects.testcase.TestFunc <function core_reg_svc_gap at 0x7f2c4ced5a28> None None () {}
2016-07-19 14:34:42,078 root DEBUG testcase.py               209   start                     : Test function parameters: args=(), kwds={}
2016-07-19 14:34:42,078 root DEBUG btp.py                    226   core_reg_svc_gap          : core_reg_svc_gap
2016-07-19 14:34:42,078 root DEBUG iutctl.py                 98    send                      : send, 0 3 255 1
2016-07-19 14:34:42,078 root DEBUG iutctl.py                 108   send                      : btpclient command: send 0 3 255 01
2016-07-19 14:34:42,078 root DEBUG btpparser.py              59    enc_frame                 : enc_frame, 0 3 255 '\x01'
2016-07-19 14:34:42,078 root DEBUG iutctl.py                 112   send                      : sending frame '\x00\x03\xff\x01\x00\x01'
2016-07-19 14:34:43,653 root DEBUG btp.py                    246   core_reg_svc_rsp_succ     : core_reg_svc_rsp_succ
2016-07-19 14:34:43,653 root DEBUG iutctl.py                 64    read                      : read
2016-07-19 14:34:43,718 root DEBUG btpparser.py              39    dec_hdr                   : dec_hdr, bytearray(b'\x00\x03\xff\x00\x00')
2016-07-19 14:34:43,719 root DEBUG iutctl.py                 78    read                      : Received: hdr: header(svc_id=0, op=3, ctrl_index=255, data_len=0) bytearray(b'\x00\x03\xff\x00\x00')
2016-07-19 14:34:43,719 root DEBUG btpparser.py              49    dec_data                  : dec_data, bytearray(b'')
2016-07-19 14:34:43,720 root DEBUG iutctl.py                 91    read                      : Received data: ('',), bytearray(b'')
2016-07-19 14:34:43,720 root DEBUG btp.py                    257   core_reg_svc_rsp_succ     : received header(svc_id=0, op=3, ctrl_index=255, data_len=0) ('',)
2016-07-19 14:34:43,720 root DEBUG btp.py                    258   core_reg_svc_rsp_succ     : expected ((0, 3, 255, 0), ('',))
2016-07-19 14:34:43,720 root DEBUG btp.py                    264   core_reg_svc_rsp_succ     : response is valid
2016-07-19 14:34:43,720 root DEBUG testcase.py               201   start                     : Starting test function: ptsprojects.testcase.TestFunc <function gap_set_conn at 0x7f2c4ceed140> None None () {}
2016-07-19 14:34:43,720 root DEBUG testcase.py               209   start                     : Test function parameters: args=(), kwds={}
2016-07-19 14:34:43,721 root DEBUG btp.py                    445   gap_set_conn              : gap_set_conn
2016-07-19 14:34:43,721 root DEBUG iutctl.py                 98    send                      : send, 1 6 0 1
2016-07-19 14:34:43,721 root DEBUG iutctl.py                 108   send                      : btpclient command: send 1 6 0 01
2016-07-19 14:34:43,721 root DEBUG btpparser.py              59    enc_frame                 : enc_frame, 1 6 0 '\x01'
2016-07-19 14:34:43,721 root DEBUG iutctl.py                 112   send                      : sending frame '\x01\x06\x00\x01\x00\x01'
2016-07-19 14:34:43,722 root DEBUG btp.py                    588   gap_command_rsp_succ      : gap_command_rsp_succ
2016-07-19 14:34:43,722 root DEBUG iutctl.py                 64    read                      : read
2016-07-19 14:34:43,724 root DEBUG btpparser.py              39    dec_hdr                   : dec_hdr, bytearray(b'\x01\x06\x00\x04\x00')
2016-07-19 14:34:43,725 root DEBUG iutctl.py                 78    read                      : Received: hdr: header(svc_id=1, op=6, ctrl_index=0, data_len=4) bytearray(b'\x01\x06\x00\x04\x00')
2016-07-19 14:34:43,725 root DEBUG btpparser.py              49    dec_data                  : dec_data, bytearray(b'\x13\x02\x00\x00')
2016-07-19 14:34:43,725 root DEBUG iutctl.py                 91    read                      : Received data: ('\x13\x02\x00\x00',), bytearray(b'\x13\x02\x00\x00')
2016-07-19 14:34:43,725 root DEBUG btp.py                    593   gap_command_rsp_succ      : received header(svc_id=1, op=6, ctrl_index=0, data_len=4) ('\x13\x02\x00\x00',)
2016-07-19 14:34:43,726 root DEBUG testcase.py               201   start                     : Starting test function: ptsprojects.testcase.TestFunc <function gap_adv_ind_on at 0x7f2c4ced5b90> None None () {}
2016-07-19 14:34:43,726 root DEBUG testcase.py               209   start                     : Test function parameters: args=(), kwds={}
2016-07-19 14:34:43,726 root DEBUG btp.py                    268   gap_adv_ind_on            : gap_adv_ind_on None None
2016-07-19 14:34:43,726 root DEBUG iutctl.py                 98    send                      : send, 1 10 0 bytearray(b'\x00\x00')
2016-07-19 14:34:43,726 root DEBUG iutctl.py                 108   send                      : btpclient command: send 1 10 0 0000
2016-07-19 14:34:43,727 root DEBUG btpparser.py              59    enc_frame                 : enc_frame, 1 10 0 bytearray(b'\x00\x00')
2016-07-19 14:34:43,727 root DEBUG iutctl.py                 112   send                      : sending frame '\x01\n\x00\x02\x00\x00\x00'
2016-07-19 14:34:43,727 root DEBUG btp.py                    588   gap_command_rsp_succ      : gap_command_rsp_succ
2016-07-19 14:34:43,727 root DEBUG iutctl.py                 64    read                      : read
2016-07-19 14:34:43,755 root DEBUG btpparser.py              39    dec_hdr                   : dec_hdr, bytearray(b'\x01\n\x00\x04\x00')
2016-07-19 14:34:43,756 root DEBUG iutctl.py                 78    read                      : Received: hdr: header(svc_id=1, op=10, ctrl_index=0, data_len=4) bytearray(b'\x01\n\x00\x04\x00')
2016-07-19 14:34:43,756 root DEBUG btpparser.py              49    dec_data                  : dec_data, bytearray(b'\x13\x06\x00\x00')
2016-07-19 14:34:43,756 root DEBUG iutctl.py                 91    read                      : Received data: ('\x13\x06\x00\x00',), bytearray(b'\x13\x06\x00\x00')
2016-07-19 14:34:43,756 root DEBUG btp.py                    593   gap_command_rsp_succ      : received header(svc_id=1, op=10, ctrl_index=0, data_len=4) ('\x13\x06\x00\x00',)
2016-07-19 14:34:51,125 ClientCallback.on_implicit_send INFO autoptsclient_common.py   116   on_implicit_send          : ********************
2016-07-19 14:34:51,125 ClientCallback.on_implicit_send INFO autoptsclient_common.py   117   on_implicit_send          : BEGIN OnImplicitSend:
2016-07-19 14:34:51,125 ClientCallback.on_implicit_send INFO autoptsclient_common.py   118   on_implicit_send          : project_name: GAP
2016-07-19 14:34:51,125 ClientCallback.on_implicit_send INFO autoptsclient_common.py   119   on_implicit_send          : wid: 91
2016-07-19 14:34:51,126 ClientCallback.on_implicit_send INFO autoptsclient_common.py   120   on_implicit_send          : test_case_name: TC_BOND_BON_BV_03_C
2016-07-19 14:34:51,126 ClientCallback.on_implicit_send INFO autoptsclient_common.py   121   on_implicit_send          : description: Please send a connectable undirected advertising report.
2016-07-19 14:34:51,126 ClientCallback.on_implicit_send INFO autoptsclient_common.py   122   on_implicit_send          : style: MMI_Style_Ok_Cancel2 0x11141
2016-07-19 14:34:51,126 ClientCallback.on_implicit_send INFO autoptsclient_common.py   124   on_implicit_send          : response: 3653016 <type 'int'> 44588600
2016-07-19 14:34:51,126 ClientCallback.on_implicit_send INFO autoptsclient_common.py   125   on_implicit_send          : response_size: 2048
2016-07-19 14:34:51,126 ClientCallback.on_implicit_send INFO autoptsclient_common.py   127   on_implicit_send          : response_is_present: 0 <type 'int'>
2016-07-19 14:34:51,126 ClientCallback.on_implicit_send INFO autoptsclient_common.py   131   on_implicit_send          : Calling test cases on_implicit_send
2016-07-19 14:34:51,126 root DEBUG testcase.py               467   on_implicit_send          : GAP TC_BOND_BON_BV_03_C on_implicit_send
2016-07-19 14:34:51,127 root DEBUG testcase.py               494   on_implicit_send          : Sending response 'OK'
2016-07-19 14:34:51,127 ClientCallback.on_implicit_send INFO autoptsclient_common.py   143   on_implicit_send          : test case returned on_implicit_send, response: OK
2016-07-19 14:34:51,127 ClientCallback.on_implicit_send INFO autoptsclient_common.py   151   on_implicit_send          : END OnImplicitSend:
2016-07-19 14:34:51,127 ClientCallback.on_implicit_send INFO autoptsclient_common.py   152   on_implicit_send          : ********************
2016-07-19 14:34:52,689 ClientCallback.on_implicit_send INFO autoptsclient_common.py   116   on_implicit_send          : ********************
2016-07-19 14:34:52,689 ClientCallback.on_implicit_send INFO autoptsclient_common.py   117   on_implicit_send          : BEGIN OnImplicitSend:
2016-07-19 14:34:52,689 ClientCallback.on_implicit_send INFO autoptsclient_common.py   118   on_implicit_send          : project_name: GAP
2016-07-19 14:34:52,689 ClientCallback.on_implicit_send INFO autoptsclient_common.py   119   on_implicit_send          : wid: 118
2016-07-19 14:34:52,689 ClientCallback.on_implicit_send INFO autoptsclient_common.py   120   on_implicit_send          : test_case_name: TC_BOND_BON_BV_03_C
2016-07-19 14:34:52,690 ClientCallback.on_implicit_send INFO autoptsclient_common.py   121   on_implicit_send          : description: Please press ok to disconnect the link.
2016-07-19 14:34:52,690 ClientCallback.on_implicit_send INFO autoptsclient_common.py   122   on_implicit_send          : style: MMI_Style_Ok_Cancel1 0x11041
2016-07-19 14:34:52,690 ClientCallback.on_implicit_send INFO autoptsclient_common.py   124   on_implicit_send          : response: 3653016 <type 'int'> 44588600
2016-07-19 14:34:52,690 ClientCallback.on_implicit_send INFO autoptsclient_common.py   125   on_implicit_send          : response_size: 2048
2016-07-19 14:34:52,690 ClientCallback.on_implicit_send INFO autoptsclient_common.py   127   on_implicit_send          : response_is_present: 0 <type 'int'>
2016-07-19 14:34:52,690 ClientCallback.on_implicit_send INFO autoptsclient_common.py   131   on_implicit_send          : Calling test cases on_implicit_send
2016-07-19 14:34:52,690 root DEBUG testcase.py               467   on_implicit_send          : GAP TC_BOND_BON_BV_03_C on_implicit_send
2016-07-19 14:34:52,690 root DEBUG testcase.py               494   on_implicit_send          : Sending response 'OK'
2016-07-19 14:34:52,691 ClientCallback.on_implicit_send INFO autoptsclient_common.py   143   on_implicit_send          : test case returned on_implicit_send, response: OK
2016-07-19 14:34:52,691 ClientCallback.on_implicit_send INFO autoptsclient_common.py   151   on_implicit_send          : END OnImplicitSend:
2016-07-19 14:34:52,691 ClientCallback.on_implicit_send INFO autoptsclient_common.py   152   on_implicit_send          : ********************
2016-07-19 14:34:52,745 ClientCallback.on_implicit_send INFO autoptsclient_common.py   116   on_implicit_send          : ********************
2016-07-19 14:34:52,745 ClientCallback.on_implicit_send INFO autoptsclient_common.py   117   on_implicit_send          : BEGIN OnImplicitSend:
2016-07-19 14:34:52,745 ClientCallback.on_implicit_send INFO autoptsclient_common.py   118   on_implicit_send          : project_name: GAP
2016-07-19 14:34:52,746 ClientCallback.on_implicit_send INFO autoptsclient_common.py   119   on_implicit_send          : wid: 91
2016-07-19 14:34:52,746 ClientCallback.on_implicit_send INFO autoptsclient_common.py   120   on_implicit_send          : test_case_name: TC_BOND_BON_BV_03_C
2016-07-19 14:34:52,746 ClientCallback.on_implicit_send INFO autoptsclient_common.py   121   on_implicit_send          : description: Please send a connectable undirected advertising report.
2016-07-19 14:34:52,746 ClientCallback.on_implicit_send INFO autoptsclient_common.py   122   on_implicit_send          : style: MMI_Style_Ok_Cancel2 0x11141
2016-07-19 14:34:52,746 ClientCallback.on_implicit_send INFO autoptsclient_common.py   124   on_implicit_send          : response: 3653016 <type 'int'> 44588600
2016-07-19 14:34:52,746 ClientCallback.on_implicit_send INFO autoptsclient_common.py   125   on_implicit_send          : response_size: 2048
2016-07-19 14:34:52,746 ClientCallback.on_implicit_send INFO autoptsclient_common.py   127   on_implicit_send          : response_is_present: 0 <type 'int'>
2016-07-19 14:34:52,746 ClientCallback.on_implicit_send INFO autoptsclient_common.py   131   on_implicit_send          : Calling test cases on_implicit_send
2016-07-19 14:34:52,747 root DEBUG testcase.py               467   on_implicit_send          : GAP TC_BOND_BON_BV_03_C on_implicit_send
2016-07-19 14:34:52,747 root DEBUG testcase.py               494   on_implicit_send          : Sending response 'OK'
2016-07-19 14:34:52,747 ClientCallback.on_implicit_send INFO autoptsclient_common.py   143   on_implicit_send          : test case returned on_implicit_send, response: OK
2016-07-19 14:34:52,747 ClientCallback.on_implicit_send INFO autoptsclient_common.py   151   on_implicit_send          : END OnImplicitSend:
2016-07-19 14:34:52,747 ClientCallback.on_implicit_send INFO autoptsclient_common.py   152   on_implicit_send          : ********************
2016-07-19 14:34:53,460 ClientCallback.on_implicit_send INFO autoptsclient_common.py   116   on_implicit_send          : ********************
2016-07-19 14:34:53,460 ClientCallback.on_implicit_send INFO autoptsclient_common.py   117   on_implicit_send          : BEGIN OnImplicitSend:
2016-07-19 14:34:53,460 ClientCallback.on_implicit_send INFO autoptsclient_common.py   118   on_implicit_send          : project_name: GAP
2016-07-19 14:34:53,460 ClientCallback.on_implicit_send INFO autoptsclient_common.py   119   on_implicit_send          : wid: 118
2016-07-19 14:34:53,460 ClientCallback.on_implicit_send INFO autoptsclient_common.py   120   on_implicit_send          : test_case_name: TC_BOND_BON_BV_03_C
2016-07-19 14:34:53,460 ClientCallback.on_implicit_send INFO autoptsclient_common.py   121   on_implicit_send          : description: Please press ok to disconnect the link.
2016-07-19 14:34:53,460 ClientCallback.on_implicit_send INFO autoptsclient_common.py   122   on_implicit_send          : style: MMI_Style_Ok_Cancel1 0x11041
2016-07-19 14:34:53,461 ClientCallback.on_implicit_send INFO autoptsclient_common.py   124   on_implicit_send          : response: 3653016 <type 'int'> 44588600
2016-07-19 14:34:53,461 ClientCallback.on_implicit_send INFO autoptsclient_common.py   125   on_implicit_send          : response_size: 2048
2016-07-19 14:34:53,461 ClientCallback.on_implicit_send INFO autoptsclient_common.py   127   on_implicit_send          : response_is_present: 0 <type 'int'>
2016-07-19 14:34:53,461 ClientCallback.on_implicit_send INFO autoptsclient_common.py   131   on_implicit_send          : Calling test cases on_implicit_send
2016-07-19 14:34:53,461 root DEBUG testcase.py               467   on_implicit_send          : GAP TC_BOND_BON_BV_03_C on_implicit_send
2016-07-19 14:34:53,461 root DEBUG testcase.py               494   on_implicit_send          : Sending response 'OK'
2016-07-19 14:34:53,461 ClientCallback.on_implicit_send INFO autoptsclient_common.py   143   on_implicit_send          : test case returned on_implicit_send, response: OK
2016-07-19 14:34:53,461 ClientCallback.on_implicit_send INFO autoptsclient_common.py   151   on_implicit_send          : END OnImplicitSend:
2016-07-19 14:34:53,461 ClientCallback.on_implicit_send INFO autoptsclient_common.py   152   on_implicit_send          : ********************
2016-07-19 14:34:54,732 ClientCallback.log INFO autoptsclient_common.py   82    log                       : PTS_LOGTYPE_START_TEST Start Test Case 

+2996 ms
 TC_BOND_BON_BV_03_C

2016-07-19 14:34:54,732 root DEBUG testcase.py               358   log                       : New status GAP TC_BOND_BON_BV_03_C - Started
2016-07-19 14:34:57,516 ClientCallback.log INFO autoptsclient_common.py   82    log                       : PTS_LOGTYPE_FINAL_VERDICT Final verdict 

+6272 ms
 : [14] PASS

2016-07-19 14:34:57,516 root DEBUG testcase.py               358   log                       : New status GAP TC_BOND_BON_BV_03_C - PASS
2016-07-19 14:34:57,521 ClientCallback.log INFO autoptsclient_common.py   82    log                       : PTS_LOGTYPE_FINAL_VERDICT Encrypted Verdict 

+6272 ms
 A1#ZWY4MzQ5MDg3MmQwNTIxOGQzMzQ5YjY2ODA5M2MzNjQ5ZDY4NmY0Yjc2MzIzM2VkNTUyNTFhNGU4Mjg1MjI0NA==#9EUQrn+LeOYtjT+SuOaKRpjQiufshgMBbgTcHVABcbn5QIrG9AW7E6CH9TAKjJT2

2016-07-19 14:34:57,531 ClientCallback.log INFO autoptsclient_common.py   82    log                       : PTS_LOGTYPE_END_TEST Test Case ended 

+6272 ms
 TC_BOND_BON_BV_03_C

2016-07-19 14:34:57,576 root DEBUG testcase.py               518   post_run                  : post_run GAP TC_BOND_BON_BV_03_C 
2016-07-19 14:34:57,576 root DEBUG testcase.py               201   start                     : Starting test function: ptsprojects.testcase.TestFuncCleanUp <bound method ZephyrCtl.stop of <ptsprojects.zephyr.iutctl.ZephyrCtl instance at 0x7f2c4cf043f8>> None None () {}
2016-07-19 14:34:57,576 root DEBUG testcase.py               209   start                     : Test function parameters: args=(), kwds={}
2016-07-19 14:34:57,576 root DEBUG iutctl.py                 207   stop                      : ptsprojects.zephyr.iutctl.ZephyrCtl.stop
2016-07-19 14:35:00,579 root DEBUG autoptsclient_common.py   395   run_test_case             : Done TestCase wrapper GAP TC_BOND_BON_BV_03_C
