2016-07-19 14:36:37,299 root DEBUG autoptsclient_common.py   349   run_test_case             : Starting TestCase wrapper GAP TC_ADV_BV_02_C
2016-07-19 14:36:37,299 root DEBUG testcase.py               499   pre_run                   : pre_run GAP TC_ADV_BV_02_C
2016-07-19 14:36:37,300 root DEBUG testcase.py               502   pre_run                   : About to run test case GAP TC_ADV_BV_02_C with commands:
2016-07-19 14:36:37,300 root DEBUG testcase.py               504   pre_run                   : 0) ptsprojects.testcase.TestFunc <bound method ZephyrCtl.start of <ptsprojects.zephyr.iutctl.ZephyrCtl instance at 0x7f2c4cf043f8>> None None () {}
2016-07-19 14:36:37,300 root DEBUG testcase.py               504   pre_run                   : 1) ptsprojects.testcase.TestFunc <function core_reg_svc_gap at 0x7f2c4ced5a28> None None () {}
2016-07-19 14:36:37,300 root DEBUG testcase.py               504   pre_run                   : 2) ptsprojects.testcase.TestFunc <function core_reg_svc_gatts at 0x7f2c4ced5aa0> None None () {}
2016-07-19 14:36:37,300 root DEBUG testcase.py               504   pre_run                   : 3) ptsprojects.testcase.TestFunc <function gatts_add_svc at 0x7f2c4ceed5f0> None None (0, '1800') {}
2016-07-19 14:36:37,301 root DEBUG testcase.py               504   pre_run                   : 4) ptsprojects.testcase.TestFunc <function gatts_add_char at 0x7f2c4ceed6e0> None None (0, 10, 3, '2A00') {}
2016-07-19 14:36:37,301 root DEBUG testcase.py               504   pre_run                   : 5) ptsprojects.testcase.TestFunc <function gatts_set_val at 0x7f2c4ceed758> None None (0, '54657374657220474150') {}
2016-07-19 14:36:37,301 root DEBUG testcase.py               504   pre_run                   : 6) ptsprojects.testcase.TestFunc <function gatts_add_char at 0x7f2c4ceed6e0> None None (0, 10, 3, '2A01') {}
2016-07-19 14:36:37,301 root DEBUG testcase.py               504   pre_run                   : 7) ptsprojects.testcase.TestFunc <function gatts_set_val at 0x7f2c4ceed758> None None (0, '1234') {}
2016-07-19 14:36:37,301 root DEBUG testcase.py               504   pre_run                   : 8) ptsprojects.testcase.TestFunc <function gatts_add_svc at 0x7f2c4ceed5f0> None None (0, 'AA50') {}
2016-07-19 14:36:37,301 root DEBUG testcase.py               504   pre_run                   : 9) ptsprojects.testcase.TestFunc <function gatts_add_char at 0x7f2c4ceed6e0> None None (0, 2, 17, 'AA51') {}
2016-07-19 14:36:37,301 root DEBUG testcase.py               504   pre_run                   : 10) ptsprojects.testcase.TestFunc <function gatts_set_val at 0x7f2c4ceed758> None None (0, '01') {}
2016-07-19 14:36:37,301 root DEBUG testcase.py               504   pre_run                   : 11) ptsprojects.testcase.TestFunc <function gatts_add_char at 0x7f2c4ceed6e0> None None (0, 2, 5, 'AA52') {}
2016-07-19 14:36:37,302 root DEBUG testcase.py               504   pre_run                   : 12) ptsprojects.testcase.TestFunc <function gatts_set_val at 0x7f2c4ceed758> None None (0, '02') {}
2016-07-19 14:36:37,302 root DEBUG testcase.py               504   pre_run                   : 13) ptsprojects.testcase.TestFunc <function gatts_add_char at 0x7f2c4ceed6e0> None None (0, 66, 3, 'AA52') {}
2016-07-19 14:36:37,302 root DEBUG testcase.py               504   pre_run                   : 14) ptsprojects.testcase.TestFunc <function gatts_set_val at 0x7f2c4ceed758> None None (0, '03') {}
2016-07-19 14:36:37,302 root DEBUG testcase.py               504   pre_run                   : 15) ptsprojects.testcase.TestFunc <function gatts_start_server at 0x7f2c4ceed848> None None () {}
2016-07-19 14:36:37,302 root DEBUG testcase.py               504   pre_run                   : 16) ptsprojects.testcase.TestFunc <function gap_set_conn at 0x7f2c4ceed140> None None () {}
2016-07-19 14:36:37,302 root DEBUG testcase.py               504   pre_run                   : 17) ptsprojects.testcase.TestFunc <function gap_adv_ind_on at 0x7f2c4ced5b90> None None ([(2, '1111'), (25, '1111'), (8, '546573746572'), (255, '11111111'), (22, '111111')],) {}
2016-07-19 14:36:37,302 root DEBUG testcase.py               504   pre_run                   : 18) ptsprojects.testcase.TestFuncCleanUp <bound method ZephyrCtl.stop of <ptsprojects.zephyr.iutctl.ZephyrCtl instance at 0x7f2c4cf043f8>> None None () {}
2016-07-19 14:36:37,303 root DEBUG testcase.py               201   start                     : Starting test function: ptsprojects.testcase.TestFunc <bound method ZephyrCtl.start of <ptsprojects.zephyr.iutctl.ZephyrCtl instance at 0x7f2c4cf043f8>> None None () {}
2016-07-19 14:36:37,303 root DEBUG testcase.py               209   start                     : Test function parameters: args=(), kwds={}
2016-07-19 14:36:37,303 root DEBUG iutctl.py                 173   start                     : ptsprojects.zephyr.iutctl.ZephyrCtl.start
2016-07-19 14:36:37,303 root DEBUG iutctl.py                 160   reset_board               : About to reset DUT: "/home/skamrmar/bin/zflash/openocd/bin/openocd -s /home/skamrmar/bin/zflash/openocd/share/scripts -f /home/skamrmar/bin/zflash/boards/mountatlas/openocd.cfg -c 'init' -c 'reset run' -c 'shutdown'"
2016-07-19 14:36:39,319 root DEBUG iutctl.py                 184   start                     : Starting socat process: socat -x -v /dev/ttyUSB1,raw,b115200 UNIX-CONNECT:/tmp/bt-stack-tester
2016-07-19 14:36:39,322 root DEBUG iutctl.py                 56    accept                    : accept
2016-07-19 14:36:39,326 root DEBUG testcase.py               201   start                     : Starting test function: ptsprojects.testcase.TestFunc <function core_reg_svc_gap at 0x7f2c4ced5a28> None None () {}
2016-07-19 14:36:39,326 root DEBUG testcase.py               209   start                     : Test function parameters: args=(), kwds={}
2016-07-19 14:36:39,326 root DEBUG btp.py                    226   core_reg_svc_gap          : core_reg_svc_gap
2016-07-19 14:36:39,326 root DEBUG iutctl.py                 98    send                      : send, 0 3 255 1
2016-07-19 14:36:39,327 root DEBUG iutctl.py                 108   send                      : btpclient command: send 0 3 255 01
2016-07-19 14:36:39,327 root DEBUG btpparser.py              59    enc_frame                 : enc_frame, 0 3 255 '\x01'
2016-07-19 14:36:39,327 root DEBUG iutctl.py                 112   send                      : sending frame '\x00\x03\xff\x01\x00\x01'
2016-07-19 14:36:40,862 root DEBUG btp.py                    246   core_reg_svc_rsp_succ     : core_reg_svc_rsp_succ
2016-07-19 14:36:40,863 root DEBUG iutctl.py                 64    read                      : read
2016-07-19 14:36:40,932 root DEBUG btpparser.py              39    dec_hdr                   : dec_hdr, bytearray(b'\x00\x03\xff\x00\x00')
2016-07-19 14:36:40,933 root DEBUG iutctl.py                 78    read                      : Received: hdr: header(svc_id=0, op=3, ctrl_index=255, data_len=0) bytearray(b'\x00\x03\xff\x00\x00')
2016-07-19 14:36:40,933 root DEBUG btpparser.py              49    dec_data                  : dec_data, bytearray(b'')
2016-07-19 14:36:40,933 root DEBUG iutctl.py                 91    read                      : Received data: ('',), bytearray(b'')
2016-07-19 14:36:40,933 root DEBUG btp.py                    257   core_reg_svc_rsp_succ     : received header(svc_id=0, op=3, ctrl_index=255, data_len=0) ('',)
2016-07-19 14:36:40,933 root DEBUG btp.py                    258   core_reg_svc_rsp_succ     : expected ((0, 3, 255, 0), ('',))
2016-07-19 14:36:40,933 root DEBUG btp.py                    264   core_reg_svc_rsp_succ     : response is valid
2016-07-19 14:36:40,933 root DEBUG testcase.py               201   start                     : Starting test function: ptsprojects.testcase.TestFunc <function core_reg_svc_gatts at 0x7f2c4ced5aa0> None None () {}
2016-07-19 14:36:40,933 root DEBUG testcase.py               209   start                     : Test function parameters: args=(), kwds={}
2016-07-19 14:36:40,934 root DEBUG btp.py                    237   core_reg_svc_gatts        : core_reg_svc_gatts
2016-07-19 14:36:40,934 root DEBUG iutctl.py                 98    send                      : send, 0 3 255 2
2016-07-19 14:36:40,934 root DEBUG iutctl.py                 108   send                      : btpclient command: send 0 3 255 02
2016-07-19 14:36:40,934 root DEBUG btpparser.py              59    enc_frame                 : enc_frame, 0 3 255 '\x02'
2016-07-19 14:36:40,934 root DEBUG iutctl.py                 112   send                      : sending frame '\x00\x03\xff\x01\x00\x02'
2016-07-19 14:36:40,934 root DEBUG btp.py                    246   core_reg_svc_rsp_succ     : core_reg_svc_rsp_succ
2016-07-19 14:36:40,935 root DEBUG iutctl.py                 64    read                      : read
2016-07-19 14:36:40,937 root DEBUG btpparser.py              39    dec_hdr                   : dec_hdr, bytearray(b'\x00\x03\xff\x00\x00')
2016-07-19 14:36:40,938 root DEBUG iutctl.py                 78    read                      : Received: hdr: header(svc_id=0, op=3, ctrl_index=255, data_len=0) bytearray(b'\x00\x03\xff\x00\x00')
2016-07-19 14:36:40,938 root DEBUG btpparser.py              49    dec_data                  : dec_data, bytearray(b'')
2016-07-19 14:36:40,938 root DEBUG iutctl.py                 91    read                      : Received data: ('',), bytearray(b'')
2016-07-19 14:36:40,938 root DEBUG btp.py                    257   core_reg_svc_rsp_succ     : received header(svc_id=0, op=3, ctrl_index=255, data_len=0) ('',)
2016-07-19 14:36:40,939 root DEBUG btp.py                    258   core_reg_svc_rsp_succ     : expected ((0, 3, 255, 0), ('',))
2016-07-19 14:36:40,939 root DEBUG btp.py                    264   core_reg_svc_rsp_succ     : response is valid
2016-07-19 14:36:40,939 root DEBUG testcase.py               201   start                     : Starting test function: ptsprojects.testcase.TestFunc <function gatts_add_svc at 0x7f2c4ceed5f0> None None (0, '1800') {}
2016-07-19 14:36:40,939 root DEBUG testcase.py               209   start                     : Test function parameters: args=(0, '1800'), kwds={}
2016-07-19 14:36:40,939 root DEBUG btp.py                    599   gatts_add_svc             : gatts_add_svc 0 '1800'
2016-07-19 14:36:40,939 root DEBUG iutctl.py                 98    send                      : send, 2 2 0 bytearray(b'\x00\x02\x00\x18')
2016-07-19 14:36:40,940 root DEBUG iutctl.py                 108   send                      : btpclient command: send 2 2 0 00020018
2016-07-19 14:36:40,940 root DEBUG btpparser.py              59    enc_frame                 : enc_frame, 2 2 0 bytearray(b'\x00\x02\x00\x18')
2016-07-19 14:36:40,940 root DEBUG iutctl.py                 112   send                      : sending frame '\x02\x02\x00\x04\x00\x00\x02\x00\x18'
2016-07-19 14:36:40,940 root DEBUG btp.py                    1218  gatt_command_rsp_succ     : gatt_command_rsp_succ
2016-07-19 14:36:40,940 root DEBUG iutctl.py                 64    read                      : read
2016-07-19 14:36:40,943 root DEBUG btpparser.py              39    dec_hdr                   : dec_hdr, bytearray(b'\x02\x02\x00\x02\x00')
2016-07-19 14:36:40,943 root DEBUG iutctl.py                 78    read                      : Received: hdr: header(svc_id=2, op=2, ctrl_index=0, data_len=2) bytearray(b'\x02\x02\x00\x02\x00')
2016-07-19 14:36:40,943 root DEBUG btpparser.py              49    dec_data                  : dec_data, bytearray(b'\x00\x00')
2016-07-19 14:36:40,943 root DEBUG iutctl.py                 91    read                      : Received data: ('\x00\x00',), bytearray(b'\x00\x00')
2016-07-19 14:36:40,944 root DEBUG btp.py                    1223  gatt_command_rsp_succ     : received header(svc_id=2, op=2, ctrl_index=0, data_len=2) ('\x00\x00',)
2016-07-19 14:36:40,944 root DEBUG testcase.py               201   start                     : Starting test function: ptsprojects.testcase.TestFunc <function gatts_add_char at 0x7f2c4ceed6e0> None None (0, 10, 3, '2A00') {}
2016-07-19 14:36:40,944 root DEBUG testcase.py               209   start                     : Test function parameters: args=(0, 10, 3, '2A00'), kwds={}
2016-07-19 14:36:40,944 root DEBUG btp.py                    634   gatts_add_char            : gatts_add_char 0 10 3 '2A00'
2016-07-19 14:36:40,944 root DEBUG iutctl.py                 98    send                      : send, 2 3 0 bytearray(b'\x00\x00\n\x03\x02\x00*')
2016-07-19 14:36:40,944 root DEBUG iutctl.py                 108   send                      : btpclient command: send 2 3 0 00000a0302002a
2016-07-19 14:36:40,944 root DEBUG btpparser.py              59    enc_frame                 : enc_frame, 2 3 0 bytearray(b'\x00\x00\n\x03\x02\x00*')
2016-07-19 14:36:40,944 root DEBUG iutctl.py                 112   send                      : sending frame '\x02\x03\x00\x07\x00\x00\x00\n\x03\x02\x00*'
2016-07-19 14:36:40,944 root DEBUG btp.py                    1218  gatt_command_rsp_succ     : gatt_command_rsp_succ
2016-07-19 14:36:40,945 root DEBUG iutctl.py                 64    read                      : read
2016-07-19 14:36:40,948 root DEBUG btpparser.py              39    dec_hdr                   : dec_hdr, bytearray(b'\x02\x03\x00\x02\x00')
2016-07-19 14:36:40,948 root DEBUG iutctl.py                 78    read                      : Received: hdr: header(svc_id=2, op=3, ctrl_index=0, data_len=2) bytearray(b'\x02\x03\x00\x02\x00')
2016-07-19 14:36:40,948 root DEBUG btpparser.py              49    dec_data                  : dec_data, bytearray(b'\x00\x00')
2016-07-19 14:36:40,949 root DEBUG iutctl.py                 91    read                      : Received data: ('\x00\x00',), bytearray(b'\x00\x00')
2016-07-19 14:36:40,949 root DEBUG btp.py                    1223  gatt_command_rsp_succ     : received header(svc_id=2, op=3, ctrl_index=0, data_len=2) ('\x00\x00',)
2016-07-19 14:36:40,949 root DEBUG testcase.py               201   start                     : Starting test function: ptsprojects.testcase.TestFunc <function gatts_set_val at 0x7f2c4ceed758> None None (0, '54657374657220474150') {}
2016-07-19 14:36:40,949 root DEBUG testcase.py               209   start                     : Test function parameters: args=(0, '54657374657220474150'), kwds={}
2016-07-19 14:36:40,949 root DEBUG btp.py                    657   gatts_set_val             : gatts_set_val 0 '54657374657220474150' 
2016-07-19 14:36:40,949 root DEBUG iutctl.py                 98    send                      : send, 2 6 0 bytearray(b'\x00\x00\n\x00Tester GAP')
2016-07-19 14:36:40,949 root DEBUG iutctl.py                 108   send                      : btpclient command: send 2 6 0 00000a0054657374657220474150
2016-07-19 14:36:40,949 root DEBUG btpparser.py              59    enc_frame                 : enc_frame, 2 6 0 bytearray(b'\x00\x00\n\x00Tester GAP')
2016-07-19 14:36:40,949 root DEBUG iutctl.py                 112   send                      : sending frame '\x02\x06\x00\x0e\x00\x00\x00\n\x00Tester GAP'
2016-07-19 14:36:40,950 root DEBUG btp.py                    1218  gatt_command_rsp_succ     : gatt_command_rsp_succ
2016-07-19 14:36:40,950 root DEBUG iutctl.py                 64    read                      : read
2016-07-19 14:36:40,953 root DEBUG btpparser.py              39    dec_hdr                   : dec_hdr, bytearray(b'\x02\x06\x00\x00\x00')
2016-07-19 14:36:40,953 root DEBUG iutctl.py                 78    read                      : Received: hdr: header(svc_id=2, op=6, ctrl_index=0, data_len=0) bytearray(b'\x02\x06\x00\x00\x00')
2016-07-19 14:36:40,953 root DEBUG btpparser.py              49    dec_data                  : dec_data, bytearray(b'')
2016-07-19 14:36:40,953 root DEBUG iutctl.py                 91    read                      : Received data: ('',), bytearray(b'')
2016-07-19 14:36:40,954 root DEBUG btp.py                    1223  gatt_command_rsp_succ     : received header(svc_id=2, op=6, ctrl_index=0, data_len=0) ('',)
2016-07-19 14:36:40,954 root DEBUG testcase.py               201   start                     : Starting test function: ptsprojects.testcase.TestFunc <function gatts_add_char at 0x7f2c4ceed6e0> None None (0, 10, 3, '2A01') {}
2016-07-19 14:36:40,954 root DEBUG testcase.py               209   start                     : Test function parameters: args=(0, 10, 3, '2A01'), kwds={}
2016-07-19 14:36:40,954 root DEBUG btp.py                    634   gatts_add_char            : gatts_add_char 0 10 3 '2A01'
2016-07-19 14:36:40,954 root DEBUG iutctl.py                 98    send                      : send, 2 3 0 bytearray(b'\x00\x00\n\x03\x02\x01*')
2016-07-19 14:36:40,954 root DEBUG iutctl.py                 108   send                      : btpclient command: send 2 3 0 00000a0302012a
2016-07-19 14:36:40,954 root DEBUG btpparser.py              59    enc_frame                 : enc_frame, 2 3 0 bytearray(b'\x00\x00\n\x03\x02\x01*')
2016-07-19 14:36:40,954 root DEBUG iutctl.py                 112   send                      : sending frame '\x02\x03\x00\x07\x00\x00\x00\n\x03\x02\x01*'
2016-07-19 14:36:40,954 root DEBUG btp.py                    1218  gatt_command_rsp_succ     : gatt_command_rsp_succ
2016-07-19 14:36:40,955 root DEBUG iutctl.py                 64    read                      : read
2016-07-19 14:36:40,958 root DEBUG btpparser.py              39    dec_hdr                   : dec_hdr, bytearray(b'\x02\x03\x00\x02\x00')
2016-07-19 14:36:40,958 root DEBUG iutctl.py                 78    read                      : Received: hdr: header(svc_id=2, op=3, ctrl_index=0, data_len=2) bytearray(b'\x02\x03\x00\x02\x00')
2016-07-19 14:36:40,958 root DEBUG btpparser.py              49    dec_data                  : dec_data, bytearray(b'\x00\x00')
2016-07-19 14:36:40,958 root DEBUG iutctl.py                 91    read                      : Received data: ('\x00\x00',), bytearray(b'\x00\x00')
2016-07-19 14:36:40,958 root DEBUG btp.py                    1223  gatt_command_rsp_succ     : received header(svc_id=2, op=3, ctrl_index=0, data_len=2) ('\x00\x00',)
2016-07-19 14:36:40,959 root DEBUG testcase.py               201   start                     : Starting test function: ptsprojects.testcase.TestFunc <function gatts_set_val at 0x7f2c4ceed758> None None (0, '1234') {}
2016-07-19 14:36:40,959 root DEBUG testcase.py               209   start                     : Test function parameters: args=(0, '1234'), kwds={}
2016-07-19 14:36:40,959 root DEBUG btp.py                    657   gatts_set_val             : gatts_set_val 0 '1234' 
2016-07-19 14:36:40,959 root DEBUG iutctl.py                 98    send                      : send, 2 6 0 bytearray(b'\x00\x00\x02\x00\x124')
2016-07-19 14:36:40,959 root DEBUG iutctl.py                 108   send                      : btpclient command: send 2 6 0 000002001234
2016-07-19 14:36:40,959 root DEBUG btpparser.py              59    enc_frame                 : enc_frame, 2 6 0 bytearray(b'\x00\x00\x02\x00\x124')
2016-07-19 14:36:40,959 root DEBUG iutctl.py                 112   send                      : sending frame '\x02\x06\x00\x06\x00\x00\x00\x02\x00\x124'
2016-07-19 14:36:40,959 root DEBUG btp.py                    1218  gatt_command_rsp_succ     : gatt_command_rsp_succ
2016-07-19 14:36:40,959 root DEBUG iutctl.py                 64    read                      : read
2016-07-19 14:36:40,962 root DEBUG btpparser.py              39    dec_hdr                   : dec_hdr, bytearray(b'\x02\x06\x00\x00\x00')
2016-07-19 14:36:40,962 root DEBUG iutctl.py                 78    read                      : Received: hdr: header(svc_id=2, op=6, ctrl_index=0, data_len=0) bytearray(b'\x02\x06\x00\x00\x00')
2016-07-19 14:36:40,962 root DEBUG btpparser.py              49    dec_data                  : dec_data, bytearray(b'')
2016-07-19 14:36:40,962 root DEBUG iutctl.py                 91    read                      : Received data: ('',), bytearray(b'')
2016-07-19 14:36:40,962 root DEBUG btp.py                    1223  gatt_command_rsp_succ     : received header(svc_id=2, op=6, ctrl_index=0, data_len=0) ('',)
2016-07-19 14:36:40,963 root DEBUG testcase.py               201   start                     : Starting test function: ptsprojects.testcase.TestFunc <function gatts_add_svc at 0x7f2c4ceed5f0> None None (0, 'AA50') {}
2016-07-19 14:36:40,963 root DEBUG testcase.py               209   start                     : Test function parameters: args=(0, 'AA50'), kwds={}
2016-07-19 14:36:40,963 root DEBUG btp.py                    599   gatts_add_svc             : gatts_add_svc 0 'AA50'
2016-07-19 14:36:40,963 root DEBUG iutctl.py                 98    send                      : send, 2 2 0 bytearray(b'\x00\x02P\xaa')
2016-07-19 14:36:40,963 root DEBUG iutctl.py                 108   send                      : btpclient command: send 2 2 0 000250aa
2016-07-19 14:36:40,963 root DEBUG btpparser.py              59    enc_frame                 : enc_frame, 2 2 0 bytearray(b'\x00\x02P\xaa')
2016-07-19 14:36:40,963 root DEBUG iutctl.py                 112   send                      : sending frame '\x02\x02\x00\x04\x00\x00\x02P\xaa'
2016-07-19 14:36:40,963 root DEBUG btp.py                    1218  gatt_command_rsp_succ     : gatt_command_rsp_succ
2016-07-19 14:36:40,963 root DEBUG iutctl.py                 64    read                      : read
2016-07-19 14:36:40,968 root DEBUG btpparser.py              39    dec_hdr                   : dec_hdr, bytearray(b'\x02\x02\x00\x02\x00')
2016-07-19 14:36:40,968 root DEBUG iutctl.py                 78    read                      : Received: hdr: header(svc_id=2, op=2, ctrl_index=0, data_len=2) bytearray(b'\x02\x02\x00\x02\x00')
2016-07-19 14:36:40,968 root DEBUG btpparser.py              49    dec_data                  : dec_data, bytearray(b'\x00\x00')
2016-07-19 14:36:40,968 root DEBUG iutctl.py                 91    read                      : Received data: ('\x00\x00',), bytearray(b'\x00\x00')
2016-07-19 14:36:40,969 root DEBUG btp.py                    1223  gatt_command_rsp_succ     : received header(svc_id=2, op=2, ctrl_index=0, data_len=2) ('\x00\x00',)
2016-07-19 14:36:40,969 root DEBUG testcase.py               201   start                     : Starting test function: ptsprojects.testcase.TestFunc <function gatts_add_char at 0x7f2c4ceed6e0> None None (0, 2, 17, 'AA51') {}
2016-07-19 14:36:40,969 root DEBUG testcase.py               209   start                     : Test function parameters: args=(0, 2, 17, 'AA51'), kwds={}
2016-07-19 14:36:40,969 root DEBUG btp.py                    634   gatts_add_char            : gatts_add_char 0 2 17 'AA51'
2016-07-19 14:36:40,969 root DEBUG iutctl.py                 98    send                      : send, 2 3 0 bytearray(b'\x00\x00\x02\x11\x02Q\xaa')
2016-07-19 14:36:40,969 root DEBUG iutctl.py                 108   send                      : btpclient command: send 2 3 0 000002110251aa
2016-07-19 14:36:40,969 root DEBUG btpparser.py              59    enc_frame                 : enc_frame, 2 3 0 bytearray(b'\x00\x00\x02\x11\x02Q\xaa')
2016-07-19 14:36:40,969 root DEBUG iutctl.py                 112   send                      : sending frame '\x02\x03\x00\x07\x00\x00\x00\x02\x11\x02Q\xaa'
2016-07-19 14:36:40,969 root DEBUG btp.py                    1218  gatt_command_rsp_succ     : gatt_command_rsp_succ
2016-07-19 14:36:40,970 root DEBUG iutctl.py                 64    read                      : read
2016-07-19 14:36:40,973 root DEBUG btpparser.py              39    dec_hdr                   : dec_hdr, bytearray(b'\x02\x03\x00\x02\x00')
2016-07-19 14:36:40,973 root DEBUG iutctl.py                 78    read                      : Received: hdr: header(svc_id=2, op=3, ctrl_index=0, data_len=2) bytearray(b'\x02\x03\x00\x02\x00')
2016-07-19 14:36:40,973 root DEBUG btpparser.py              49    dec_data                  : dec_data, bytearray(b'\x00\x00')
2016-07-19 14:36:40,973 root DEBUG iutctl.py                 91    read                      : Received data: ('\x00\x00',), bytearray(b'\x00\x00')
2016-07-19 14:36:40,973 root DEBUG btp.py                    1223  gatt_command_rsp_succ     : received header(svc_id=2, op=3, ctrl_index=0, data_len=2) ('\x00\x00',)
2016-07-19 14:36:40,974 root DEBUG testcase.py               201   start                     : Starting test function: ptsprojects.testcase.TestFunc <function gatts_set_val at 0x7f2c4ceed758> None None (0, '01') {}
2016-07-19 14:36:40,974 root DEBUG testcase.py               209   start                     : Test function parameters: args=(0, '01'), kwds={}
2016-07-19 14:36:40,974 root DEBUG btp.py                    657   gatts_set_val             : gatts_set_val 0 '01' 
2016-07-19 14:36:40,974 root DEBUG iutctl.py                 98    send                      : send, 2 6 0 bytearray(b'\x00\x00\x01\x00\x01')
2016-07-19 14:36:40,974 root DEBUG iutctl.py                 108   send                      : btpclient command: send 2 6 0 0000010001
2016-07-19 14:36:40,974 root DEBUG btpparser.py              59    enc_frame                 : enc_frame, 2 6 0 bytearray(b'\x00\x00\x01\x00\x01')
2016-07-19 14:36:40,974 root DEBUG iutctl.py                 112   send                      : sending frame '\x02\x06\x00\x05\x00\x00\x00\x01\x00\x01'
2016-07-19 14:36:40,974 root DEBUG btp.py                    1218  gatt_command_rsp_succ     : gatt_command_rsp_succ
2016-07-19 14:36:40,974 root DEBUG iutctl.py                 64    read                      : read
2016-07-19 14:36:40,977 root DEBUG btpparser.py              39    dec_hdr                   : dec_hdr, bytearray(b'\x02\x06\x00\x00\x00')
2016-07-19 14:36:40,977 root DEBUG iutctl.py                 78    read                      : Received: hdr: header(svc_id=2, op=6, ctrl_index=0, data_len=0) bytearray(b'\x02\x06\x00\x00\x00')
2016-07-19 14:36:40,977 root DEBUG btpparser.py              49    dec_data                  : dec_data, bytearray(b'')
2016-07-19 14:36:40,977 root DEBUG iutctl.py                 91    read                      : Received data: ('',), bytearray(b'')
2016-07-19 14:36:40,977 root DEBUG btp.py                    1223  gatt_command_rsp_succ     : received header(svc_id=2, op=6, ctrl_index=0, data_len=0) ('',)
2016-07-19 14:36:40,978 root DEBUG testcase.py               201   start                     : Starting test function: ptsprojects.testcase.TestFunc <function gatts_add_char at 0x7f2c4ceed6e0> None None (0, 2, 5, 'AA52') {}
2016-07-19 14:36:40,978 root DEBUG testcase.py               209   start                     : Test function parameters: args=(0, 2, 5, 'AA52'), kwds={}
2016-07-19 14:36:40,978 root DEBUG btp.py                    634   gatts_add_char            : gatts_add_char 0 2 5 'AA52'
2016-07-19 14:36:40,978 root DEBUG iutctl.py                 98    send                      : send, 2 3 0 bytearray(b'\x00\x00\x02\x05\x02R\xaa')
2016-07-19 14:36:40,978 root DEBUG iutctl.py                 108   send                      : btpclient command: send 2 3 0 000002050252aa
2016-07-19 14:36:40,978 root DEBUG btpparser.py              59    enc_frame                 : enc_frame, 2 3 0 bytearray(b'\x00\x00\x02\x05\x02R\xaa')
2016-07-19 14:36:40,978 root DEBUG iutctl.py                 112   send                      : sending frame '\x02\x03\x00\x07\x00\x00\x00\x02\x05\x02R\xaa'
2016-07-19 14:36:40,978 root DEBUG btp.py                    1218  gatt_command_rsp_succ     : gatt_command_rsp_succ
2016-07-19 14:36:40,978 root DEBUG iutctl.py                 64    read                      : read
2016-07-19 14:36:40,982 root DEBUG btpparser.py              39    dec_hdr                   : dec_hdr, bytearray(b'\x02\x03\x00\x02\x00')
2016-07-19 14:36:40,982 root DEBUG iutctl.py                 78    read                      : Received: hdr: header(svc_id=2, op=3, ctrl_index=0, data_len=2) bytearray(b'\x02\x03\x00\x02\x00')
2016-07-19 14:36:40,983 root DEBUG btpparser.py              49    dec_data                  : dec_data, bytearray(b'\x00\x00')
2016-07-19 14:36:40,983 root DEBUG iutctl.py                 91    read                      : Received data: ('\x00\x00',), bytearray(b'\x00\x00')
2016-07-19 14:36:40,983 root DEBUG btp.py                    1223  gatt_command_rsp_succ     : received header(svc_id=2, op=3, ctrl_index=0, data_len=2) ('\x00\x00',)
2016-07-19 14:36:40,983 root DEBUG testcase.py               201   start                     : Starting test function: ptsprojects.testcase.TestFunc <function gatts_set_val at 0x7f2c4ceed758> None None (0, '02') {}
2016-07-19 14:36:40,983 root DEBUG testcase.py               209   start                     : Test function parameters: args=(0, '02'), kwds={}
2016-07-19 14:36:40,983 root DEBUG btp.py                    657   gatts_set_val             : gatts_set_val 0 '02' 
2016-07-19 14:36:40,983 root DEBUG iutctl.py                 98    send                      : send, 2 6 0 bytearray(b'\x00\x00\x01\x00\x02')
2016-07-19 14:36:40,984 root DEBUG iutctl.py                 108   send                      : btpclient command: send 2 6 0 0000010002
2016-07-19 14:36:40,984 root DEBUG btpparser.py              59    enc_frame                 : enc_frame, 2 6 0 bytearray(b'\x00\x00\x01\x00\x02')
2016-07-19 14:36:40,984 root DEBUG iutctl.py                 112   send                      : sending frame '\x02\x06\x00\x05\x00\x00\x00\x01\x00\x02'
2016-07-19 14:36:40,984 root DEBUG btp.py                    1218  gatt_command_rsp_succ     : gatt_command_rsp_succ
2016-07-19 14:36:40,984 root DEBUG iutctl.py                 64    read                      : read
2016-07-19 14:36:40,987 root DEBUG btpparser.py              39    dec_hdr                   : dec_hdr, bytearray(b'\x02\x06\x00\x00\x00')
2016-07-19 14:36:40,987 root DEBUG iutctl.py                 78    read                      : Received: hdr: header(svc_id=2, op=6, ctrl_index=0, data_len=0) bytearray(b'\x02\x06\x00\x00\x00')
2016-07-19 14:36:40,987 root DEBUG btpparser.py              49    dec_data                  : dec_data, bytearray(b'')
2016-07-19 14:36:40,988 root DEBUG iutctl.py                 91    read                      : Received data: ('',), bytearray(b'')
2016-07-19 14:36:40,988 root DEBUG btp.py                    1223  gatt_command_rsp_succ     : received header(svc_id=2, op=6, ctrl_index=0, data_len=0) ('',)
2016-07-19 14:36:40,988 root DEBUG testcase.py               201   start                     : Starting test function: ptsprojects.testcase.TestFunc <function gatts_add_char at 0x7f2c4ceed6e0> None None (0, 66, 3, 'AA52') {}
2016-07-19 14:36:40,988 root DEBUG testcase.py               209   start                     : Test function parameters: args=(0, 66, 3, 'AA52'), kwds={}
2016-07-19 14:36:40,988 root DEBUG btp.py                    634   gatts_add_char            : gatts_add_char 0 66 3 'AA52'
2016-07-19 14:36:40,988 root DEBUG iutctl.py                 98    send                      : send, 2 3 0 bytearray(b'\x00\x00B\x03\x02R\xaa')
2016-07-19 14:36:40,988 root DEBUG iutctl.py                 108   send                      : btpclient command: send 2 3 0 000042030252aa
2016-07-19 14:36:40,988 root DEBUG btpparser.py              59    enc_frame                 : enc_frame, 2 3 0 bytearray(b'\x00\x00B\x03\x02R\xaa')
2016-07-19 14:36:40,988 root DEBUG iutctl.py                 112   send                      : sending frame '\x02\x03\x00\x07\x00\x00\x00B\x03\x02R\xaa'
2016-07-19 14:36:40,989 root DEBUG btp.py                    1218  gatt_command_rsp_succ     : gatt_command_rsp_succ
2016-07-19 14:36:40,989 root DEBUG iutctl.py                 64    read                      : read
2016-07-19 14:36:40,992 root DEBUG btpparser.py              39    dec_hdr                   : dec_hdr, bytearray(b'\x02\x03\x00\x02\x00')
2016-07-19 14:36:40,992 root DEBUG iutctl.py                 78    read                      : Received: hdr: header(svc_id=2, op=3, ctrl_index=0, data_len=2) bytearray(b'\x02\x03\x00\x02\x00')
2016-07-19 14:36:40,992 root DEBUG btpparser.py              49    dec_data                  : dec_data, bytearray(b'\x00\x00')
2016-07-19 14:36:40,992 root DEBUG iutctl.py                 91    read                      : Received data: ('\x00\x00',), bytearray(b'\x00\x00')
2016-07-19 14:36:40,992 root DEBUG btp.py                    1223  gatt_command_rsp_succ     : received header(svc_id=2, op=3, ctrl_index=0, data_len=2) ('\x00\x00',)
2016-07-19 14:36:40,993 root DEBUG testcase.py               201   start                     : Starting test function: ptsprojects.testcase.TestFunc <function gatts_set_val at 0x7f2c4ceed758> None None (0, '03') {}
2016-07-19 14:36:40,993 root DEBUG testcase.py               209   start                     : Test function parameters: args=(0, '03'), kwds={}
2016-07-19 14:36:40,993 root DEBUG btp.py                    657   gatts_set_val             : gatts_set_val 0 '03' 
2016-07-19 14:36:40,993 root DEBUG iutctl.py                 98    send                      : send, 2 6 0 bytearray(b'\x00\x00\x01\x00\x03')
2016-07-19 14:36:40,993 root DEBUG iutctl.py                 108   send                      : btpclient command: send 2 6 0 0000010003
2016-07-19 14:36:40,993 root DEBUG btpparser.py              59    enc_frame                 : enc_frame, 2 6 0 bytearray(b'\x00\x00\x01\x00\x03')
2016-07-19 14:36:40,993 root DEBUG iutctl.py                 112   send                      : sending frame '\x02\x06\x00\x05\x00\x00\x00\x01\x00\x03'
2016-07-19 14:36:40,993 root DEBUG btp.py                    1218  gatt_command_rsp_succ     : gatt_command_rsp_succ
2016-07-19 14:36:40,993 root DEBUG iutctl.py                 64    read                      : read
2016-07-19 14:36:40,996 root DEBUG btpparser.py              39    dec_hdr                   : dec_hdr, bytearray(b'\x02\x06\x00\x00\x00')
2016-07-19 14:36:40,996 root DEBUG iutctl.py                 78    read                      : Received: hdr: header(svc_id=2, op=6, ctrl_index=0, data_len=0) bytearray(b'\x02\x06\x00\x00\x00')
2016-07-19 14:36:40,996 root DEBUG btpparser.py              49    dec_data                  : dec_data, bytearray(b'')
2016-07-19 14:36:40,997 root DEBUG iutctl.py                 91    read                      : Received data: ('',), bytearray(b'')
2016-07-19 14:36:40,997 root DEBUG btp.py                    1223  gatt_command_rsp_succ     : received header(svc_id=2, op=6, ctrl_index=0, data_len=0) ('',)
2016-07-19 14:36:40,997 root DEBUG testcase.py               201   start                     : Starting test function: ptsprojects.testcase.TestFunc <function gatts_start_server at 0x7f2c4ceed848> None None () {}
2016-07-19 14:36:40,997 root DEBUG testcase.py               209   start                     : Test function parameters: args=(), kwds={}
2016-07-19 14:36:40,997 root DEBUG btp.py                    701   gatts_start_server        : gatts_start_server
2016-07-19 14:36:40,997 root DEBUG iutctl.py                 98    send                      : send, 2 7 0 ''
2016-07-19 14:36:40,997 root DEBUG iutctl.py                 108   send                      : btpclient command: send 2 7 0 
2016-07-19 14:36:40,997 root DEBUG btpparser.py              59    enc_frame                 : enc_frame, 2 7 0 ''
2016-07-19 14:36:40,997 root DEBUG iutctl.py                 112   send                      : sending frame '\x02\x07\x00\x00\x00'
2016-07-19 14:36:40,998 root DEBUG btp.py                    1218  gatt_command_rsp_succ     : gatt_command_rsp_succ
2016-07-19 14:36:40,998 root DEBUG iutctl.py                 64    read                      : read
2016-07-19 14:36:41,002 root DEBUG btpparser.py              39    dec_hdr                   : dec_hdr, bytearray(b'\x02\x07\x00\x03\x00')
2016-07-19 14:36:41,002 root DEBUG iutctl.py                 78    read                      : Received: hdr: header(svc_id=2, op=7, ctrl_index=0, data_len=3) bytearray(b'\x02\x07\x00\x03\x00')
2016-07-19 14:36:41,002 root DEBUG btpparser.py              49    dec_data                  : dec_data, bytearray(b'\x00\x00\x0c')
2016-07-19 14:36:41,002 root DEBUG iutctl.py                 91    read                      : Received data: ('\x00\x00\x0c',), bytearray(b'\x00\x00\x0c')
2016-07-19 14:36:41,002 root DEBUG btp.py                    1223  gatt_command_rsp_succ     : received header(svc_id=2, op=7, ctrl_index=0, data_len=3) ('\x00\x00\x0c',)
2016-07-19 14:36:41,003 root DEBUG testcase.py               201   start                     : Starting test function: ptsprojects.testcase.TestFunc <function gap_set_conn at 0x7f2c4ceed140> None None () {}
2016-07-19 14:36:41,003 root DEBUG testcase.py               209   start                     : Test function parameters: args=(), kwds={}
2016-07-19 14:36:41,003 root DEBUG btp.py                    445   gap_set_conn              : gap_set_conn
2016-07-19 14:36:41,003 root DEBUG iutctl.py                 98    send                      : send, 1 6 0 1
2016-07-19 14:36:41,003 root DEBUG iutctl.py                 108   send                      : btpclient command: send 1 6 0 01
2016-07-19 14:36:41,003 root DEBUG btpparser.py              59    enc_frame                 : enc_frame, 1 6 0 '\x01'
2016-07-19 14:36:41,003 root DEBUG iutctl.py                 112   send                      : sending frame '\x01\x06\x00\x01\x00\x01'
2016-07-19 14:36:41,003 root DEBUG btp.py                    588   gap_command_rsp_succ      : gap_command_rsp_succ
2016-07-19 14:36:41,003 root DEBUG iutctl.py                 64    read                      : read
2016-07-19 14:36:41,006 root DEBUG btpparser.py              39    dec_hdr                   : dec_hdr, bytearray(b'\x01\x06\x00\x04\x00')
2016-07-19 14:36:41,006 root DEBUG iutctl.py                 78    read                      : Received: hdr: header(svc_id=1, op=6, ctrl_index=0, data_len=4) bytearray(b'\x01\x06\x00\x04\x00')
2016-07-19 14:36:41,006 root DEBUG btpparser.py              49    dec_data                  : dec_data, bytearray(b'\x13\x02\x00\x00')
2016-07-19 14:36:41,006 root DEBUG iutctl.py                 91    read                      : Received data: ('\x13\x02\x00\x00',), bytearray(b'\x13\x02\x00\x00')
2016-07-19 14:36:41,007 root DEBUG btp.py                    593   gap_command_rsp_succ      : received header(svc_id=1, op=6, ctrl_index=0, data_len=4) ('\x13\x02\x00\x00',)
2016-07-19 14:36:41,007 root DEBUG testcase.py               201   start                     : Starting test function: ptsprojects.testcase.TestFunc <function gap_adv_ind_on at 0x7f2c4ced5b90> None None ([(2, '1111'), (25, '1111'), (8, '546573746572'), (255, '11111111'), (22, '111111')],) {}
2016-07-19 14:36:41,007 root DEBUG testcase.py               209   start                     : Test function parameters: args=([(2, '1111'), (25, '1111'), (8, '546573746572'), (255, '11111111'), (22, '111111')],), kwds={}
2016-07-19 14:36:41,007 root DEBUG btp.py                    268   gap_adv_ind_on            : gap_adv_ind_on [(2, '1111'), (25, '1111'), (8, '546573746572'), (255, '11111111'), (22, '111111')] None
2016-07-19 14:36:41,007 root DEBUG iutctl.py                 98    send                      : send, 1 10 0 bytearray(b'\x1b\x00\x02\x02\x11\x11\x19\x02\x11\x11\x08\x06Tester\xff\x04\x11\x11\x11\x11\x16\x03\x11\x11\x11')
2016-07-19 14:36:41,007 root DEBUG iutctl.py                 108   send                      : btpclient command: send 1 10 0 1b0002021111190211110806546573746572ff04111111111603111111
2016-07-19 14:36:41,007 root DEBUG btpparser.py              59    enc_frame                 : enc_frame, 1 10 0 bytearray(b'\x1b\x00\x02\x02\x11\x11\x19\x02\x11\x11\x08\x06Tester\xff\x04\x11\x11\x11\x11\x16\x03\x11\x11\x11')
2016-07-19 14:36:41,007 root DEBUG iutctl.py                 112   send                      : sending frame '\x01\n\x00\x1d\x00\x1b\x00\x02\x02\x11\x11\x19\x02\x11\x11\x08\x06Tester\xff\x04\x11\x11\x11\x11\x16\x03\x11\x11\x11'
2016-07-19 14:36:41,008 root DEBUG btp.py                    588   gap_command_rsp_succ      : gap_command_rsp_succ
2016-07-19 14:36:41,008 root DEBUG iutctl.py                 64    read                      : read
2016-07-19 14:36:41,015 root DEBUG btpparser.py              39    dec_hdr                   : dec_hdr, bytearray(b'\x01\n\x00\x04\x00')
2016-07-19 14:36:41,015 root DEBUG iutctl.py                 78    read                      : Received: hdr: header(svc_id=1, op=10, ctrl_index=0, data_len=4) bytearray(b'\x01\n\x00\x04\x00')
2016-07-19 14:36:41,016 root DEBUG btpparser.py              49    dec_data                  : dec_data, bytearray(b'\x13\x06\x00\x00')
2016-07-19 14:36:41,016 root DEBUG iutctl.py                 91    read                      : Received data: ('\x13\x06\x00\x00',), bytearray(b'\x13\x06\x00\x00')
2016-07-19 14:36:41,016 root DEBUG btp.py                    593   gap_command_rsp_succ      : received header(svc_id=1, op=10, ctrl_index=0, data_len=4) ('\x13\x06\x00\x00',)
2016-07-19 14:36:48,657 ClientCallback.on_implicit_send INFO autoptsclient_common.py   116   on_implicit_send          : ********************
2016-07-19 14:36:48,657 ClientCallback.on_implicit_send INFO autoptsclient_common.py   117   on_implicit_send          : BEGIN OnImplicitSend:
2016-07-19 14:36:48,657 ClientCallback.on_implicit_send INFO autoptsclient_common.py   118   on_implicit_send          : project_name: GAP
2016-07-19 14:36:48,657 ClientCallback.on_implicit_send INFO autoptsclient_common.py   119   on_implicit_send          : wid: 24
2016-07-19 14:36:48,658 ClientCallback.on_implicit_send INFO autoptsclient_common.py   120   on_implicit_send          : test_case_name: TC_ADV_BV_02_C
2016-07-19 14:36:48,658 ClientCallback.on_implicit_send INFO autoptsclient_common.py   121   on_implicit_send          : description: Please prepare IUT to send an advertising report with Local Name.
2016-07-19 14:36:48,658 ClientCallback.on_implicit_send INFO autoptsclient_common.py   122   on_implicit_send          : style: MMI_Style_Ok_Cancel2 0x11141
2016-07-19 14:36:48,658 ClientCallback.on_implicit_send INFO autoptsclient_common.py   124   on_implicit_send          : response: 3653016 <type 'int'> 44588768
2016-07-19 14:36:48,658 ClientCallback.on_implicit_send INFO autoptsclient_common.py   125   on_implicit_send          : response_size: 2048
2016-07-19 14:36:48,658 ClientCallback.on_implicit_send INFO autoptsclient_common.py   127   on_implicit_send          : response_is_present: 0 <type 'int'>
2016-07-19 14:36:48,658 ClientCallback.on_implicit_send INFO autoptsclient_common.py   131   on_implicit_send          : Calling test cases on_implicit_send
2016-07-19 14:36:48,658 root DEBUG testcase.py               467   on_implicit_send          : GAP TC_ADV_BV_02_C on_implicit_send
2016-07-19 14:36:48,659 root DEBUG testcase.py               494   on_implicit_send          : Sending response 'OK'
2016-07-19 14:36:48,659 ClientCallback.on_implicit_send INFO autoptsclient_common.py   143   on_implicit_send          : test case returned on_implicit_send, response: OK
2016-07-19 14:36:48,659 ClientCallback.on_implicit_send INFO autoptsclient_common.py   151   on_implicit_send          : END OnImplicitSend:
2016-07-19 14:36:48,659 ClientCallback.on_implicit_send INFO autoptsclient_common.py   152   on_implicit_send          : ********************
2016-07-19 14:36:49,894 ClientCallback.log INFO autoptsclient_common.py   82    log                       : PTS_LOGTYPE_START_TEST Start Test Case 

+3010 ms
 TC_ADV_BV_02_C

2016-07-19 14:36:49,895 root DEBUG testcase.py               358   log                       : New status GAP TC_ADV_BV_02_C - Started
2016-07-19 14:36:50,876 ClientCallback.log INFO autoptsclient_common.py   82    log                       : PTS_LOGTYPE_FINAL_VERDICT Final verdict 

+3884 ms
 : [14] PASS

2016-07-19 14:36:50,876 root DEBUG testcase.py               358   log                       : New status GAP TC_ADV_BV_02_C - PASS
2016-07-19 14:36:50,883 ClientCallback.log INFO autoptsclient_common.py   82    log                       : PTS_LOGTYPE_FINAL_VERDICT Encrypted Verdict 

+3884 ms
 A1#ZWY4MzQ5MDg3MmQwNTIxOGQzMzQ5YjY2ODA5M2MzNjQ5ZDY4NmY0Yjc2MzIzM2VkNTUyNTFhNGU4Mjg1MjI0NA==#9EUQrn+LeOZtLBOssEmakulxyLno1qn1FM5+/U4YqFIwpf21MRm7Yw==

2016-07-19 14:36:50,894 ClientCallback.log INFO autoptsclient_common.py   82    log                       : PTS_LOGTYPE_END_TEST Test Case ended 

+3884 ms
 TC_ADV_BV_02_C

2016-07-19 14:36:50,937 root DEBUG testcase.py               518   post_run                  : post_run GAP TC_ADV_BV_02_C 
2016-07-19 14:36:50,937 root DEBUG testcase.py               201   start                     : Starting test function: ptsprojects.testcase.TestFuncCleanUp <bound method ZephyrCtl.stop of <ptsprojects.zephyr.iutctl.ZephyrCtl instance at 0x7f2c4cf043f8>> None None () {}
2016-07-19 14:36:50,937 root DEBUG testcase.py               209   start                     : Test function parameters: args=(), kwds={}
2016-07-19 14:36:50,937 root DEBUG iutctl.py                 207   stop                      : ptsprojects.zephyr.iutctl.ZephyrCtl.stop
2016-07-19 14:36:53,940 root DEBUG autoptsclient_common.py   395   run_test_case             : Done TestCase wrapper GAP TC_ADV_BV_02_C
