2016-07-19 14:26:59,601 root DEBUG autoptsclient_common.py   349   run_test_case             : Starting TestCase wrapper GAP TC_DISC_LIMM_BV_03_C
2016-07-19 14:26:59,602 root DEBUG testcase.py               499   pre_run                   : pre_run GAP TC_DISC_LIMM_BV_03_C
2016-07-19 14:26:59,602 root DEBUG testcase.py               502   pre_run                   : About to run test case GAP TC_DISC_LIMM_BV_03_C with commands:
2016-07-19 14:26:59,602 root DEBUG testcase.py               504   pre_run                   : 0) ptsprojects.testcase.TestFunc <bound method ZephyrCtl.start of <ptsprojects.zephyr.iutctl.ZephyrCtl instance at 0x7f2c4cf043f8>> None None () {}
2016-07-19 14:26:59,602 root DEBUG testcase.py               504   pre_run                   : 1) ptsprojects.testcase.TestFunc <function core_reg_svc_gap at 0x7f2c4ced5a28> None None () {}
2016-07-19 14:26:59,602 root DEBUG testcase.py               504   pre_run                   : 2) ptsprojects.testcase.TestFunc <function gap_set_nonconn at 0x7f2c4ceed1b8> None None () {}
2016-07-19 14:26:59,602 root DEBUG testcase.py               504   pre_run                   : 3) ptsprojects.testcase.TestFunc <function gap_set_limdiscov at 0x7f2c4ceed320> None None () {}
2016-07-19 14:26:59,603 root DEBUG testcase.py               504   pre_run                   : 4) ptsprojects.testcase.TestFunc <function gap_adv_ind_on at 0x7f2c4ced5b90> 59 None () {}
2016-07-19 14:26:59,603 root DEBUG testcase.py               504   pre_run                   : 5) ptsprojects.testcase.TestFuncCleanUp <bound method ZephyrCtl.stop of <ptsprojects.zephyr.iutctl.ZephyrCtl instance at 0x7f2c4cf043f8>> None None () {}
2016-07-19 14:26:59,603 root DEBUG testcase.py               201   start                     : Starting test function: ptsprojects.testcase.TestFunc <bound method ZephyrCtl.start of <ptsprojects.zephyr.iutctl.ZephyrCtl instance at 0x7f2c4cf043f8>> None None () {}
2016-07-19 14:26:59,603 root DEBUG testcase.py               209   start                     : Test function parameters: args=(), kwds={}
2016-07-19 14:26:59,603 root DEBUG iutctl.py                 173   start                     : ptsprojects.zephyr.iutctl.ZephyrCtl.start
2016-07-19 14:26:59,604 root DEBUG iutctl.py                 160   reset_board               : About to reset DUT: "/home/skamrmar/bin/zflash/openocd/bin/openocd -s /home/skamrmar/bin/zflash/openocd/share/scripts -f /home/skamrmar/bin/zflash/boards/mountatlas/openocd.cfg -c 'init' -c 'reset run' -c 'shutdown'"
2016-07-19 14:27:01,613 root DEBUG iutctl.py                 184   start                     : Starting socat process: socat -x -v /dev/ttyUSB1,raw,b115200 UNIX-CONNECT:/tmp/bt-stack-tester
2016-07-19 14:27:01,616 root DEBUG iutctl.py                 56    accept                    : accept
2016-07-19 14:27:01,619 root DEBUG testcase.py               201   start                     : Starting test function: ptsprojects.testcase.TestFunc <function core_reg_svc_gap at 0x7f2c4ced5a28> None None () {}
2016-07-19 14:27:01,619 root DEBUG testcase.py               209   start                     : Test function parameters: args=(), kwds={}
2016-07-19 14:27:01,620 root DEBUG btp.py                    226   core_reg_svc_gap          : core_reg_svc_gap
2016-07-19 14:27:01,620 root DEBUG iutctl.py                 98    send                      : send, 0 3 255 1
2016-07-19 14:27:01,620 root DEBUG iutctl.py                 108   send                      : btpclient command: send 0 3 255 01
2016-07-19 14:27:01,620 root DEBUG btpparser.py              59    enc_frame                 : enc_frame, 0 3 255 '\x01'
2016-07-19 14:27:01,620 root DEBUG iutctl.py                 112   send                      : sending frame '\x00\x03\xff\x01\x00\x01'
2016-07-19 14:27:03,163 root DEBUG btp.py                    246   core_reg_svc_rsp_succ     : core_reg_svc_rsp_succ
2016-07-19 14:27:03,164 root DEBUG iutctl.py                 64    read                      : read
2016-07-19 14:27:03,233 root DEBUG btpparser.py              39    dec_hdr                   : dec_hdr, bytearray(b'\x00\x03\xff\x00\x00')
2016-07-19 14:27:03,234 root DEBUG iutctl.py                 78    read                      : Received: hdr: header(svc_id=0, op=3, ctrl_index=255, data_len=0) bytearray(b'\x00\x03\xff\x00\x00')
2016-07-19 14:27:03,234 root DEBUG btpparser.py              49    dec_data                  : dec_data, bytearray(b'')
2016-07-19 14:27:03,234 root DEBUG iutctl.py                 91    read                      : Received data: ('',), bytearray(b'')
2016-07-19 14:27:03,235 root DEBUG btp.py                    257   core_reg_svc_rsp_succ     : received header(svc_id=0, op=3, ctrl_index=255, data_len=0) ('',)
2016-07-19 14:27:03,235 root DEBUG btp.py                    258   core_reg_svc_rsp_succ     : expected ((0, 3, 255, 0), ('',))
2016-07-19 14:27:03,235 root DEBUG btp.py                    264   core_reg_svc_rsp_succ     : response is valid
2016-07-19 14:27:03,235 root DEBUG testcase.py               201   start                     : Starting test function: ptsprojects.testcase.TestFunc <function gap_set_nonconn at 0x7f2c4ceed1b8> None None () {}
2016-07-19 14:27:03,235 root DEBUG testcase.py               209   start                     : Test function parameters: args=(), kwds={}
2016-07-19 14:27:03,235 root DEBUG btp.py                    455   gap_set_nonconn           : gap_set_nonconn
2016-07-19 14:27:03,236 root DEBUG iutctl.py                 98    send                      : send, 1 6 0 0
2016-07-19 14:27:03,236 root DEBUG iutctl.py                 108   send                      : btpclient command: send 1 6 0 00
2016-07-19 14:27:03,236 root DEBUG btpparser.py              59    enc_frame                 : enc_frame, 1 6 0 '\x00'
2016-07-19 14:27:03,236 root DEBUG iutctl.py                 112   send                      : sending frame '\x01\x06\x00\x01\x00\x00'
2016-07-19 14:27:03,236 root DEBUG btp.py                    588   gap_command_rsp_succ      : gap_command_rsp_succ
2016-07-19 14:27:03,236 root DEBUG iutctl.py                 64    read                      : read
2016-07-19 14:27:03,239 root DEBUG btpparser.py              39    dec_hdr                   : dec_hdr, bytearray(b'\x01\x06\x00\x04\x00')
2016-07-19 14:27:03,240 root DEBUG iutctl.py                 78    read                      : Received: hdr: header(svc_id=1, op=6, ctrl_index=0, data_len=4) bytearray(b'\x01\x06\x00\x04\x00')
2016-07-19 14:27:03,240 root DEBUG btpparser.py              49    dec_data                  : dec_data, bytearray(b'\x11\x02\x00\x00')
2016-07-19 14:27:03,240 root DEBUG iutctl.py                 91    read                      : Received data: ('\x11\x02\x00\x00',), bytearray(b'\x11\x02\x00\x00')
2016-07-19 14:27:03,240 root DEBUG btp.py                    593   gap_command_rsp_succ      : received header(svc_id=1, op=6, ctrl_index=0, data_len=4) ('\x11\x02\x00\x00',)
2016-07-19 14:27:03,241 root DEBUG testcase.py               201   start                     : Starting test function: ptsprojects.testcase.TestFunc <function gap_set_limdiscov at 0x7f2c4ceed320> None None () {}
2016-07-19 14:27:03,241 root DEBUG testcase.py               209   start                     : Test function parameters: args=(), kwds={}
2016-07-19 14:27:03,241 root DEBUG btp.py                    485   gap_set_limdiscov         : gap_set_limdiscov
2016-07-19 14:27:03,241 root DEBUG iutctl.py                 98    send                      : send, 1 8 0 2
2016-07-19 14:27:03,241 root DEBUG iutctl.py                 108   send                      : btpclient command: send 1 8 0 02
2016-07-19 14:27:03,241 root DEBUG btpparser.py              59    enc_frame                 : enc_frame, 1 8 0 '\x02'
2016-07-19 14:27:03,242 root DEBUG iutctl.py                 112   send                      : sending frame '\x01\x08\x00\x01\x00\x02'
2016-07-19 14:27:03,242 root DEBUG btp.py                    588   gap_command_rsp_succ      : gap_command_rsp_succ
2016-07-19 14:27:03,242 root DEBUG iutctl.py                 64    read                      : read
2016-07-19 14:27:03,244 root DEBUG btpparser.py              39    dec_hdr                   : dec_hdr, bytearray(b'\x01\x08\x00\x04\x00')
2016-07-19 14:27:03,245 root DEBUG iutctl.py                 78    read                      : Received: hdr: header(svc_id=1, op=8, ctrl_index=0, data_len=4) bytearray(b'\x01\x08\x00\x04\x00')
2016-07-19 14:27:03,245 root DEBUG btpparser.py              49    dec_data                  : dec_data, bytearray(b'\x19\x02\x00\x00')
2016-07-19 14:27:03,245 root DEBUG iutctl.py                 91    read                      : Received data: ('\x19\x02\x00\x00',), bytearray(b'\x19\x02\x00\x00')
2016-07-19 14:27:03,245 root DEBUG btp.py                    593   gap_command_rsp_succ      : received header(svc_id=1, op=8, ctrl_index=0, data_len=4) ('\x19\x02\x00\x00',)
2016-07-19 14:27:10,778 ClientCallback.on_implicit_send INFO autoptsclient_common.py   116   on_implicit_send          : ********************
2016-07-19 14:27:10,778 ClientCallback.on_implicit_send INFO autoptsclient_common.py   117   on_implicit_send          : BEGIN OnImplicitSend:
2016-07-19 14:27:10,778 ClientCallback.on_implicit_send INFO autoptsclient_common.py   118   on_implicit_send          : project_name: GAP
2016-07-19 14:27:10,778 ClientCallback.on_implicit_send INFO autoptsclient_common.py   119   on_implicit_send          : wid: 120
2016-07-19 14:27:10,778 ClientCallback.on_implicit_send INFO autoptsclient_common.py   120   on_implicit_send          : test_case_name: TC_DISC_LIMM_BV_03_C
2016-07-19 14:27:10,779 ClientCallback.on_implicit_send INFO autoptsclient_common.py   121   on_implicit_send          : description: Does the IUT have an ability to send non-connectable advertising report?
2016-07-19 14:27:10,779 ClientCallback.on_implicit_send INFO autoptsclient_common.py   122   on_implicit_send          : style: MMI_Style_Yes_No1 0x11044
2016-07-19 14:27:10,779 ClientCallback.on_implicit_send INFO autoptsclient_common.py   124   on_implicit_send          : response: 3653144 <type 'int'> 42637672
2016-07-19 14:27:10,779 ClientCallback.on_implicit_send INFO autoptsclient_common.py   125   on_implicit_send          : response_size: 2048
2016-07-19 14:27:10,779 ClientCallback.on_implicit_send INFO autoptsclient_common.py   127   on_implicit_send          : response_is_present: 0 <type 'int'>
2016-07-19 14:27:10,779 ClientCallback.on_implicit_send INFO autoptsclient_common.py   131   on_implicit_send          : Calling test cases on_implicit_send
2016-07-19 14:27:10,779 root DEBUG testcase.py               467   on_implicit_send          : GAP TC_DISC_LIMM_BV_03_C on_implicit_send
2016-07-19 14:27:10,779 root DEBUG testcase.py               364   handle_mmi_style_yes_no1  : handle_mmi_style_yes_no1, 120 'Does the IUT have an ability to send non-connectable advertising report?'
2016-07-19 14:27:10,779 root DEBUG testcase.py               366   handle_mmi_style_yes_no1  : no_wid=None verify_wids=None
2016-07-19 14:27:10,779 root DEBUG testcase.py               494   on_implicit_send          : Sending response 'Yes'
2016-07-19 14:27:10,780 ClientCallback.on_implicit_send INFO autoptsclient_common.py   143   on_implicit_send          : test case returned on_implicit_send, response: Yes
2016-07-19 14:27:10,780 ClientCallback.on_implicit_send INFO autoptsclient_common.py   151   on_implicit_send          : END OnImplicitSend:
2016-07-19 14:27:10,780 ClientCallback.on_implicit_send INFO autoptsclient_common.py   152   on_implicit_send          : ********************
2016-07-19 14:27:10,792 ClientCallback.on_implicit_send INFO autoptsclient_common.py   116   on_implicit_send          : ********************
2016-07-19 14:27:10,792 ClientCallback.on_implicit_send INFO autoptsclient_common.py   117   on_implicit_send          : BEGIN OnImplicitSend:
2016-07-19 14:27:10,793 ClientCallback.on_implicit_send INFO autoptsclient_common.py   118   on_implicit_send          : project_name: GAP
2016-07-19 14:27:10,793 ClientCallback.on_implicit_send INFO autoptsclient_common.py   119   on_implicit_send          : wid: 59
2016-07-19 14:27:10,793 ClientCallback.on_implicit_send INFO autoptsclient_common.py   120   on_implicit_send          : test_case_name: TC_DISC_LIMM_BV_03_C
2016-07-19 14:27:10,793 ClientCallback.on_implicit_send INFO autoptsclient_common.py   121   on_implicit_send          : description: Please prepare IUT into limited discoverable mode and send an advertising report. Press OK to continue.
2016-07-19 14:27:10,793 ClientCallback.on_implicit_send INFO autoptsclient_common.py   122   on_implicit_send          : style: MMI_Style_Ok_Cancel1 0x11041
2016-07-19 14:27:10,793 ClientCallback.on_implicit_send INFO autoptsclient_common.py   124   on_implicit_send          : response: 3653144 <type 'int'> 42637672
2016-07-19 14:27:10,793 ClientCallback.on_implicit_send INFO autoptsclient_common.py   125   on_implicit_send          : response_size: 2048
2016-07-19 14:27:10,793 ClientCallback.on_implicit_send INFO autoptsclient_common.py   127   on_implicit_send          : response_is_present: 0 <type 'int'>
2016-07-19 14:27:10,793 ClientCallback.on_implicit_send INFO autoptsclient_common.py   131   on_implicit_send          : Calling test cases on_implicit_send
2016-07-19 14:27:10,793 root DEBUG testcase.py               467   on_implicit_send          : GAP TC_DISC_LIMM_BV_03_C on_implicit_send
2016-07-19 14:27:10,793 root DEBUG testcase.py               201   start                     : Starting test function: ptsprojects.testcase.TestFunc <function gap_adv_ind_on at 0x7f2c4ced5b90> 59 None () {}
2016-07-19 14:27:10,794 root DEBUG testcase.py               209   start                     : Test function parameters: args=(), kwds={}
2016-07-19 14:27:10,794 root DEBUG btp.py                    268   gap_adv_ind_on            : gap_adv_ind_on None None
2016-07-19 14:27:10,794 root DEBUG iutctl.py                 98    send                      : send, 1 10 0 bytearray(b'\x00\x00')
2016-07-19 14:27:10,794 root DEBUG iutctl.py                 108   send                      : btpclient command: send 1 10 0 0000
2016-07-19 14:27:10,794 root DEBUG btpparser.py              59    enc_frame                 : enc_frame, 1 10 0 bytearray(b'\x00\x00')
2016-07-19 14:27:10,794 root DEBUG iutctl.py                 112   send                      : sending frame '\x01\n\x00\x02\x00\x00\x00'
2016-07-19 14:27:10,794 root DEBUG btp.py                    588   gap_command_rsp_succ      : gap_command_rsp_succ
2016-07-19 14:27:10,794 root DEBUG iutctl.py                 64    read                      : read
2016-07-19 14:27:10,799 root DEBUG btpparser.py              39    dec_hdr                   : dec_hdr, bytearray(b'\x01\n\x00\x04\x00')
2016-07-19 14:27:10,799 root DEBUG iutctl.py                 78    read                      : Received: hdr: header(svc_id=1, op=10, ctrl_index=0, data_len=4) bytearray(b'\x01\n\x00\x04\x00')
2016-07-19 14:27:10,800 root DEBUG btpparser.py              49    dec_data                  : dec_data, bytearray(b'\x19\x06\x00\x00')
2016-07-19 14:27:10,800 root DEBUG iutctl.py                 91    read                      : Received data: ('\x19\x06\x00\x00',), bytearray(b'\x19\x06\x00\x00')
2016-07-19 14:27:10,800 root DEBUG btp.py                    593   gap_command_rsp_succ      : received header(svc_id=1, op=10, ctrl_index=0, data_len=4) ('\x19\x06\x00\x00',)
2016-07-19 14:27:10,800 root DEBUG testcase.py               494   on_implicit_send          : Sending response 'OK'
2016-07-19 14:27:10,800 ClientCallback.on_implicit_send INFO autoptsclient_common.py   143   on_implicit_send          : test case returned on_implicit_send, response: OK
2016-07-19 14:27:10,800 ClientCallback.on_implicit_send INFO autoptsclient_common.py   151   on_implicit_send          : END OnImplicitSend:
2016-07-19 14:27:10,800 ClientCallback.on_implicit_send INFO autoptsclient_common.py   152   on_implicit_send          : ********************
2016-07-19 14:27:10,829 ClientCallback.on_implicit_send INFO autoptsclient_common.py   116   on_implicit_send          : ********************
2016-07-19 14:27:10,829 ClientCallback.on_implicit_send INFO autoptsclient_common.py   117   on_implicit_send          : BEGIN OnImplicitSend:
2016-07-19 14:27:10,829 ClientCallback.on_implicit_send INFO autoptsclient_common.py   118   on_implicit_send          : project_name: GAP
2016-07-19 14:27:10,830 ClientCallback.on_implicit_send INFO autoptsclient_common.py   119   on_implicit_send          : wid: 49
2016-07-19 14:27:10,830 ClientCallback.on_implicit_send INFO autoptsclient_common.py   120   on_implicit_send          : test_case_name: TC_DISC_LIMM_BV_03_C
2016-07-19 14:27:10,830 ClientCallback.on_implicit_send INFO autoptsclient_common.py   121   on_implicit_send          : description: Please prepare IUT into limited discoverable mode and send an advertising report using either non-directed advertising or discoverable undirected advertising. Waiting for TSPX_lim_adv_timeout to timeout.
2016-07-19 14:27:10,830 ClientCallback.on_implicit_send INFO autoptsclient_common.py   122   on_implicit_send          : style: MMI_Style_Ok_Cancel2 0x11141
2016-07-19 14:27:10,830 ClientCallback.on_implicit_send INFO autoptsclient_common.py   124   on_implicit_send          : response: 3653144 <type 'int'> 42637672
2016-07-19 14:27:10,830 ClientCallback.on_implicit_send INFO autoptsclient_common.py   125   on_implicit_send          : response_size: 2048
2016-07-19 14:27:10,830 ClientCallback.on_implicit_send INFO autoptsclient_common.py   127   on_implicit_send          : response_is_present: 0 <type 'int'>
2016-07-19 14:27:10,830 ClientCallback.on_implicit_send INFO autoptsclient_common.py   131   on_implicit_send          : Calling test cases on_implicit_send
2016-07-19 14:27:10,830 root DEBUG testcase.py               467   on_implicit_send          : GAP TC_DISC_LIMM_BV_03_C on_implicit_send
2016-07-19 14:27:10,830 root DEBUG testcase.py               494   on_implicit_send          : Sending response 'OK'
2016-07-19 14:27:10,831 ClientCallback.on_implicit_send INFO autoptsclient_common.py   143   on_implicit_send          : test case returned on_implicit_send, response: OK
2016-07-19 14:27:10,831 ClientCallback.on_implicit_send INFO autoptsclient_common.py   151   on_implicit_send          : END OnImplicitSend:
2016-07-19 14:27:10,831 ClientCallback.on_implicit_send INFO autoptsclient_common.py   152   on_implicit_send          : ********************
2016-07-19 14:27:46,766 ClientCallback.log INFO autoptsclient_common.py   82    log                       : PTS_LOGTYPE_START_TEST Start Test Case 

+3011 ms
 TC_DISC_LIMM_BV_03_C

2016-07-19 14:27:46,766 root DEBUG testcase.py               358   log                       : New status GAP TC_DISC_LIMM_BV_03_C - Started
2016-07-19 14:27:47,823 ClientCallback.log INFO autoptsclient_common.py   82    log                       : PTS_LOGTYPE_FINAL_VERDICT Final verdict 

+38610 ms
 : [14] PASS

2016-07-19 14:27:47,823 root DEBUG testcase.py               358   log                       : New status GAP TC_DISC_LIMM_BV_03_C - PASS
2016-07-19 14:27:47,828 ClientCallback.log INFO autoptsclient_common.py   82    log                       : PTS_LOGTYPE_FINAL_VERDICT Encrypted Verdict 

+38610 ms
 A1#ZWY4MzQ5MDg3MmQwNTIxOGQzMzQ5YjY2ODA5M2MzNjQ5ZDY4NmY0Yjc2MzIzM2VkNTUyNTFhNGU4Mjg1MjI0NA==#9EUQrn+LeOZR6MnKPAj8b8f0gj9xuMOT6wy85aSbzuT5QIrG9AW7E6CH9TAKjJT2

2016-07-19 14:27:47,838 ClientCallback.log INFO autoptsclient_common.py   82    log                       : PTS_LOGTYPE_END_TEST Test Case ended 

+38610 ms
 TC_DISC_LIMM_BV_03_C

2016-07-19 14:27:47,908 root DEBUG testcase.py               518   post_run                  : post_run GAP TC_DISC_LIMM_BV_03_C 
2016-07-19 14:27:47,908 root DEBUG testcase.py               201   start                     : Starting test function: ptsprojects.testcase.TestFuncCleanUp <bound method ZephyrCtl.stop of <ptsprojects.zephyr.iutctl.ZephyrCtl instance at 0x7f2c4cf043f8>> None None () {}
2016-07-19 14:27:47,908 root DEBUG testcase.py               209   start                     : Test function parameters: args=(), kwds={}
2016-07-19 14:27:47,908 root DEBUG iutctl.py                 207   stop                      : ptsprojects.zephyr.iutctl.ZephyrCtl.stop
2016-07-19 14:27:50,912 root DEBUG autoptsclient_common.py   395   run_test_case             : Done TestCase wrapper GAP TC_DISC_LIMM_BV_03_C
