2016-07-19 17:39:23,311 root DEBUG autoptsclient_common.py   349   run_test_case             : Starting TestCase wrapper GATT TC_GAT_CL_BV_01_C
2016-07-19 17:39:23,311 root DEBUG testcase.py               499   pre_run                   : pre_run GATT TC_GAT_CL_BV_01_C
2016-07-19 17:39:23,311 root DEBUG testcase.py               502   pre_run                   : About to run test case GATT TC_GAT_CL_BV_01_C with commands:
2016-07-19 17:39:23,311 root DEBUG testcase.py               504   pre_run                   : 0) ptsprojects.testcase.TestFunc <bound method ZephyrCtl.start of <ptsprojects.zephyr.iutctl.ZephyrCtl instance at 0x7fb5998063f8>> None None () {}
2016-07-19 17:39:23,312 root DEBUG testcase.py               504   pre_run                   : 1) ptsprojects.testcase.TestFunc <function core_reg_svc_gap at 0x7fb5997d8a28> None None () {}
2016-07-19 17:39:23,312 root DEBUG testcase.py               504   pre_run                   : 2) ptsprojects.testcase.TestFunc <function core_reg_svc_gatts at 0x7fb5997d8aa0> None None () {}
2016-07-19 17:39:23,312 root DEBUG testcase.py               504   pre_run                   : 3) ptsprojects.testcase.TestFunc <function gap_conn at 0x7fb5997d8cf8> 2 None ('00:1B:DC:E0:37:6C', 0) {}
2016-07-19 17:39:23,312 root DEBUG testcase.py               504   pre_run                   : 4) ptsprojects.testcase.TestFunc <function gap_connected_ev at 0x7fb5997d8c80> 2 None ('00:1B:DC:E0:37:6C', 0) {}
2016-07-19 17:39:23,313 root DEBUG testcase.py               504   pre_run                   : 5) ptsprojects.testcase.TestFunc <function gattc_read at 0x7fb5997efcf8> 48 None (0, '00:1B:DC:E0:37:6C', 'MMI_arg_value_1') {}
2016-07-19 17:39:23,313 root DEBUG testcase.py               504   pre_run                   : 6) ptsprojects.testcase.TestFunc <function gattc_read_rsp at 0x7fb5997f08c0> 48 None () {}
2016-07-19 17:39:23,313 root DEBUG testcase.py               504   pre_run                   : 7) ptsprojects.testcase.TestFunc <function gap_disconn at 0x7fb5997d8de8> 3 None ('00:1B:DC:E0:37:6C', 0) {}
2016-07-19 17:39:23,313 root DEBUG testcase.py               504   pre_run                   : 8) ptsprojects.testcase.TestFunc <function gap_disconnected_ev at 0x7fb5997d8d70> 3 None ('00:1B:DC:E0:37:6C', 0) {}
2016-07-19 17:39:23,314 root DEBUG testcase.py               504   pre_run                   : 9) ptsprojects.testcase.TestFuncCleanUp <bound method ZephyrCtl.stop of <ptsprojects.zephyr.iutctl.ZephyrCtl instance at 0x7fb5998063f8>> None None () {}
2016-07-19 17:39:23,314 root DEBUG testcase.py               201   start                     : Starting test function: ptsprojects.testcase.TestFunc <bound method ZephyrCtl.start of <ptsprojects.zephyr.iutctl.ZephyrCtl instance at 0x7fb5998063f8>> None None () {}
2016-07-19 17:39:23,314 root DEBUG testcase.py               209   start                     : Test function parameters: args=(), kwds={}
2016-07-19 17:39:23,314 root DEBUG iutctl.py                 173   start                     : ptsprojects.zephyr.iutctl.ZephyrCtl.start
2016-07-19 17:39:23,315 root DEBUG iutctl.py                 160   reset_board               : About to reset DUT: "/home/skamrmar/bin/zflash/openocd/bin/openocd -s /home/skamrmar/bin/zflash/openocd/share/scripts -f /home/skamrmar/bin/zflash/boards/mountatlas/openocd.cfg -c 'init' -c 'reset run' -c 'shutdown'"
2016-07-19 17:39:25,333 root DEBUG iutctl.py                 184   start                     : Starting socat process: socat -x -v /dev/ttyUSB1,raw,b115200 UNIX-CONNECT:/tmp/bt-stack-tester
2016-07-19 17:39:25,336 root DEBUG iutctl.py                 56    accept                    : accept
2016-07-19 17:39:25,339 root DEBUG testcase.py               201   start                     : Starting test function: ptsprojects.testcase.TestFunc <function core_reg_svc_gap at 0x7fb5997d8a28> None None () {}
2016-07-19 17:39:25,339 root DEBUG testcase.py               209   start                     : Test function parameters: args=(), kwds={}
2016-07-19 17:39:25,340 root DEBUG btp.py                    226   core_reg_svc_gap          : core_reg_svc_gap
2016-07-19 17:39:25,340 root DEBUG iutctl.py                 98    send                      : send, 0 3 255 1
2016-07-19 17:39:25,340 root DEBUG iutctl.py                 108   send                      : btpclient command: send 0 3 255 01
2016-07-19 17:39:25,340 root DEBUG btpparser.py              59    enc_frame                 : enc_frame, 0 3 255 '\x01'
2016-07-19 17:39:25,341 root DEBUG iutctl.py                 112   send                      : sending frame '\x00\x03\xff\x01\x00\x01'
2016-07-19 17:39:26,881 root DEBUG btp.py                    246   core_reg_svc_rsp_succ     : core_reg_svc_rsp_succ
2016-07-19 17:39:26,881 root DEBUG iutctl.py                 64    read                      : read
2016-07-19 17:39:26,950 root DEBUG btpparser.py              39    dec_hdr                   : dec_hdr, bytearray(b'\x00\x03\xff\x00\x00')
2016-07-19 17:39:26,952 root DEBUG iutctl.py                 78    read                      : Received: hdr: header(svc_id=0, op=3, ctrl_index=255, data_len=0) bytearray(b'\x00\x03\xff\x00\x00')
2016-07-19 17:39:26,952 root DEBUG btpparser.py              49    dec_data                  : dec_data, bytearray(b'')
2016-07-19 17:39:26,952 root DEBUG iutctl.py                 91    read                      : Received data: ('',), bytearray(b'')
2016-07-19 17:39:26,952 root DEBUG btp.py                    257   core_reg_svc_rsp_succ     : received header(svc_id=0, op=3, ctrl_index=255, data_len=0) ('',)
2016-07-19 17:39:26,953 root DEBUG btp.py                    258   core_reg_svc_rsp_succ     : expected ((0, 3, 255, 0), ('',))
2016-07-19 17:39:26,953 root DEBUG btp.py                    264   core_reg_svc_rsp_succ     : response is valid
2016-07-19 17:39:26,953 root DEBUG testcase.py               201   start                     : Starting test function: ptsprojects.testcase.TestFunc <function core_reg_svc_gatts at 0x7fb5997d8aa0> None None () {}
2016-07-19 17:39:26,953 root DEBUG testcase.py               209   start                     : Test function parameters: args=(), kwds={}
2016-07-19 17:39:26,954 root DEBUG btp.py                    237   core_reg_svc_gatts        : core_reg_svc_gatts
2016-07-19 17:39:26,954 root DEBUG iutctl.py                 98    send                      : send, 0 3 255 2
2016-07-19 17:39:26,954 root DEBUG iutctl.py                 108   send                      : btpclient command: send 0 3 255 02
2016-07-19 17:39:26,954 root DEBUG btpparser.py              59    enc_frame                 : enc_frame, 0 3 255 '\x02'
2016-07-19 17:39:26,955 root DEBUG iutctl.py                 112   send                      : sending frame '\x00\x03\xff\x01\x00\x02'
2016-07-19 17:39:26,955 root DEBUG btp.py                    246   core_reg_svc_rsp_succ     : core_reg_svc_rsp_succ
2016-07-19 17:39:26,955 root DEBUG iutctl.py                 64    read                      : read
2016-07-19 17:39:26,957 root DEBUG btpparser.py              39    dec_hdr                   : dec_hdr, bytearray(b'\x00\x03\xff\x00\x00')
2016-07-19 17:39:26,958 root DEBUG iutctl.py                 78    read                      : Received: hdr: header(svc_id=0, op=3, ctrl_index=255, data_len=0) bytearray(b'\x00\x03\xff\x00\x00')
2016-07-19 17:39:26,958 root DEBUG btpparser.py              49    dec_data                  : dec_data, bytearray(b'')
2016-07-19 17:39:26,958 root DEBUG iutctl.py                 91    read                      : Received data: ('',), bytearray(b'')
2016-07-19 17:39:26,959 root DEBUG btp.py                    257   core_reg_svc_rsp_succ     : received header(svc_id=0, op=3, ctrl_index=255, data_len=0) ('',)
2016-07-19 17:39:26,959 root DEBUG btp.py                    258   core_reg_svc_rsp_succ     : expected ((0, 3, 255, 0), ('',))
2016-07-19 17:39:26,959 root DEBUG btp.py                    264   core_reg_svc_rsp_succ     : response is valid
2016-07-19 17:39:35,753 ClientCallback.on_implicit_send INFO autoptsclient_common.py   116   on_implicit_send          : ********************
2016-07-19 17:39:35,753 ClientCallback.on_implicit_send INFO autoptsclient_common.py   117   on_implicit_send          : BEGIN OnImplicitSend:
2016-07-19 17:39:35,753 ClientCallback.on_implicit_send INFO autoptsclient_common.py   118   on_implicit_send          : project_name: GATT
2016-07-19 17:39:35,753 ClientCallback.on_implicit_send INFO autoptsclient_common.py   119   on_implicit_send          : wid: 2
2016-07-19 17:39:35,753 ClientCallback.on_implicit_send INFO autoptsclient_common.py   120   on_implicit_send          : test_case_name: TC_GAT_CL_BV_01_C
2016-07-19 17:39:35,754 ClientCallback.on_implicit_send INFO autoptsclient_common.py   121   on_implicit_send          : description: Please initiate a GATT connection to the PTS.

Description: Verify that the Implementation Under Test (IUT) can initiate GATT connect request to PTS.
2016-07-19 17:39:35,754 ClientCallback.on_implicit_send INFO autoptsclient_common.py   122   on_implicit_send          : style: MMI_Style_Ok_Cancel2 0x11141
2016-07-19 17:39:35,754 ClientCallback.on_implicit_send INFO autoptsclient_common.py   124   on_implicit_send          : response: 3063192 <type 'int'> 11076552
2016-07-19 17:39:35,754 ClientCallback.on_implicit_send INFO autoptsclient_common.py   125   on_implicit_send          : response_size: 2048
2016-07-19 17:39:35,754 ClientCallback.on_implicit_send INFO autoptsclient_common.py   127   on_implicit_send          : response_is_present: 0 <type 'int'>
2016-07-19 17:39:35,754 ClientCallback.on_implicit_send INFO autoptsclient_common.py   131   on_implicit_send          : Calling test cases on_implicit_send
2016-07-19 17:39:35,754 root DEBUG testcase.py               467   on_implicit_send          : GATT TC_GAT_CL_BV_01_C on_implicit_send
2016-07-19 17:39:35,755 root DEBUG testcase.py               201   start                     : Starting test function: ptsprojects.testcase.TestFunc <function gap_conn at 0x7fb5997d8cf8> 2 None ('00:1B:DC:E0:37:6C', 0) {}
2016-07-19 17:39:35,755 root DEBUG testcase.py               209   start                     : Test function parameters: args=('00:1B:DC:E0:37:6C', 0), kwds={}
2016-07-19 17:39:35,755 root DEBUG btp.py                    329   gap_conn                  : gap_conn '00:1B:DC:E0:37:6C' 0
2016-07-19 17:39:35,755 root DEBUG iutctl.py                 98    send                      : send, 1 14 0 bytearray(b'\x00l7\xe0\xdc\x1b\x00')
2016-07-19 17:39:35,755 root DEBUG iutctl.py                 108   send                      : btpclient command: send 1 14 0 006c37e0dc1b00
2016-07-19 17:39:35,756 root DEBUG btpparser.py              59    enc_frame                 : enc_frame, 1 14 0 bytearray(b'\x00l7\xe0\xdc\x1b\x00')
2016-07-19 17:39:35,756 root DEBUG iutctl.py                 112   send                      : sending frame '\x01\x0e\x00\x07\x00\x00l7\xe0\xdc\x1b\x00'
2016-07-19 17:39:35,756 root DEBUG btp.py                    588   gap_command_rsp_succ      : gap_command_rsp_succ
2016-07-19 17:39:35,756 root DEBUG iutctl.py                 64    read                      : read
2016-07-19 17:39:35,760 root DEBUG btpparser.py              39    dec_hdr                   : dec_hdr, bytearray(b'\x01\x0e\x00\x00\x00')
2016-07-19 17:39:35,761 root DEBUG iutctl.py                 78    read                      : Received: hdr: header(svc_id=1, op=14, ctrl_index=0, data_len=0) bytearray(b'\x01\x0e\x00\x00\x00')
2016-07-19 17:39:35,761 root DEBUG btpparser.py              49    dec_data                  : dec_data, bytearray(b'')
2016-07-19 17:39:35,761 root DEBUG iutctl.py                 91    read                      : Received data: ('',), bytearray(b'')
2016-07-19 17:39:35,761 root DEBUG btp.py                    593   gap_command_rsp_succ      : received header(svc_id=1, op=14, ctrl_index=0, data_len=0) ('',)
2016-07-19 17:39:35,761 root DEBUG testcase.py               201   start                     : Starting test function: ptsprojects.testcase.TestFunc <function gap_connected_ev at 0x7fb5997d8c80> 2 None ('00:1B:DC:E0:37:6C', 0) {}
2016-07-19 17:39:35,762 root DEBUG testcase.py               209   start                     : Test function parameters: args=('00:1B:DC:E0:37:6C', 0), kwds={}
2016-07-19 17:39:35,762 root DEBUG btp.py                    309   gap_connected_ev          : gap_connected_ev '00:1B:DC:E0:37:6C' 0
2016-07-19 17:39:35,762 root DEBUG iutctl.py                 64    read                      : read
2016-07-19 17:39:37,633 root DEBUG btpparser.py              39    dec_hdr                   : dec_hdr, bytearray(b'\x01\x82\x00\x07\x00')
2016-07-19 17:39:37,635 root DEBUG iutctl.py                 78    read                      : Received: hdr: header(svc_id=1, op=130, ctrl_index=0, data_len=7) bytearray(b'\x01\x82\x00\x07\x00')
2016-07-19 17:39:37,636 root DEBUG btpparser.py              49    dec_data                  : dec_data, bytearray(b'l7\xe0\xdc\x1b\x00\x00')
2016-07-19 17:39:37,636 root DEBUG iutctl.py                 91    read                      : Received data: ('l7\xe0\xdc\x1b\x00\x00',), bytearray(b'l7\xe0\xdc\x1b\x00\x00')
2016-07-19 17:39:37,636 root DEBUG btp.py                    313   gap_connected_ev          : received header(svc_id=1, op=130, ctrl_index=0, data_len=7) ('l7\xe0\xdc\x1b\x00\x00',)
2016-07-19 17:39:37,636 root DEBUG testcase.py               494   on_implicit_send          : Sending response 'OK'
2016-07-19 17:39:37,637 ClientCallback.on_implicit_send INFO autoptsclient_common.py   143   on_implicit_send          : test case returned on_implicit_send, response: OK
2016-07-19 17:39:37,637 ClientCallback.on_implicit_send INFO autoptsclient_common.py   151   on_implicit_send          : END OnImplicitSend:
2016-07-19 17:39:37,637 ClientCallback.on_implicit_send INFO autoptsclient_common.py   152   on_implicit_send          : ********************
2016-07-19 17:39:37,647 ClientCallback.on_implicit_send INFO autoptsclient_common.py   116   on_implicit_send          : ********************
2016-07-19 17:39:37,647 ClientCallback.on_implicit_send INFO autoptsclient_common.py   117   on_implicit_send          : BEGIN OnImplicitSend:
2016-07-19 17:39:37,647 ClientCallback.on_implicit_send INFO autoptsclient_common.py   118   on_implicit_send          : project_name: GATT
2016-07-19 17:39:37,647 ClientCallback.on_implicit_send INFO autoptsclient_common.py   119   on_implicit_send          : wid: 48
2016-07-19 17:39:37,648 ClientCallback.on_implicit_send INFO autoptsclient_common.py   120   on_implicit_send          : test_case_name: TC_GAT_CL_BV_01_C
2016-07-19 17:39:37,648 ClientCallback.on_implicit_send INFO autoptsclient_common.py   121   on_implicit_send          : description: Please send read characteristic handle = '00D3'O to the PTS.

Description: Verify that the Implementation Under Test (IUT) can send Read characteristic.
2016-07-19 17:39:37,648 ClientCallback.on_implicit_send INFO autoptsclient_common.py   122   on_implicit_send          : style: MMI_Style_Ok_Cancel2 0x11141
2016-07-19 17:39:37,648 ClientCallback.on_implicit_send INFO autoptsclient_common.py   124   on_implicit_send          : response: 3063192 <type 'int'> 11076552
2016-07-19 17:39:37,648 ClientCallback.on_implicit_send INFO autoptsclient_common.py   125   on_implicit_send          : response_size: 2048
2016-07-19 17:39:37,648 ClientCallback.on_implicit_send INFO autoptsclient_common.py   127   on_implicit_send          : response_is_present: 0 <type 'int'>
2016-07-19 17:39:37,648 ClientCallback.on_implicit_send INFO autoptsclient_common.py   131   on_implicit_send          : Calling test cases on_implicit_send
2016-07-19 17:39:37,649 root DEBUG testcase.py               467   on_implicit_send          : GATT TC_GAT_CL_BV_01_C on_implicit_send
2016-07-19 17:39:37,649 root DEBUG testcase.py               59    parse_description         : parse_description "Please send read characteristic handle = '00D3'O to the PTS.\n\nDescription: Verify that the Implementation Under Test (IUT) can send Read characteristic."
2016-07-19 17:39:37,649 root DEBUG testcase.py               63    parse_description         : Parse result: ['00D3']
2016-07-19 17:39:37,649 root DEBUG testcase.py               201   start                     : Starting test function: ptsprojects.testcase.TestFunc <function gattc_read at 0x7fb5997efcf8> 48 None (0, '00:1B:DC:E0:37:6C', 'MMI_arg_value_1') {}
2016-07-19 17:39:37,649 root DEBUG testcase.py               78    process_args              : process_args: (0, '00:1B:DC:E0:37:6C', 'MMI_arg_value_1')
2016-07-19 17:39:37,649 root DEBUG testcase.py               79    process_args              : MMI.args now ['00D3']
2016-07-19 17:39:37,650 root DEBUG testcase.py               93    process_args              : returning (0, '00:1B:DC:E0:37:6C', '00D3')
2016-07-19 17:39:37,650 root DEBUG testcase.py               209   start                     : Test function parameters: args=(0, '00:1B:DC:E0:37:6C', '00D3'), kwds={}
2016-07-19 17:39:37,650 root DEBUG btp.py                    956   gattc_read                : gattc_read 0 '00:1B:DC:E0:37:6C' '00D3'
2016-07-19 17:39:37,650 root DEBUG iutctl.py                 98    send                      : send, 2 17 0 bytearray(b'\x00l7\xe0\xdc\x1b\x00\xd3\x00')
2016-07-19 17:39:37,650 root DEBUG iutctl.py                 108   send                      : btpclient command: send 2 17 0 006c37e0dc1b00d300
2016-07-19 17:39:37,651 root DEBUG btpparser.py              59    enc_frame                 : enc_frame, 2 17 0 bytearray(b'\x00l7\xe0\xdc\x1b\x00\xd3\x00')
2016-07-19 17:39:37,651 root DEBUG iutctl.py                 112   send                      : sending frame '\x02\x11\x00\t\x00\x00l7\xe0\xdc\x1b\x00\xd3\x00'
2016-07-19 17:39:37,651 root DEBUG testcase.py               201   start                     : Starting test function: ptsprojects.testcase.TestFunc <function gattc_read_rsp at 0x7fb5997f08c0> 48 None () {}
2016-07-19 17:39:37,651 root DEBUG testcase.py               209   start                     : Test function parameters: args=(), kwds={}
2016-07-19 17:39:37,651 root DEBUG iutctl.py                 64    read                      : read
2016-07-19 17:40:09,832 root DEBUG btpparser.py              39    dec_hdr                   : dec_hdr, bytearray(b'\x01\x83\x00\x07\x00')
2016-07-19 17:40:09,833 root DEBUG iutctl.py                 78    read                      : Received: hdr: header(svc_id=1, op=131, ctrl_index=0, data_len=7) bytearray(b'\x01\x83\x00\x07\x00')
2016-07-19 17:40:09,833 root DEBUG btpparser.py              49    dec_data                  : dec_data, bytearray(b'l7\xe0\xdc\x1b\x00\x00')
2016-07-19 17:40:09,833 root DEBUG iutctl.py                 91    read                      : Received data: ('l7\xe0\xdc\x1b\x00\x00',), bytearray(b'l7\xe0\xdc\x1b\x00\x00')
2016-07-19 17:40:09,833 root DEBUG btp.py                    1586  gattc_read_rsp            : gattc_read_rsp received header(svc_id=1, op=131, ctrl_index=0, data_len=7) ('l7\xe0\xdc\x1b\x00\x00',)
2016-07-19 17:40:09,833 ClientCallback.on_implicit_send INFO autoptsclient_common.py   146   on_implicit_send          : Caught exception
2016-07-19 17:40:09,833 ClientCallback.on_implicit_send INFO autoptsclient_common.py   147   on_implicit_send          : Incorrect service ID 1 in the response, expected 2!
2016-07-19 17:40:09,863 ClientCallback.on_implicit_send INFO autoptsclient_common.py   116   on_implicit_send          : ********************
2016-07-19 17:40:09,863 ClientCallback.on_implicit_send INFO autoptsclient_common.py   117   on_implicit_send          : BEGIN OnImplicitSend:
2016-07-19 17:40:09,863 ClientCallback.on_implicit_send INFO autoptsclient_common.py   118   on_implicit_send          : project_name: GATT
2016-07-19 17:40:09,864 ClientCallback.on_implicit_send INFO autoptsclient_common.py   119   on_implicit_send          : wid: 49
2016-07-19 17:40:09,864 ClientCallback.on_implicit_send INFO autoptsclient_common.py   120   on_implicit_send          : test_case_name: TC_GAT_CL_BV_01_C
2016-07-19 17:40:09,864 ClientCallback.on_implicit_send INFO autoptsclient_common.py   121   on_implicit_send          : description: Please wait for 30 seconds timeout to abort the procedure.

Description: Verify that the Implementation Under Test (IUT) can handle timeout after send Read characteristic without receiving response in 30 seconds.
2016-07-19 17:40:09,864 ClientCallback.on_implicit_send INFO autoptsclient_common.py   122   on_implicit_send          : style: MMI_Style_Ok_Cancel2 0x11141
2016-07-19 17:40:09,864 ClientCallback.on_implicit_send INFO autoptsclient_common.py   124   on_implicit_send          : response: 3063192 <type 'int'> 12532304
2016-07-19 17:40:09,864 ClientCallback.on_implicit_send INFO autoptsclient_common.py   125   on_implicit_send          : response_size: 2048
2016-07-19 17:40:09,864 ClientCallback.on_implicit_send INFO autoptsclient_common.py   127   on_implicit_send          : response_is_present: 0 <type 'int'>
2016-07-19 17:40:09,864 ClientCallback.on_implicit_send INFO autoptsclient_common.py   131   on_implicit_send          : Calling test cases on_implicit_send
2016-07-19 17:40:09,865 root DEBUG testcase.py               467   on_implicit_send          : GATT TC_GAT_CL_BV_01_C on_implicit_send
2016-07-19 17:40:09,865 root DEBUG testcase.py               494   on_implicit_send          : Sending response 'OK'
2016-07-19 17:40:09,865 ClientCallback.on_implicit_send INFO autoptsclient_common.py   143   on_implicit_send          : test case returned on_implicit_send, response: OK
2016-07-19 17:40:09,865 ClientCallback.on_implicit_send INFO autoptsclient_common.py   151   on_implicit_send          : END OnImplicitSend:
2016-07-19 17:40:09,865 ClientCallback.on_implicit_send INFO autoptsclient_common.py   152   on_implicit_send          : ********************
2016-07-19 17:40:10,349 ClientCallback.log INFO autoptsclient_common.py   82    log                       : PTS_LOGTYPE_START_TEST Start Test Case 

+16 ms
 TC_GAT_CL_BV_01_C

2016-07-19 17:40:10,349 root DEBUG testcase.py               358   log                       : New status GATT TC_GAT_CL_BV_01_C - Started
2016-07-19 17:40:10,559 ClientCallback.log INFO autoptsclient_common.py   82    log                       : PTS_LOGTYPE_FINAL_VERDICT Final Verdict 

+38969 ms
 PASS

2016-07-19 17:40:10,560 root DEBUG testcase.py               358   log                       : New status GATT TC_GAT_CL_BV_01_C - PASS
2016-07-19 17:40:10,567 ClientCallback.log INFO autoptsclient_common.py   82    log                       : PTS_LOGTYPE_FINAL_VERDICT Encrypted Verdict 

+38969 ms
 A1#ZWY4MzQ5MDg3MmQwNTIxOGQzMzQ5YjY2ODA5M2MzNjQ5ZDY4NmY0Yjc2MzIzM2VkNTUyNTFhNGU4Mjg1MjI0NA==#9EUQrn+LeObsKJTB8Uvr8MKl9NUV63Va41D0enkkqL9XTeYbHAwuNNJq3fJVTyop

2016-07-19 17:40:10,573 ClientCallback.log INFO autoptsclient_common.py   82    log                       : PTS_LOGTYPE_END_TEST Test Case Ended 

+38969 ms
 TC_GAT_CL_BV_01_C

2016-07-19 17:40:10,613 root DEBUG testcase.py               518   post_run                  : post_run GATT TC_GAT_CL_BV_01_C 
2016-07-19 17:40:10,613 root DEBUG testcase.py               201   start                     : Starting test function: ptsprojects.testcase.TestFuncCleanUp <bound method ZephyrCtl.stop of <ptsprojects.zephyr.iutctl.ZephyrCtl instance at 0x7fb5998063f8>> None None () {}
2016-07-19 17:40:10,613 root DEBUG testcase.py               209   start                     : Test function parameters: args=(), kwds={}
2016-07-19 17:40:10,613 root DEBUG iutctl.py                 207   stop                      : ptsprojects.zephyr.iutctl.ZephyrCtl.stop
2016-07-19 17:40:13,616 root DEBUG autoptsclient_common.py   395   run_test_case             : Done TestCase wrapper GATT TC_GAT_CL_BV_01_C
