2016-07-19 16:09:32,616 root DEBUG autoptsclient_common.py   349   run_test_case             : Starting TestCase wrapper GATT TC_GAN_SR_BV_01_C
2016-07-19 16:09:32,616 root DEBUG testcase.py               499   pre_run                   : pre_run GATT TC_GAN_SR_BV_01_C
2016-07-19 16:09:32,616 root DEBUG testcase.py               502   pre_run                   : About to run test case GATT TC_GAN_SR_BV_01_C with commands:
2016-07-19 16:09:32,616 root DEBUG testcase.py               504   pre_run                   : 0) ptsprojects.testcase.TestFunc <bound method ZephyrCtl.start of <ptsprojects.zephyr.iutctl.ZephyrCtl instance at 0x7fc1847d23f8>> None None () {}
2016-07-19 16:09:32,617 root DEBUG testcase.py               504   pre_run                   : 1) ptsprojects.testcase.TestFunc <function core_reg_svc_gap at 0x7fc1847a3a28> None None () {}
2016-07-19 16:09:32,617 root DEBUG testcase.py               504   pre_run                   : 2) ptsprojects.testcase.TestFunc <function core_reg_svc_gatts at 0x7fc1847a3aa0> None None () {}
2016-07-19 16:09:32,617 root DEBUG testcase.py               504   pre_run                   : 3) ptsprojects.testcase.TestFunc <function gatts_add_svc at 0x7fc1847bb5f0> None None (0, 'AA50') {}
2016-07-19 16:09:32,617 root DEBUG testcase.py               504   pre_run                   : 4) ptsprojects.testcase.TestFunc <function gatts_add_char at 0x7fc1847bb6e0> None None (0, 18, 1, 'AA51') {}
2016-07-19 16:09:32,617 root DEBUG testcase.py               504   pre_run                   : 5) ptsprojects.testcase.TestFunc <function gatts_set_val at 0x7fc1847bb758> None None (0, '00') {}
2016-07-19 16:09:32,617 root DEBUG testcase.py               504   pre_run                   : 6) ptsprojects.testcase.TestFunc <function gatts_add_desc at 0x7fc1847bb7d0> None None (0, 3, '2902') {}
2016-07-19 16:09:32,617 root DEBUG testcase.py               504   pre_run                   : 7) ptsprojects.testcase.TestFunc <function gatts_add_char at 0x7fc1847bb6e0> None None (0, 18, 1, 'AA52') {}
2016-07-19 16:09:32,618 root DEBUG testcase.py               504   pre_run                   : 8) ptsprojects.testcase.TestFunc <function gatts_start_server at 0x7fc1847bb848> None None () {}
2016-07-19 16:09:32,618 root DEBUG testcase.py               504   pre_run                   : 9) ptsprojects.testcase.TestFunc <function gap_adv_ind_on at 0x7fc1847a3b90> 1 None () {}
2016-07-19 16:09:32,618 root DEBUG testcase.py               504   pre_run                   : 10) ptsprojects.testcase.TestFunc <function gap_connected_ev at 0x7fc1847a3c80> 92 None ('00:1B:DC:E0:37:6C', 0) {}
2016-07-19 16:09:32,618 root DEBUG testcase.py               504   pre_run                   : 11) ptsprojects.testcase.TestFunc <built-in function sleep> 92 None (1,) {}
2016-07-19 16:09:32,618 root DEBUG testcase.py               504   pre_run                   : 12) ptsprojects.testcase.TestFunc <function gatts_set_val at 0x7fc1847bb758> 92 None (11, '01') {}
2016-07-19 16:09:32,618 root DEBUG testcase.py               504   pre_run                   : 13) ptsprojects.testcase.TestFuncCleanUp <bound method ZephyrCtl.stop of <ptsprojects.zephyr.iutctl.ZephyrCtl instance at 0x7fc1847d23f8>> None None () {}
2016-07-19 16:09:32,618 root DEBUG testcase.py               201   start                     : Starting test function: ptsprojects.testcase.TestFunc <bound method ZephyrCtl.start of <ptsprojects.zephyr.iutctl.ZephyrCtl instance at 0x7fc1847d23f8>> None None () {}
2016-07-19 16:09:32,618 root DEBUG testcase.py               209   start                     : Test function parameters: args=(), kwds={}
2016-07-19 16:09:32,619 root DEBUG iutctl.py                 173   start                     : ptsprojects.zephyr.iutctl.ZephyrCtl.start
2016-07-19 16:09:32,619 root DEBUG iutctl.py                 160   reset_board               : About to reset DUT: "/home/skamrmar/bin/zflash/openocd/bin/openocd -s /home/skamrmar/bin/zflash/openocd/share/scripts -f /home/skamrmar/bin/zflash/boards/mountatlas/openocd.cfg -c 'init' -c 'reset run' -c 'shutdown'"
2016-07-19 16:09:34,630 root DEBUG iutctl.py                 184   start                     : Starting socat process: socat -x -v /dev/ttyUSB1,raw,b115200 UNIX-CONNECT:/tmp/bt-stack-tester
2016-07-19 16:09:34,633 root DEBUG iutctl.py                 56    accept                    : accept
2016-07-19 16:09:34,637 root DEBUG testcase.py               201   start                     : Starting test function: ptsprojects.testcase.TestFunc <function core_reg_svc_gap at 0x7fc1847a3a28> None None () {}
2016-07-19 16:09:34,637 root DEBUG testcase.py               209   start                     : Test function parameters: args=(), kwds={}
2016-07-19 16:09:34,637 root DEBUG btp.py                    226   core_reg_svc_gap          : core_reg_svc_gap
2016-07-19 16:09:34,638 root DEBUG iutctl.py                 98    send                      : send, 0 3 255 1
2016-07-19 16:09:34,638 root DEBUG iutctl.py                 108   send                      : btpclient command: send 0 3 255 01
2016-07-19 16:09:34,638 root DEBUG btpparser.py              59    enc_frame                 : enc_frame, 0 3 255 '\x01'
2016-07-19 16:09:34,638 root DEBUG iutctl.py                 112   send                      : sending frame '\x00\x03\xff\x01\x00\x01'
2016-07-19 16:09:36,194 root DEBUG btp.py                    246   core_reg_svc_rsp_succ     : core_reg_svc_rsp_succ
2016-07-19 16:09:36,195 root DEBUG iutctl.py                 64    read                      : read
2016-07-19 16:09:36,261 root DEBUG btpparser.py              39    dec_hdr                   : dec_hdr, bytearray(b'\x00\x03\xff\x00\x00')
2016-07-19 16:09:36,262 root DEBUG iutctl.py                 78    read                      : Received: hdr: header(svc_id=0, op=3, ctrl_index=255, data_len=0) bytearray(b'\x00\x03\xff\x00\x00')
2016-07-19 16:09:36,263 root DEBUG btpparser.py              49    dec_data                  : dec_data, bytearray(b'')
2016-07-19 16:09:36,263 root DEBUG iutctl.py                 91    read                      : Received data: ('',), bytearray(b'')
2016-07-19 16:09:36,263 root DEBUG btp.py                    257   core_reg_svc_rsp_succ     : received header(svc_id=0, op=3, ctrl_index=255, data_len=0) ('',)
2016-07-19 16:09:36,263 root DEBUG btp.py                    258   core_reg_svc_rsp_succ     : expected ((0, 3, 255, 0), ('',))
2016-07-19 16:09:36,263 root DEBUG btp.py                    264   core_reg_svc_rsp_succ     : response is valid
2016-07-19 16:09:36,263 root DEBUG testcase.py               201   start                     : Starting test function: ptsprojects.testcase.TestFunc <function core_reg_svc_gatts at 0x7fc1847a3aa0> None None () {}
2016-07-19 16:09:36,264 root DEBUG testcase.py               209   start                     : Test function parameters: args=(), kwds={}
2016-07-19 16:09:36,264 root DEBUG btp.py                    237   core_reg_svc_gatts        : core_reg_svc_gatts
2016-07-19 16:09:36,264 root DEBUG iutctl.py                 98    send                      : send, 0 3 255 2
2016-07-19 16:09:36,264 root DEBUG iutctl.py                 108   send                      : btpclient command: send 0 3 255 02
2016-07-19 16:09:36,264 root DEBUG btpparser.py              59    enc_frame                 : enc_frame, 0 3 255 '\x02'
2016-07-19 16:09:36,264 root DEBUG iutctl.py                 112   send                      : sending frame '\x00\x03\xff\x01\x00\x02'
2016-07-19 16:09:36,264 root DEBUG btp.py                    246   core_reg_svc_rsp_succ     : core_reg_svc_rsp_succ
2016-07-19 16:09:36,265 root DEBUG iutctl.py                 64    read                      : read
2016-07-19 16:09:36,266 root DEBUG btpparser.py              39    dec_hdr                   : dec_hdr, bytearray(b'\x00\x03\xff\x00\x00')
2016-07-19 16:09:36,267 root DEBUG iutctl.py                 78    read                      : Received: hdr: header(svc_id=0, op=3, ctrl_index=255, data_len=0) bytearray(b'\x00\x03\xff\x00\x00')
2016-07-19 16:09:36,267 root DEBUG btpparser.py              49    dec_data                  : dec_data, bytearray(b'')
2016-07-19 16:09:36,267 root DEBUG iutctl.py                 91    read                      : Received data: ('',), bytearray(b'')
2016-07-19 16:09:36,267 root DEBUG btp.py                    257   core_reg_svc_rsp_succ     : received header(svc_id=0, op=3, ctrl_index=255, data_len=0) ('',)
2016-07-19 16:09:36,267 root DEBUG btp.py                    258   core_reg_svc_rsp_succ     : expected ((0, 3, 255, 0), ('',))
2016-07-19 16:09:36,268 root DEBUG btp.py                    264   core_reg_svc_rsp_succ     : response is valid
2016-07-19 16:09:36,268 root DEBUG testcase.py               201   start                     : Starting test function: ptsprojects.testcase.TestFunc <function gatts_add_svc at 0x7fc1847bb5f0> None None (0, 'AA50') {}
2016-07-19 16:09:36,268 root DEBUG testcase.py               209   start                     : Test function parameters: args=(0, 'AA50'), kwds={}
2016-07-19 16:09:36,268 root DEBUG btp.py                    599   gatts_add_svc             : gatts_add_svc 0 'AA50'
2016-07-19 16:09:36,268 root DEBUG iutctl.py                 98    send                      : send, 2 2 0 bytearray(b'\x00\x02P\xaa')
2016-07-19 16:09:36,268 root DEBUG iutctl.py                 108   send                      : btpclient command: send 2 2 0 000250aa
2016-07-19 16:09:36,268 root DEBUG btpparser.py              59    enc_frame                 : enc_frame, 2 2 0 bytearray(b'\x00\x02P\xaa')
2016-07-19 16:09:36,269 root DEBUG iutctl.py                 112   send                      : sending frame '\x02\x02\x00\x04\x00\x00\x02P\xaa'
2016-07-19 16:09:36,269 root DEBUG btp.py                    1218  gatt_command_rsp_succ     : gatt_command_rsp_succ
2016-07-19 16:09:36,269 root DEBUG iutctl.py                 64    read                      : read
2016-07-19 16:09:36,271 root DEBUG btpparser.py              39    dec_hdr                   : dec_hdr, bytearray(b'\x02\x02\x00\x02\x00')
2016-07-19 16:09:36,272 root DEBUG iutctl.py                 78    read                      : Received: hdr: header(svc_id=2, op=2, ctrl_index=0, data_len=2) bytearray(b'\x02\x02\x00\x02\x00')
2016-07-19 16:09:36,272 root DEBUG btpparser.py              49    dec_data                  : dec_data, bytearray(b'\x00\x00')
2016-07-19 16:09:36,272 root DEBUG iutctl.py                 91    read                      : Received data: ('\x00\x00',), bytearray(b'\x00\x00')
2016-07-19 16:09:36,272 root DEBUG btp.py                    1223  gatt_command_rsp_succ     : received header(svc_id=2, op=2, ctrl_index=0, data_len=2) ('\x00\x00',)
2016-07-19 16:09:36,273 root DEBUG testcase.py               201   start                     : Starting test function: ptsprojects.testcase.TestFunc <function gatts_add_char at 0x7fc1847bb6e0> None None (0, 18, 1, 'AA51') {}
2016-07-19 16:09:36,273 root DEBUG testcase.py               209   start                     : Test function parameters: args=(0, 18, 1, 'AA51'), kwds={}
2016-07-19 16:09:36,273 root DEBUG btp.py                    634   gatts_add_char            : gatts_add_char 0 18 1 'AA51'
2016-07-19 16:09:36,273 root DEBUG iutctl.py                 98    send                      : send, 2 3 0 bytearray(b'\x00\x00\x12\x01\x02Q\xaa')
2016-07-19 16:09:36,273 root DEBUG iutctl.py                 108   send                      : btpclient command: send 2 3 0 000012010251aa
2016-07-19 16:09:36,273 root DEBUG btpparser.py              59    enc_frame                 : enc_frame, 2 3 0 bytearray(b'\x00\x00\x12\x01\x02Q\xaa')
2016-07-19 16:09:36,273 root DEBUG iutctl.py                 112   send                      : sending frame '\x02\x03\x00\x07\x00\x00\x00\x12\x01\x02Q\xaa'
2016-07-19 16:09:36,273 root DEBUG btp.py                    1218  gatt_command_rsp_succ     : gatt_command_rsp_succ
2016-07-19 16:09:36,274 root DEBUG iutctl.py                 64    read                      : read
2016-07-19 16:09:36,276 root DEBUG btpparser.py              39    dec_hdr                   : dec_hdr, bytearray(b'\x02\x03\x00\x02\x00')
2016-07-19 16:09:36,277 root DEBUG iutctl.py                 78    read                      : Received: hdr: header(svc_id=2, op=3, ctrl_index=0, data_len=2) bytearray(b'\x02\x03\x00\x02\x00')
2016-07-19 16:09:36,277 root DEBUG btpparser.py              49    dec_data                  : dec_data, bytearray(b'\x00\x00')
2016-07-19 16:09:36,277 root DEBUG iutctl.py                 91    read                      : Received data: ('\x00\x00',), bytearray(b'\x00\x00')
2016-07-19 16:09:36,278 root DEBUG btp.py                    1223  gatt_command_rsp_succ     : received header(svc_id=2, op=3, ctrl_index=0, data_len=2) ('\x00\x00',)
2016-07-19 16:09:36,278 root DEBUG testcase.py               201   start                     : Starting test function: ptsprojects.testcase.TestFunc <function gatts_set_val at 0x7fc1847bb758> None None (0, '00') {}
2016-07-19 16:09:36,278 root DEBUG testcase.py               209   start                     : Test function parameters: args=(0, '00'), kwds={}
2016-07-19 16:09:36,278 root DEBUG btp.py                    657   gatts_set_val             : gatts_set_val 0 '00' 
2016-07-19 16:09:36,278 root DEBUG iutctl.py                 98    send                      : send, 2 6 0 bytearray(b'\x00\x00\x01\x00\x00')
2016-07-19 16:09:36,278 root DEBUG iutctl.py                 108   send                      : btpclient command: send 2 6 0 0000010000
2016-07-19 16:09:36,278 root DEBUG btpparser.py              59    enc_frame                 : enc_frame, 2 6 0 bytearray(b'\x00\x00\x01\x00\x00')
2016-07-19 16:09:36,279 root DEBUG iutctl.py                 112   send                      : sending frame '\x02\x06\x00\x05\x00\x00\x00\x01\x00\x00'
2016-07-19 16:09:36,279 root DEBUG btp.py                    1218  gatt_command_rsp_succ     : gatt_command_rsp_succ
2016-07-19 16:09:36,279 root DEBUG iutctl.py                 64    read                      : read
2016-07-19 16:09:36,281 root DEBUG btpparser.py              39    dec_hdr                   : dec_hdr, bytearray(b'\x02\x06\x00\x00\x00')
2016-07-19 16:09:36,282 root DEBUG iutctl.py                 78    read                      : Received: hdr: header(svc_id=2, op=6, ctrl_index=0, data_len=0) bytearray(b'\x02\x06\x00\x00\x00')
2016-07-19 16:09:36,282 root DEBUG btpparser.py              49    dec_data                  : dec_data, bytearray(b'')
2016-07-19 16:09:36,282 root DEBUG iutctl.py                 91    read                      : Received data: ('',), bytearray(b'')
2016-07-19 16:09:36,282 root DEBUG btp.py                    1223  gatt_command_rsp_succ     : received header(svc_id=2, op=6, ctrl_index=0, data_len=0) ('',)
2016-07-19 16:09:36,283 root DEBUG testcase.py               201   start                     : Starting test function: ptsprojects.testcase.TestFunc <function gatts_add_desc at 0x7fc1847bb7d0> None None (0, 3, '2902') {}
2016-07-19 16:09:36,283 root DEBUG testcase.py               209   start                     : Test function parameters: args=(0, 3, '2902'), kwds={}
2016-07-19 16:09:36,283 root DEBUG btp.py                    679   gatts_add_desc            : gatts_add_desc 0 3 '2902'
2016-07-19 16:09:36,283 root DEBUG iutctl.py                 98    send                      : send, 2 4 0 bytearray(b'\x00\x00\x03\x02\x02)')
2016-07-19 16:09:36,283 root DEBUG iutctl.py                 108   send                      : btpclient command: send 2 4 0 000003020229
2016-07-19 16:09:36,283 root DEBUG btpparser.py              59    enc_frame                 : enc_frame, 2 4 0 bytearray(b'\x00\x00\x03\x02\x02)')
2016-07-19 16:09:36,283 root DEBUG iutctl.py                 112   send                      : sending frame '\x02\x04\x00\x06\x00\x00\x00\x03\x02\x02)'
2016-07-19 16:09:36,283 root DEBUG btp.py                    1218  gatt_command_rsp_succ     : gatt_command_rsp_succ
2016-07-19 16:09:36,283 root DEBUG iutctl.py                 64    read                      : read
2016-07-19 16:09:36,286 root DEBUG btpparser.py              39    dec_hdr                   : dec_hdr, bytearray(b'\x02\x04\x00\x02\x00')
2016-07-19 16:09:36,287 root DEBUG iutctl.py                 78    read                      : Received: hdr: header(svc_id=2, op=4, ctrl_index=0, data_len=2) bytearray(b'\x02\x04\x00\x02\x00')
2016-07-19 16:09:36,287 root DEBUG btpparser.py              49    dec_data                  : dec_data, bytearray(b'\x00\x00')
2016-07-19 16:09:36,287 root DEBUG iutctl.py                 91    read                      : Received data: ('\x00\x00',), bytearray(b'\x00\x00')
2016-07-19 16:09:36,287 root DEBUG btp.py                    1223  gatt_command_rsp_succ     : received header(svc_id=2, op=4, ctrl_index=0, data_len=2) ('\x00\x00',)
2016-07-19 16:09:36,287 root DEBUG testcase.py               201   start                     : Starting test function: ptsprojects.testcase.TestFunc <function gatts_add_char at 0x7fc1847bb6e0> None None (0, 18, 1, 'AA52') {}
2016-07-19 16:09:36,288 root DEBUG testcase.py               209   start                     : Test function parameters: args=(0, 18, 1, 'AA52'), kwds={}
2016-07-19 16:09:36,288 root DEBUG btp.py                    634   gatts_add_char            : gatts_add_char 0 18 1 'AA52'
2016-07-19 16:09:36,288 root DEBUG iutctl.py                 98    send                      : send, 2 3 0 bytearray(b'\x00\x00\x12\x01\x02R\xaa')
2016-07-19 16:09:36,288 root DEBUG iutctl.py                 108   send                      : btpclient command: send 2 3 0 000012010252aa
2016-07-19 16:09:36,288 root DEBUG btpparser.py              59    enc_frame                 : enc_frame, 2 3 0 bytearray(b'\x00\x00\x12\x01\x02R\xaa')
2016-07-19 16:09:36,288 root DEBUG iutctl.py                 112   send                      : sending frame '\x02\x03\x00\x07\x00\x00\x00\x12\x01\x02R\xaa'
2016-07-19 16:09:36,288 root DEBUG btp.py                    1218  gatt_command_rsp_succ     : gatt_command_rsp_succ
2016-07-19 16:09:36,288 root DEBUG iutctl.py                 64    read                      : read
2016-07-19 16:09:36,291 root DEBUG btpparser.py              39    dec_hdr                   : dec_hdr, bytearray(b'\x02\x03\x00\x02\x00')
2016-07-19 16:09:36,292 root DEBUG iutctl.py                 78    read                      : Received: hdr: header(svc_id=2, op=3, ctrl_index=0, data_len=2) bytearray(b'\x02\x03\x00\x02\x00')
2016-07-19 16:09:36,292 root DEBUG btpparser.py              49    dec_data                  : dec_data, bytearray(b'\x00\x00')
2016-07-19 16:09:36,292 root DEBUG iutctl.py                 91    read                      : Received data: ('\x00\x00',), bytearray(b'\x00\x00')
2016-07-19 16:09:36,292 root DEBUG btp.py                    1223  gatt_command_rsp_succ     : received header(svc_id=2, op=3, ctrl_index=0, data_len=2) ('\x00\x00',)
2016-07-19 16:09:36,293 root DEBUG testcase.py               201   start                     : Starting test function: ptsprojects.testcase.TestFunc <function gatts_start_server at 0x7fc1847bb848> None None () {}
2016-07-19 16:09:36,293 root DEBUG testcase.py               209   start                     : Test function parameters: args=(), kwds={}
2016-07-19 16:09:36,293 root DEBUG btp.py                    701   gatts_start_server        : gatts_start_server
2016-07-19 16:09:36,293 root DEBUG iutctl.py                 98    send                      : send, 2 7 0 ''
2016-07-19 16:09:36,293 root DEBUG iutctl.py                 108   send                      : btpclient command: send 2 7 0 
2016-07-19 16:09:36,293 root DEBUG btpparser.py              59    enc_frame                 : enc_frame, 2 7 0 ''
2016-07-19 16:09:36,293 root DEBUG iutctl.py                 112   send                      : sending frame '\x02\x07\x00\x00\x00'
2016-07-19 16:09:36,294 root DEBUG btp.py                    1218  gatt_command_rsp_succ     : gatt_command_rsp_succ
2016-07-19 16:09:36,294 root DEBUG iutctl.py                 64    read                      : read
2016-07-19 16:09:36,297 root DEBUG btpparser.py              39    dec_hdr                   : dec_hdr, bytearray(b'\x02\x07\x00\x03\x00')
2016-07-19 16:09:36,298 root DEBUG iutctl.py                 78    read                      : Received: hdr: header(svc_id=2, op=7, ctrl_index=0, data_len=3) bytearray(b'\x02\x07\x00\x03\x00')
2016-07-19 16:09:36,298 root DEBUG btpparser.py              49    dec_data                  : dec_data, bytearray(b'\xff\xff\x06')
2016-07-19 16:09:36,298 root DEBUG iutctl.py                 91    read                      : Received data: ('\xff\xff\x06',), bytearray(b'\xff\xff\x06')
2016-07-19 16:09:36,299 root DEBUG btp.py                    1223  gatt_command_rsp_succ     : received header(svc_id=2, op=7, ctrl_index=0, data_len=3) ('\xff\xff\x06',)
2016-07-19 16:09:45,314 ClientCallback.on_implicit_send INFO autoptsclient_common.py   116   on_implicit_send          : ********************
2016-07-19 16:09:45,315 ClientCallback.on_implicit_send INFO autoptsclient_common.py   117   on_implicit_send          : BEGIN OnImplicitSend:
2016-07-19 16:09:45,315 ClientCallback.on_implicit_send INFO autoptsclient_common.py   118   on_implicit_send          : project_name: GATT
2016-07-19 16:09:45,315 ClientCallback.on_implicit_send INFO autoptsclient_common.py   119   on_implicit_send          : wid: 1
2016-07-19 16:09:45,315 ClientCallback.on_implicit_send INFO autoptsclient_common.py   120   on_implicit_send          : test_case_name: TC_GAN_SR_BV_01_C
2016-07-19 16:09:45,315 ClientCallback.on_implicit_send INFO autoptsclient_common.py   121   on_implicit_send          : description: Please prepare IUT into a connectable mode.

Description: Verify that the Implementation Under Test (IUT) can accept GATT connect request from PTS.
2016-07-19 16:09:45,315 ClientCallback.on_implicit_send INFO autoptsclient_common.py   122   on_implicit_send          : style: MMI_Style_Ok_Cancel2 0x11141
2016-07-19 16:09:45,316 ClientCallback.on_implicit_send INFO autoptsclient_common.py   124   on_implicit_send          : response: 3653148 <type 'int'> 34093368
2016-07-19 16:09:45,316 ClientCallback.on_implicit_send INFO autoptsclient_common.py   125   on_implicit_send          : response_size: 2048
2016-07-19 16:09:45,316 ClientCallback.on_implicit_send INFO autoptsclient_common.py   127   on_implicit_send          : response_is_present: 0 <type 'int'>
2016-07-19 16:09:45,316 ClientCallback.on_implicit_send INFO autoptsclient_common.py   131   on_implicit_send          : Calling test cases on_implicit_send
2016-07-19 16:09:45,316 root DEBUG testcase.py               467   on_implicit_send          : GATT TC_GAN_SR_BV_01_C on_implicit_send
2016-07-19 16:09:45,316 root DEBUG testcase.py               201   start                     : Starting test function: ptsprojects.testcase.TestFunc <function gap_adv_ind_on at 0x7fc1847a3b90> 1 None () {}
2016-07-19 16:09:45,317 root DEBUG testcase.py               209   start                     : Test function parameters: args=(), kwds={}
2016-07-19 16:09:45,317 root DEBUG btp.py                    268   gap_adv_ind_on            : gap_adv_ind_on None None
2016-07-19 16:09:45,317 root DEBUG iutctl.py                 98    send                      : send, 1 10 0 bytearray(b'\x00\x00')
2016-07-19 16:09:45,317 root DEBUG iutctl.py                 108   send                      : btpclient command: send 1 10 0 0000
2016-07-19 16:09:45,317 root DEBUG btpparser.py              59    enc_frame                 : enc_frame, 1 10 0 bytearray(b'\x00\x00')
2016-07-19 16:09:45,318 root DEBUG iutctl.py                 112   send                      : sending frame '\x01\n\x00\x02\x00\x00\x00'
2016-07-19 16:09:45,318 root DEBUG btp.py                    588   gap_command_rsp_succ      : gap_command_rsp_succ
2016-07-19 16:09:45,318 root DEBUG iutctl.py                 64    read                      : read
2016-07-19 16:09:45,322 root DEBUG btpparser.py              39    dec_hdr                   : dec_hdr, bytearray(b'\x01\n\x00\x04\x00')
2016-07-19 16:09:45,324 root DEBUG iutctl.py                 78    read                      : Received: hdr: header(svc_id=1, op=10, ctrl_index=0, data_len=4) bytearray(b'\x01\n\x00\x04\x00')
2016-07-19 16:09:45,324 root DEBUG btpparser.py              49    dec_data                  : dec_data, bytearray(b'\x13\x06\x00\x00')
2016-07-19 16:09:45,324 root DEBUG iutctl.py                 91    read                      : Received data: ('\x13\x06\x00\x00',), bytearray(b'\x13\x06\x00\x00')
2016-07-19 16:09:45,324 root DEBUG btp.py                    593   gap_command_rsp_succ      : received header(svc_id=1, op=10, ctrl_index=0, data_len=4) ('\x13\x06\x00\x00',)
2016-07-19 16:09:45,324 root DEBUG testcase.py               494   on_implicit_send          : Sending response 'OK'
2016-07-19 16:09:45,325 ClientCallback.on_implicit_send INFO autoptsclient_common.py   143   on_implicit_send          : test case returned on_implicit_send, response: OK
2016-07-19 16:09:45,325 ClientCallback.on_implicit_send INFO autoptsclient_common.py   151   on_implicit_send          : END OnImplicitSend:
2016-07-19 16:09:45,325 ClientCallback.on_implicit_send INFO autoptsclient_common.py   152   on_implicit_send          : ********************
2016-07-19 16:09:46,228 ClientCallback.on_implicit_send INFO autoptsclient_common.py   116   on_implicit_send          : ********************
2016-07-19 16:09:46,229 ClientCallback.on_implicit_send INFO autoptsclient_common.py   117   on_implicit_send          : BEGIN OnImplicitSend:
2016-07-19 16:09:46,229 ClientCallback.on_implicit_send INFO autoptsclient_common.py   118   on_implicit_send          : project_name: GATT
2016-07-19 16:09:46,229 ClientCallback.on_implicit_send INFO autoptsclient_common.py   119   on_implicit_send          : wid: 92
2016-07-19 16:09:46,229 ClientCallback.on_implicit_send INFO autoptsclient_common.py   120   on_implicit_send          : test_case_name: TC_GAN_SR_BV_01_C
2016-07-19 16:09:46,229 ClientCallback.on_implicit_send INFO autoptsclient_common.py   121   on_implicit_send          : description: Please send an Handle Value Notification handle = '000E'O after enabled by the PTS.

Description: Verify that the Implementation Under Test (IUT) can send handle value notification to the PTS.
2016-07-19 16:09:46,229 ClientCallback.on_implicit_send INFO autoptsclient_common.py   122   on_implicit_send          : style: MMI_Style_Ok 0x11040
2016-07-19 16:09:46,230 ClientCallback.on_implicit_send INFO autoptsclient_common.py   124   on_implicit_send          : response: 3653148 <type 'int'> 34093368
2016-07-19 16:09:46,230 ClientCallback.on_implicit_send INFO autoptsclient_common.py   125   on_implicit_send          : response_size: 2048
2016-07-19 16:09:46,230 ClientCallback.on_implicit_send INFO autoptsclient_common.py   127   on_implicit_send          : response_is_present: 0 <type 'int'>
2016-07-19 16:09:46,230 ClientCallback.on_implicit_send INFO autoptsclient_common.py   131   on_implicit_send          : Calling test cases on_implicit_send
2016-07-19 16:09:46,230 root DEBUG testcase.py               467   on_implicit_send          : GATT TC_GAN_SR_BV_01_C on_implicit_send
2016-07-19 16:09:46,230 root DEBUG testcase.py               201   start                     : Starting test function: ptsprojects.testcase.TestFunc <function gap_connected_ev at 0x7fc1847a3c80> 92 None ('00:1B:DC:E0:37:6C', 0) {}
2016-07-19 16:09:46,230 root DEBUG testcase.py               209   start                     : Test function parameters: args=('00:1B:DC:E0:37:6C', 0), kwds={}
2016-07-19 16:09:46,231 root DEBUG btp.py                    309   gap_connected_ev          : gap_connected_ev '00:1B:DC:E0:37:6C' 0
2016-07-19 16:09:46,231 root DEBUG iutctl.py                 64    read                      : read
2016-07-19 16:09:46,231 root DEBUG btpparser.py              39    dec_hdr                   : dec_hdr, bytearray(b'\x01\x82\x00\x07\x00')
2016-07-19 16:09:46,232 root DEBUG iutctl.py                 78    read                      : Received: hdr: header(svc_id=1, op=130, ctrl_index=0, data_len=7) bytearray(b'\x01\x82\x00\x07\x00')
2016-07-19 16:09:46,232 root DEBUG btpparser.py              49    dec_data                  : dec_data, bytearray(b'l7\xe0\xdc\x1b\x00\x00')
2016-07-19 16:09:46,232 root DEBUG iutctl.py                 91    read                      : Received data: ('l7\xe0\xdc\x1b\x00\x00',), bytearray(b'l7\xe0\xdc\x1b\x00\x00')
2016-07-19 16:09:46,233 root DEBUG btp.py                    313   gap_connected_ev          : received header(svc_id=1, op=130, ctrl_index=0, data_len=7) ('l7\xe0\xdc\x1b\x00\x00',)
2016-07-19 16:09:46,233 root DEBUG testcase.py               201   start                     : Starting test function: ptsprojects.testcase.TestFunc <built-in function sleep> 92 None (1,) {}
2016-07-19 16:09:46,233 root DEBUG testcase.py               209   start                     : Test function parameters: args=(1,), kwds={}
2016-07-19 16:09:47,234 root DEBUG testcase.py               201   start                     : Starting test function: ptsprojects.testcase.TestFunc <function gatts_set_val at 0x7fc1847bb758> 92 None (11, '01') {}
2016-07-19 16:09:47,234 root DEBUG testcase.py               209   start                     : Test function parameters: args=(11, '01'), kwds={}
2016-07-19 16:09:47,235 root DEBUG btp.py                    657   gatts_set_val             : gatts_set_val 11 '01' 
2016-07-19 16:09:47,235 root DEBUG iutctl.py                 98    send                      : send, 2 6 0 bytearray(b'\x0b\x00\x01\x00\x01')
2016-07-19 16:09:47,235 root DEBUG iutctl.py                 108   send                      : btpclient command: send 2 6 0 0b00010001
2016-07-19 16:09:47,235 root DEBUG btpparser.py              59    enc_frame                 : enc_frame, 2 6 0 bytearray(b'\x0b\x00\x01\x00\x01')
2016-07-19 16:09:47,235 root DEBUG iutctl.py                 112   send                      : sending frame '\x02\x06\x00\x05\x00\x0b\x00\x01\x00\x01'
2016-07-19 16:09:47,236 root DEBUG btp.py                    1218  gatt_command_rsp_succ     : gatt_command_rsp_succ
2016-07-19 16:09:47,236 root DEBUG iutctl.py                 64    read                      : read
2016-07-19 16:09:47,239 root DEBUG btpparser.py              39    dec_hdr                   : dec_hdr, bytearray(b'\x02\x06\x00\x00\x00')
2016-07-19 16:09:47,240 root DEBUG iutctl.py                 78    read                      : Received: hdr: header(svc_id=2, op=6, ctrl_index=0, data_len=0) bytearray(b'\x02\x06\x00\x00\x00')
2016-07-19 16:09:47,241 root DEBUG btpparser.py              49    dec_data                  : dec_data, bytearray(b'')
2016-07-19 16:09:47,241 root DEBUG iutctl.py                 91    read                      : Received data: ('',), bytearray(b'')
2016-07-19 16:09:47,241 root DEBUG btp.py                    1223  gatt_command_rsp_succ     : received header(svc_id=2, op=6, ctrl_index=0, data_len=0) ('',)
2016-07-19 16:09:47,241 root DEBUG testcase.py               494   on_implicit_send          : Sending response 'OK'
2016-07-19 16:09:47,242 ClientCallback.on_implicit_send INFO autoptsclient_common.py   143   on_implicit_send          : test case returned on_implicit_send, response: OK
2016-07-19 16:09:47,242 ClientCallback.on_implicit_send INFO autoptsclient_common.py   151   on_implicit_send          : END OnImplicitSend:
2016-07-19 16:09:47,242 ClientCallback.on_implicit_send INFO autoptsclient_common.py   152   on_implicit_send          : ********************
2016-07-19 16:09:49,428 ClientCallback.log INFO autoptsclient_common.py   82    log                       : PTS_LOGTYPE_START_TEST Start Test Case 

+609 ms
 TC_GAN_SR_BV_01_C

2016-07-19 16:09:49,428 root DEBUG testcase.py               358   log                       : New status GATT TC_GAN_SR_BV_01_C - Started
2016-07-19 16:09:49,576 ClientCallback.log INFO autoptsclient_common.py   82    log                       : PTS_LOGTYPE_FINAL_VERDICT Final Verdict 

+8970 ms
 PASS

2016-07-19 16:09:49,577 root DEBUG testcase.py               358   log                       : New status GATT TC_GAN_SR_BV_01_C - PASS
2016-07-19 16:09:49,583 ClientCallback.log INFO autoptsclient_common.py   82    log                       : PTS_LOGTYPE_FINAL_VERDICT Encrypted Verdict 

+8970 ms
 A1#MGRiZWU5NTg3ODdmM2U2NGZiMTg5OGE5ZGFjNDUzZmM0ZjMzNDc1NDRiMGRhYzhlZTA0NmUxMjMxMTY1OGUyMQ==#lM1Rg2YSrErGtJYTJIiIzo7ZkiZgOyTa/U7BByYV9tzua+FWz197Gd43nADPsP0N

2016-07-19 16:09:49,621 ClientCallback.log INFO autoptsclient_common.py   82    log                       : PTS_LOGTYPE_END_TEST Test Case Ended 

+8970 ms
 TC_GAN_SR_BV_01_C

2016-07-19 16:09:49,743 root DEBUG testcase.py               518   post_run                  : post_run GATT TC_GAN_SR_BV_01_C 
2016-07-19 16:09:49,743 root DEBUG testcase.py               201   start                     : Starting test function: ptsprojects.testcase.TestFuncCleanUp <bound method ZephyrCtl.stop of <ptsprojects.zephyr.iutctl.ZephyrCtl instance at 0x7fc1847d23f8>> None None () {}
2016-07-19 16:09:49,743 root DEBUG testcase.py               209   start                     : Test function parameters: args=(), kwds={}
2016-07-19 16:09:49,743 root DEBUG iutctl.py                 207   stop                      : ptsprojects.zephyr.iutctl.ZephyrCtl.stop
2016-07-19 16:09:52,747 root DEBUG autoptsclient_common.py   395   run_test_case             : Done TestCase wrapper GATT TC_GAN_SR_BV_01_C
