2016-07-19 16:30:54,211 root DEBUG autoptsclient_common.py   349   run_test_case             : Starting TestCase wrapper GATT TC_GAR_CL_BI_30_C
2016-07-19 16:30:54,211 root DEBUG testcase.py               499   pre_run                   : pre_run GATT TC_GAR_CL_BI_30_C
2016-07-19 16:30:54,211 root DEBUG testcase.py               502   pre_run                   : About to run test case GATT TC_GAR_CL_BI_30_C with commands:
2016-07-19 16:30:54,212 root DEBUG testcase.py               504   pre_run                   : 0) ptsprojects.testcase.TestFunc <bound method ZephyrCtl.start of <ptsprojects.zephyr.iutctl.ZephyrCtl instance at 0x7f3adf2df3f8>> None None () {}
2016-07-19 16:30:54,212 root DEBUG testcase.py               504   pre_run                   : 1) ptsprojects.testcase.TestFunc <function core_reg_svc_gap at 0x7f3adf2b0a28> None None () {}
2016-07-19 16:30:54,212 root DEBUG testcase.py               504   pre_run                   : 2) ptsprojects.testcase.TestFunc <function core_reg_svc_gatts at 0x7f3adf2b0aa0> None None () {}
2016-07-19 16:30:54,212 root DEBUG testcase.py               504   pre_run                   : 3) ptsprojects.testcase.TestFunc <function gap_conn at 0x7f3adf2b0cf8> 2 None ('00:1B:DC:E0:37:6C', 0) {}
2016-07-19 16:30:54,212 root DEBUG testcase.py               504   pre_run                   : 4) ptsprojects.testcase.TestFunc <function gap_connected_ev at 0x7f3adf2b0c80> 2 None ('00:1B:DC:E0:37:6C', 0) {}
2016-07-19 16:30:54,212 root DEBUG testcase.py               504   pre_run                   : 5) ptsprojects.testcase.TestFunc <function gattc_read at 0x7f3adf2c8cf8> 58 None (0, '00:1B:DC:E0:37:6C', 'MMI_arg_value_1') {}
2016-07-19 16:30:54,212 root DEBUG testcase.py               504   pre_run                   : 6) ptsprojects.testcase.TestFunc <function gattc_read_rsp at 0x7f3adf2c98c0> 58 None () {'store_rsp': True}
2016-07-19 16:30:54,212 root DEBUG testcase.py               504   pre_run                   : 7) ptsprojects.testcase.TestFunc <function gap_disconn at 0x7f3adf2b0de8> 3 None ('00:1B:DC:E0:37:6C', 0) {}
2016-07-19 16:30:54,212 root DEBUG testcase.py               504   pre_run                   : 8) ptsprojects.testcase.TestFunc <function gap_disconnected_ev at 0x7f3adf2b0d70> 3 None ('00:1B:DC:E0:37:6C', 0) {}
2016-07-19 16:30:54,212 root DEBUG testcase.py               504   pre_run                   : 9) ptsprojects.testcase.TestFuncCleanUp <bound method ZephyrCtl.stop of <ptsprojects.zephyr.iutctl.ZephyrCtl instance at 0x7f3adf2df3f8>> None None () {}
2016-07-19 16:30:54,212 root DEBUG testcase.py               201   start                     : Starting test function: ptsprojects.testcase.TestFunc <bound method ZephyrCtl.start of <ptsprojects.zephyr.iutctl.ZephyrCtl instance at 0x7f3adf2df3f8>> None None () {}
2016-07-19 16:30:54,213 root DEBUG testcase.py               209   start                     : Test function parameters: args=(), kwds={}
2016-07-19 16:30:54,213 root DEBUG iutctl.py                 173   start                     : ptsprojects.zephyr.iutctl.ZephyrCtl.start
2016-07-19 16:30:54,213 root DEBUG iutctl.py                 160   reset_board               : About to reset DUT: "/home/skamrmar/bin/zflash/openocd/bin/openocd -s /home/skamrmar/bin/zflash/openocd/share/scripts -f /home/skamrmar/bin/zflash/boards/mountatlas/openocd.cfg -c 'init' -c 'reset run' -c 'shutdown'"
2016-07-19 16:30:56,214 root DEBUG iutctl.py                 184   start                     : Starting socat process: socat -x -v /dev/ttyUSB1,raw,b115200 UNIX-CONNECT:/tmp/bt-stack-tester
2016-07-19 16:30:56,217 root DEBUG iutctl.py                 56    accept                    : accept
2016-07-19 16:30:56,220 root DEBUG testcase.py               201   start                     : Starting test function: ptsprojects.testcase.TestFunc <function core_reg_svc_gap at 0x7f3adf2b0a28> None None () {}
2016-07-19 16:30:56,220 root DEBUG testcase.py               209   start                     : Test function parameters: args=(), kwds={}
2016-07-19 16:30:56,221 root DEBUG btp.py                    226   core_reg_svc_gap          : core_reg_svc_gap
2016-07-19 16:30:56,221 root DEBUG iutctl.py                 98    send                      : send, 0 3 255 1
2016-07-19 16:30:56,221 root DEBUG iutctl.py                 108   send                      : btpclient command: send 0 3 255 01
2016-07-19 16:30:56,221 root DEBUG btpparser.py              59    enc_frame                 : enc_frame, 0 3 255 '\x01'
2016-07-19 16:30:56,221 root DEBUG iutctl.py                 112   send                      : sending frame '\x00\x03\xff\x01\x00\x01'
2016-07-19 16:30:57,768 root DEBUG btp.py                    246   core_reg_svc_rsp_succ     : core_reg_svc_rsp_succ
2016-07-19 16:30:57,769 root DEBUG iutctl.py                 64    read                      : read
2016-07-19 16:30:57,839 root DEBUG btpparser.py              39    dec_hdr                   : dec_hdr, bytearray(b'\x00\x03\xff\x00\x00')
2016-07-19 16:30:57,840 root DEBUG iutctl.py                 78    read                      : Received: hdr: header(svc_id=0, op=3, ctrl_index=255, data_len=0) bytearray(b'\x00\x03\xff\x00\x00')
2016-07-19 16:30:57,841 root DEBUG btpparser.py              49    dec_data                  : dec_data, bytearray(b'')
2016-07-19 16:30:57,841 root DEBUG iutctl.py                 91    read                      : Received data: ('',), bytearray(b'')
2016-07-19 16:30:57,841 root DEBUG btp.py                    257   core_reg_svc_rsp_succ     : received header(svc_id=0, op=3, ctrl_index=255, data_len=0) ('',)
2016-07-19 16:30:57,841 root DEBUG btp.py                    258   core_reg_svc_rsp_succ     : expected ((0, 3, 255, 0), ('',))
2016-07-19 16:30:57,841 root DEBUG btp.py                    264   core_reg_svc_rsp_succ     : response is valid
2016-07-19 16:30:57,841 root DEBUG testcase.py               201   start                     : Starting test function: ptsprojects.testcase.TestFunc <function core_reg_svc_gatts at 0x7f3adf2b0aa0> None None () {}
2016-07-19 16:30:57,841 root DEBUG testcase.py               209   start                     : Test function parameters: args=(), kwds={}
2016-07-19 16:30:57,841 root DEBUG btp.py                    237   core_reg_svc_gatts        : core_reg_svc_gatts
2016-07-19 16:30:57,841 root DEBUG iutctl.py                 98    send                      : send, 0 3 255 2
2016-07-19 16:30:57,842 root DEBUG iutctl.py                 108   send                      : btpclient command: send 0 3 255 02
2016-07-19 16:30:57,842 root DEBUG btpparser.py              59    enc_frame                 : enc_frame, 0 3 255 '\x02'
2016-07-19 16:30:57,842 root DEBUG iutctl.py                 112   send                      : sending frame '\x00\x03\xff\x01\x00\x02'
2016-07-19 16:30:57,842 root DEBUG btp.py                    246   core_reg_svc_rsp_succ     : core_reg_svc_rsp_succ
2016-07-19 16:30:57,842 root DEBUG iutctl.py                 64    read                      : read
2016-07-19 16:30:57,844 root DEBUG btpparser.py              39    dec_hdr                   : dec_hdr, bytearray(b'\x00\x03\xff\x00\x00')
2016-07-19 16:30:57,845 root DEBUG iutctl.py                 78    read                      : Received: hdr: header(svc_id=0, op=3, ctrl_index=255, data_len=0) bytearray(b'\x00\x03\xff\x00\x00')
2016-07-19 16:30:57,845 root DEBUG btpparser.py              49    dec_data                  : dec_data, bytearray(b'')
2016-07-19 16:30:57,845 root DEBUG iutctl.py                 91    read                      : Received data: ('',), bytearray(b'')
2016-07-19 16:30:57,845 root DEBUG btp.py                    257   core_reg_svc_rsp_succ     : received header(svc_id=0, op=3, ctrl_index=255, data_len=0) ('',)
2016-07-19 16:30:57,845 root DEBUG btp.py                    258   core_reg_svc_rsp_succ     : expected ((0, 3, 255, 0), ('',))
2016-07-19 16:30:57,845 root DEBUG btp.py                    264   core_reg_svc_rsp_succ     : response is valid
2016-07-19 16:31:06,829 ClientCallback.on_implicit_send INFO autoptsclient_common.py   116   on_implicit_send          : ********************
2016-07-19 16:31:06,829 ClientCallback.on_implicit_send INFO autoptsclient_common.py   117   on_implicit_send          : BEGIN OnImplicitSend:
2016-07-19 16:31:06,830 ClientCallback.on_implicit_send INFO autoptsclient_common.py   118   on_implicit_send          : project_name: GATT
2016-07-19 16:31:06,830 ClientCallback.on_implicit_send INFO autoptsclient_common.py   119   on_implicit_send          : wid: 2
2016-07-19 16:31:06,830 ClientCallback.on_implicit_send INFO autoptsclient_common.py   120   on_implicit_send          : test_case_name: TC_GAR_CL_BI_30_C
2016-07-19 16:31:06,830 ClientCallback.on_implicit_send INFO autoptsclient_common.py   121   on_implicit_send          : description: Please initiate a GATT connection to the PTS.

Description: Verify that the Implementation Under Test (IUT) can initiate GATT connect request to PTS.
2016-07-19 16:31:06,830 ClientCallback.on_implicit_send INFO autoptsclient_common.py   122   on_implicit_send          : style: MMI_Style_Ok_Cancel2 0x11141
2016-07-19 16:31:06,830 ClientCallback.on_implicit_send INFO autoptsclient_common.py   124   on_implicit_send          : response: 3653140 <type 'int'> 11126072
2016-07-19 16:31:06,830 ClientCallback.on_implicit_send INFO autoptsclient_common.py   125   on_implicit_send          : response_size: 2048
2016-07-19 16:31:06,831 ClientCallback.on_implicit_send INFO autoptsclient_common.py   127   on_implicit_send          : response_is_present: 0 <type 'int'>
2016-07-19 16:31:06,831 ClientCallback.on_implicit_send INFO autoptsclient_common.py   131   on_implicit_send          : Calling test cases on_implicit_send
2016-07-19 16:31:06,831 root DEBUG testcase.py               467   on_implicit_send          : GATT TC_GAR_CL_BI_30_C on_implicit_send
2016-07-19 16:31:06,831 root DEBUG testcase.py               201   start                     : Starting test function: ptsprojects.testcase.TestFunc <function gap_conn at 0x7f3adf2b0cf8> 2 None ('00:1B:DC:E0:37:6C', 0) {}
2016-07-19 16:31:06,831 root DEBUG testcase.py               209   start                     : Test function parameters: args=('00:1B:DC:E0:37:6C', 0), kwds={}
2016-07-19 16:31:06,831 root DEBUG btp.py                    329   gap_conn                  : gap_conn '00:1B:DC:E0:37:6C' 0
2016-07-19 16:31:06,832 root DEBUG iutctl.py                 98    send                      : send, 1 14 0 bytearray(b'\x00l7\xe0\xdc\x1b\x00')
2016-07-19 16:31:06,832 root DEBUG iutctl.py                 108   send                      : btpclient command: send 1 14 0 006c37e0dc1b00
2016-07-19 16:31:06,832 root DEBUG btpparser.py              59    enc_frame                 : enc_frame, 1 14 0 bytearray(b'\x00l7\xe0\xdc\x1b\x00')
2016-07-19 16:31:06,832 root DEBUG iutctl.py                 112   send                      : sending frame '\x01\x0e\x00\x07\x00\x00l7\xe0\xdc\x1b\x00'
2016-07-19 16:31:06,832 root DEBUG btp.py                    588   gap_command_rsp_succ      : gap_command_rsp_succ
2016-07-19 16:31:06,832 root DEBUG iutctl.py                 64    read                      : read
2016-07-19 16:31:06,835 root DEBUG btpparser.py              39    dec_hdr                   : dec_hdr, bytearray(b'\x01\x0e\x00\x00\x00')
2016-07-19 16:31:06,836 root DEBUG iutctl.py                 78    read                      : Received: hdr: header(svc_id=1, op=14, ctrl_index=0, data_len=0) bytearray(b'\x01\x0e\x00\x00\x00')
2016-07-19 16:31:06,836 root DEBUG btpparser.py              49    dec_data                  : dec_data, bytearray(b'')
2016-07-19 16:31:06,837 root DEBUG iutctl.py                 91    read                      : Received data: ('',), bytearray(b'')
2016-07-19 16:31:06,837 root DEBUG btp.py                    593   gap_command_rsp_succ      : received header(svc_id=1, op=14, ctrl_index=0, data_len=0) ('',)
2016-07-19 16:31:06,837 root DEBUG testcase.py               201   start                     : Starting test function: ptsprojects.testcase.TestFunc <function gap_connected_ev at 0x7f3adf2b0c80> 2 None ('00:1B:DC:E0:37:6C', 0) {}
2016-07-19 16:31:06,837 root DEBUG testcase.py               209   start                     : Test function parameters: args=('00:1B:DC:E0:37:6C', 0), kwds={}
2016-07-19 16:31:06,837 root DEBUG btp.py                    309   gap_connected_ev          : gap_connected_ev '00:1B:DC:E0:37:6C' 0
2016-07-19 16:31:06,838 root DEBUG iutctl.py                 64    read                      : read
2016-07-19 16:31:07,985 root DEBUG btpparser.py              39    dec_hdr                   : dec_hdr, bytearray(b'\x01\x82\x00\x07\x00')
2016-07-19 16:31:07,986 root DEBUG iutctl.py                 78    read                      : Received: hdr: header(svc_id=1, op=130, ctrl_index=0, data_len=7) bytearray(b'\x01\x82\x00\x07\x00')
2016-07-19 16:31:07,986 root DEBUG btpparser.py              49    dec_data                  : dec_data, bytearray(b'l7\xe0\xdc\x1b\x00\x00')
2016-07-19 16:31:07,986 root DEBUG iutctl.py                 91    read                      : Received data: ('l7\xe0\xdc\x1b\x00\x00',), bytearray(b'l7\xe0\xdc\x1b\x00\x00')
2016-07-19 16:31:07,987 root DEBUG btp.py                    313   gap_connected_ev          : received header(svc_id=1, op=130, ctrl_index=0, data_len=7) ('l7\xe0\xdc\x1b\x00\x00',)
2016-07-19 16:31:07,987 root DEBUG testcase.py               494   on_implicit_send          : Sending response 'OK'
2016-07-19 16:31:07,987 ClientCallback.on_implicit_send INFO autoptsclient_common.py   143   on_implicit_send          : test case returned on_implicit_send, response: OK
2016-07-19 16:31:07,987 ClientCallback.on_implicit_send INFO autoptsclient_common.py   151   on_implicit_send          : END OnImplicitSend:
2016-07-19 16:31:07,988 ClientCallback.on_implicit_send INFO autoptsclient_common.py   152   on_implicit_send          : ********************
2016-07-19 16:31:07,999 ClientCallback.on_implicit_send INFO autoptsclient_common.py   116   on_implicit_send          : ********************
2016-07-19 16:31:08,000 ClientCallback.on_implicit_send INFO autoptsclient_common.py   117   on_implicit_send          : BEGIN OnImplicitSend:
2016-07-19 16:31:08,000 ClientCallback.on_implicit_send INFO autoptsclient_common.py   118   on_implicit_send          : project_name: GATT
2016-07-19 16:31:08,000 ClientCallback.on_implicit_send INFO autoptsclient_common.py   119   on_implicit_send          : wid: 58
2016-07-19 16:31:08,000 ClientCallback.on_implicit_send INFO autoptsclient_common.py   120   on_implicit_send          : test_case_name: TC_GAR_CL_BI_30_C
2016-07-19 16:31:08,000 ClientCallback.on_implicit_send INFO autoptsclient_common.py   121   on_implicit_send          : description: Please send read characteristic descriptor handle = '01D6'O to the PTS.

Description: Verify that the Implementation Under Test (IUT) can send Read characteristic descriptor.
2016-07-19 16:31:08,000 ClientCallback.on_implicit_send INFO autoptsclient_common.py   122   on_implicit_send          : style: MMI_Style_Ok_Cancel2 0x11141
2016-07-19 16:31:08,001 ClientCallback.on_implicit_send INFO autoptsclient_common.py   124   on_implicit_send          : response: 3653140 <type 'int'> 11126072
2016-07-19 16:31:08,001 ClientCallback.on_implicit_send INFO autoptsclient_common.py   125   on_implicit_send          : response_size: 2048
2016-07-19 16:31:08,001 ClientCallback.on_implicit_send INFO autoptsclient_common.py   127   on_implicit_send          : response_is_present: 0 <type 'int'>
2016-07-19 16:31:08,001 ClientCallback.on_implicit_send INFO autoptsclient_common.py   131   on_implicit_send          : Calling test cases on_implicit_send
2016-07-19 16:31:08,001 root DEBUG testcase.py               467   on_implicit_send          : GATT TC_GAR_CL_BI_30_C on_implicit_send
2016-07-19 16:31:08,001 root DEBUG testcase.py               59    parse_description         : parse_description "Please send read characteristic descriptor handle = '01D6'O to the PTS.\n\nDescription: Verify that the Implementation Under Test (IUT) can send Read characteristic descriptor."
2016-07-19 16:31:08,002 root DEBUG testcase.py               63    parse_description         : Parse result: ['01D6']
2016-07-19 16:31:08,002 root DEBUG testcase.py               201   start                     : Starting test function: ptsprojects.testcase.TestFunc <function gattc_read at 0x7f3adf2c8cf8> 58 None (0, '00:1B:DC:E0:37:6C', 'MMI_arg_value_1') {}
2016-07-19 16:31:08,002 root DEBUG testcase.py               78    process_args              : process_args: (0, '00:1B:DC:E0:37:6C', 'MMI_arg_value_1')
2016-07-19 16:31:08,002 root DEBUG testcase.py               79    process_args              : MMI.args now ['01D6']
2016-07-19 16:31:08,002 root DEBUG testcase.py               93    process_args              : returning (0, '00:1B:DC:E0:37:6C', '01D6')
2016-07-19 16:31:08,002 root DEBUG testcase.py               209   start                     : Test function parameters: args=(0, '00:1B:DC:E0:37:6C', '01D6'), kwds={}
2016-07-19 16:31:08,003 root DEBUG btp.py                    956   gattc_read                : gattc_read 0 '00:1B:DC:E0:37:6C' '01D6'
2016-07-19 16:31:08,003 root DEBUG iutctl.py                 98    send                      : send, 2 17 0 bytearray(b'\x00l7\xe0\xdc\x1b\x00\xd6\x01')
2016-07-19 16:31:08,003 root DEBUG iutctl.py                 108   send                      : btpclient command: send 2 17 0 006c37e0dc1b00d601
2016-07-19 16:31:08,003 root DEBUG btpparser.py              59    enc_frame                 : enc_frame, 2 17 0 bytearray(b'\x00l7\xe0\xdc\x1b\x00\xd6\x01')
2016-07-19 16:31:08,003 root DEBUG iutctl.py                 112   send                      : sending frame '\x02\x11\x00\t\x00\x00l7\xe0\xdc\x1b\x00\xd6\x01'
2016-07-19 16:31:08,003 root DEBUG testcase.py               201   start                     : Starting test function: ptsprojects.testcase.TestFunc <function gattc_read_rsp at 0x7f3adf2c98c0> 58 None () {'store_rsp': True}
2016-07-19 16:31:08,003 root DEBUG testcase.py               209   start                     : Test function parameters: args=(), kwds={'store_rsp': True}
2016-07-19 16:31:08,004 root DEBUG iutctl.py                 64    read                      : read
2016-07-19 16:31:08,135 root DEBUG btpparser.py              39    dec_hdr                   : dec_hdr, bytearray(b'\x02\x11\x00\x03\x00')
2016-07-19 16:31:08,137 root DEBUG iutctl.py                 78    read                      : Received: hdr: header(svc_id=2, op=17, ctrl_index=0, data_len=3) bytearray(b'\x02\x11\x00\x03\x00')
2016-07-19 16:31:08,137 root DEBUG btpparser.py              49    dec_data                  : dec_data, bytearray(b'\x01\x00\x00')
2016-07-19 16:31:08,137 root DEBUG iutctl.py                 91    read                      : Received data: ('\x01\x00\x00',), bytearray(b'\x01\x00\x00')
2016-07-19 16:31:08,137 root DEBUG btp.py                    1586  gattc_read_rsp            : gattc_read_rsp received header(svc_id=2, op=17, ctrl_index=0, data_len=3) ('\x01\x00\x00',)
2016-07-19 16:31:08,138 root DEBUG btp.py                    1591  gattc_read_rsp            : gattc_read_rsp 1 ('',)
2016-07-19 16:31:08,138 root DEBUG testcase.py               494   on_implicit_send          : Sending response 'OK'
2016-07-19 16:31:08,138 ClientCallback.on_implicit_send INFO autoptsclient_common.py   143   on_implicit_send          : test case returned on_implicit_send, response: OK
2016-07-19 16:31:08,138 ClientCallback.on_implicit_send INFO autoptsclient_common.py   151   on_implicit_send          : END OnImplicitSend:
2016-07-19 16:31:08,139 ClientCallback.on_implicit_send INFO autoptsclient_common.py   152   on_implicit_send          : ********************
2016-07-19 16:31:08,148 ClientCallback.on_implicit_send INFO autoptsclient_common.py   116   on_implicit_send          : ********************
2016-07-19 16:31:08,149 ClientCallback.on_implicit_send INFO autoptsclient_common.py   117   on_implicit_send          : BEGIN OnImplicitSend:
2016-07-19 16:31:08,149 ClientCallback.on_implicit_send INFO autoptsclient_common.py   118   on_implicit_send          : project_name: GATT
2016-07-19 16:31:08,149 ClientCallback.on_implicit_send INFO autoptsclient_common.py   119   on_implicit_send          : wid: 3
2016-07-19 16:31:08,149 ClientCallback.on_implicit_send INFO autoptsclient_common.py   120   on_implicit_send          : test_case_name: TC_GAR_CL_BI_30_C
2016-07-19 16:31:08,149 ClientCallback.on_implicit_send INFO autoptsclient_common.py   121   on_implicit_send          : description: Please initiate a GATT disconnection to the PTS.

Description: Verify that the Implementation Under Test (IUT) can initiate GATT disconnect request to PTS
2016-07-19 16:31:08,149 ClientCallback.on_implicit_send INFO autoptsclient_common.py   122   on_implicit_send          : style: MMI_Style_Ok_Cancel2 0x11141
2016-07-19 16:31:08,150 ClientCallback.on_implicit_send INFO autoptsclient_common.py   124   on_implicit_send          : response: 3653140 <type 'int'> 11126072
2016-07-19 16:31:08,150 ClientCallback.on_implicit_send INFO autoptsclient_common.py   125   on_implicit_send          : response_size: 2048
2016-07-19 16:31:08,150 ClientCallback.on_implicit_send INFO autoptsclient_common.py   127   on_implicit_send          : response_is_present: 0 <type 'int'>
2016-07-19 16:31:08,150 ClientCallback.on_implicit_send INFO autoptsclient_common.py   131   on_implicit_send          : Calling test cases on_implicit_send
2016-07-19 16:31:08,150 root DEBUG testcase.py               467   on_implicit_send          : GATT TC_GAR_CL_BI_30_C on_implicit_send
2016-07-19 16:31:08,151 root DEBUG testcase.py               201   start                     : Starting test function: ptsprojects.testcase.TestFunc <function gap_disconn at 0x7f3adf2b0de8> 3 None ('00:1B:DC:E0:37:6C', 0) {}
2016-07-19 16:31:08,151 root DEBUG testcase.py               209   start                     : Test function parameters: args=('00:1B:DC:E0:37:6C', 0), kwds={}
2016-07-19 16:31:08,151 root DEBUG btp.py                    365   gap_disconn               : gap_disconn '00:1B:DC:E0:37:6C' 0
2016-07-19 16:31:08,151 root DEBUG iutctl.py                 98    send                      : send, 1 15 0 bytearray(b'\x00l7\xe0\xdc\x1b\x00')
2016-07-19 16:31:08,151 root DEBUG iutctl.py                 108   send                      : btpclient command: send 1 15 0 006c37e0dc1b00
2016-07-19 16:31:08,151 root DEBUG btpparser.py              59    enc_frame                 : enc_frame, 1 15 0 bytearray(b'\x00l7\xe0\xdc\x1b\x00')
2016-07-19 16:31:08,152 root DEBUG iutctl.py                 112   send                      : sending frame '\x01\x0f\x00\x07\x00\x00l7\xe0\xdc\x1b\x00'
2016-07-19 16:31:08,152 root DEBUG btp.py                    588   gap_command_rsp_succ      : gap_command_rsp_succ
2016-07-19 16:31:08,152 root DEBUG iutctl.py                 64    read                      : read
2016-07-19 16:31:08,155 root DEBUG btpparser.py              39    dec_hdr                   : dec_hdr, bytearray(b'\x01\x0f\x00\x00\x00')
2016-07-19 16:31:08,156 root DEBUG iutctl.py                 78    read                      : Received: hdr: header(svc_id=1, op=15, ctrl_index=0, data_len=0) bytearray(b'\x01\x0f\x00\x00\x00')
2016-07-19 16:31:08,157 root DEBUG btpparser.py              49    dec_data                  : dec_data, bytearray(b'')
2016-07-19 16:31:08,157 root DEBUG iutctl.py                 91    read                      : Received data: ('',), bytearray(b'')
2016-07-19 16:31:08,157 root DEBUG btp.py                    593   gap_command_rsp_succ      : received header(svc_id=1, op=15, ctrl_index=0, data_len=0) ('',)
2016-07-19 16:31:08,157 root DEBUG testcase.py               201   start                     : Starting test function: ptsprojects.testcase.TestFunc <function gap_disconnected_ev at 0x7f3adf2b0d70> 3 None ('00:1B:DC:E0:37:6C', 0) {}
2016-07-19 16:31:08,157 root DEBUG testcase.py               209   start                     : Test function parameters: args=('00:1B:DC:E0:37:6C', 0), kwds={}
2016-07-19 16:31:08,157 root DEBUG btp.py                    345   gap_disconnected_ev       : gap_disconnected_ev '00:1B:DC:E0:37:6C' 0
2016-07-19 16:31:08,158 root DEBUG iutctl.py                 64    read                      : read
2016-07-19 16:31:08,235 root DEBUG btpparser.py              39    dec_hdr                   : dec_hdr, bytearray(b'\x01\x83\x00\x07\x00')
2016-07-19 16:31:08,236 root DEBUG iutctl.py                 78    read                      : Received: hdr: header(svc_id=1, op=131, ctrl_index=0, data_len=7) bytearray(b'\x01\x83\x00\x07\x00')
2016-07-19 16:31:08,237 root DEBUG btpparser.py              49    dec_data                  : dec_data, bytearray(b'l7\xe0\xdc\x1b\x00\x00')
2016-07-19 16:31:08,237 root DEBUG iutctl.py                 91    read                      : Received data: ('l7\xe0\xdc\x1b\x00\x00',), bytearray(b'l7\xe0\xdc\x1b\x00\x00')
2016-07-19 16:31:08,237 root DEBUG btp.py                    349   gap_disconnected_ev       : received header(svc_id=1, op=131, ctrl_index=0, data_len=7) ('l7\xe0\xdc\x1b\x00\x00',)
2016-07-19 16:31:08,237 root DEBUG testcase.py               494   on_implicit_send          : Sending response 'OK'
2016-07-19 16:31:08,237 ClientCallback.on_implicit_send INFO autoptsclient_common.py   143   on_implicit_send          : test case returned on_implicit_send, response: OK
2016-07-19 16:31:08,238 ClientCallback.on_implicit_send INFO autoptsclient_common.py   151   on_implicit_send          : END OnImplicitSend:
2016-07-19 16:31:08,238 ClientCallback.on_implicit_send INFO autoptsclient_common.py   152   on_implicit_send          : ********************
2016-07-19 16:31:08,250 ClientCallback.on_implicit_send INFO autoptsclient_common.py   116   on_implicit_send          : ********************
2016-07-19 16:31:08,250 ClientCallback.on_implicit_send INFO autoptsclient_common.py   117   on_implicit_send          : BEGIN OnImplicitSend:
2016-07-19 16:31:08,250 ClientCallback.on_implicit_send INFO autoptsclient_common.py   118   on_implicit_send          : project_name: GATT
2016-07-19 16:31:08,250 ClientCallback.on_implicit_send INFO autoptsclient_common.py   119   on_implicit_send          : wid: 40
2016-07-19 16:31:08,250 ClientCallback.on_implicit_send INFO autoptsclient_common.py   120   on_implicit_send          : test_case_name: TC_GAR_CL_BI_30_C
2016-07-19 16:31:08,251 ClientCallback.on_implicit_send INFO autoptsclient_common.py   121   on_implicit_send          : description: Please confirm IUT receive Invalid handle error. Click Yes if IUT receive it, othwise click No.

Description: Verify that the Implementation Under Test (IUT) indicate Invalid handle error when read a characteristic.
2016-07-19 16:31:08,251 ClientCallback.on_implicit_send INFO autoptsclient_common.py   122   on_implicit_send          : style: MMI_Style_Yes_No1 0x11044
2016-07-19 16:31:08,251 ClientCallback.on_implicit_send INFO autoptsclient_common.py   124   on_implicit_send          : response: 3653140 <type 'int'> 11126072
2016-07-19 16:31:08,251 ClientCallback.on_implicit_send INFO autoptsclient_common.py   125   on_implicit_send          : response_size: 2048
2016-07-19 16:31:08,251 ClientCallback.on_implicit_send INFO autoptsclient_common.py   127   on_implicit_send          : response_is_present: 0 <type 'int'>
2016-07-19 16:31:08,251 ClientCallback.on_implicit_send INFO autoptsclient_common.py   131   on_implicit_send          : Calling test cases on_implicit_send
2016-07-19 16:31:08,251 root DEBUG testcase.py               467   on_implicit_send          : GATT TC_GAR_CL_BI_30_C on_implicit_send
2016-07-19 16:31:08,252 root DEBUG testcase.py               364   handle_mmi_style_yes_no1  : handle_mmi_style_yes_no1, 40 'Please confirm IUT receive Invalid handle error. Click Yes if IUT receive it, othwise click No.\n\nDescription: Verify that the Implementation Under Test (IUT) indicate Invalid handle error when read a characteristic.'
2016-07-19 16:31:08,252 root DEBUG testcase.py               366   handle_mmi_style_yes_no1  : no_wid=None verify_wids={40: <function verify_description at 0x7f3adf2b0848>}
2016-07-19 16:31:08,252 root DEBUG testcase.py               378   handle_mmi_style_yes_no1  : Starting verification of: {40: <function verify_description at 0x7f3adf2b0848>}
2016-07-19 16:31:08,252 root DEBUG btp.py                    139   verify_description        : description='Please confirm IUT receive Invalid handle error. Click Yes if IUT receive it, othwise click No.\n\nDescription: Verify that the Implementation Under Test (IUT) indicate Invalid handle error when read a characteristic.'
2016-07-19 16:31:08,252 root DEBUG btp.py                    142   verify_description        : Verifying values: ['Invalid handle error']
2016-07-19 16:31:08,252 root DEBUG btp.py                    151   verify_description        : Verifying: 'Invalid handle error'
2016-07-19 16:31:08,253 root DEBUG btp.py                    157   verify_description        : All verifications passed
2016-07-19 16:31:08,253 root DEBUG testcase.py               408   handle_mmi_style_yes_no1  : All verifications passed
2016-07-19 16:31:08,253 root DEBUG testcase.py               494   on_implicit_send          : Sending response 'Yes'
2016-07-19 16:31:08,253 ClientCallback.on_implicit_send INFO autoptsclient_common.py   143   on_implicit_send          : test case returned on_implicit_send, response: Yes
2016-07-19 16:31:08,253 ClientCallback.on_implicit_send INFO autoptsclient_common.py   151   on_implicit_send          : END OnImplicitSend:
2016-07-19 16:31:08,253 ClientCallback.on_implicit_send INFO autoptsclient_common.py   152   on_implicit_send          : ********************
2016-07-19 16:31:10,862 ClientCallback.log INFO autoptsclient_common.py   82    log                       : PTS_LOGTYPE_START_TEST Start Test Case 

+0 ms
 TC_GAR_CL_BI_30_C

2016-07-19 16:31:10,862 root DEBUG testcase.py               358   log                       : New status GATT TC_GAR_CL_BI_30_C - Started
2016-07-19 16:31:10,975 ClientCallback.log INFO autoptsclient_common.py   82    log                       : PTS_LOGTYPE_FINAL_VERDICT Final Verdict 

+8564 ms
 PASS

2016-07-19 16:31:10,975 root DEBUG testcase.py               358   log                       : New status GATT TC_GAR_CL_BI_30_C - PASS
2016-07-19 16:31:10,981 ClientCallback.log INFO autoptsclient_common.py   82    log                       : PTS_LOGTYPE_FINAL_VERDICT Encrypted Verdict 

+8564 ms
 A1#ZWY4MzQ5MDg3MmQwNTIxOGQzMzQ5YjY2ODA5M2MzNjQ5ZDY4NmY0Yjc2MzIzM2VkNTUyNTFhNGU4Mjg1MjI0NA==#9EUQrn+LeOZfOqPZTmuT7sKl9NUV63VaEoK5NIditmO36Ne47wBMGdJq3fJVTyop

2016-07-19 16:31:11,010 ClientCallback.log INFO autoptsclient_common.py   82    log                       : PTS_LOGTYPE_END_TEST Test Case Ended 

+8564 ms
 TC_GAR_CL_BI_30_C

2016-07-19 16:31:11,173 root DEBUG testcase.py               518   post_run                  : post_run GATT TC_GAR_CL_BI_30_C 
2016-07-19 16:31:11,173 root DEBUG testcase.py               201   start                     : Starting test function: ptsprojects.testcase.TestFuncCleanUp <bound method ZephyrCtl.stop of <ptsprojects.zephyr.iutctl.ZephyrCtl instance at 0x7f3adf2df3f8>> None None () {}
2016-07-19 16:31:11,173 root DEBUG testcase.py               209   start                     : Test function parameters: args=(), kwds={}
2016-07-19 16:31:11,173 root DEBUG iutctl.py                 207   stop                      : ptsprojects.zephyr.iutctl.ZephyrCtl.stop
2016-07-19 16:31:14,177 root DEBUG autoptsclient_common.py   395   run_test_case             : Done TestCase wrapper GATT TC_GAR_CL_BI_30_C
