2016-07-19 16:01:51,610 root DEBUG autoptsclient_common.py   349   run_test_case             : Starting TestCase wrapper GATT TC_GAW_SR_BI_34_C
2016-07-19 16:01:51,610 root DEBUG testcase.py               499   pre_run                   : pre_run GATT TC_GAW_SR_BI_34_C
2016-07-19 16:01:51,610 root DEBUG testcase.py               502   pre_run                   : About to run test case GATT TC_GAW_SR_BI_34_C with commands:
2016-07-19 16:01:51,610 root DEBUG testcase.py               504   pre_run                   : 0) ptsprojects.testcase.TestFunc <bound method ZephyrCtl.start of <ptsprojects.zephyr.iutctl.ZephyrCtl instance at 0x7f16062423f8>> None None () {}
2016-07-19 16:01:51,610 root DEBUG testcase.py               504   pre_run                   : 1) ptsprojects.testcase.TestFunc <function core_reg_svc_gap at 0x7f1606213a28> None None () {}
2016-07-19 16:01:51,611 root DEBUG testcase.py               504   pre_run                   : 2) ptsprojects.testcase.TestFunc <function core_reg_svc_gatts at 0x7f1606213aa0> None None () {}
2016-07-19 16:01:51,611 root DEBUG testcase.py               504   pre_run                   : 3) ptsprojects.testcase.TestFunc <function gatts_add_svc at 0x7f160622b5f0> None None (0, 'AA50') {}
2016-07-19 16:01:51,611 root DEBUG testcase.py               504   pre_run                   : 4) ptsprojects.testcase.TestFunc <function gatts_add_char at 0x7f160622b6e0> None None (0, 2, 1, 'AA51') {}
2016-07-19 16:01:51,611 root DEBUG testcase.py               504   pre_run                   : 5) ptsprojects.testcase.TestFunc <function gatts_set_val at 0x7f160622b758> None None (0, '01') {}
2016-07-19 16:01:51,611 root DEBUG testcase.py               504   pre_run                   : 6) ptsprojects.testcase.TestFunc <function gatts_add_desc at 0x7f160622b7d0> None None (0, 3, 'AA52') {}
2016-07-19 16:01:51,611 root DEBUG testcase.py               504   pre_run                   : 7) ptsprojects.testcase.TestFunc <function gatts_set_val at 0x7f160622b758> None None (0, '0123') {}
2016-07-19 16:01:51,612 root DEBUG testcase.py               504   pre_run                   : 8) ptsprojects.testcase.TestFunc <function gatts_start_server at 0x7f160622b848> None None () {}
2016-07-19 16:01:51,612 root DEBUG testcase.py               504   pre_run                   : 9) ptsprojects.testcase.TestFunc <function gap_adv_ind_on at 0x7f1606213b90> None None () {}
2016-07-19 16:01:51,612 root DEBUG testcase.py               504   pre_run                   : 10) ptsprojects.testcase.TestFuncCleanUp <bound method ZephyrCtl.stop of <ptsprojects.zephyr.iutctl.ZephyrCtl instance at 0x7f16062423f8>> None None () {}
2016-07-19 16:01:51,612 root DEBUG testcase.py               201   start                     : Starting test function: ptsprojects.testcase.TestFunc <bound method ZephyrCtl.start of <ptsprojects.zephyr.iutctl.ZephyrCtl instance at 0x7f16062423f8>> None None () {}
2016-07-19 16:01:51,612 root DEBUG testcase.py               209   start                     : Test function parameters: args=(), kwds={}
2016-07-19 16:01:51,612 root DEBUG iutctl.py                 173   start                     : ptsprojects.zephyr.iutctl.ZephyrCtl.start
2016-07-19 16:01:51,613 root DEBUG iutctl.py                 160   reset_board               : About to reset DUT: "/home/skamrmar/bin/zflash/openocd/bin/openocd -s /home/skamrmar/bin/zflash/openocd/share/scripts -f /home/skamrmar/bin/zflash/boards/mountatlas/openocd.cfg -c 'init' -c 'reset run' -c 'shutdown'"
2016-07-19 16:01:53,631 root DEBUG iutctl.py                 184   start                     : Starting socat process: socat -x -v /dev/ttyUSB1,raw,b115200 UNIX-CONNECT:/tmp/bt-stack-tester
2016-07-19 16:01:53,634 root DEBUG iutctl.py                 56    accept                    : accept
2016-07-19 16:01:53,638 root DEBUG testcase.py               201   start                     : Starting test function: ptsprojects.testcase.TestFunc <function core_reg_svc_gap at 0x7f1606213a28> None None () {}
2016-07-19 16:01:53,638 root DEBUG testcase.py               209   start                     : Test function parameters: args=(), kwds={}
2016-07-19 16:01:53,639 root DEBUG btp.py                    226   core_reg_svc_gap          : core_reg_svc_gap
2016-07-19 16:01:53,639 root DEBUG iutctl.py                 98    send                      : send, 0 3 255 1
2016-07-19 16:01:53,639 root DEBUG iutctl.py                 108   send                      : btpclient command: send 0 3 255 01
2016-07-19 16:01:53,639 root DEBUG btpparser.py              59    enc_frame                 : enc_frame, 0 3 255 '\x01'
2016-07-19 16:01:53,640 root DEBUG iutctl.py                 112   send                      : sending frame '\x00\x03\xff\x01\x00\x01'
2016-07-19 16:01:55,183 root DEBUG btp.py                    246   core_reg_svc_rsp_succ     : core_reg_svc_rsp_succ
2016-07-19 16:01:55,184 root DEBUG iutctl.py                 64    read                      : read
2016-07-19 16:01:55,253 root DEBUG btpparser.py              39    dec_hdr                   : dec_hdr, bytearray(b'\x00\x03\xff\x00\x00')
2016-07-19 16:01:55,254 root DEBUG iutctl.py                 78    read                      : Received: hdr: header(svc_id=0, op=3, ctrl_index=255, data_len=0) bytearray(b'\x00\x03\xff\x00\x00')
2016-07-19 16:01:55,254 root DEBUG btpparser.py              49    dec_data                  : dec_data, bytearray(b'')
2016-07-19 16:01:55,254 root DEBUG iutctl.py                 91    read                      : Received data: ('',), bytearray(b'')
2016-07-19 16:01:55,254 root DEBUG btp.py                    257   core_reg_svc_rsp_succ     : received header(svc_id=0, op=3, ctrl_index=255, data_len=0) ('',)
2016-07-19 16:01:55,255 root DEBUG btp.py                    258   core_reg_svc_rsp_succ     : expected ((0, 3, 255, 0), ('',))
2016-07-19 16:01:55,255 root DEBUG btp.py                    264   core_reg_svc_rsp_succ     : response is valid
2016-07-19 16:01:55,255 root DEBUG testcase.py               201   start                     : Starting test function: ptsprojects.testcase.TestFunc <function core_reg_svc_gatts at 0x7f1606213aa0> None None () {}
2016-07-19 16:01:55,255 root DEBUG testcase.py               209   start                     : Test function parameters: args=(), kwds={}
2016-07-19 16:01:55,255 root DEBUG btp.py                    237   core_reg_svc_gatts        : core_reg_svc_gatts
2016-07-19 16:01:55,255 root DEBUG iutctl.py                 98    send                      : send, 0 3 255 2
2016-07-19 16:01:55,256 root DEBUG iutctl.py                 108   send                      : btpclient command: send 0 3 255 02
2016-07-19 16:01:55,256 root DEBUG btpparser.py              59    enc_frame                 : enc_frame, 0 3 255 '\x02'
2016-07-19 16:01:55,256 root DEBUG iutctl.py                 112   send                      : sending frame '\x00\x03\xff\x01\x00\x02'
2016-07-19 16:01:55,256 root DEBUG btp.py                    246   core_reg_svc_rsp_succ     : core_reg_svc_rsp_succ
2016-07-19 16:01:55,256 root DEBUG iutctl.py                 64    read                      : read
2016-07-19 16:01:55,259 root DEBUG btpparser.py              39    dec_hdr                   : dec_hdr, bytearray(b'\x00\x03\xff\x00\x00')
2016-07-19 16:01:55,260 root DEBUG iutctl.py                 78    read                      : Received: hdr: header(svc_id=0, op=3, ctrl_index=255, data_len=0) bytearray(b'\x00\x03\xff\x00\x00')
2016-07-19 16:01:55,260 root DEBUG btpparser.py              49    dec_data                  : dec_data, bytearray(b'')
2016-07-19 16:01:55,260 root DEBUG iutctl.py                 91    read                      : Received data: ('',), bytearray(b'')
2016-07-19 16:01:55,260 root DEBUG btp.py                    257   core_reg_svc_rsp_succ     : received header(svc_id=0, op=3, ctrl_index=255, data_len=0) ('',)
2016-07-19 16:01:55,260 root DEBUG btp.py                    258   core_reg_svc_rsp_succ     : expected ((0, 3, 255, 0), ('',))
2016-07-19 16:01:55,260 root DEBUG btp.py                    264   core_reg_svc_rsp_succ     : response is valid
2016-07-19 16:01:55,261 root DEBUG testcase.py               201   start                     : Starting test function: ptsprojects.testcase.TestFunc <function gatts_add_svc at 0x7f160622b5f0> None None (0, 'AA50') {}
2016-07-19 16:01:55,261 root DEBUG testcase.py               209   start                     : Test function parameters: args=(0, 'AA50'), kwds={}
2016-07-19 16:01:55,261 root DEBUG btp.py                    599   gatts_add_svc             : gatts_add_svc 0 'AA50'
2016-07-19 16:01:55,261 root DEBUG iutctl.py                 98    send                      : send, 2 2 0 bytearray(b'\x00\x02P\xaa')
2016-07-19 16:01:55,261 root DEBUG iutctl.py                 108   send                      : btpclient command: send 2 2 0 000250aa
2016-07-19 16:01:55,261 root DEBUG btpparser.py              59    enc_frame                 : enc_frame, 2 2 0 bytearray(b'\x00\x02P\xaa')
2016-07-19 16:01:55,261 root DEBUG iutctl.py                 112   send                      : sending frame '\x02\x02\x00\x04\x00\x00\x02P\xaa'
2016-07-19 16:01:55,262 root DEBUG btp.py                    1218  gatt_command_rsp_succ     : gatt_command_rsp_succ
2016-07-19 16:01:55,262 root DEBUG iutctl.py                 64    read                      : read
2016-07-19 16:01:55,265 root DEBUG btpparser.py              39    dec_hdr                   : dec_hdr, bytearray(b'\x02\x02\x00\x02\x00')
2016-07-19 16:01:55,265 root DEBUG iutctl.py                 78    read                      : Received: hdr: header(svc_id=2, op=2, ctrl_index=0, data_len=2) bytearray(b'\x02\x02\x00\x02\x00')
2016-07-19 16:01:55,266 root DEBUG btpparser.py              49    dec_data                  : dec_data, bytearray(b'\x00\x00')
2016-07-19 16:01:55,266 root DEBUG iutctl.py                 91    read                      : Received data: ('\x00\x00',), bytearray(b'\x00\x00')
2016-07-19 16:01:55,266 root DEBUG btp.py                    1223  gatt_command_rsp_succ     : received header(svc_id=2, op=2, ctrl_index=0, data_len=2) ('\x00\x00',)
2016-07-19 16:01:55,266 root DEBUG testcase.py               201   start                     : Starting test function: ptsprojects.testcase.TestFunc <function gatts_add_char at 0x7f160622b6e0> None None (0, 2, 1, 'AA51') {}
2016-07-19 16:01:55,266 root DEBUG testcase.py               209   start                     : Test function parameters: args=(0, 2, 1, 'AA51'), kwds={}
2016-07-19 16:01:55,266 root DEBUG btp.py                    634   gatts_add_char            : gatts_add_char 0 2 1 'AA51'
2016-07-19 16:01:55,267 root DEBUG iutctl.py                 98    send                      : send, 2 3 0 bytearray(b'\x00\x00\x02\x01\x02Q\xaa')
2016-07-19 16:01:55,267 root DEBUG iutctl.py                 108   send                      : btpclient command: send 2 3 0 000002010251aa
2016-07-19 16:01:55,267 root DEBUG btpparser.py              59    enc_frame                 : enc_frame, 2 3 0 bytearray(b'\x00\x00\x02\x01\x02Q\xaa')
2016-07-19 16:01:55,267 root DEBUG iutctl.py                 112   send                      : sending frame '\x02\x03\x00\x07\x00\x00\x00\x02\x01\x02Q\xaa'
2016-07-19 16:01:55,267 root DEBUG btp.py                    1218  gatt_command_rsp_succ     : gatt_command_rsp_succ
2016-07-19 16:01:55,267 root DEBUG iutctl.py                 64    read                      : read
2016-07-19 16:01:55,271 root DEBUG btpparser.py              39    dec_hdr                   : dec_hdr, bytearray(b'\x02\x03\x00\x02\x00')
2016-07-19 16:01:55,271 root DEBUG iutctl.py                 78    read                      : Received: hdr: header(svc_id=2, op=3, ctrl_index=0, data_len=2) bytearray(b'\x02\x03\x00\x02\x00')
2016-07-19 16:01:55,272 root DEBUG btpparser.py              49    dec_data                  : dec_data, bytearray(b'\x00\x00')
2016-07-19 16:01:55,272 root DEBUG iutctl.py                 91    read                      : Received data: ('\x00\x00',), bytearray(b'\x00\x00')
2016-07-19 16:01:55,272 root DEBUG btp.py                    1223  gatt_command_rsp_succ     : received header(svc_id=2, op=3, ctrl_index=0, data_len=2) ('\x00\x00',)
2016-07-19 16:01:55,272 root DEBUG testcase.py               201   start                     : Starting test function: ptsprojects.testcase.TestFunc <function gatts_set_val at 0x7f160622b758> None None (0, '01') {}
2016-07-19 16:01:55,272 root DEBUG testcase.py               209   start                     : Test function parameters: args=(0, '01'), kwds={}
2016-07-19 16:01:55,273 root DEBUG btp.py                    657   gatts_set_val             : gatts_set_val 0 '01' 
2016-07-19 16:01:55,273 root DEBUG iutctl.py                 98    send                      : send, 2 6 0 bytearray(b'\x00\x00\x01\x00\x01')
2016-07-19 16:01:55,273 root DEBUG iutctl.py                 108   send                      : btpclient command: send 2 6 0 0000010001
2016-07-19 16:01:55,273 root DEBUG btpparser.py              59    enc_frame                 : enc_frame, 2 6 0 bytearray(b'\x00\x00\x01\x00\x01')
2016-07-19 16:01:55,273 root DEBUG iutctl.py                 112   send                      : sending frame '\x02\x06\x00\x05\x00\x00\x00\x01\x00\x01'
2016-07-19 16:01:55,273 root DEBUG btp.py                    1218  gatt_command_rsp_succ     : gatt_command_rsp_succ
2016-07-19 16:01:55,274 root DEBUG iutctl.py                 64    read                      : read
2016-07-19 16:01:55,277 root DEBUG btpparser.py              39    dec_hdr                   : dec_hdr, bytearray(b'\x02\x06\x00\x00\x00')
2016-07-19 16:01:55,277 root DEBUG iutctl.py                 78    read                      : Received: hdr: header(svc_id=2, op=6, ctrl_index=0, data_len=0) bytearray(b'\x02\x06\x00\x00\x00')
2016-07-19 16:01:55,278 root DEBUG btpparser.py              49    dec_data                  : dec_data, bytearray(b'')
2016-07-19 16:01:55,278 root DEBUG iutctl.py                 91    read                      : Received data: ('',), bytearray(b'')
2016-07-19 16:01:55,278 root DEBUG btp.py                    1223  gatt_command_rsp_succ     : received header(svc_id=2, op=6, ctrl_index=0, data_len=0) ('',)
2016-07-19 16:01:55,278 root DEBUG testcase.py               201   start                     : Starting test function: ptsprojects.testcase.TestFunc <function gatts_add_desc at 0x7f160622b7d0> None None (0, 3, 'AA52') {}
2016-07-19 16:01:55,278 root DEBUG testcase.py               209   start                     : Test function parameters: args=(0, 3, 'AA52'), kwds={}
2016-07-19 16:01:55,278 root DEBUG btp.py                    679   gatts_add_desc            : gatts_add_desc 0 3 'AA52'
2016-07-19 16:01:55,279 root DEBUG iutctl.py                 98    send                      : send, 2 4 0 bytearray(b'\x00\x00\x03\x02R\xaa')
2016-07-19 16:01:55,279 root DEBUG iutctl.py                 108   send                      : btpclient command: send 2 4 0 0000030252aa
2016-07-19 16:01:55,279 root DEBUG btpparser.py              59    enc_frame                 : enc_frame, 2 4 0 bytearray(b'\x00\x00\x03\x02R\xaa')
2016-07-19 16:01:55,279 root DEBUG iutctl.py                 112   send                      : sending frame '\x02\x04\x00\x06\x00\x00\x00\x03\x02R\xaa'
2016-07-19 16:01:55,279 root DEBUG btp.py                    1218  gatt_command_rsp_succ     : gatt_command_rsp_succ
2016-07-19 16:01:55,279 root DEBUG iutctl.py                 64    read                      : read
2016-07-19 16:01:55,282 root DEBUG btpparser.py              39    dec_hdr                   : dec_hdr, bytearray(b'\x02\x04\x00\x02\x00')
2016-07-19 16:01:55,282 root DEBUG iutctl.py                 78    read                      : Received: hdr: header(svc_id=2, op=4, ctrl_index=0, data_len=2) bytearray(b'\x02\x04\x00\x02\x00')
2016-07-19 16:01:55,283 root DEBUG btpparser.py              49    dec_data                  : dec_data, bytearray(b'\x00\x00')
2016-07-19 16:01:55,283 root DEBUG iutctl.py                 91    read                      : Received data: ('\x00\x00',), bytearray(b'\x00\x00')
2016-07-19 16:01:55,283 root DEBUG btp.py                    1223  gatt_command_rsp_succ     : received header(svc_id=2, op=4, ctrl_index=0, data_len=2) ('\x00\x00',)
2016-07-19 16:01:55,283 root DEBUG testcase.py               201   start                     : Starting test function: ptsprojects.testcase.TestFunc <function gatts_set_val at 0x7f160622b758> None None (0, '0123') {}
2016-07-19 16:01:55,283 root DEBUG testcase.py               209   start                     : Test function parameters: args=(0, '0123'), kwds={}
2016-07-19 16:01:55,283 root DEBUG btp.py                    657   gatts_set_val             : gatts_set_val 0 '0123' 
2016-07-19 16:01:55,283 root DEBUG iutctl.py                 98    send                      : send, 2 6 0 bytearray(b'\x00\x00\x02\x00\x01#')
2016-07-19 16:01:55,284 root DEBUG iutctl.py                 108   send                      : btpclient command: send 2 6 0 000002000123
2016-07-19 16:01:55,284 root DEBUG btpparser.py              59    enc_frame                 : enc_frame, 2 6 0 bytearray(b'\x00\x00\x02\x00\x01#')
2016-07-19 16:01:55,284 root DEBUG iutctl.py                 112   send                      : sending frame '\x02\x06\x00\x06\x00\x00\x00\x02\x00\x01#'
2016-07-19 16:01:55,284 root DEBUG btp.py                    1218  gatt_command_rsp_succ     : gatt_command_rsp_succ
2016-07-19 16:01:55,284 root DEBUG iutctl.py                 64    read                      : read
2016-07-19 16:01:55,286 root DEBUG btpparser.py              39    dec_hdr                   : dec_hdr, bytearray(b'\x02\x06\x00\x00\x00')
2016-07-19 16:01:55,287 root DEBUG iutctl.py                 78    read                      : Received: hdr: header(svc_id=2, op=6, ctrl_index=0, data_len=0) bytearray(b'\x02\x06\x00\x00\x00')
2016-07-19 16:01:55,287 root DEBUG btpparser.py              49    dec_data                  : dec_data, bytearray(b'')
2016-07-19 16:01:55,288 root DEBUG iutctl.py                 91    read                      : Received data: ('',), bytearray(b'')
2016-07-19 16:01:55,288 root DEBUG btp.py                    1223  gatt_command_rsp_succ     : received header(svc_id=2, op=6, ctrl_index=0, data_len=0) ('',)
2016-07-19 16:01:55,288 root DEBUG testcase.py               201   start                     : Starting test function: ptsprojects.testcase.TestFunc <function gatts_start_server at 0x7f160622b848> None None () {}
2016-07-19 16:01:55,288 root DEBUG testcase.py               209   start                     : Test function parameters: args=(), kwds={}
2016-07-19 16:01:55,288 root DEBUG btp.py                    701   gatts_start_server        : gatts_start_server
2016-07-19 16:01:55,288 root DEBUG iutctl.py                 98    send                      : send, 2 7 0 ''
2016-07-19 16:01:55,288 root DEBUG iutctl.py                 108   send                      : btpclient command: send 2 7 0 
2016-07-19 16:01:55,288 root DEBUG btpparser.py              59    enc_frame                 : enc_frame, 2 7 0 ''
2016-07-19 16:01:55,289 root DEBUG iutctl.py                 112   send                      : sending frame '\x02\x07\x00\x00\x00'
2016-07-19 16:01:55,289 root DEBUG btp.py                    1218  gatt_command_rsp_succ     : gatt_command_rsp_succ
2016-07-19 16:01:55,289 root DEBUG iutctl.py                 64    read                      : read
2016-07-19 16:01:55,292 root DEBUG btpparser.py              39    dec_hdr                   : dec_hdr, bytearray(b'\x02\x07\x00\x03\x00')
2016-07-19 16:01:55,292 root DEBUG iutctl.py                 78    read                      : Received: hdr: header(svc_id=2, op=7, ctrl_index=0, data_len=3) bytearray(b'\x02\x07\x00\x03\x00')
2016-07-19 16:01:55,293 root DEBUG btpparser.py              49    dec_data                  : dec_data, bytearray(b'\xff\xff\x04')
2016-07-19 16:01:55,293 root DEBUG iutctl.py                 91    read                      : Received data: ('\xff\xff\x04',), bytearray(b'\xff\xff\x04')
2016-07-19 16:01:55,293 root DEBUG btp.py                    1223  gatt_command_rsp_succ     : received header(svc_id=2, op=7, ctrl_index=0, data_len=3) ('\xff\xff\x04',)
2016-07-19 16:01:55,293 root DEBUG testcase.py               201   start                     : Starting test function: ptsprojects.testcase.TestFunc <function gap_adv_ind_on at 0x7f1606213b90> None None () {}
2016-07-19 16:01:55,293 root DEBUG testcase.py               209   start                     : Test function parameters: args=(), kwds={}
2016-07-19 16:01:55,293 root DEBUG btp.py                    268   gap_adv_ind_on            : gap_adv_ind_on None None
2016-07-19 16:01:55,293 root DEBUG iutctl.py                 98    send                      : send, 1 10 0 bytearray(b'\x00\x00')
2016-07-19 16:01:55,293 root DEBUG iutctl.py                 108   send                      : btpclient command: send 1 10 0 0000
2016-07-19 16:01:55,294 root DEBUG btpparser.py              59    enc_frame                 : enc_frame, 1 10 0 bytearray(b'\x00\x00')
2016-07-19 16:01:55,294 root DEBUG iutctl.py                 112   send                      : sending frame '\x01\n\x00\x02\x00\x00\x00'
2016-07-19 16:01:55,294 root DEBUG btp.py                    588   gap_command_rsp_succ      : gap_command_rsp_succ
2016-07-19 16:01:55,294 root DEBUG iutctl.py                 64    read                      : read
2016-07-19 16:01:55,299 root DEBUG btpparser.py              39    dec_hdr                   : dec_hdr, bytearray(b'\x01\n\x00\x04\x00')
2016-07-19 16:01:55,299 root DEBUG iutctl.py                 78    read                      : Received: hdr: header(svc_id=1, op=10, ctrl_index=0, data_len=4) bytearray(b'\x01\n\x00\x04\x00')
2016-07-19 16:01:55,300 root DEBUG btpparser.py              49    dec_data                  : dec_data, bytearray(b'\x13\x06\x00\x00')
2016-07-19 16:01:55,300 root DEBUG iutctl.py                 91    read                      : Received data: ('\x13\x06\x00\x00',), bytearray(b'\x13\x06\x00\x00')
2016-07-19 16:01:55,300 root DEBUG btp.py                    593   gap_command_rsp_succ      : received header(svc_id=1, op=10, ctrl_index=0, data_len=4) ('\x13\x06\x00\x00',)
2016-07-19 16:02:04,223 ClientCallback.on_implicit_send INFO autoptsclient_common.py   116   on_implicit_send          : ********************
2016-07-19 16:02:04,224 ClientCallback.on_implicit_send INFO autoptsclient_common.py   117   on_implicit_send          : BEGIN OnImplicitSend:
2016-07-19 16:02:04,224 ClientCallback.on_implicit_send INFO autoptsclient_common.py   118   on_implicit_send          : project_name: GATT
2016-07-19 16:02:04,224 ClientCallback.on_implicit_send INFO autoptsclient_common.py   119   on_implicit_send          : wid: 1
2016-07-19 16:02:04,224 ClientCallback.on_implicit_send INFO autoptsclient_common.py   120   on_implicit_send          : test_case_name: TC_GAW_SR_BI_34_C
2016-07-19 16:02:04,225 ClientCallback.on_implicit_send INFO autoptsclient_common.py   121   on_implicit_send          : description: Please prepare IUT into a connectable mode.

Description: Verify that the Implementation Under Test (IUT) can accept GATT connect request from PTS.
2016-07-19 16:02:04,225 ClientCallback.on_implicit_send INFO autoptsclient_common.py   122   on_implicit_send          : style: MMI_Style_Ok_Cancel2 0x11141
2016-07-19 16:02:04,225 ClientCallback.on_implicit_send INFO autoptsclient_common.py   124   on_implicit_send          : response: 3653140 <type 'int'> 19163376
2016-07-19 16:02:04,225 ClientCallback.on_implicit_send INFO autoptsclient_common.py   125   on_implicit_send          : response_size: 2048
2016-07-19 16:02:04,225 ClientCallback.on_implicit_send INFO autoptsclient_common.py   127   on_implicit_send          : response_is_present: 0 <type 'int'>
2016-07-19 16:02:04,226 ClientCallback.on_implicit_send INFO autoptsclient_common.py   131   on_implicit_send          : Calling test cases on_implicit_send
2016-07-19 16:02:04,226 root DEBUG testcase.py               467   on_implicit_send          : GATT TC_GAW_SR_BI_34_C on_implicit_send
2016-07-19 16:02:04,226 root DEBUG testcase.py               494   on_implicit_send          : Sending response 'OK'
2016-07-19 16:02:04,226 ClientCallback.on_implicit_send INFO autoptsclient_common.py   143   on_implicit_send          : test case returned on_implicit_send, response: OK
2016-07-19 16:02:04,227 ClientCallback.on_implicit_send INFO autoptsclient_common.py   151   on_implicit_send          : END OnImplicitSend:
2016-07-19 16:02:04,227 ClientCallback.on_implicit_send INFO autoptsclient_common.py   152   on_implicit_send          : ********************
2016-07-19 16:02:07,913 ClientCallback.log INFO autoptsclient_common.py   82    log                       : PTS_LOGTYPE_START_TEST Start Test Case 

+0 ms
 TC_GAW_SR_BI_34_C

2016-07-19 16:02:07,914 root DEBUG testcase.py               358   log                       : New status GATT TC_GAW_SR_BI_34_C - Started
2016-07-19 16:02:08,071 ClientCallback.log INFO autoptsclient_common.py   82    log                       : PTS_LOGTYPE_FINAL_VERDICT Final Verdict 

+7956 ms
 PASS

2016-07-19 16:02:08,071 root DEBUG testcase.py               358   log                       : New status GATT TC_GAW_SR_BI_34_C - PASS
2016-07-19 16:02:08,077 ClientCallback.log INFO autoptsclient_common.py   82    log                       : PTS_LOGTYPE_FINAL_VERDICT Encrypted Verdict 

+7956 ms
 A1#ZWY4MzQ5MDg3MmQwNTIxOGQzMzQ5YjY2ODA5M2MzNjQ5ZDY4NmY0Yjc2MzIzM2VkNTUyNTFhNGU4Mjg1MjI0NA==#9EUQrn+LeObGLzIoko1H9Vf5p/VFpR0v9OO3UhFbgX8KD126eyXAo9Jq3fJVTyop

2016-07-19 16:02:08,113 ClientCallback.log INFO autoptsclient_common.py   82    log                       : PTS_LOGTYPE_END_TEST Test Case Ended 

+7956 ms
 TC_GAW_SR_BI_34_C

2016-07-19 16:02:08,212 root DEBUG testcase.py               518   post_run                  : post_run GATT TC_GAW_SR_BI_34_C 
2016-07-19 16:02:08,212 root DEBUG testcase.py               201   start                     : Starting test function: ptsprojects.testcase.TestFuncCleanUp <bound method ZephyrCtl.stop of <ptsprojects.zephyr.iutctl.ZephyrCtl instance at 0x7f16062423f8>> None None () {}
2016-07-19 16:02:08,212 root DEBUG testcase.py               209   start                     : Test function parameters: args=(), kwds={}
2016-07-19 16:02:08,213 root DEBUG iutctl.py                 207   stop                      : ptsprojects.zephyr.iutctl.ZephyrCtl.stop
2016-07-19 16:02:11,216 root DEBUG autoptsclient_common.py   395   run_test_case             : Done TestCase wrapper GATT TC_GAW_SR_BI_34_C
