2016-07-19 15:41:55,619 root DEBUG autoptsclient_common.py   349   run_test_case             : Starting TestCase wrapper GATT TC_GAR_SR_BI_11_C
2016-07-19 15:41:55,619 root DEBUG testcase.py               499   pre_run                   : pre_run GATT TC_GAR_SR_BI_11_C
2016-07-19 15:41:55,619 root DEBUG testcase.py               502   pre_run                   : About to run test case GATT TC_GAR_SR_BI_11_C with commands:
2016-07-19 15:41:55,620 root DEBUG testcase.py               504   pre_run                   : 0) ptsprojects.testcase.TestFunc <bound method ZephyrCtl.start of <ptsprojects.zephyr.iutctl.ZephyrCtl instance at 0x7f16062423f8>> None None () {}
2016-07-19 15:41:55,620 root DEBUG testcase.py               504   pre_run                   : 1) ptsprojects.testcase.TestFunc <function core_reg_svc_gap at 0x7f1606213a28> None None () {}
2016-07-19 15:41:55,620 root DEBUG testcase.py               504   pre_run                   : 2) ptsprojects.testcase.TestFunc <function core_reg_svc_gatts at 0x7f1606213aa0> None None () {}
2016-07-19 15:41:55,620 root DEBUG testcase.py               504   pre_run                   : 3) ptsprojects.testcase.TestFunc <function gatts_add_svc at 0x7f160622b5f0> None None (0, 'AA50') {}
2016-07-19 15:41:55,620 root DEBUG testcase.py               504   pre_run                   : 4) ptsprojects.testcase.TestFunc <function gatts_add_char at 0x7f160622b6e0> None None (0, 2, 4, 'AA51') {}
2016-07-19 15:41:55,620 root DEBUG testcase.py               504   pre_run                   : 5) ptsprojects.testcase.TestFunc <function gatts_set_val at 0x7f160622b758> None None (0, '01') {}
2016-07-19 15:41:55,620 root DEBUG testcase.py               504   pre_run                   : 6) ptsprojects.testcase.TestFunc <function gatts_set_enc_key_size at 0x7f160622b8c0> None None (0, 15) {}
2016-07-19 15:41:55,620 root DEBUG testcase.py               504   pre_run                   : 7) ptsprojects.testcase.TestFunc <function gatts_start_server at 0x7f160622b848> None None () {}
2016-07-19 15:41:55,621 root DEBUG testcase.py               504   pre_run                   : 8) ptsprojects.testcase.TestFunc <function gap_adv_ind_on at 0x7f1606213b90> None None () {}
2016-07-19 15:41:55,621 root DEBUG testcase.py               504   pre_run                   : 9) ptsprojects.testcase.TestFuncCleanUp <bound method ZephyrCtl.stop of <ptsprojects.zephyr.iutctl.ZephyrCtl instance at 0x7f16062423f8>> None None () {}
2016-07-19 15:41:55,621 root DEBUG testcase.py               201   start                     : Starting test function: ptsprojects.testcase.TestFunc <bound method ZephyrCtl.start of <ptsprojects.zephyr.iutctl.ZephyrCtl instance at 0x7f16062423f8>> None None () {}
2016-07-19 15:41:55,621 root DEBUG testcase.py               209   start                     : Test function parameters: args=(), kwds={}
2016-07-19 15:41:55,621 root DEBUG iutctl.py                 173   start                     : ptsprojects.zephyr.iutctl.ZephyrCtl.start
2016-07-19 15:41:55,621 root DEBUG iutctl.py                 160   reset_board               : About to reset DUT: "/home/skamrmar/bin/zflash/openocd/bin/openocd -s /home/skamrmar/bin/zflash/openocd/share/scripts -f /home/skamrmar/bin/zflash/boards/mountatlas/openocd.cfg -c 'init' -c 'reset run' -c 'shutdown'"
2016-07-19 15:41:57,617 root DEBUG iutctl.py                 184   start                     : Starting socat process: socat -x -v /dev/ttyUSB1,raw,b115200 UNIX-CONNECT:/tmp/bt-stack-tester
2016-07-19 15:41:57,619 root DEBUG iutctl.py                 56    accept                    : accept
2016-07-19 15:41:57,621 root DEBUG testcase.py               201   start                     : Starting test function: ptsprojects.testcase.TestFunc <function core_reg_svc_gap at 0x7f1606213a28> None None () {}
2016-07-19 15:41:57,621 root DEBUG testcase.py               209   start                     : Test function parameters: args=(), kwds={}
2016-07-19 15:41:57,621 root DEBUG btp.py                    226   core_reg_svc_gap          : core_reg_svc_gap
2016-07-19 15:41:57,621 root DEBUG iutctl.py                 98    send                      : send, 0 3 255 1
2016-07-19 15:41:57,621 root DEBUG iutctl.py                 108   send                      : btpclient command: send 0 3 255 01
2016-07-19 15:41:57,622 root DEBUG btpparser.py              59    enc_frame                 : enc_frame, 0 3 255 '\x01'
2016-07-19 15:41:57,622 root DEBUG iutctl.py                 112   send                      : sending frame '\x00\x03\xff\x01\x00\x01'
2016-07-19 15:41:59,161 root DEBUG btp.py                    246   core_reg_svc_rsp_succ     : core_reg_svc_rsp_succ
2016-07-19 15:41:59,162 root DEBUG iutctl.py                 64    read                      : read
2016-07-19 15:41:59,225 root DEBUG btpparser.py              39    dec_hdr                   : dec_hdr, bytearray(b'\x00\x03\xff\x00\x00')
2016-07-19 15:41:59,226 root DEBUG iutctl.py                 78    read                      : Received: hdr: header(svc_id=0, op=3, ctrl_index=255, data_len=0) bytearray(b'\x00\x03\xff\x00\x00')
2016-07-19 15:41:59,227 root DEBUG btpparser.py              49    dec_data                  : dec_data, bytearray(b'')
2016-07-19 15:41:59,227 root DEBUG iutctl.py                 91    read                      : Received data: ('',), bytearray(b'')
2016-07-19 15:41:59,227 root DEBUG btp.py                    257   core_reg_svc_rsp_succ     : received header(svc_id=0, op=3, ctrl_index=255, data_len=0) ('',)
2016-07-19 15:41:59,227 root DEBUG btp.py                    258   core_reg_svc_rsp_succ     : expected ((0, 3, 255, 0), ('',))
2016-07-19 15:41:59,227 root DEBUG btp.py                    264   core_reg_svc_rsp_succ     : response is valid
2016-07-19 15:41:59,228 root DEBUG testcase.py               201   start                     : Starting test function: ptsprojects.testcase.TestFunc <function core_reg_svc_gatts at 0x7f1606213aa0> None None () {}
2016-07-19 15:41:59,228 root DEBUG testcase.py               209   start                     : Test function parameters: args=(), kwds={}
2016-07-19 15:41:59,228 root DEBUG btp.py                    237   core_reg_svc_gatts        : core_reg_svc_gatts
2016-07-19 15:41:59,228 root DEBUG iutctl.py                 98    send                      : send, 0 3 255 2
2016-07-19 15:41:59,228 root DEBUG iutctl.py                 108   send                      : btpclient command: send 0 3 255 02
2016-07-19 15:41:59,228 root DEBUG btpparser.py              59    enc_frame                 : enc_frame, 0 3 255 '\x02'
2016-07-19 15:41:59,229 root DEBUG iutctl.py                 112   send                      : sending frame '\x00\x03\xff\x01\x00\x02'
2016-07-19 15:41:59,229 root DEBUG btp.py                    246   core_reg_svc_rsp_succ     : core_reg_svc_rsp_succ
2016-07-19 15:41:59,229 root DEBUG iutctl.py                 64    read                      : read
2016-07-19 15:41:59,231 root DEBUG btpparser.py              39    dec_hdr                   : dec_hdr, bytearray(b'\x00\x03\xff\x00\x00')
2016-07-19 15:41:59,232 root DEBUG iutctl.py                 78    read                      : Received: hdr: header(svc_id=0, op=3, ctrl_index=255, data_len=0) bytearray(b'\x00\x03\xff\x00\x00')
2016-07-19 15:41:59,232 root DEBUG btpparser.py              49    dec_data                  : dec_data, bytearray(b'')
2016-07-19 15:41:59,232 root DEBUG iutctl.py                 91    read                      : Received data: ('',), bytearray(b'')
2016-07-19 15:41:59,233 root DEBUG btp.py                    257   core_reg_svc_rsp_succ     : received header(svc_id=0, op=3, ctrl_index=255, data_len=0) ('',)
2016-07-19 15:41:59,233 root DEBUG btp.py                    258   core_reg_svc_rsp_succ     : expected ((0, 3, 255, 0), ('',))
2016-07-19 15:41:59,233 root DEBUG btp.py                    264   core_reg_svc_rsp_succ     : response is valid
2016-07-19 15:41:59,233 root DEBUG testcase.py               201   start                     : Starting test function: ptsprojects.testcase.TestFunc <function gatts_add_svc at 0x7f160622b5f0> None None (0, 'AA50') {}
2016-07-19 15:41:59,233 root DEBUG testcase.py               209   start                     : Test function parameters: args=(0, 'AA50'), kwds={}
2016-07-19 15:41:59,234 root DEBUG btp.py                    599   gatts_add_svc             : gatts_add_svc 0 'AA50'
2016-07-19 15:41:59,234 root DEBUG iutctl.py                 98    send                      : send, 2 2 0 bytearray(b'\x00\x02P\xaa')
2016-07-19 15:41:59,234 root DEBUG iutctl.py                 108   send                      : btpclient command: send 2 2 0 000250aa
2016-07-19 15:41:59,234 root DEBUG btpparser.py              59    enc_frame                 : enc_frame, 2 2 0 bytearray(b'\x00\x02P\xaa')
2016-07-19 15:41:59,234 root DEBUG iutctl.py                 112   send                      : sending frame '\x02\x02\x00\x04\x00\x00\x02P\xaa'
2016-07-19 15:41:59,234 root DEBUG btp.py                    1218  gatt_command_rsp_succ     : gatt_command_rsp_succ
2016-07-19 15:41:59,235 root DEBUG iutctl.py                 64    read                      : read
2016-07-19 15:41:59,237 root DEBUG btpparser.py              39    dec_hdr                   : dec_hdr, bytearray(b'\x02\x02\x00\x02\x00')
2016-07-19 15:41:59,238 root DEBUG iutctl.py                 78    read                      : Received: hdr: header(svc_id=2, op=2, ctrl_index=0, data_len=2) bytearray(b'\x02\x02\x00\x02\x00')
2016-07-19 15:41:59,238 root DEBUG btpparser.py              49    dec_data                  : dec_data, bytearray(b'\x00\x00')
2016-07-19 15:41:59,238 root DEBUG iutctl.py                 91    read                      : Received data: ('\x00\x00',), bytearray(b'\x00\x00')
2016-07-19 15:41:59,239 root DEBUG btp.py                    1223  gatt_command_rsp_succ     : received header(svc_id=2, op=2, ctrl_index=0, data_len=2) ('\x00\x00',)
2016-07-19 15:41:59,239 root DEBUG testcase.py               201   start                     : Starting test function: ptsprojects.testcase.TestFunc <function gatts_add_char at 0x7f160622b6e0> None None (0, 2, 4, 'AA51') {}
2016-07-19 15:41:59,239 root DEBUG testcase.py               209   start                     : Test function parameters: args=(0, 2, 4, 'AA51'), kwds={}
2016-07-19 15:41:59,239 root DEBUG btp.py                    634   gatts_add_char            : gatts_add_char 0 2 4 'AA51'
2016-07-19 15:41:59,240 root DEBUG iutctl.py                 98    send                      : send, 2 3 0 bytearray(b'\x00\x00\x02\x04\x02Q\xaa')
2016-07-19 15:41:59,240 root DEBUG iutctl.py                 108   send                      : btpclient command: send 2 3 0 000002040251aa
2016-07-19 15:41:59,240 root DEBUG btpparser.py              59    enc_frame                 : enc_frame, 2 3 0 bytearray(b'\x00\x00\x02\x04\x02Q\xaa')
2016-07-19 15:41:59,240 root DEBUG iutctl.py                 112   send                      : sending frame '\x02\x03\x00\x07\x00\x00\x00\x02\x04\x02Q\xaa'
2016-07-19 15:41:59,240 root DEBUG btp.py                    1218  gatt_command_rsp_succ     : gatt_command_rsp_succ
2016-07-19 15:41:59,241 root DEBUG iutctl.py                 64    read                      : read
2016-07-19 15:41:59,244 root DEBUG btpparser.py              39    dec_hdr                   : dec_hdr, bytearray(b'\x02\x03\x00\x02\x00')
2016-07-19 15:41:59,245 root DEBUG iutctl.py                 78    read                      : Received: hdr: header(svc_id=2, op=3, ctrl_index=0, data_len=2) bytearray(b'\x02\x03\x00\x02\x00')
2016-07-19 15:41:59,245 root DEBUG btpparser.py              49    dec_data                  : dec_data, bytearray(b'\x00\x00')
2016-07-19 15:41:59,245 root DEBUG iutctl.py                 91    read                      : Received data: ('\x00\x00',), bytearray(b'\x00\x00')
2016-07-19 15:41:59,245 root DEBUG btp.py                    1223  gatt_command_rsp_succ     : received header(svc_id=2, op=3, ctrl_index=0, data_len=2) ('\x00\x00',)
2016-07-19 15:41:59,245 root DEBUG testcase.py               201   start                     : Starting test function: ptsprojects.testcase.TestFunc <function gatts_set_val at 0x7f160622b758> None None (0, '01') {}
2016-07-19 15:41:59,245 root DEBUG testcase.py               209   start                     : Test function parameters: args=(0, '01'), kwds={}
2016-07-19 15:41:59,245 root DEBUG btp.py                    657   gatts_set_val             : gatts_set_val 0 '01' 
2016-07-19 15:41:59,245 root DEBUG iutctl.py                 98    send                      : send, 2 6 0 bytearray(b'\x00\x00\x01\x00\x01')
2016-07-19 15:41:59,245 root DEBUG iutctl.py                 108   send                      : btpclient command: send 2 6 0 0000010001
2016-07-19 15:41:59,245 root DEBUG btpparser.py              59    enc_frame                 : enc_frame, 2 6 0 bytearray(b'\x00\x00\x01\x00\x01')
2016-07-19 15:41:59,246 root DEBUG iutctl.py                 112   send                      : sending frame '\x02\x06\x00\x05\x00\x00\x00\x01\x00\x01'
2016-07-19 15:41:59,246 root DEBUG btp.py                    1218  gatt_command_rsp_succ     : gatt_command_rsp_succ
2016-07-19 15:41:59,246 root DEBUG iutctl.py                 64    read                      : read
2016-07-19 15:41:59,249 root DEBUG btpparser.py              39    dec_hdr                   : dec_hdr, bytearray(b'\x02\x06\x00\x00\x00')
2016-07-19 15:41:59,249 root DEBUG iutctl.py                 78    read                      : Received: hdr: header(svc_id=2, op=6, ctrl_index=0, data_len=0) bytearray(b'\x02\x06\x00\x00\x00')
2016-07-19 15:41:59,250 root DEBUG btpparser.py              49    dec_data                  : dec_data, bytearray(b'')
2016-07-19 15:41:59,250 root DEBUG iutctl.py                 91    read                      : Received data: ('',), bytearray(b'')
2016-07-19 15:41:59,250 root DEBUG btp.py                    1223  gatt_command_rsp_succ     : received header(svc_id=2, op=6, ctrl_index=0, data_len=0) ('',)
2016-07-19 15:41:59,250 root DEBUG testcase.py               201   start                     : Starting test function: ptsprojects.testcase.TestFunc <function gatts_set_enc_key_size at 0x7f160622b8c0> None None (0, 15) {}
2016-07-19 15:41:59,250 root DEBUG testcase.py               209   start                     : Test function parameters: args=(0, 15), kwds={}
2016-07-19 15:41:59,250 root DEBUG btp.py                    711   gatts_set_enc_key_size    : gatts_set_enc_key_size 0 15
2016-07-19 15:41:59,250 root DEBUG iutctl.py                 98    send                      : send, 2 9 0 bytearray(b'\x00\x00\x0f')
2016-07-19 15:41:59,250 root DEBUG iutctl.py                 108   send                      : btpclient command: send 2 9 0 00000f
2016-07-19 15:41:59,250 root DEBUG btpparser.py              59    enc_frame                 : enc_frame, 2 9 0 bytearray(b'\x00\x00\x0f')
2016-07-19 15:41:59,251 root DEBUG iutctl.py                 112   send                      : sending frame '\x02\t\x00\x03\x00\x00\x00\x0f'
2016-07-19 15:41:59,251 root DEBUG btp.py                    1218  gatt_command_rsp_succ     : gatt_command_rsp_succ
2016-07-19 15:41:59,251 root DEBUG iutctl.py                 64    read                      : read
2016-07-19 15:41:59,253 root DEBUG btpparser.py              39    dec_hdr                   : dec_hdr, bytearray(b'\x02\t\x00\x00\x00')
2016-07-19 15:41:59,253 root DEBUG iutctl.py                 78    read                      : Received: hdr: header(svc_id=2, op=9, ctrl_index=0, data_len=0) bytearray(b'\x02\t\x00\x00\x00')
2016-07-19 15:41:59,254 root DEBUG btpparser.py              49    dec_data                  : dec_data, bytearray(b'')
2016-07-19 15:41:59,254 root DEBUG iutctl.py                 91    read                      : Received data: ('',), bytearray(b'')
2016-07-19 15:41:59,254 root DEBUG btp.py                    1223  gatt_command_rsp_succ     : received header(svc_id=2, op=9, ctrl_index=0, data_len=0) ('',)
2016-07-19 15:41:59,254 root DEBUG testcase.py               201   start                     : Starting test function: ptsprojects.testcase.TestFunc <function gatts_start_server at 0x7f160622b848> None None () {}
2016-07-19 15:41:59,254 root DEBUG testcase.py               209   start                     : Test function parameters: args=(), kwds={}
2016-07-19 15:41:59,254 root DEBUG btp.py                    701   gatts_start_server        : gatts_start_server
2016-07-19 15:41:59,254 root DEBUG iutctl.py                 98    send                      : send, 2 7 0 ''
2016-07-19 15:41:59,254 root DEBUG iutctl.py                 108   send                      : btpclient command: send 2 7 0 
2016-07-19 15:41:59,254 root DEBUG btpparser.py              59    enc_frame                 : enc_frame, 2 7 0 ''
2016-07-19 15:41:59,255 root DEBUG iutctl.py                 112   send                      : sending frame '\x02\x07\x00\x00\x00'
2016-07-19 15:41:59,255 root DEBUG btp.py                    1218  gatt_command_rsp_succ     : gatt_command_rsp_succ
2016-07-19 15:41:59,255 root DEBUG iutctl.py                 64    read                      : read
2016-07-19 15:41:59,258 root DEBUG btpparser.py              39    dec_hdr                   : dec_hdr, bytearray(b'\x02\x07\x00\x03\x00')
2016-07-19 15:41:59,259 root DEBUG iutctl.py                 78    read                      : Received: hdr: header(svc_id=2, op=7, ctrl_index=0, data_len=3) bytearray(b'\x02\x07\x00\x03\x00')
2016-07-19 15:41:59,259 root DEBUG btpparser.py              49    dec_data                  : dec_data, bytearray(b'\xff\xff\x03')
2016-07-19 15:41:59,259 root DEBUG iutctl.py                 91    read                      : Received data: ('\xff\xff\x03',), bytearray(b'\xff\xff\x03')
2016-07-19 15:41:59,259 root DEBUG btp.py                    1223  gatt_command_rsp_succ     : received header(svc_id=2, op=7, ctrl_index=0, data_len=3) ('\xff\xff\x03',)
2016-07-19 15:41:59,259 root DEBUG testcase.py               201   start                     : Starting test function: ptsprojects.testcase.TestFunc <function gap_adv_ind_on at 0x7f1606213b90> None None () {}
2016-07-19 15:41:59,259 root DEBUG testcase.py               209   start                     : Test function parameters: args=(), kwds={}
2016-07-19 15:41:59,259 root DEBUG btp.py                    268   gap_adv_ind_on            : gap_adv_ind_on None None
2016-07-19 15:41:59,260 root DEBUG iutctl.py                 98    send                      : send, 1 10 0 bytearray(b'\x00\x00')
2016-07-19 15:41:59,260 root DEBUG iutctl.py                 108   send                      : btpclient command: send 1 10 0 0000
2016-07-19 15:41:59,260 root DEBUG btpparser.py              59    enc_frame                 : enc_frame, 1 10 0 bytearray(b'\x00\x00')
2016-07-19 15:41:59,260 root DEBUG iutctl.py                 112   send                      : sending frame '\x01\n\x00\x02\x00\x00\x00'
2016-07-19 15:41:59,260 root DEBUG btp.py                    588   gap_command_rsp_succ      : gap_command_rsp_succ
2016-07-19 15:41:59,260 root DEBUG iutctl.py                 64    read                      : read
2016-07-19 15:41:59,265 root DEBUG btpparser.py              39    dec_hdr                   : dec_hdr, bytearray(b'\x01\n\x00\x04\x00')
2016-07-19 15:41:59,266 root DEBUG iutctl.py                 78    read                      : Received: hdr: header(svc_id=1, op=10, ctrl_index=0, data_len=4) bytearray(b'\x01\n\x00\x04\x00')
2016-07-19 15:41:59,266 root DEBUG btpparser.py              49    dec_data                  : dec_data, bytearray(b'\x13\x06\x00\x00')
2016-07-19 15:41:59,266 root DEBUG iutctl.py                 91    read                      : Received data: ('\x13\x06\x00\x00',), bytearray(b'\x13\x06\x00\x00')
2016-07-19 15:41:59,266 root DEBUG btp.py                    593   gap_command_rsp_succ      : received header(svc_id=1, op=10, ctrl_index=0, data_len=4) ('\x13\x06\x00\x00',)
2016-07-19 15:42:08,275 ClientCallback.on_implicit_send INFO autoptsclient_common.py   116   on_implicit_send          : ********************
2016-07-19 15:42:08,275 ClientCallback.on_implicit_send INFO autoptsclient_common.py   117   on_implicit_send          : BEGIN OnImplicitSend:
2016-07-19 15:42:08,275 ClientCallback.on_implicit_send INFO autoptsclient_common.py   118   on_implicit_send          : project_name: GATT
2016-07-19 15:42:08,275 ClientCallback.on_implicit_send INFO autoptsclient_common.py   119   on_implicit_send          : wid: 1
2016-07-19 15:42:08,276 ClientCallback.on_implicit_send INFO autoptsclient_common.py   120   on_implicit_send          : test_case_name: TC_GAR_SR_BI_11_C
2016-07-19 15:42:08,276 ClientCallback.on_implicit_send INFO autoptsclient_common.py   121   on_implicit_send          : description: Please prepare IUT into a connectable mode.

Description: Verify that the Implementation Under Test (IUT) can accept GATT connect request from PTS.
2016-07-19 15:42:08,276 ClientCallback.on_implicit_send INFO autoptsclient_common.py   122   on_implicit_send          : style: MMI_Style_Ok_Cancel2 0x11141
2016-07-19 15:42:08,276 ClientCallback.on_implicit_send INFO autoptsclient_common.py   124   on_implicit_send          : response: 3653016 <type 'int'> 19163328
2016-07-19 15:42:08,276 ClientCallback.on_implicit_send INFO autoptsclient_common.py   125   on_implicit_send          : response_size: 2048
2016-07-19 15:42:08,276 ClientCallback.on_implicit_send INFO autoptsclient_common.py   127   on_implicit_send          : response_is_present: 0 <type 'int'>
2016-07-19 15:42:08,276 ClientCallback.on_implicit_send INFO autoptsclient_common.py   131   on_implicit_send          : Calling test cases on_implicit_send
2016-07-19 15:42:08,276 root DEBUG testcase.py               467   on_implicit_send          : GATT TC_GAR_SR_BI_11_C on_implicit_send
2016-07-19 15:42:08,276 root DEBUG testcase.py               494   on_implicit_send          : Sending response 'OK'
2016-07-19 15:42:08,276 ClientCallback.on_implicit_send INFO autoptsclient_common.py   143   on_implicit_send          : test case returned on_implicit_send, response: OK
2016-07-19 15:42:08,277 ClientCallback.on_implicit_send INFO autoptsclient_common.py   151   on_implicit_send          : END OnImplicitSend:
2016-07-19 15:42:08,277 ClientCallback.on_implicit_send INFO autoptsclient_common.py   152   on_implicit_send          : ********************
2016-07-19 15:42:09,949 ClientCallback.on_implicit_send INFO autoptsclient_common.py   116   on_implicit_send          : ********************
2016-07-19 15:42:09,950 ClientCallback.on_implicit_send INFO autoptsclient_common.py   117   on_implicit_send          : BEGIN OnImplicitSend:
2016-07-19 15:42:09,950 ClientCallback.on_implicit_send INFO autoptsclient_common.py   118   on_implicit_send          : project_name: GATT
2016-07-19 15:42:09,950 ClientCallback.on_implicit_send INFO autoptsclient_common.py   119   on_implicit_send          : wid: 122
2016-07-19 15:42:09,950 ClientCallback.on_implicit_send INFO autoptsclient_common.py   120   on_implicit_send          : test_case_name: TC_GAR_SR_BI_11_C
2016-07-19 15:42:09,950 ClientCallback.on_implicit_send INFO autoptsclient_common.py   121   on_implicit_send          : description: Enter UUID(0x) response with Insufficient Encryption Key Size. 

Description: Verify that the Implementation Under Test (IUT) can response Insufficient Encryption Key Size.
2016-07-19 15:42:09,951 ClientCallback.on_implicit_send INFO autoptsclient_common.py   122   on_implicit_send          : style: MMI_Style_Edit1 0x12040
2016-07-19 15:42:09,951 ClientCallback.on_implicit_send INFO autoptsclient_common.py   124   on_implicit_send          : response: 3653016 <type 'int'> 19163328
2016-07-19 15:42:09,951 ClientCallback.on_implicit_send INFO autoptsclient_common.py   125   on_implicit_send          : response_size: 2048
2016-07-19 15:42:09,951 ClientCallback.on_implicit_send INFO autoptsclient_common.py   127   on_implicit_send          : response_is_present: 0 <type 'int'>
2016-07-19 15:42:09,951 ClientCallback.on_implicit_send INFO autoptsclient_common.py   131   on_implicit_send          : Calling test cases on_implicit_send
2016-07-19 15:42:09,951 root DEBUG testcase.py               467   on_implicit_send          : GATT TC_GAR_SR_BI_11_C on_implicit_send
2016-07-19 15:42:09,951 root DEBUG testcase.py               428   handle_mmi_style_edit1    : handle_mmi_style_edit1, 122 edit1_wids={121: '000b', 122: 'AA51'}
2016-07-19 15:42:09,952 root DEBUG testcase.py               494   on_implicit_send          : Sending response 'AA51'
2016-07-19 15:42:09,952 ClientCallback.on_implicit_send INFO autoptsclient_common.py   143   on_implicit_send          : test case returned on_implicit_send, response: AA51
2016-07-19 15:42:09,952 ClientCallback.on_implicit_send INFO autoptsclient_common.py   151   on_implicit_send          : END OnImplicitSend:
2016-07-19 15:42:09,952 ClientCallback.on_implicit_send INFO autoptsclient_common.py   152   on_implicit_send          : ********************
2016-07-19 15:42:09,963 ClientCallback.on_implicit_send INFO autoptsclient_common.py   116   on_implicit_send          : ********************
2016-07-19 15:42:09,963 ClientCallback.on_implicit_send INFO autoptsclient_common.py   117   on_implicit_send          : BEGIN OnImplicitSend:
2016-07-19 15:42:09,963 ClientCallback.on_implicit_send INFO autoptsclient_common.py   118   on_implicit_send          : project_name: GATT
2016-07-19 15:42:09,964 ClientCallback.on_implicit_send INFO autoptsclient_common.py   119   on_implicit_send          : wid: 121
2016-07-19 15:42:09,964 ClientCallback.on_implicit_send INFO autoptsclient_common.py   120   on_implicit_send          : test_case_name: TC_GAR_SR_BI_11_C
2016-07-19 15:42:09,964 ClientCallback.on_implicit_send INFO autoptsclient_common.py   121   on_implicit_send          : description: Enter Handle(0x)(Range 0x0001-0xFFFF) response with Insufficient Encryption Key Size. 

Description: Verify that the Implementation Under Test (IUT) can response Insufficient Encryption Key Size.
2016-07-19 15:42:09,964 ClientCallback.on_implicit_send INFO autoptsclient_common.py   122   on_implicit_send          : style: MMI_Style_Edit1 0x12040
2016-07-19 15:42:09,964 ClientCallback.on_implicit_send INFO autoptsclient_common.py   124   on_implicit_send          : response: 3653016 <type 'int'> 19163328
2016-07-19 15:42:09,964 ClientCallback.on_implicit_send INFO autoptsclient_common.py   125   on_implicit_send          : response_size: 2048
2016-07-19 15:42:09,965 ClientCallback.on_implicit_send INFO autoptsclient_common.py   127   on_implicit_send          : response_is_present: 0 <type 'int'>
2016-07-19 15:42:09,965 ClientCallback.on_implicit_send INFO autoptsclient_common.py   131   on_implicit_send          : Calling test cases on_implicit_send
2016-07-19 15:42:09,965 root DEBUG testcase.py               467   on_implicit_send          : GATT TC_GAR_SR_BI_11_C on_implicit_send
2016-07-19 15:42:09,965 root DEBUG testcase.py               428   handle_mmi_style_edit1    : handle_mmi_style_edit1, 121 edit1_wids={121: '000b', 122: 'AA51'}
2016-07-19 15:42:09,965 root DEBUG testcase.py               494   on_implicit_send          : Sending response '000b'
2016-07-19 15:42:09,965 ClientCallback.on_implicit_send INFO autoptsclient_common.py   143   on_implicit_send          : test case returned on_implicit_send, response: 000b
2016-07-19 15:42:09,966 ClientCallback.on_implicit_send INFO autoptsclient_common.py   151   on_implicit_send          : END OnImplicitSend:
2016-07-19 15:42:09,966 ClientCallback.on_implicit_send INFO autoptsclient_common.py   152   on_implicit_send          : ********************
2016-07-19 15:42:12,187 ClientCallback.log INFO autoptsclient_common.py   82    log                       : PTS_LOGTYPE_START_TEST Start Test Case 

+0 ms
 TC_GAR_SR_BI_11_C

2016-07-19 15:42:12,187 root DEBUG testcase.py               358   log                       : New status GATT TC_GAR_SR_BI_11_C - Started
2016-07-19 15:42:12,329 ClientCallback.log INFO autoptsclient_common.py   82    log                       : PTS_LOGTYPE_FINAL_VERDICT Final Verdict 

+8174 ms
 PASS

2016-07-19 15:42:12,329 root DEBUG testcase.py               358   log                       : New status GATT TC_GAR_SR_BI_11_C - PASS
2016-07-19 15:42:12,334 ClientCallback.log INFO autoptsclient_common.py   82    log                       : PTS_LOGTYPE_FINAL_VERDICT Encrypted Verdict 

+8174 ms
 A1#ZWY4MzQ5MDg3MmQwNTIxOGQzMzQ5YjY2ODA5M2MzNjQ5ZDY4NmY0Yjc2MzIzM2VkNTUyNTFhNGU4Mjg1MjI0NA==#9EUQrn+LeObQzv5Da/RKZ78v0m2IkH5wgIrEq/zsDeQixzrRPH3GtdJq3fJVTyop

2016-07-19 15:42:12,365 ClientCallback.log INFO autoptsclient_common.py   82    log                       : PTS_LOGTYPE_END_TEST Test Case Ended 

+8174 ms
 TC_GAR_SR_BI_11_C

2016-07-19 15:42:12,396 root DEBUG testcase.py               518   post_run                  : post_run GATT TC_GAR_SR_BI_11_C 
2016-07-19 15:42:12,396 root DEBUG testcase.py               201   start                     : Starting test function: ptsprojects.testcase.TestFuncCleanUp <bound method ZephyrCtl.stop of <ptsprojects.zephyr.iutctl.ZephyrCtl instance at 0x7f16062423f8>> None None () {}
2016-07-19 15:42:12,396 root DEBUG testcase.py               209   start                     : Test function parameters: args=(), kwds={}
2016-07-19 15:42:12,396 root DEBUG iutctl.py                 207   stop                      : ptsprojects.zephyr.iutctl.ZephyrCtl.stop
2016-07-19 15:42:15,400 root DEBUG autoptsclient_common.py   395   run_test_case             : Done TestCase wrapper GATT TC_GAR_SR_BI_11_C
