2016-07-19 16:18:56,570 root DEBUG autoptsclient_common.py   349   run_test_case             : Starting TestCase wrapper GATT TC_GAR_CL_BV_04_C
2016-07-19 16:18:56,570 root DEBUG testcase.py               499   pre_run                   : pre_run GATT TC_GAR_CL_BV_04_C
2016-07-19 16:18:56,570 root DEBUG testcase.py               502   pre_run                   : About to run test case GATT TC_GAR_CL_BV_04_C with commands:
2016-07-19 16:18:56,570 root DEBUG testcase.py               504   pre_run                   : 0) ptsprojects.testcase.TestFunc <bound method ZephyrCtl.start of <ptsprojects.zephyr.iutctl.ZephyrCtl instance at 0x7f3adf2df3f8>> None None () {}
2016-07-19 16:18:56,570 root DEBUG testcase.py               504   pre_run                   : 1) ptsprojects.testcase.TestFunc <function core_reg_svc_gap at 0x7f3adf2b0a28> None None () {}
2016-07-19 16:18:56,571 root DEBUG testcase.py               504   pre_run                   : 2) ptsprojects.testcase.TestFunc <function core_reg_svc_gatts at 0x7f3adf2b0aa0> None None () {}
2016-07-19 16:18:56,571 root DEBUG testcase.py               504   pre_run                   : 3) ptsprojects.testcase.TestFunc <function gap_conn at 0x7f3adf2b0cf8> 2 None ('00:1B:DC:E0:37:6C', 0) {}
2016-07-19 16:18:56,571 root DEBUG testcase.py               504   pre_run                   : 4) ptsprojects.testcase.TestFunc <function gap_connected_ev at 0x7f3adf2b0c80> 2 None ('00:1B:DC:E0:37:6C', 0) {}
2016-07-19 16:18:56,571 root DEBUG testcase.py               504   pre_run                   : 5) ptsprojects.testcase.TestFunc <function gattc_read at 0x7f3adf2c8cf8> 48 None (0, '00:1B:DC:E0:37:6C', 'MMI_arg_value_1') {}
2016-07-19 16:18:56,571 root DEBUG testcase.py               504   pre_run                   : 6) ptsprojects.testcase.TestFunc <function gattc_read_rsp at 0x7f3adf2c98c0> 48 None () {'store_val': True}
2016-07-19 16:18:56,572 root DEBUG testcase.py               504   pre_run                   : 7) ptsprojects.testcase.TestFunc <function gap_disconn at 0x7f3adf2b0de8> 3 None ('00:1B:DC:E0:37:6C', 0) {}
2016-07-19 16:18:56,572 root DEBUG testcase.py               504   pre_run                   : 8) ptsprojects.testcase.TestFunc <function gap_disconnected_ev at 0x7f3adf2b0d70> 3 None ('00:1B:DC:E0:37:6C', 0) {}
2016-07-19 16:18:56,572 root DEBUG testcase.py               504   pre_run                   : 9) ptsprojects.testcase.TestFuncCleanUp <bound method ZephyrCtl.stop of <ptsprojects.zephyr.iutctl.ZephyrCtl instance at 0x7f3adf2df3f8>> None None () {}
2016-07-19 16:18:56,572 root DEBUG testcase.py               201   start                     : Starting test function: ptsprojects.testcase.TestFunc <bound method ZephyrCtl.start of <ptsprojects.zephyr.iutctl.ZephyrCtl instance at 0x7f3adf2df3f8>> None None () {}
2016-07-19 16:18:56,572 root DEBUG testcase.py               209   start                     : Test function parameters: args=(), kwds={}
2016-07-19 16:18:56,572 root DEBUG iutctl.py                 173   start                     : ptsprojects.zephyr.iutctl.ZephyrCtl.start
2016-07-19 16:18:56,573 root DEBUG iutctl.py                 160   reset_board               : About to reset DUT: "/home/skamrmar/bin/zflash/openocd/bin/openocd -s /home/skamrmar/bin/zflash/openocd/share/scripts -f /home/skamrmar/bin/zflash/boards/mountatlas/openocd.cfg -c 'init' -c 'reset run' -c 'shutdown'"
2016-07-19 16:18:58,588 root DEBUG iutctl.py                 184   start                     : Starting socat process: socat -x -v /dev/ttyUSB1,raw,b115200 UNIX-CONNECT:/tmp/bt-stack-tester
2016-07-19 16:18:58,591 root DEBUG iutctl.py                 56    accept                    : accept
2016-07-19 16:18:58,595 root DEBUG testcase.py               201   start                     : Starting test function: ptsprojects.testcase.TestFunc <function core_reg_svc_gap at 0x7f3adf2b0a28> None None () {}
2016-07-19 16:18:58,595 root DEBUG testcase.py               209   start                     : Test function parameters: args=(), kwds={}
2016-07-19 16:18:58,595 root DEBUG btp.py                    226   core_reg_svc_gap          : core_reg_svc_gap
2016-07-19 16:18:58,595 root DEBUG iutctl.py                 98    send                      : send, 0 3 255 1
2016-07-19 16:18:58,596 root DEBUG iutctl.py                 108   send                      : btpclient command: send 0 3 255 01
2016-07-19 16:18:58,596 root DEBUG btpparser.py              59    enc_frame                 : enc_frame, 0 3 255 '\x01'
2016-07-19 16:18:58,596 root DEBUG iutctl.py                 112   send                      : sending frame '\x00\x03\xff\x01\x00\x01'
2016-07-19 16:19:00,142 root DEBUG btp.py                    246   core_reg_svc_rsp_succ     : core_reg_svc_rsp_succ
2016-07-19 16:19:00,148 root DEBUG iutctl.py                 64    read                      : read
2016-07-19 16:19:00,210 root DEBUG btpparser.py              39    dec_hdr                   : dec_hdr, bytearray(b'\x00\x03\xff\x00\x00')
2016-07-19 16:19:00,211 root DEBUG iutctl.py                 78    read                      : Received: hdr: header(svc_id=0, op=3, ctrl_index=255, data_len=0) bytearray(b'\x00\x03\xff\x00\x00')
2016-07-19 16:19:00,211 root DEBUG btpparser.py              49    dec_data                  : dec_data, bytearray(b'')
2016-07-19 16:19:00,211 root DEBUG iutctl.py                 91    read                      : Received data: ('',), bytearray(b'')
2016-07-19 16:19:00,212 root DEBUG btp.py                    257   core_reg_svc_rsp_succ     : received header(svc_id=0, op=3, ctrl_index=255, data_len=0) ('',)
2016-07-19 16:19:00,212 root DEBUG btp.py                    258   core_reg_svc_rsp_succ     : expected ((0, 3, 255, 0), ('',))
2016-07-19 16:19:00,212 root DEBUG btp.py                    264   core_reg_svc_rsp_succ     : response is valid
2016-07-19 16:19:00,212 root DEBUG testcase.py               201   start                     : Starting test function: ptsprojects.testcase.TestFunc <function core_reg_svc_gatts at 0x7f3adf2b0aa0> None None () {}
2016-07-19 16:19:00,212 root DEBUG testcase.py               209   start                     : Test function parameters: args=(), kwds={}
2016-07-19 16:19:00,212 root DEBUG btp.py                    237   core_reg_svc_gatts        : core_reg_svc_gatts
2016-07-19 16:19:00,212 root DEBUG iutctl.py                 98    send                      : send, 0 3 255 2
2016-07-19 16:19:00,212 root DEBUG iutctl.py                 108   send                      : btpclient command: send 0 3 255 02
2016-07-19 16:19:00,212 root DEBUG btpparser.py              59    enc_frame                 : enc_frame, 0 3 255 '\x02'
2016-07-19 16:19:00,212 root DEBUG iutctl.py                 112   send                      : sending frame '\x00\x03\xff\x01\x00\x02'
2016-07-19 16:19:00,213 root DEBUG btp.py                    246   core_reg_svc_rsp_succ     : core_reg_svc_rsp_succ
2016-07-19 16:19:00,213 root DEBUG iutctl.py                 64    read                      : read
2016-07-19 16:19:00,215 root DEBUG btpparser.py              39    dec_hdr                   : dec_hdr, bytearray(b'\x00\x03\xff\x00\x00')
2016-07-19 16:19:00,216 root DEBUG iutctl.py                 78    read                      : Received: hdr: header(svc_id=0, op=3, ctrl_index=255, data_len=0) bytearray(b'\x00\x03\xff\x00\x00')
2016-07-19 16:19:00,216 root DEBUG btpparser.py              49    dec_data                  : dec_data, bytearray(b'')
2016-07-19 16:19:00,216 root DEBUG iutctl.py                 91    read                      : Received data: ('',), bytearray(b'')
2016-07-19 16:19:00,217 root DEBUG btp.py                    257   core_reg_svc_rsp_succ     : received header(svc_id=0, op=3, ctrl_index=255, data_len=0) ('',)
2016-07-19 16:19:00,217 root DEBUG btp.py                    258   core_reg_svc_rsp_succ     : expected ((0, 3, 255, 0), ('',))
2016-07-19 16:19:00,217 root DEBUG btp.py                    264   core_reg_svc_rsp_succ     : response is valid
2016-07-19 16:19:09,133 ClientCallback.on_implicit_send INFO autoptsclient_common.py   116   on_implicit_send          : ********************
2016-07-19 16:19:09,134 ClientCallback.on_implicit_send INFO autoptsclient_common.py   117   on_implicit_send          : BEGIN OnImplicitSend:
2016-07-19 16:19:09,134 ClientCallback.on_implicit_send INFO autoptsclient_common.py   118   on_implicit_send          : project_name: GATT
2016-07-19 16:19:09,134 ClientCallback.on_implicit_send INFO autoptsclient_common.py   119   on_implicit_send          : wid: 2
2016-07-19 16:19:09,134 ClientCallback.on_implicit_send INFO autoptsclient_common.py   120   on_implicit_send          : test_case_name: TC_GAR_CL_BV_04_C
2016-07-19 16:19:09,134 ClientCallback.on_implicit_send INFO autoptsclient_common.py   121   on_implicit_send          : description: Please initiate a GATT connection to the PTS.

Description: Verify that the Implementation Under Test (IUT) can initiate GATT connect request to PTS.
2016-07-19 16:19:09,135 ClientCallback.on_implicit_send INFO autoptsclient_common.py   122   on_implicit_send          : style: MMI_Style_Ok_Cancel2 0x11141
2016-07-19 16:19:09,135 ClientCallback.on_implicit_send INFO autoptsclient_common.py   124   on_implicit_send          : response: 3653140 <type 'int'> 10946632
2016-07-19 16:19:09,135 ClientCallback.on_implicit_send INFO autoptsclient_common.py   125   on_implicit_send          : response_size: 2048
2016-07-19 16:19:09,135 ClientCallback.on_implicit_send INFO autoptsclient_common.py   127   on_implicit_send          : response_is_present: 0 <type 'int'>
2016-07-19 16:19:09,135 ClientCallback.on_implicit_send INFO autoptsclient_common.py   131   on_implicit_send          : Calling test cases on_implicit_send
2016-07-19 16:19:09,135 root DEBUG testcase.py               467   on_implicit_send          : GATT TC_GAR_CL_BV_04_C on_implicit_send
2016-07-19 16:19:09,136 root DEBUG testcase.py               201   start                     : Starting test function: ptsprojects.testcase.TestFunc <function gap_conn at 0x7f3adf2b0cf8> 2 None ('00:1B:DC:E0:37:6C', 0) {}
2016-07-19 16:19:09,136 root DEBUG testcase.py               209   start                     : Test function parameters: args=('00:1B:DC:E0:37:6C', 0), kwds={}
2016-07-19 16:19:09,136 root DEBUG btp.py                    329   gap_conn                  : gap_conn '00:1B:DC:E0:37:6C' 0
2016-07-19 16:19:09,136 root DEBUG iutctl.py                 98    send                      : send, 1 14 0 bytearray(b'\x00l7\xe0\xdc\x1b\x00')
2016-07-19 16:19:09,136 root DEBUG iutctl.py                 108   send                      : btpclient command: send 1 14 0 006c37e0dc1b00
2016-07-19 16:19:09,136 root DEBUG btpparser.py              59    enc_frame                 : enc_frame, 1 14 0 bytearray(b'\x00l7\xe0\xdc\x1b\x00')
2016-07-19 16:19:09,137 root DEBUG iutctl.py                 112   send                      : sending frame '\x01\x0e\x00\x07\x00\x00l7\xe0\xdc\x1b\x00'
2016-07-19 16:19:09,137 root DEBUG btp.py                    588   gap_command_rsp_succ      : gap_command_rsp_succ
2016-07-19 16:19:09,137 root DEBUG iutctl.py                 64    read                      : read
2016-07-19 16:19:09,141 root DEBUG btpparser.py              39    dec_hdr                   : dec_hdr, bytearray(b'\x01\x0e\x00\x00\x00')
2016-07-19 16:19:09,142 root DEBUG iutctl.py                 78    read                      : Received: hdr: header(svc_id=1, op=14, ctrl_index=0, data_len=0) bytearray(b'\x01\x0e\x00\x00\x00')
2016-07-19 16:19:09,142 root DEBUG btpparser.py              49    dec_data                  : dec_data, bytearray(b'')
2016-07-19 16:19:09,143 root DEBUG iutctl.py                 91    read                      : Received data: ('',), bytearray(b'')
2016-07-19 16:19:09,143 root DEBUG btp.py                    593   gap_command_rsp_succ      : received header(svc_id=1, op=14, ctrl_index=0, data_len=0) ('',)
2016-07-19 16:19:09,143 root DEBUG testcase.py               201   start                     : Starting test function: ptsprojects.testcase.TestFunc <function gap_connected_ev at 0x7f3adf2b0c80> 2 None ('00:1B:DC:E0:37:6C', 0) {}
2016-07-19 16:19:09,143 root DEBUG testcase.py               209   start                     : Test function parameters: args=('00:1B:DC:E0:37:6C', 0), kwds={}
2016-07-19 16:19:09,143 root DEBUG btp.py                    309   gap_connected_ev          : gap_connected_ev '00:1B:DC:E0:37:6C' 0
2016-07-19 16:19:09,144 root DEBUG iutctl.py                 64    read                      : read
2016-07-19 16:19:09,329 root DEBUG btpparser.py              39    dec_hdr                   : dec_hdr, bytearray(b'\x01\x82\x00\x07\x00')
2016-07-19 16:19:09,330 root DEBUG iutctl.py                 78    read                      : Received: hdr: header(svc_id=1, op=130, ctrl_index=0, data_len=7) bytearray(b'\x01\x82\x00\x07\x00')
2016-07-19 16:19:09,330 root DEBUG btpparser.py              49    dec_data                  : dec_data, bytearray(b'l7\xe0\xdc\x1b\x00\x00')
2016-07-19 16:19:09,330 root DEBUG iutctl.py                 91    read                      : Received data: ('l7\xe0\xdc\x1b\x00\x00',), bytearray(b'l7\xe0\xdc\x1b\x00\x00')
2016-07-19 16:19:09,331 root DEBUG btp.py                    313   gap_connected_ev          : received header(svc_id=1, op=130, ctrl_index=0, data_len=7) ('l7\xe0\xdc\x1b\x00\x00',)
2016-07-19 16:19:09,331 root DEBUG testcase.py               494   on_implicit_send          : Sending response 'OK'
2016-07-19 16:19:09,331 ClientCallback.on_implicit_send INFO autoptsclient_common.py   143   on_implicit_send          : test case returned on_implicit_send, response: OK
2016-07-19 16:19:09,331 ClientCallback.on_implicit_send INFO autoptsclient_common.py   151   on_implicit_send          : END OnImplicitSend:
2016-07-19 16:19:09,331 ClientCallback.on_implicit_send INFO autoptsclient_common.py   152   on_implicit_send          : ********************
2016-07-19 16:19:09,344 ClientCallback.on_implicit_send INFO autoptsclient_common.py   116   on_implicit_send          : ********************
2016-07-19 16:19:09,344 ClientCallback.on_implicit_send INFO autoptsclient_common.py   117   on_implicit_send          : BEGIN OnImplicitSend:
2016-07-19 16:19:09,344 ClientCallback.on_implicit_send INFO autoptsclient_common.py   118   on_implicit_send          : project_name: GATT
2016-07-19 16:19:09,344 ClientCallback.on_implicit_send INFO autoptsclient_common.py   119   on_implicit_send          : wid: 48
2016-07-19 16:19:09,344 ClientCallback.on_implicit_send INFO autoptsclient_common.py   120   on_implicit_send          : test_case_name: TC_GAR_CL_BV_04_C
2016-07-19 16:19:09,344 ClientCallback.on_implicit_send INFO autoptsclient_common.py   121   on_implicit_send          : description: Please send read characteristic handle = '00D3'O to the PTS.

Description: Verify that the Implementation Under Test (IUT) can send Read characteristic.
2016-07-19 16:19:09,345 ClientCallback.on_implicit_send INFO autoptsclient_common.py   122   on_implicit_send          : style: MMI_Style_Ok_Cancel2 0x11141
2016-07-19 16:19:09,345 ClientCallback.on_implicit_send INFO autoptsclient_common.py   124   on_implicit_send          : response: 3653140 <type 'int'> 10946632
2016-07-19 16:19:09,345 ClientCallback.on_implicit_send INFO autoptsclient_common.py   125   on_implicit_send          : response_size: 2048
2016-07-19 16:19:09,345 ClientCallback.on_implicit_send INFO autoptsclient_common.py   127   on_implicit_send          : response_is_present: 0 <type 'int'>
2016-07-19 16:19:09,345 ClientCallback.on_implicit_send INFO autoptsclient_common.py   131   on_implicit_send          : Calling test cases on_implicit_send
2016-07-19 16:19:09,345 root DEBUG testcase.py               467   on_implicit_send          : GATT TC_GAR_CL_BV_04_C on_implicit_send
2016-07-19 16:19:09,346 root DEBUG testcase.py               59    parse_description         : parse_description "Please send read characteristic handle = '00D3'O to the PTS.\n\nDescription: Verify that the Implementation Under Test (IUT) can send Read characteristic."
2016-07-19 16:19:09,346 root DEBUG testcase.py               63    parse_description         : Parse result: ['00D3']
2016-07-19 16:19:09,346 root DEBUG testcase.py               201   start                     : Starting test function: ptsprojects.testcase.TestFunc <function gattc_read at 0x7f3adf2c8cf8> 48 None (0, '00:1B:DC:E0:37:6C', 'MMI_arg_value_1') {}
2016-07-19 16:19:09,346 root DEBUG testcase.py               78    process_args              : process_args: (0, '00:1B:DC:E0:37:6C', 'MMI_arg_value_1')
2016-07-19 16:19:09,346 root DEBUG testcase.py               79    process_args              : MMI.args now ['00D3']
2016-07-19 16:19:09,346 root DEBUG testcase.py               93    process_args              : returning (0, '00:1B:DC:E0:37:6C', '00D3')
2016-07-19 16:19:09,347 root DEBUG testcase.py               209   start                     : Test function parameters: args=(0, '00:1B:DC:E0:37:6C', '00D3'), kwds={}
2016-07-19 16:19:09,347 root DEBUG btp.py                    956   gattc_read                : gattc_read 0 '00:1B:DC:E0:37:6C' '00D3'
2016-07-19 16:19:09,347 root DEBUG iutctl.py                 98    send                      : send, 2 17 0 bytearray(b'\x00l7\xe0\xdc\x1b\x00\xd3\x00')
2016-07-19 16:19:09,347 root DEBUG iutctl.py                 108   send                      : btpclient command: send 2 17 0 006c37e0dc1b00d300
2016-07-19 16:19:09,347 root DEBUG btpparser.py              59    enc_frame                 : enc_frame, 2 17 0 bytearray(b'\x00l7\xe0\xdc\x1b\x00\xd3\x00')
2016-07-19 16:19:09,347 root DEBUG iutctl.py                 112   send                      : sending frame '\x02\x11\x00\t\x00\x00l7\xe0\xdc\x1b\x00\xd3\x00'
2016-07-19 16:19:09,348 root DEBUG testcase.py               201   start                     : Starting test function: ptsprojects.testcase.TestFunc <function gattc_read_rsp at 0x7f3adf2c98c0> 48 None () {'store_val': True}
2016-07-19 16:19:09,348 root DEBUG testcase.py               209   start                     : Test function parameters: args=(), kwds={'store_val': True}
2016-07-19 16:19:09,348 root DEBUG iutctl.py                 64    read                      : read
2016-07-19 16:19:09,680 root DEBUG btpparser.py              39    dec_hdr                   : dec_hdr, bytearray(b'\x02\x11\x000\x00')
2016-07-19 16:19:09,682 root DEBUG iutctl.py                 78    read                      : Received: hdr: header(svc_id=2, op=17, ctrl_index=0, data_len=48) bytearray(b'\x02\x11\x000\x00')
2016-07-19 16:19:09,684 root DEBUG btpparser.py              49    dec_data                  : dec_data, bytearray(b'\x00-\x00\x11"3DUfw\x88\x99\x00\x124Vx\x90\x124Vx\x90\x124Vx\x90\x124Vx\x90\x11"3DUfw\x88\x99\x00\x11"3DU')
2016-07-19 16:19:09,685 root DEBUG iutctl.py                 91    read                      : Received data: ('\x00-\x00\x11"3DUfw\x88\x99\x00\x124Vx\x90\x124Vx\x90\x124Vx\x90\x124Vx\x90\x11"3DUfw\x88\x99\x00\x11"3DU',), bytearray(b'\x00-\x00\x11"3DUfw\x88\x99\x00\x124Vx\x90\x124Vx\x90\x124Vx\x90\x124Vx\x90\x11"3DUfw\x88\x99\x00\x11"3DU')
2016-07-19 16:19:09,685 root DEBUG btp.py                    1586  gattc_read_rsp            : gattc_read_rsp received header(svc_id=2, op=17, ctrl_index=0, data_len=48) ('\x00-\x00\x11"3DUfw\x88\x99\x00\x124Vx\x90\x124Vx\x90\x124Vx\x90\x124Vx\x90\x11"3DUfw\x88\x99\x00\x11"3DU',)
2016-07-19 16:19:09,685 root DEBUG btp.py                    1591  gattc_read_rsp            : gattc_read_rsp 0 ('\x11"3DUfw\x88\x99\x00\x124Vx\x90\x124Vx\x90\x124Vx\x90\x124Vx\x90\x11"3DUfw\x88\x99\x00\x11"3DU',)
2016-07-19 16:19:09,686 root DEBUG testcase.py               494   on_implicit_send          : Sending response 'OK'
2016-07-19 16:19:09,686 ClientCallback.on_implicit_send INFO autoptsclient_common.py   143   on_implicit_send          : test case returned on_implicit_send, response: OK
2016-07-19 16:19:09,686 ClientCallback.on_implicit_send INFO autoptsclient_common.py   151   on_implicit_send          : END OnImplicitSend:
2016-07-19 16:19:09,686 ClientCallback.on_implicit_send INFO autoptsclient_common.py   152   on_implicit_send          : ********************
2016-07-19 16:19:09,699 ClientCallback.on_implicit_send INFO autoptsclient_common.py   116   on_implicit_send          : ********************
2016-07-19 16:19:09,699 ClientCallback.on_implicit_send INFO autoptsclient_common.py   117   on_implicit_send          : BEGIN OnImplicitSend:
2016-07-19 16:19:09,699 ClientCallback.on_implicit_send INFO autoptsclient_common.py   118   on_implicit_send          : project_name: GATT
2016-07-19 16:19:09,700 ClientCallback.on_implicit_send INFO autoptsclient_common.py   119   on_implicit_send          : wid: 52
2016-07-19 16:19:09,700 ClientCallback.on_implicit_send INFO autoptsclient_common.py   120   on_implicit_send          : test_case_name: TC_GAR_CL_BV_04_C
2016-07-19 16:19:09,700 ClientCallback.on_implicit_send INFO autoptsclient_common.py   121   on_implicit_send          : description: Please confirm IUT Handle='d3'O characteristic value='112233445566778899001234567890123456789012345678901234567890112233445566778899001122334455'O in random selected adopted database. Click Yes if it matches the IUT, othwise click No.

Description: Verify that the Implementation Under Test (IUT) can send Read long characteristic to PTS random select adopted database.
2016-07-19 16:19:09,700 ClientCallback.on_implicit_send INFO autoptsclient_common.py   122   on_implicit_send          : style: MMI_Style_Yes_No1 0x11044
2016-07-19 16:19:09,700 ClientCallback.on_implicit_send INFO autoptsclient_common.py   124   on_implicit_send          : response: 3653140 <type 'int'> 10946632
2016-07-19 16:19:09,700 ClientCallback.on_implicit_send INFO autoptsclient_common.py   125   on_implicit_send          : response_size: 2048
2016-07-19 16:19:09,701 ClientCallback.on_implicit_send INFO autoptsclient_common.py   127   on_implicit_send          : response_is_present: 0 <type 'int'>
2016-07-19 16:19:09,701 ClientCallback.on_implicit_send INFO autoptsclient_common.py   131   on_implicit_send          : Calling test cases on_implicit_send
2016-07-19 16:19:09,701 root DEBUG testcase.py               467   on_implicit_send          : GATT TC_GAR_CL_BV_04_C on_implicit_send
2016-07-19 16:19:09,701 root DEBUG testcase.py               364   handle_mmi_style_yes_no1  : handle_mmi_style_yes_no1, 52 "Please confirm IUT Handle='d3'O characteristic value='112233445566778899001234567890123456789012345678901234567890112233445566778899001122334455'O in random selected adopted database. Click Yes if it matches the IUT, othwise click No.\n\nDescription: Verify that the Implementation Under Test (IUT) can send Read long characteristic to PTS random select adopted database."
2016-07-19 16:19:09,701 root DEBUG testcase.py               366   handle_mmi_style_yes_no1  : no_wid=None verify_wids={52: <function verify_description at 0x7f3adf2b0848>}
2016-07-19 16:19:09,701 root DEBUG testcase.py               378   handle_mmi_style_yes_no1  : Starting verification of: {52: <function verify_description at 0x7f3adf2b0848>}
2016-07-19 16:19:09,702 root DEBUG btp.py                    139   verify_description        : description="Please confirm IUT Handle='d3'O characteristic value='112233445566778899001234567890123456789012345678901234567890112233445566778899001122334455'O in random selected adopted database. Click Yes if it matches the IUT, othwise click No.\n\nDescription: Verify that the Implementation Under Test (IUT) can send Read long characteristic to PTS random select adopted database."
2016-07-19 16:19:09,702 root DEBUG btp.py                    142   verify_description        : Verifying values: ['112233445566778899001234567890123456789012345678901234567890112233445566778899001122334455']
2016-07-19 16:19:09,702 root DEBUG btp.py                    151   verify_description        : Verifying: '112233445566778899001234567890123456789012345678901234567890112233445566778899001122334455'
2016-07-19 16:19:09,702 root DEBUG btp.py                    157   verify_description        : All verifications passed
2016-07-19 16:19:09,702 root DEBUG testcase.py               408   handle_mmi_style_yes_no1  : All verifications passed
2016-07-19 16:19:09,702 root DEBUG testcase.py               494   on_implicit_send          : Sending response 'Yes'
2016-07-19 16:19:09,702 ClientCallback.on_implicit_send INFO autoptsclient_common.py   143   on_implicit_send          : test case returned on_implicit_send, response: Yes
2016-07-19 16:19:09,703 ClientCallback.on_implicit_send INFO autoptsclient_common.py   151   on_implicit_send          : END OnImplicitSend:
2016-07-19 16:19:09,703 ClientCallback.on_implicit_send INFO autoptsclient_common.py   152   on_implicit_send          : ********************
2016-07-19 16:19:09,712 ClientCallback.on_implicit_send INFO autoptsclient_common.py   116   on_implicit_send          : ********************
2016-07-19 16:19:09,713 ClientCallback.on_implicit_send INFO autoptsclient_common.py   117   on_implicit_send          : BEGIN OnImplicitSend:
2016-07-19 16:19:09,713 ClientCallback.on_implicit_send INFO autoptsclient_common.py   118   on_implicit_send          : project_name: GATT
2016-07-19 16:19:09,713 ClientCallback.on_implicit_send INFO autoptsclient_common.py   119   on_implicit_send          : wid: 48
2016-07-19 16:19:09,713 ClientCallback.on_implicit_send INFO autoptsclient_common.py   120   on_implicit_send          : test_case_name: TC_GAR_CL_BV_04_C
2016-07-19 16:19:09,713 ClientCallback.on_implicit_send INFO autoptsclient_common.py   121   on_implicit_send          : description: Please send read characteristic handle = '00D0'O to the PTS.

Description: Verify that the Implementation Under Test (IUT) can send Read characteristic.
2016-07-19 16:19:09,713 ClientCallback.on_implicit_send INFO autoptsclient_common.py   122   on_implicit_send          : style: MMI_Style_Ok_Cancel2 0x11141
2016-07-19 16:19:09,713 ClientCallback.on_implicit_send INFO autoptsclient_common.py   124   on_implicit_send          : response: 3653140 <type 'int'> 10946632
2016-07-19 16:19:09,714 ClientCallback.on_implicit_send INFO autoptsclient_common.py   125   on_implicit_send          : response_size: 2048
2016-07-19 16:19:09,714 ClientCallback.on_implicit_send INFO autoptsclient_common.py   127   on_implicit_send          : response_is_present: 0 <type 'int'>
2016-07-19 16:19:09,714 ClientCallback.on_implicit_send INFO autoptsclient_common.py   131   on_implicit_send          : Calling test cases on_implicit_send
2016-07-19 16:19:09,714 root DEBUG testcase.py               467   on_implicit_send          : GATT TC_GAR_CL_BV_04_C on_implicit_send
2016-07-19 16:19:09,714 root DEBUG testcase.py               59    parse_description         : parse_description "Please send read characteristic handle = '00D0'O to the PTS.\n\nDescription: Verify that the Implementation Under Test (IUT) can send Read characteristic."
2016-07-19 16:19:09,714 root DEBUG testcase.py               63    parse_description         : Parse result: ['00D0']
2016-07-19 16:19:09,714 root DEBUG testcase.py               201   start                     : Starting test function: ptsprojects.testcase.TestFunc <function gattc_read at 0x7f3adf2c8cf8> 48 None (0, '00:1B:DC:E0:37:6C', 'MMI_arg_value_1') {}
2016-07-19 16:19:09,715 root DEBUG testcase.py               78    process_args              : process_args: (0, '00:1B:DC:E0:37:6C', 'MMI_arg_value_1')
2016-07-19 16:19:09,715 root DEBUG testcase.py               79    process_args              : MMI.args now ['00D0']
2016-07-19 16:19:09,715 root DEBUG testcase.py               93    process_args              : returning (0, '00:1B:DC:E0:37:6C', '00D0')
2016-07-19 16:19:09,715 root DEBUG testcase.py               209   start                     : Test function parameters: args=(0, '00:1B:DC:E0:37:6C', '00D0'), kwds={}
2016-07-19 16:19:09,715 root DEBUG btp.py                    956   gattc_read                : gattc_read 0 '00:1B:DC:E0:37:6C' '00D0'
2016-07-19 16:19:09,715 root DEBUG iutctl.py                 98    send                      : send, 2 17 0 bytearray(b'\x00l7\xe0\xdc\x1b\x00\xd0\x00')
2016-07-19 16:19:09,715 root DEBUG iutctl.py                 108   send                      : btpclient command: send 2 17 0 006c37e0dc1b00d000
2016-07-19 16:19:09,716 root DEBUG btpparser.py              59    enc_frame                 : enc_frame, 2 17 0 bytearray(b'\x00l7\xe0\xdc\x1b\x00\xd0\x00')
2016-07-19 16:19:09,716 root DEBUG iutctl.py                 112   send                      : sending frame '\x02\x11\x00\t\x00\x00l7\xe0\xdc\x1b\x00\xd0\x00'
2016-07-19 16:19:09,716 root DEBUG testcase.py               201   start                     : Starting test function: ptsprojects.testcase.TestFunc <function gattc_read_rsp at 0x7f3adf2c98c0> 48 None () {'store_val': True}
2016-07-19 16:19:09,716 root DEBUG testcase.py               209   start                     : Test function parameters: args=(), kwds={'store_val': True}
2016-07-19 16:19:09,716 root DEBUG iutctl.py                 64    read                      : read
2016-07-19 16:19:09,980 root DEBUG btpparser.py              39    dec_hdr                   : dec_hdr, bytearray(b'\x02\x11\x00/\x00')
2016-07-19 16:19:09,981 root DEBUG iutctl.py                 78    read                      : Received: hdr: header(svc_id=2, op=17, ctrl_index=0, data_len=47) bytearray(b'\x02\x11\x00/\x00')
2016-07-19 16:19:09,984 root DEBUG btpparser.py              49    dec_data                  : dec_data, bytearray(b'\x00,\x00\x11"3DUfw\x88\x99\x00\x124Vx\x90\x124Vx\x90\x124Vx\x90\x124Vx\x90\x11"3DUfw\x88\x99\x00\x11"3D')
2016-07-19 16:19:09,985 root DEBUG iutctl.py                 91    read                      : Received data: ('\x00,\x00\x11"3DUfw\x88\x99\x00\x124Vx\x90\x124Vx\x90\x124Vx\x90\x124Vx\x90\x11"3DUfw\x88\x99\x00\x11"3D',), bytearray(b'\x00,\x00\x11"3DUfw\x88\x99\x00\x124Vx\x90\x124Vx\x90\x124Vx\x90\x124Vx\x90\x11"3DUfw\x88\x99\x00\x11"3D')
2016-07-19 16:19:09,985 root DEBUG btp.py                    1586  gattc_read_rsp            : gattc_read_rsp received header(svc_id=2, op=17, ctrl_index=0, data_len=47) ('\x00,\x00\x11"3DUfw\x88\x99\x00\x124Vx\x90\x124Vx\x90\x124Vx\x90\x124Vx\x90\x11"3DUfw\x88\x99\x00\x11"3D',)
2016-07-19 16:19:09,985 root DEBUG btp.py                    1591  gattc_read_rsp            : gattc_read_rsp 0 ('\x11"3DUfw\x88\x99\x00\x124Vx\x90\x124Vx\x90\x124Vx\x90\x124Vx\x90\x11"3DUfw\x88\x99\x00\x11"3D',)
2016-07-19 16:19:09,985 root DEBUG testcase.py               494   on_implicit_send          : Sending response 'OK'
2016-07-19 16:19:09,985 ClientCallback.on_implicit_send INFO autoptsclient_common.py   143   on_implicit_send          : test case returned on_implicit_send, response: OK
2016-07-19 16:19:09,986 ClientCallback.on_implicit_send INFO autoptsclient_common.py   151   on_implicit_send          : END OnImplicitSend:
2016-07-19 16:19:09,986 ClientCallback.on_implicit_send INFO autoptsclient_common.py   152   on_implicit_send          : ********************
2016-07-19 16:19:09,998 ClientCallback.on_implicit_send INFO autoptsclient_common.py   116   on_implicit_send          : ********************
2016-07-19 16:19:09,998 ClientCallback.on_implicit_send INFO autoptsclient_common.py   117   on_implicit_send          : BEGIN OnImplicitSend:
2016-07-19 16:19:09,998 ClientCallback.on_implicit_send INFO autoptsclient_common.py   118   on_implicit_send          : project_name: GATT
2016-07-19 16:19:09,998 ClientCallback.on_implicit_send INFO autoptsclient_common.py   119   on_implicit_send          : wid: 52
2016-07-19 16:19:09,998 ClientCallback.on_implicit_send INFO autoptsclient_common.py   120   on_implicit_send          : test_case_name: TC_GAR_CL_BV_04_C
2016-07-19 16:19:09,999 ClientCallback.on_implicit_send INFO autoptsclient_common.py   121   on_implicit_send          : description: Please confirm IUT Handle='d0'O characteristic value='1122334455667788990012345678901234567890123456789012345678901122334455667788990011223344'O in random selected adopted database. Click Yes if it matches the IUT, othwise click No.

Description: Verify that the Implementation Under Test (IUT) can send Read long characteristic to PTS random select adopted database.
2016-07-19 16:19:09,999 ClientCallback.on_implicit_send INFO autoptsclient_common.py   122   on_implicit_send          : style: MMI_Style_Yes_No1 0x11044
2016-07-19 16:19:09,999 ClientCallback.on_implicit_send INFO autoptsclient_common.py   124   on_implicit_send          : response: 3653140 <type 'int'> 10946632
2016-07-19 16:19:09,999 ClientCallback.on_implicit_send INFO autoptsclient_common.py   125   on_implicit_send          : response_size: 2048
2016-07-19 16:19:09,999 ClientCallback.on_implicit_send INFO autoptsclient_common.py   127   on_implicit_send          : response_is_present: 0 <type 'int'>
2016-07-19 16:19:10,000 ClientCallback.on_implicit_send INFO autoptsclient_common.py   131   on_implicit_send          : Calling test cases on_implicit_send
2016-07-19 16:19:10,000 root DEBUG testcase.py               467   on_implicit_send          : GATT TC_GAR_CL_BV_04_C on_implicit_send
2016-07-19 16:19:10,000 root DEBUG testcase.py               364   handle_mmi_style_yes_no1  : handle_mmi_style_yes_no1, 52 "Please confirm IUT Handle='d0'O characteristic value='1122334455667788990012345678901234567890123456789012345678901122334455667788990011223344'O in random selected adopted database. Click Yes if it matches the IUT, othwise click No.\n\nDescription: Verify that the Implementation Under Test (IUT) can send Read long characteristic to PTS random select adopted database."
2016-07-19 16:19:10,000 root DEBUG testcase.py               366   handle_mmi_style_yes_no1  : no_wid=None verify_wids={52: <function verify_description at 0x7f3adf2b0848>}
2016-07-19 16:19:10,000 root DEBUG testcase.py               378   handle_mmi_style_yes_no1  : Starting verification of: {52: <function verify_description at 0x7f3adf2b0848>}
2016-07-19 16:19:10,001 root DEBUG btp.py                    139   verify_description        : description="Please confirm IUT Handle='d0'O characteristic value='1122334455667788990012345678901234567890123456789012345678901122334455667788990011223344'O in random selected adopted database. Click Yes if it matches the IUT, othwise click No.\n\nDescription: Verify that the Implementation Under Test (IUT) can send Read long characteristic to PTS random select adopted database."
2016-07-19 16:19:10,001 root DEBUG btp.py                    142   verify_description        : Verifying values: ['1122334455667788990012345678901234567890123456789012345678901122334455667788990011223344']
2016-07-19 16:19:10,001 root DEBUG btp.py                    151   verify_description        : Verifying: '1122334455667788990012345678901234567890123456789012345678901122334455667788990011223344'
2016-07-19 16:19:10,001 root DEBUG btp.py                    157   verify_description        : All verifications passed
2016-07-19 16:19:10,002 root DEBUG testcase.py               408   handle_mmi_style_yes_no1  : All verifications passed
2016-07-19 16:19:10,002 root DEBUG testcase.py               494   on_implicit_send          : Sending response 'Yes'
2016-07-19 16:19:10,002 ClientCallback.on_implicit_send INFO autoptsclient_common.py   143   on_implicit_send          : test case returned on_implicit_send, response: Yes
2016-07-19 16:19:10,002 ClientCallback.on_implicit_send INFO autoptsclient_common.py   151   on_implicit_send          : END OnImplicitSend:
2016-07-19 16:19:10,002 ClientCallback.on_implicit_send INFO autoptsclient_common.py   152   on_implicit_send          : ********************
2016-07-19 16:19:10,013 ClientCallback.on_implicit_send INFO autoptsclient_common.py   116   on_implicit_send          : ********************
2016-07-19 16:19:10,013 ClientCallback.on_implicit_send INFO autoptsclient_common.py   117   on_implicit_send          : BEGIN OnImplicitSend:
2016-07-19 16:19:10,013 ClientCallback.on_implicit_send INFO autoptsclient_common.py   118   on_implicit_send          : project_name: GATT
2016-07-19 16:19:10,013 ClientCallback.on_implicit_send INFO autoptsclient_common.py   119   on_implicit_send          : wid: 48
2016-07-19 16:19:10,014 ClientCallback.on_implicit_send INFO autoptsclient_common.py   120   on_implicit_send          : test_case_name: TC_GAR_CL_BV_04_C
2016-07-19 16:19:10,014 ClientCallback.on_implicit_send INFO autoptsclient_common.py   121   on_implicit_send          : description: Please send read characteristic handle = '00C7'O to the PTS.

Description: Verify that the Implementation Under Test (IUT) can send Read characteristic.
2016-07-19 16:19:10,014 ClientCallback.on_implicit_send INFO autoptsclient_common.py   122   on_implicit_send          : style: MMI_Style_Ok_Cancel2 0x11141
2016-07-19 16:19:10,014 ClientCallback.on_implicit_send INFO autoptsclient_common.py   124   on_implicit_send          : response: 3653140 <type 'int'> 10946632
2016-07-19 16:19:10,014 ClientCallback.on_implicit_send INFO autoptsclient_common.py   125   on_implicit_send          : response_size: 2048
2016-07-19 16:19:10,015 ClientCallback.on_implicit_send INFO autoptsclient_common.py   127   on_implicit_send          : response_is_present: 0 <type 'int'>
2016-07-19 16:19:10,015 ClientCallback.on_implicit_send INFO autoptsclient_common.py   131   on_implicit_send          : Calling test cases on_implicit_send
2016-07-19 16:19:10,015 root DEBUG testcase.py               467   on_implicit_send          : GATT TC_GAR_CL_BV_04_C on_implicit_send
2016-07-19 16:19:10,015 root DEBUG testcase.py               59    parse_description         : parse_description "Please send read characteristic handle = '00C7'O to the PTS.\n\nDescription: Verify that the Implementation Under Test (IUT) can send Read characteristic."
2016-07-19 16:19:10,015 root DEBUG testcase.py               63    parse_description         : Parse result: ['00C7']
2016-07-19 16:19:10,016 root DEBUG testcase.py               201   start                     : Starting test function: ptsprojects.testcase.TestFunc <function gattc_read at 0x7f3adf2c8cf8> 48 None (0, '00:1B:DC:E0:37:6C', 'MMI_arg_value_1') {}
2016-07-19 16:19:10,016 root DEBUG testcase.py               78    process_args              : process_args: (0, '00:1B:DC:E0:37:6C', 'MMI_arg_value_1')
2016-07-19 16:19:10,016 root DEBUG testcase.py               79    process_args              : MMI.args now ['00C7']
2016-07-19 16:19:10,016 root DEBUG testcase.py               93    process_args              : returning (0, '00:1B:DC:E0:37:6C', '00C7')
2016-07-19 16:19:10,016 root DEBUG testcase.py               209   start                     : Test function parameters: args=(0, '00:1B:DC:E0:37:6C', '00C7'), kwds={}
2016-07-19 16:19:10,017 root DEBUG btp.py                    956   gattc_read                : gattc_read 0 '00:1B:DC:E0:37:6C' '00C7'
2016-07-19 16:19:10,017 root DEBUG iutctl.py                 98    send                      : send, 2 17 0 bytearray(b'\x00l7\xe0\xdc\x1b\x00\xc7\x00')
2016-07-19 16:19:10,017 root DEBUG iutctl.py                 108   send                      : btpclient command: send 2 17 0 006c37e0dc1b00c700
2016-07-19 16:19:10,017 root DEBUG btpparser.py              59    enc_frame                 : enc_frame, 2 17 0 bytearray(b'\x00l7\xe0\xdc\x1b\x00\xc7\x00')
2016-07-19 16:19:10,017 root DEBUG iutctl.py                 112   send                      : sending frame '\x02\x11\x00\t\x00\x00l7\xe0\xdc\x1b\x00\xc7\x00'
2016-07-19 16:19:10,018 root DEBUG testcase.py               201   start                     : Starting test function: ptsprojects.testcase.TestFunc <function gattc_read_rsp at 0x7f3adf2c98c0> 48 None () {'store_val': True}
2016-07-19 16:19:10,018 root DEBUG testcase.py               209   start                     : Test function parameters: args=(), kwds={'store_val': True}
2016-07-19 16:19:10,018 root DEBUG iutctl.py                 64    read                      : read
2016-07-19 16:19:10,180 root DEBUG btpparser.py              39    dec_hdr                   : dec_hdr, bytearray(b'\x02\x11\x00\x19\x00')
2016-07-19 16:19:10,181 root DEBUG iutctl.py                 78    read                      : Received: hdr: header(svc_id=2, op=17, ctrl_index=0, data_len=25) bytearray(b'\x02\x11\x00\x19\x00')
2016-07-19 16:19:10,182 root DEBUG btpparser.py              49    dec_data                  : dec_data, bytearray(b'\x00\x16\x002222233333444445555566')
2016-07-19 16:19:10,183 root DEBUG iutctl.py                 91    read                      : Received data: ('\x00\x16\x002222233333444445555566',), bytearray(b'\x00\x16\x002222233333444445555566')
2016-07-19 16:19:10,183 root DEBUG btp.py                    1586  gattc_read_rsp            : gattc_read_rsp received header(svc_id=2, op=17, ctrl_index=0, data_len=25) ('\x00\x16\x002222233333444445555566',)
2016-07-19 16:19:10,183 root DEBUG btp.py                    1591  gattc_read_rsp            : gattc_read_rsp 0 ('2222233333444445555566',)
2016-07-19 16:19:10,183 root DEBUG testcase.py               494   on_implicit_send          : Sending response 'OK'
2016-07-19 16:19:10,183 ClientCallback.on_implicit_send INFO autoptsclient_common.py   143   on_implicit_send          : test case returned on_implicit_send, response: OK
2016-07-19 16:19:10,183 ClientCallback.on_implicit_send INFO autoptsclient_common.py   151   on_implicit_send          : END OnImplicitSend:
2016-07-19 16:19:10,183 ClientCallback.on_implicit_send INFO autoptsclient_common.py   152   on_implicit_send          : ********************
2016-07-19 16:19:10,194 ClientCallback.on_implicit_send INFO autoptsclient_common.py   116   on_implicit_send          : ********************
2016-07-19 16:19:10,194 ClientCallback.on_implicit_send INFO autoptsclient_common.py   117   on_implicit_send          : BEGIN OnImplicitSend:
2016-07-19 16:19:10,194 ClientCallback.on_implicit_send INFO autoptsclient_common.py   118   on_implicit_send          : project_name: GATT
2016-07-19 16:19:10,194 ClientCallback.on_implicit_send INFO autoptsclient_common.py   119   on_implicit_send          : wid: 52
2016-07-19 16:19:10,194 ClientCallback.on_implicit_send INFO autoptsclient_common.py   120   on_implicit_send          : test_case_name: TC_GAR_CL_BV_04_C
2016-07-19 16:19:10,194 ClientCallback.on_implicit_send INFO autoptsclient_common.py   121   on_implicit_send          : description: Please confirm IUT Handle='c7'O characteristic value='32323232323333333333343434343435353535353636'O in random selected adopted database. Click Yes if it matches the IUT, othwise click No.

Description: Verify that the Implementation Under Test (IUT) can send Read long characteristic to PTS random select adopted database.
2016-07-19 16:19:10,195 ClientCallback.on_implicit_send INFO autoptsclient_common.py   122   on_implicit_send          : style: MMI_Style_Yes_No1 0x11044
2016-07-19 16:19:10,195 ClientCallback.on_implicit_send INFO autoptsclient_common.py   124   on_implicit_send          : response: 3653140 <type 'int'> 10946632
2016-07-19 16:19:10,195 ClientCallback.on_implicit_send INFO autoptsclient_common.py   125   on_implicit_send          : response_size: 2048
2016-07-19 16:19:10,195 ClientCallback.on_implicit_send INFO autoptsclient_common.py   127   on_implicit_send          : response_is_present: 0 <type 'int'>
2016-07-19 16:19:10,195 ClientCallback.on_implicit_send INFO autoptsclient_common.py   131   on_implicit_send          : Calling test cases on_implicit_send
2016-07-19 16:19:10,195 root DEBUG testcase.py               467   on_implicit_send          : GATT TC_GAR_CL_BV_04_C on_implicit_send
2016-07-19 16:19:10,195 root DEBUG testcase.py               364   handle_mmi_style_yes_no1  : handle_mmi_style_yes_no1, 52 "Please confirm IUT Handle='c7'O characteristic value='32323232323333333333343434343435353535353636'O in random selected adopted database. Click Yes if it matches the IUT, othwise click No.\n\nDescription: Verify that the Implementation Under Test (IUT) can send Read long characteristic to PTS random select adopted database."
2016-07-19 16:19:10,195 root DEBUG testcase.py               366   handle_mmi_style_yes_no1  : no_wid=None verify_wids={52: <function verify_description at 0x7f3adf2b0848>}
2016-07-19 16:19:10,196 root DEBUG testcase.py               378   handle_mmi_style_yes_no1  : Starting verification of: {52: <function verify_description at 0x7f3adf2b0848>}
2016-07-19 16:19:10,196 root DEBUG btp.py                    139   verify_description        : description="Please confirm IUT Handle='c7'O characteristic value='32323232323333333333343434343435353535353636'O in random selected adopted database. Click Yes if it matches the IUT, othwise click No.\n\nDescription: Verify that the Implementation Under Test (IUT) can send Read long characteristic to PTS random select adopted database."
2016-07-19 16:19:10,196 root DEBUG btp.py                    142   verify_description        : Verifying values: ['32323232323333333333343434343435353535353636']
2016-07-19 16:19:10,196 root DEBUG btp.py                    151   verify_description        : Verifying: '32323232323333333333343434343435353535353636'
2016-07-19 16:19:10,196 root DEBUG btp.py                    157   verify_description        : All verifications passed
2016-07-19 16:19:10,196 root DEBUG testcase.py               408   handle_mmi_style_yes_no1  : All verifications passed
2016-07-19 16:19:10,196 root DEBUG testcase.py               494   on_implicit_send          : Sending response 'Yes'
2016-07-19 16:19:10,197 ClientCallback.on_implicit_send INFO autoptsclient_common.py   143   on_implicit_send          : test case returned on_implicit_send, response: Yes
2016-07-19 16:19:10,197 ClientCallback.on_implicit_send INFO autoptsclient_common.py   151   on_implicit_send          : END OnImplicitSend:
2016-07-19 16:19:10,197 ClientCallback.on_implicit_send INFO autoptsclient_common.py   152   on_implicit_send          : ********************
2016-07-19 16:19:10,207 ClientCallback.on_implicit_send INFO autoptsclient_common.py   116   on_implicit_send          : ********************
2016-07-19 16:19:10,207 ClientCallback.on_implicit_send INFO autoptsclient_common.py   117   on_implicit_send          : BEGIN OnImplicitSend:
2016-07-19 16:19:10,207 ClientCallback.on_implicit_send INFO autoptsclient_common.py   118   on_implicit_send          : project_name: GATT
2016-07-19 16:19:10,207 ClientCallback.on_implicit_send INFO autoptsclient_common.py   119   on_implicit_send          : wid: 48
2016-07-19 16:19:10,208 ClientCallback.on_implicit_send INFO autoptsclient_common.py   120   on_implicit_send          : test_case_name: TC_GAR_CL_BV_04_C
2016-07-19 16:19:10,208 ClientCallback.on_implicit_send INFO autoptsclient_common.py   121   on_implicit_send          : description: Please send read characteristic handle = '0122'O to the PTS.

Description: Verify that the Implementation Under Test (IUT) can send Read characteristic.
2016-07-19 16:19:10,208 ClientCallback.on_implicit_send INFO autoptsclient_common.py   122   on_implicit_send          : style: MMI_Style_Ok_Cancel2 0x11141
2016-07-19 16:19:10,208 ClientCallback.on_implicit_send INFO autoptsclient_common.py   124   on_implicit_send          : response: 3653140 <type 'int'> 10946632
2016-07-19 16:19:10,208 ClientCallback.on_implicit_send INFO autoptsclient_common.py   125   on_implicit_send          : response_size: 2048
2016-07-19 16:19:10,209 ClientCallback.on_implicit_send INFO autoptsclient_common.py   127   on_implicit_send          : response_is_present: 0 <type 'int'>
2016-07-19 16:19:10,209 ClientCallback.on_implicit_send INFO autoptsclient_common.py   131   on_implicit_send          : Calling test cases on_implicit_send
2016-07-19 16:19:10,209 root DEBUG testcase.py               467   on_implicit_send          : GATT TC_GAR_CL_BV_04_C on_implicit_send
2016-07-19 16:19:10,209 root DEBUG testcase.py               59    parse_description         : parse_description "Please send read characteristic handle = '0122'O to the PTS.\n\nDescription: Verify that the Implementation Under Test (IUT) can send Read characteristic."
2016-07-19 16:19:10,210 root DEBUG testcase.py               63    parse_description         : Parse result: ['0122']
2016-07-19 16:19:10,210 root DEBUG testcase.py               201   start                     : Starting test function: ptsprojects.testcase.TestFunc <function gattc_read at 0x7f3adf2c8cf8> 48 None (0, '00:1B:DC:E0:37:6C', 'MMI_arg_value_1') {}
2016-07-19 16:19:10,210 root DEBUG testcase.py               78    process_args              : process_args: (0, '00:1B:DC:E0:37:6C', 'MMI_arg_value_1')
2016-07-19 16:19:10,210 root DEBUG testcase.py               79    process_args              : MMI.args now ['0122']
2016-07-19 16:19:10,210 root DEBUG testcase.py               93    process_args              : returning (0, '00:1B:DC:E0:37:6C', '0122')
2016-07-19 16:19:10,211 root DEBUG testcase.py               209   start                     : Test function parameters: args=(0, '00:1B:DC:E0:37:6C', '0122'), kwds={}
2016-07-19 16:19:10,211 root DEBUG btp.py                    956   gattc_read                : gattc_read 0 '00:1B:DC:E0:37:6C' '0122'
2016-07-19 16:19:10,211 root DEBUG iutctl.py                 98    send                      : send, 2 17 0 bytearray(b'\x00l7\xe0\xdc\x1b\x00"\x01')
2016-07-19 16:19:10,211 root DEBUG iutctl.py                 108   send                      : btpclient command: send 2 17 0 006c37e0dc1b002201
2016-07-19 16:19:10,211 root DEBUG btpparser.py              59    enc_frame                 : enc_frame, 2 17 0 bytearray(b'\x00l7\xe0\xdc\x1b\x00"\x01')
2016-07-19 16:19:10,212 root DEBUG iutctl.py                 112   send                      : sending frame '\x02\x11\x00\t\x00\x00l7\xe0\xdc\x1b\x00"\x01'
2016-07-19 16:19:10,212 root DEBUG testcase.py               201   start                     : Starting test function: ptsprojects.testcase.TestFunc <function gattc_read_rsp at 0x7f3adf2c98c0> 48 None () {'store_val': True}
2016-07-19 16:19:10,212 root DEBUG testcase.py               209   start                     : Test function parameters: args=(), kwds={'store_val': True}
2016-07-19 16:19:10,212 root DEBUG iutctl.py                 64    read                      : read
2016-07-19 16:19:10,280 root DEBUG btpparser.py              39    dec_hdr                   : dec_hdr, bytearray(b'\x02\x11\x00\x07\x00')
2016-07-19 16:19:10,281 root DEBUG iutctl.py                 78    read                      : Received: hdr: header(svc_id=2, op=17, ctrl_index=0, data_len=7) bytearray(b'\x02\x11\x00\x07\x00')
2016-07-19 16:19:10,282 root DEBUG btpparser.py              49    dec_data                  : dec_data, bytearray(b'\x00\x04\x00\xff\xff\x1f\x00')
2016-07-19 16:19:10,282 root DEBUG iutctl.py                 91    read                      : Received data: ('\x00\x04\x00\xff\xff\x1f\x00',), bytearray(b'\x00\x04\x00\xff\xff\x1f\x00')
2016-07-19 16:19:10,282 root DEBUG btp.py                    1586  gattc_read_rsp            : gattc_read_rsp received header(svc_id=2, op=17, ctrl_index=0, data_len=7) ('\x00\x04\x00\xff\xff\x1f\x00',)
2016-07-19 16:19:10,282 root DEBUG btp.py                    1591  gattc_read_rsp            : gattc_read_rsp 0 ('\xff\xff\x1f\x00',)
2016-07-19 16:19:10,282 root DEBUG testcase.py               494   on_implicit_send          : Sending response 'OK'
2016-07-19 16:19:10,283 ClientCallback.on_implicit_send INFO autoptsclient_common.py   143   on_implicit_send          : test case returned on_implicit_send, response: OK
2016-07-19 16:19:10,283 ClientCallback.on_implicit_send INFO autoptsclient_common.py   151   on_implicit_send          : END OnImplicitSend:
2016-07-19 16:19:10,283 ClientCallback.on_implicit_send INFO autoptsclient_common.py   152   on_implicit_send          : ********************
2016-07-19 16:19:10,293 ClientCallback.on_implicit_send INFO autoptsclient_common.py   116   on_implicit_send          : ********************
2016-07-19 16:19:10,293 ClientCallback.on_implicit_send INFO autoptsclient_common.py   117   on_implicit_send          : BEGIN OnImplicitSend:
2016-07-19 16:19:10,294 ClientCallback.on_implicit_send INFO autoptsclient_common.py   118   on_implicit_send          : project_name: GATT
2016-07-19 16:19:10,294 ClientCallback.on_implicit_send INFO autoptsclient_common.py   119   on_implicit_send          : wid: 52
2016-07-19 16:19:10,294 ClientCallback.on_implicit_send INFO autoptsclient_common.py   120   on_implicit_send          : test_case_name: TC_GAR_CL_BV_04_C
2016-07-19 16:19:10,294 ClientCallback.on_implicit_send INFO autoptsclient_common.py   121   on_implicit_send          : description: Please confirm IUT Handle='122'O characteristic value='FFFF1F00'O in random selected adopted database. Click Yes if it matches the IUT, othwise click No.

Description: Verify that the Implementation Under Test (IUT) can send Read long characteristic to PTS random select adopted database.
2016-07-19 16:19:10,295 ClientCallback.on_implicit_send INFO autoptsclient_common.py   122   on_implicit_send          : style: MMI_Style_Yes_No1 0x11044
2016-07-19 16:19:10,295 ClientCallback.on_implicit_send INFO autoptsclient_common.py   124   on_implicit_send          : response: 3653140 <type 'int'> 10946632
2016-07-19 16:19:10,295 ClientCallback.on_implicit_send INFO autoptsclient_common.py   125   on_implicit_send          : response_size: 2048
2016-07-19 16:19:10,295 ClientCallback.on_implicit_send INFO autoptsclient_common.py   127   on_implicit_send          : response_is_present: 0 <type 'int'>
2016-07-19 16:19:10,296 ClientCallback.on_implicit_send INFO autoptsclient_common.py   131   on_implicit_send          : Calling test cases on_implicit_send
2016-07-19 16:19:10,296 root DEBUG testcase.py               467   on_implicit_send          : GATT TC_GAR_CL_BV_04_C on_implicit_send
2016-07-19 16:19:10,296 root DEBUG testcase.py               364   handle_mmi_style_yes_no1  : handle_mmi_style_yes_no1, 52 "Please confirm IUT Handle='122'O characteristic value='FFFF1F00'O in random selected adopted database. Click Yes if it matches the IUT, othwise click No.\n\nDescription: Verify that the Implementation Under Test (IUT) can send Read long characteristic to PTS random select adopted database."
2016-07-19 16:19:10,296 root DEBUG testcase.py               366   handle_mmi_style_yes_no1  : no_wid=None verify_wids={52: <function verify_description at 0x7f3adf2b0848>}
2016-07-19 16:19:10,297 root DEBUG testcase.py               378   handle_mmi_style_yes_no1  : Starting verification of: {52: <function verify_description at 0x7f3adf2b0848>}
2016-07-19 16:19:10,297 root DEBUG btp.py                    139   verify_description        : description="Please confirm IUT Handle='122'O characteristic value='FFFF1F00'O in random selected adopted database. Click Yes if it matches the IUT, othwise click No.\n\nDescription: Verify that the Implementation Under Test (IUT) can send Read long characteristic to PTS random select adopted database."
2016-07-19 16:19:10,297 root DEBUG btp.py                    142   verify_description        : Verifying values: ['FFFF1F00']
2016-07-19 16:19:10,297 root DEBUG btp.py                    151   verify_description        : Verifying: 'FFFF1F00'
2016-07-19 16:19:10,298 root DEBUG btp.py                    157   verify_description        : All verifications passed
2016-07-19 16:19:10,298 root DEBUG testcase.py               408   handle_mmi_style_yes_no1  : All verifications passed
2016-07-19 16:19:10,298 root DEBUG testcase.py               494   on_implicit_send          : Sending response 'Yes'
2016-07-19 16:19:10,298 ClientCallback.on_implicit_send INFO autoptsclient_common.py   143   on_implicit_send          : test case returned on_implicit_send, response: Yes
2016-07-19 16:19:10,299 ClientCallback.on_implicit_send INFO autoptsclient_common.py   151   on_implicit_send          : END OnImplicitSend:
2016-07-19 16:19:10,299 ClientCallback.on_implicit_send INFO autoptsclient_common.py   152   on_implicit_send          : ********************
2016-07-19 16:19:10,309 ClientCallback.on_implicit_send INFO autoptsclient_common.py   116   on_implicit_send          : ********************
2016-07-19 16:19:10,309 ClientCallback.on_implicit_send INFO autoptsclient_common.py   117   on_implicit_send          : BEGIN OnImplicitSend:
2016-07-19 16:19:10,309 ClientCallback.on_implicit_send INFO autoptsclient_common.py   118   on_implicit_send          : project_name: GATT
2016-07-19 16:19:10,310 ClientCallback.on_implicit_send INFO autoptsclient_common.py   119   on_implicit_send          : wid: 3
2016-07-19 16:19:10,310 ClientCallback.on_implicit_send INFO autoptsclient_common.py   120   on_implicit_send          : test_case_name: TC_GAR_CL_BV_04_C
2016-07-19 16:19:10,310 ClientCallback.on_implicit_send INFO autoptsclient_common.py   121   on_implicit_send          : description: Please initiate a GATT disconnection to the PTS.

Description: Verify that the Implementation Under Test (IUT) can initiate GATT disconnect request to PTS
2016-07-19 16:19:10,310 ClientCallback.on_implicit_send INFO autoptsclient_common.py   122   on_implicit_send          : style: MMI_Style_Ok_Cancel2 0x11141
2016-07-19 16:19:10,310 ClientCallback.on_implicit_send INFO autoptsclient_common.py   124   on_implicit_send          : response: 3653140 <type 'int'> 10946632
2016-07-19 16:19:10,311 ClientCallback.on_implicit_send INFO autoptsclient_common.py   125   on_implicit_send          : response_size: 2048
2016-07-19 16:19:10,311 ClientCallback.on_implicit_send INFO autoptsclient_common.py   127   on_implicit_send          : response_is_present: 0 <type 'int'>
2016-07-19 16:19:10,311 ClientCallback.on_implicit_send INFO autoptsclient_common.py   131   on_implicit_send          : Calling test cases on_implicit_send
2016-07-19 16:19:10,311 root DEBUG testcase.py               467   on_implicit_send          : GATT TC_GAR_CL_BV_04_C on_implicit_send
2016-07-19 16:19:10,311 root DEBUG testcase.py               201   start                     : Starting test function: ptsprojects.testcase.TestFunc <function gap_disconn at 0x7f3adf2b0de8> 3 None ('00:1B:DC:E0:37:6C', 0) {}
2016-07-19 16:19:10,312 root DEBUG testcase.py               209   start                     : Test function parameters: args=('00:1B:DC:E0:37:6C', 0), kwds={}
2016-07-19 16:19:10,312 root DEBUG btp.py                    365   gap_disconn               : gap_disconn '00:1B:DC:E0:37:6C' 0
2016-07-19 16:19:10,312 root DEBUG iutctl.py                 98    send                      : send, 1 15 0 bytearray(b'\x00l7\xe0\xdc\x1b\x00')
2016-07-19 16:19:10,312 root DEBUG iutctl.py                 108   send                      : btpclient command: send 1 15 0 006c37e0dc1b00
2016-07-19 16:19:10,312 root DEBUG btpparser.py              59    enc_frame                 : enc_frame, 1 15 0 bytearray(b'\x00l7\xe0\xdc\x1b\x00')
2016-07-19 16:19:10,313 root DEBUG iutctl.py                 112   send                      : sending frame '\x01\x0f\x00\x07\x00\x00l7\xe0\xdc\x1b\x00'
2016-07-19 16:19:10,313 root DEBUG btp.py                    588   gap_command_rsp_succ      : gap_command_rsp_succ
2016-07-19 16:19:10,313 root DEBUG iutctl.py                 64    read                      : read
2016-07-19 16:19:10,316 root DEBUG btpparser.py              39    dec_hdr                   : dec_hdr, bytearray(b'\x01\x0f\x00\x00\x00')
2016-07-19 16:19:10,317 root DEBUG iutctl.py                 78    read                      : Received: hdr: header(svc_id=1, op=15, ctrl_index=0, data_len=0) bytearray(b'\x01\x0f\x00\x00\x00')
2016-07-19 16:19:10,317 root DEBUG btpparser.py              49    dec_data                  : dec_data, bytearray(b'')
2016-07-19 16:19:10,318 root DEBUG iutctl.py                 91    read                      : Received data: ('',), bytearray(b'')
2016-07-19 16:19:10,318 root DEBUG btp.py                    593   gap_command_rsp_succ      : received header(svc_id=1, op=15, ctrl_index=0, data_len=0) ('',)
2016-07-19 16:19:10,318 root DEBUG testcase.py               201   start                     : Starting test function: ptsprojects.testcase.TestFunc <function gap_disconnected_ev at 0x7f3adf2b0d70> 3 None ('00:1B:DC:E0:37:6C', 0) {}
2016-07-19 16:19:10,318 root DEBUG testcase.py               209   start                     : Test function parameters: args=('00:1B:DC:E0:37:6C', 0), kwds={}
2016-07-19 16:19:10,319 root DEBUG btp.py                    345   gap_disconnected_ev       : gap_disconnected_ev '00:1B:DC:E0:37:6C' 0
2016-07-19 16:19:10,319 root DEBUG iutctl.py                 64    read                      : read
2016-07-19 16:19:10,380 root DEBUG btpparser.py              39    dec_hdr                   : dec_hdr, bytearray(b'\x01\x83\x00\x07\x00')
2016-07-19 16:19:10,381 root DEBUG iutctl.py                 78    read                      : Received: hdr: header(svc_id=1, op=131, ctrl_index=0, data_len=7) bytearray(b'\x01\x83\x00\x07\x00')
2016-07-19 16:19:10,381 root DEBUG btpparser.py              49    dec_data                  : dec_data, bytearray(b'l7\xe0\xdc\x1b\x00\x00')
2016-07-19 16:19:10,382 root DEBUG iutctl.py                 91    read                      : Received data: ('l7\xe0\xdc\x1b\x00\x00',), bytearray(b'l7\xe0\xdc\x1b\x00\x00')
2016-07-19 16:19:10,382 root DEBUG btp.py                    349   gap_disconnected_ev       : received header(svc_id=1, op=131, ctrl_index=0, data_len=7) ('l7\xe0\xdc\x1b\x00\x00',)
2016-07-19 16:19:10,382 root DEBUG testcase.py               494   on_implicit_send          : Sending response 'OK'
2016-07-19 16:19:10,382 ClientCallback.on_implicit_send INFO autoptsclient_common.py   143   on_implicit_send          : test case returned on_implicit_send, response: OK
2016-07-19 16:19:10,382 ClientCallback.on_implicit_send INFO autoptsclient_common.py   151   on_implicit_send          : END OnImplicitSend:
2016-07-19 16:19:10,383 ClientCallback.on_implicit_send INFO autoptsclient_common.py   152   on_implicit_send          : ********************
2016-07-19 16:19:12,981 ClientCallback.log INFO autoptsclient_common.py   82    log                       : PTS_LOGTYPE_START_TEST Start Test Case 

+0 ms
 TC_GAR_CL_BV_04_C

2016-07-19 16:19:12,981 root DEBUG testcase.py               358   log                       : New status GATT TC_GAR_CL_BV_04_C - Started
2016-07-19 16:19:13,255 ClientCallback.log INFO autoptsclient_common.py   82    log                       : PTS_LOGTYPE_FINAL_VERDICT Final Verdict 

+8518 ms
 PASS

2016-07-19 16:19:13,256 root DEBUG testcase.py               358   log                       : New status GATT TC_GAR_CL_BV_04_C - PASS
2016-07-19 16:19:13,261 ClientCallback.log INFO autoptsclient_common.py   82    log                       : PTS_LOGTYPE_FINAL_VERDICT Encrypted Verdict 

+8518 ms
 A1#ZWY4MzQ5MDg3MmQwNTIxOGQzMzQ5YjY2ODA5M2MzNjQ5ZDY4NmY0Yjc2MzIzM2VkNTUyNTFhNGU4Mjg1MjI0NA==#9EUQrn+LeObAXGnePdB2ZJDmsR36mQQWo0QRzoeyD5so+0/pMyHTdNJq3fJVTyop

2016-07-19 16:19:13,267 ClientCallback.log INFO autoptsclient_common.py   82    log                       : PTS_LOGTYPE_END_TEST Test Case Ended 

+8518 ms
 TC_GAR_CL_BV_04_C

2016-07-19 16:19:13,365 root DEBUG testcase.py               518   post_run                  : post_run GATT TC_GAR_CL_BV_04_C 
2016-07-19 16:19:13,365 root DEBUG testcase.py               201   start                     : Starting test function: ptsprojects.testcase.TestFuncCleanUp <bound method ZephyrCtl.stop of <ptsprojects.zephyr.iutctl.ZephyrCtl instance at 0x7f3adf2df3f8>> None None () {}
2016-07-19 16:19:13,365 root DEBUG testcase.py               209   start                     : Test function parameters: args=(), kwds={}
2016-07-19 16:19:13,365 root DEBUG iutctl.py                 207   stop                      : ptsprojects.zephyr.iutctl.ZephyrCtl.stop
2016-07-19 16:19:16,369 root DEBUG autoptsclient_common.py   395   run_test_case             : Done TestCase wrapper GATT TC_GAR_CL_BV_04_C
