2016-07-19 16:03:08,686 root DEBUG autoptsclient_common.py   349   run_test_case             : Starting TestCase wrapper GATT TC_GAT_SR_BV_01_C
2016-07-19 16:03:08,687 root DEBUG testcase.py               499   pre_run                   : pre_run GATT TC_GAT_SR_BV_01_C
2016-07-19 16:03:08,687 root DEBUG testcase.py               502   pre_run                   : About to run test case GATT TC_GAT_SR_BV_01_C with commands:
2016-07-19 16:03:08,687 root DEBUG testcase.py               504   pre_run                   : 0) ptsprojects.testcase.TestFunc <bound method ZephyrCtl.start of <ptsprojects.zephyr.iutctl.ZephyrCtl instance at 0x7f16062423f8>> None None () {}
2016-07-19 16:03:08,687 root DEBUG testcase.py               504   pre_run                   : 1) ptsprojects.testcase.TestFunc <function core_reg_svc_gap at 0x7f1606213a28> None None () {}
2016-07-19 16:03:08,687 root DEBUG testcase.py               504   pre_run                   : 2) ptsprojects.testcase.TestFunc <function core_reg_svc_gatts at 0x7f1606213aa0> None None () {}
2016-07-19 16:03:08,687 root DEBUG testcase.py               504   pre_run                   : 3) ptsprojects.testcase.TestFunc <function gatts_add_svc at 0x7f160622b5f0> None None (0, 'AA50') {}
2016-07-19 16:03:08,688 root DEBUG testcase.py               504   pre_run                   : 4) ptsprojects.testcase.TestFunc <function gatts_add_char at 0x7f160622b6e0> None None (0, 34, 1, 'AA51') {}
2016-07-19 16:03:08,688 root DEBUG testcase.py               504   pre_run                   : 5) ptsprojects.testcase.TestFunc <function gatts_set_val at 0x7f160622b758> None None (0, '00') {}
2016-07-19 16:03:08,688 root DEBUG testcase.py               504   pre_run                   : 6) ptsprojects.testcase.TestFunc <function gatts_add_desc at 0x7f160622b7d0> None None (0, 3, '2902') {}
2016-07-19 16:03:08,688 root DEBUG testcase.py               504   pre_run                   : 7) ptsprojects.testcase.TestFunc <function gatts_add_char at 0x7f160622b6e0> None None (0, 34, 1, 'AA52') {}
2016-07-19 16:03:08,688 root DEBUG testcase.py               504   pre_run                   : 8) ptsprojects.testcase.TestFunc <function gatts_start_server at 0x7f160622b848> None None () {}
2016-07-19 16:03:08,689 root DEBUG testcase.py               504   pre_run                   : 9) ptsprojects.testcase.TestFunc <function gap_adv_ind_on at 0x7f1606213b90> 1 None () {}
2016-07-19 16:03:08,689 root DEBUG testcase.py               504   pre_run                   : 10) ptsprojects.testcase.TestFunc <function gap_connected_ev at 0x7f1606213c80> 98 None ('00:1B:DC:E0:37:6C', 0) {}
2016-07-19 16:03:08,689 root DEBUG testcase.py               504   pre_run                   : 11) ptsprojects.testcase.TestFunc <built-in function sleep> 98 None (1,) {}
2016-07-19 16:03:08,689 root DEBUG testcase.py               504   pre_run                   : 12) ptsprojects.testcase.TestFunc <function gatts_set_val at 0x7f160622b758> 98 None (11, '01') {}
2016-07-19 16:03:08,689 root DEBUG testcase.py               504   pre_run                   : 13) ptsprojects.testcase.TestFuncCleanUp <bound method ZephyrCtl.stop of <ptsprojects.zephyr.iutctl.ZephyrCtl instance at 0x7f16062423f8>> None None () {}
2016-07-19 16:03:08,689 root DEBUG testcase.py               201   start                     : Starting test function: ptsprojects.testcase.TestFunc <bound method ZephyrCtl.start of <ptsprojects.zephyr.iutctl.ZephyrCtl instance at 0x7f16062423f8>> None None () {}
2016-07-19 16:03:08,690 root DEBUG testcase.py               209   start                     : Test function parameters: args=(), kwds={}
2016-07-19 16:03:08,690 root DEBUG iutctl.py                 173   start                     : ptsprojects.zephyr.iutctl.ZephyrCtl.start
2016-07-19 16:03:08,690 root DEBUG iutctl.py                 160   reset_board               : About to reset DUT: "/home/skamrmar/bin/zflash/openocd/bin/openocd -s /home/skamrmar/bin/zflash/openocd/share/scripts -f /home/skamrmar/bin/zflash/boards/mountatlas/openocd.cfg -c 'init' -c 'reset run' -c 'shutdown'"
2016-07-19 16:03:10,704 root DEBUG iutctl.py                 184   start                     : Starting socat process: socat -x -v /dev/ttyUSB1,raw,b115200 UNIX-CONNECT:/tmp/bt-stack-tester
2016-07-19 16:03:10,707 root DEBUG iutctl.py                 56    accept                    : accept
2016-07-19 16:03:10,711 root DEBUG testcase.py               201   start                     : Starting test function: ptsprojects.testcase.TestFunc <function core_reg_svc_gap at 0x7f1606213a28> None None () {}
2016-07-19 16:03:10,711 root DEBUG testcase.py               209   start                     : Test function parameters: args=(), kwds={}
2016-07-19 16:03:10,711 root DEBUG btp.py                    226   core_reg_svc_gap          : core_reg_svc_gap
2016-07-19 16:03:10,711 root DEBUG iutctl.py                 98    send                      : send, 0 3 255 1
2016-07-19 16:03:10,711 root DEBUG iutctl.py                 108   send                      : btpclient command: send 0 3 255 01
2016-07-19 16:03:10,712 root DEBUG btpparser.py              59    enc_frame                 : enc_frame, 0 3 255 '\x01'
2016-07-19 16:03:10,712 root DEBUG iutctl.py                 112   send                      : sending frame '\x00\x03\xff\x01\x00\x01'
2016-07-19 16:03:12,272 root DEBUG btp.py                    246   core_reg_svc_rsp_succ     : core_reg_svc_rsp_succ
2016-07-19 16:03:12,272 root DEBUG iutctl.py                 64    read                      : read
2016-07-19 16:03:12,341 root DEBUG btpparser.py              39    dec_hdr                   : dec_hdr, bytearray(b'\x00\x03\xff\x00\x00')
2016-07-19 16:03:12,343 root DEBUG iutctl.py                 78    read                      : Received: hdr: header(svc_id=0, op=3, ctrl_index=255, data_len=0) bytearray(b'\x00\x03\xff\x00\x00')
2016-07-19 16:03:12,343 root DEBUG btpparser.py              49    dec_data                  : dec_data, bytearray(b'')
2016-07-19 16:03:12,343 root DEBUG iutctl.py                 91    read                      : Received data: ('',), bytearray(b'')
2016-07-19 16:03:12,343 root DEBUG btp.py                    257   core_reg_svc_rsp_succ     : received header(svc_id=0, op=3, ctrl_index=255, data_len=0) ('',)
2016-07-19 16:03:12,343 root DEBUG btp.py                    258   core_reg_svc_rsp_succ     : expected ((0, 3, 255, 0), ('',))
2016-07-19 16:03:12,344 root DEBUG btp.py                    264   core_reg_svc_rsp_succ     : response is valid
2016-07-19 16:03:12,344 root DEBUG testcase.py               201   start                     : Starting test function: ptsprojects.testcase.TestFunc <function core_reg_svc_gatts at 0x7f1606213aa0> None None () {}
2016-07-19 16:03:12,344 root DEBUG testcase.py               209   start                     : Test function parameters: args=(), kwds={}
2016-07-19 16:03:12,344 root DEBUG btp.py                    237   core_reg_svc_gatts        : core_reg_svc_gatts
2016-07-19 16:03:12,344 root DEBUG iutctl.py                 98    send                      : send, 0 3 255 2
2016-07-19 16:03:12,344 root DEBUG iutctl.py                 108   send                      : btpclient command: send 0 3 255 02
2016-07-19 16:03:12,345 root DEBUG btpparser.py              59    enc_frame                 : enc_frame, 0 3 255 '\x02'
2016-07-19 16:03:12,345 root DEBUG iutctl.py                 112   send                      : sending frame '\x00\x03\xff\x01\x00\x02'
2016-07-19 16:03:12,345 root DEBUG btp.py                    246   core_reg_svc_rsp_succ     : core_reg_svc_rsp_succ
2016-07-19 16:03:12,345 root DEBUG iutctl.py                 64    read                      : read
2016-07-19 16:03:12,348 root DEBUG btpparser.py              39    dec_hdr                   : dec_hdr, bytearray(b'\x00\x03\xff\x00\x00')
2016-07-19 16:03:12,349 root DEBUG iutctl.py                 78    read                      : Received: hdr: header(svc_id=0, op=3, ctrl_index=255, data_len=0) bytearray(b'\x00\x03\xff\x00\x00')
2016-07-19 16:03:12,349 root DEBUG btpparser.py              49    dec_data                  : dec_data, bytearray(b'')
2016-07-19 16:03:12,349 root DEBUG iutctl.py                 91    read                      : Received data: ('',), bytearray(b'')
2016-07-19 16:03:12,350 root DEBUG btp.py                    257   core_reg_svc_rsp_succ     : received header(svc_id=0, op=3, ctrl_index=255, data_len=0) ('',)
2016-07-19 16:03:12,350 root DEBUG btp.py                    258   core_reg_svc_rsp_succ     : expected ((0, 3, 255, 0), ('',))
2016-07-19 16:03:12,350 root DEBUG btp.py                    264   core_reg_svc_rsp_succ     : response is valid
2016-07-19 16:03:12,350 root DEBUG testcase.py               201   start                     : Starting test function: ptsprojects.testcase.TestFunc <function gatts_add_svc at 0x7f160622b5f0> None None (0, 'AA50') {}
2016-07-19 16:03:12,350 root DEBUG testcase.py               209   start                     : Test function parameters: args=(0, 'AA50'), kwds={}
2016-07-19 16:03:12,351 root DEBUG btp.py                    599   gatts_add_svc             : gatts_add_svc 0 'AA50'
2016-07-19 16:03:12,351 root DEBUG iutctl.py                 98    send                      : send, 2 2 0 bytearray(b'\x00\x02P\xaa')
2016-07-19 16:03:12,351 root DEBUG iutctl.py                 108   send                      : btpclient command: send 2 2 0 000250aa
2016-07-19 16:03:12,351 root DEBUG btpparser.py              59    enc_frame                 : enc_frame, 2 2 0 bytearray(b'\x00\x02P\xaa')
2016-07-19 16:03:12,351 root DEBUG iutctl.py                 112   send                      : sending frame '\x02\x02\x00\x04\x00\x00\x02P\xaa'
2016-07-19 16:03:12,351 root DEBUG btp.py                    1218  gatt_command_rsp_succ     : gatt_command_rsp_succ
2016-07-19 16:03:12,352 root DEBUG iutctl.py                 64    read                      : read
2016-07-19 16:03:12,354 root DEBUG btpparser.py              39    dec_hdr                   : dec_hdr, bytearray(b'\x02\x02\x00\x02\x00')
2016-07-19 16:03:12,355 root DEBUG iutctl.py                 78    read                      : Received: hdr: header(svc_id=2, op=2, ctrl_index=0, data_len=2) bytearray(b'\x02\x02\x00\x02\x00')
2016-07-19 16:03:12,355 root DEBUG btpparser.py              49    dec_data                  : dec_data, bytearray(b'\x00\x00')
2016-07-19 16:03:12,355 root DEBUG iutctl.py                 91    read                      : Received data: ('\x00\x00',), bytearray(b'\x00\x00')
2016-07-19 16:03:12,355 root DEBUG btp.py                    1223  gatt_command_rsp_succ     : received header(svc_id=2, op=2, ctrl_index=0, data_len=2) ('\x00\x00',)
2016-07-19 16:03:12,356 root DEBUG testcase.py               201   start                     : Starting test function: ptsprojects.testcase.TestFunc <function gatts_add_char at 0x7f160622b6e0> None None (0, 34, 1, 'AA51') {}
2016-07-19 16:03:12,356 root DEBUG testcase.py               209   start                     : Test function parameters: args=(0, 34, 1, 'AA51'), kwds={}
2016-07-19 16:03:12,356 root DEBUG btp.py                    634   gatts_add_char            : gatts_add_char 0 34 1 'AA51'
2016-07-19 16:03:12,356 root DEBUG iutctl.py                 98    send                      : send, 2 3 0 bytearray(b'\x00\x00"\x01\x02Q\xaa')
2016-07-19 16:03:12,356 root DEBUG iutctl.py                 108   send                      : btpclient command: send 2 3 0 000022010251aa
2016-07-19 16:03:12,356 root DEBUG btpparser.py              59    enc_frame                 : enc_frame, 2 3 0 bytearray(b'\x00\x00"\x01\x02Q\xaa')
2016-07-19 16:03:12,357 root DEBUG iutctl.py                 112   send                      : sending frame '\x02\x03\x00\x07\x00\x00\x00"\x01\x02Q\xaa'
2016-07-19 16:03:12,357 root DEBUG btp.py                    1218  gatt_command_rsp_succ     : gatt_command_rsp_succ
2016-07-19 16:03:12,357 root DEBUG iutctl.py                 64    read                      : read
2016-07-19 16:03:12,360 root DEBUG btpparser.py              39    dec_hdr                   : dec_hdr, bytearray(b'\x02\x03\x00\x02\x00')
2016-07-19 16:03:12,361 root DEBUG iutctl.py                 78    read                      : Received: hdr: header(svc_id=2, op=3, ctrl_index=0, data_len=2) bytearray(b'\x02\x03\x00\x02\x00')
2016-07-19 16:03:12,361 root DEBUG btpparser.py              49    dec_data                  : dec_data, bytearray(b'\x00\x00')
2016-07-19 16:03:12,361 root DEBUG iutctl.py                 91    read                      : Received data: ('\x00\x00',), bytearray(b'\x00\x00')
2016-07-19 16:03:12,362 root DEBUG btp.py                    1223  gatt_command_rsp_succ     : received header(svc_id=2, op=3, ctrl_index=0, data_len=2) ('\x00\x00',)
2016-07-19 16:03:12,362 root DEBUG testcase.py               201   start                     : Starting test function: ptsprojects.testcase.TestFunc <function gatts_set_val at 0x7f160622b758> None None (0, '00') {}
2016-07-19 16:03:12,362 root DEBUG testcase.py               209   start                     : Test function parameters: args=(0, '00'), kwds={}
2016-07-19 16:03:12,362 root DEBUG btp.py                    657   gatts_set_val             : gatts_set_val 0 '00' 
2016-07-19 16:03:12,362 root DEBUG iutctl.py                 98    send                      : send, 2 6 0 bytearray(b'\x00\x00\x01\x00\x00')
2016-07-19 16:03:12,362 root DEBUG iutctl.py                 108   send                      : btpclient command: send 2 6 0 0000010000
2016-07-19 16:03:12,362 root DEBUG btpparser.py              59    enc_frame                 : enc_frame, 2 6 0 bytearray(b'\x00\x00\x01\x00\x00')
2016-07-19 16:03:12,363 root DEBUG iutctl.py                 112   send                      : sending frame '\x02\x06\x00\x05\x00\x00\x00\x01\x00\x00'
2016-07-19 16:03:12,363 root DEBUG btp.py                    1218  gatt_command_rsp_succ     : gatt_command_rsp_succ
2016-07-19 16:03:12,363 root DEBUG iutctl.py                 64    read                      : read
2016-07-19 16:03:12,366 root DEBUG btpparser.py              39    dec_hdr                   : dec_hdr, bytearray(b'\x02\x06\x00\x00\x00')
2016-07-19 16:03:12,367 root DEBUG iutctl.py                 78    read                      : Received: hdr: header(svc_id=2, op=6, ctrl_index=0, data_len=0) bytearray(b'\x02\x06\x00\x00\x00')
2016-07-19 16:03:12,367 root DEBUG btpparser.py              49    dec_data                  : dec_data, bytearray(b'')
2016-07-19 16:03:12,367 root DEBUG iutctl.py                 91    read                      : Received data: ('',), bytearray(b'')
2016-07-19 16:03:12,367 root DEBUG btp.py                    1223  gatt_command_rsp_succ     : received header(svc_id=2, op=6, ctrl_index=0, data_len=0) ('',)
2016-07-19 16:03:12,367 root DEBUG testcase.py               201   start                     : Starting test function: ptsprojects.testcase.TestFunc <function gatts_add_desc at 0x7f160622b7d0> None None (0, 3, '2902') {}
2016-07-19 16:03:12,368 root DEBUG testcase.py               209   start                     : Test function parameters: args=(0, 3, '2902'), kwds={}
2016-07-19 16:03:12,368 root DEBUG btp.py                    679   gatts_add_desc            : gatts_add_desc 0 3 '2902'
2016-07-19 16:03:12,368 root DEBUG iutctl.py                 98    send                      : send, 2 4 0 bytearray(b'\x00\x00\x03\x02\x02)')
2016-07-19 16:03:12,368 root DEBUG iutctl.py                 108   send                      : btpclient command: send 2 4 0 000003020229
2016-07-19 16:03:12,368 root DEBUG btpparser.py              59    enc_frame                 : enc_frame, 2 4 0 bytearray(b'\x00\x00\x03\x02\x02)')
2016-07-19 16:03:12,368 root DEBUG iutctl.py                 112   send                      : sending frame '\x02\x04\x00\x06\x00\x00\x00\x03\x02\x02)'
2016-07-19 16:03:12,368 root DEBUG btp.py                    1218  gatt_command_rsp_succ     : gatt_command_rsp_succ
2016-07-19 16:03:12,369 root DEBUG iutctl.py                 64    read                      : read
2016-07-19 16:03:12,371 root DEBUG btpparser.py              39    dec_hdr                   : dec_hdr, bytearray(b'\x02\x04\x00\x02\x00')
2016-07-19 16:03:12,372 root DEBUG iutctl.py                 78    read                      : Received: hdr: header(svc_id=2, op=4, ctrl_index=0, data_len=2) bytearray(b'\x02\x04\x00\x02\x00')
2016-07-19 16:03:12,372 root DEBUG btpparser.py              49    dec_data                  : dec_data, bytearray(b'\x00\x00')
2016-07-19 16:03:12,373 root DEBUG iutctl.py                 91    read                      : Received data: ('\x00\x00',), bytearray(b'\x00\x00')
2016-07-19 16:03:12,373 root DEBUG btp.py                    1223  gatt_command_rsp_succ     : received header(svc_id=2, op=4, ctrl_index=0, data_len=2) ('\x00\x00',)
2016-07-19 16:03:12,373 root DEBUG testcase.py               201   start                     : Starting test function: ptsprojects.testcase.TestFunc <function gatts_add_char at 0x7f160622b6e0> None None (0, 34, 1, 'AA52') {}
2016-07-19 16:03:12,373 root DEBUG testcase.py               209   start                     : Test function parameters: args=(0, 34, 1, 'AA52'), kwds={}
2016-07-19 16:03:12,373 root DEBUG btp.py                    634   gatts_add_char            : gatts_add_char 0 34 1 'AA52'
2016-07-19 16:03:12,373 root DEBUG iutctl.py                 98    send                      : send, 2 3 0 bytearray(b'\x00\x00"\x01\x02R\xaa')
2016-07-19 16:03:12,374 root DEBUG iutctl.py                 108   send                      : btpclient command: send 2 3 0 000022010252aa
2016-07-19 16:03:12,374 root DEBUG btpparser.py              59    enc_frame                 : enc_frame, 2 3 0 bytearray(b'\x00\x00"\x01\x02R\xaa')
2016-07-19 16:03:12,374 root DEBUG iutctl.py                 112   send                      : sending frame '\x02\x03\x00\x07\x00\x00\x00"\x01\x02R\xaa'
2016-07-19 16:03:12,374 root DEBUG btp.py                    1218  gatt_command_rsp_succ     : gatt_command_rsp_succ
2016-07-19 16:03:12,374 root DEBUG iutctl.py                 64    read                      : read
2016-07-19 16:03:12,377 root DEBUG btpparser.py              39    dec_hdr                   : dec_hdr, bytearray(b'\x02\x03\x00\x02\x00')
2016-07-19 16:03:12,378 root DEBUG iutctl.py                 78    read                      : Received: hdr: header(svc_id=2, op=3, ctrl_index=0, data_len=2) bytearray(b'\x02\x03\x00\x02\x00')
2016-07-19 16:03:12,378 root DEBUG btpparser.py              49    dec_data                  : dec_data, bytearray(b'\x00\x00')
2016-07-19 16:03:12,378 root DEBUG iutctl.py                 91    read                      : Received data: ('\x00\x00',), bytearray(b'\x00\x00')
2016-07-19 16:03:12,378 root DEBUG btp.py                    1223  gatt_command_rsp_succ     : received header(svc_id=2, op=3, ctrl_index=0, data_len=2) ('\x00\x00',)
2016-07-19 16:03:12,378 root DEBUG testcase.py               201   start                     : Starting test function: ptsprojects.testcase.TestFunc <function gatts_start_server at 0x7f160622b848> None None () {}
2016-07-19 16:03:12,378 root DEBUG testcase.py               209   start                     : Test function parameters: args=(), kwds={}
2016-07-19 16:03:12,379 root DEBUG btp.py                    701   gatts_start_server        : gatts_start_server
2016-07-19 16:03:12,379 root DEBUG iutctl.py                 98    send                      : send, 2 7 0 ''
2016-07-19 16:03:12,379 root DEBUG iutctl.py                 108   send                      : btpclient command: send 2 7 0 
2016-07-19 16:03:12,379 root DEBUG btpparser.py              59    enc_frame                 : enc_frame, 2 7 0 ''
2016-07-19 16:03:12,379 root DEBUG iutctl.py                 112   send                      : sending frame '\x02\x07\x00\x00\x00'
2016-07-19 16:03:12,379 root DEBUG btp.py                    1218  gatt_command_rsp_succ     : gatt_command_rsp_succ
2016-07-19 16:03:12,380 root DEBUG iutctl.py                 64    read                      : read
2016-07-19 16:03:12,383 root DEBUG btpparser.py              39    dec_hdr                   : dec_hdr, bytearray(b'\x02\x07\x00\x03\x00')
2016-07-19 16:03:12,384 root DEBUG iutctl.py                 78    read                      : Received: hdr: header(svc_id=2, op=7, ctrl_index=0, data_len=3) bytearray(b'\x02\x07\x00\x03\x00')
2016-07-19 16:03:12,384 root DEBUG btpparser.py              49    dec_data                  : dec_data, bytearray(b'\xff\xff\x06')
2016-07-19 16:03:12,384 root DEBUG iutctl.py                 91    read                      : Received data: ('\xff\xff\x06',), bytearray(b'\xff\xff\x06')
2016-07-19 16:03:12,384 root DEBUG btp.py                    1223  gatt_command_rsp_succ     : received header(svc_id=2, op=7, ctrl_index=0, data_len=3) ('\xff\xff\x06',)
2016-07-19 16:03:20,678 ClientCallback.on_implicit_send INFO autoptsclient_common.py   116   on_implicit_send          : ********************
2016-07-19 16:03:20,679 ClientCallback.on_implicit_send INFO autoptsclient_common.py   117   on_implicit_send          : BEGIN OnImplicitSend:
2016-07-19 16:03:20,679 ClientCallback.on_implicit_send INFO autoptsclient_common.py   118   on_implicit_send          : project_name: GATT
2016-07-19 16:03:20,679 ClientCallback.on_implicit_send INFO autoptsclient_common.py   119   on_implicit_send          : wid: 1
2016-07-19 16:03:20,679 ClientCallback.on_implicit_send INFO autoptsclient_common.py   120   on_implicit_send          : test_case_name: TC_GAT_SR_BV_01_C
2016-07-19 16:03:20,679 ClientCallback.on_implicit_send INFO autoptsclient_common.py   121   on_implicit_send          : description: Please prepare IUT into a connectable mode.

Description: Verify that the Implementation Under Test (IUT) can accept GATT connect request from PTS.
2016-07-19 16:03:20,679 ClientCallback.on_implicit_send INFO autoptsclient_common.py   122   on_implicit_send          : style: MMI_Style_Ok_Cancel2 0x11141
2016-07-19 16:03:20,680 ClientCallback.on_implicit_send INFO autoptsclient_common.py   124   on_implicit_send          : response: 3653140 <type 'int'> 19390592
2016-07-19 16:03:20,680 ClientCallback.on_implicit_send INFO autoptsclient_common.py   125   on_implicit_send          : response_size: 2048
2016-07-19 16:03:20,680 ClientCallback.on_implicit_send INFO autoptsclient_common.py   127   on_implicit_send          : response_is_present: 0 <type 'int'>
2016-07-19 16:03:20,680 ClientCallback.on_implicit_send INFO autoptsclient_common.py   131   on_implicit_send          : Calling test cases on_implicit_send
2016-07-19 16:03:20,680 root DEBUG testcase.py               467   on_implicit_send          : GATT TC_GAT_SR_BV_01_C on_implicit_send
2016-07-19 16:03:20,680 root DEBUG testcase.py               201   start                     : Starting test function: ptsprojects.testcase.TestFunc <function gap_adv_ind_on at 0x7f1606213b90> 1 None () {}
2016-07-19 16:03:20,681 root DEBUG testcase.py               209   start                     : Test function parameters: args=(), kwds={}
2016-07-19 16:03:20,681 root DEBUG btp.py                    268   gap_adv_ind_on            : gap_adv_ind_on None None
2016-07-19 16:03:20,681 root DEBUG iutctl.py                 98    send                      : send, 1 10 0 bytearray(b'\x00\x00')
2016-07-19 16:03:20,681 root DEBUG iutctl.py                 108   send                      : btpclient command: send 1 10 0 0000
2016-07-19 16:03:20,681 root DEBUG btpparser.py              59    enc_frame                 : enc_frame, 1 10 0 bytearray(b'\x00\x00')
2016-07-19 16:03:20,681 root DEBUG iutctl.py                 112   send                      : sending frame '\x01\n\x00\x02\x00\x00\x00'
2016-07-19 16:03:20,682 root DEBUG btp.py                    588   gap_command_rsp_succ      : gap_command_rsp_succ
2016-07-19 16:03:20,682 root DEBUG iutctl.py                 64    read                      : read
2016-07-19 16:03:20,686 root DEBUG btpparser.py              39    dec_hdr                   : dec_hdr, bytearray(b'\x01\n\x00\x04\x00')
2016-07-19 16:03:20,687 root DEBUG iutctl.py                 78    read                      : Received: hdr: header(svc_id=1, op=10, ctrl_index=0, data_len=4) bytearray(b'\x01\n\x00\x04\x00')
2016-07-19 16:03:20,688 root DEBUG btpparser.py              49    dec_data                  : dec_data, bytearray(b'\x13\x06\x00\x00')
2016-07-19 16:03:20,688 root DEBUG iutctl.py                 91    read                      : Received data: ('\x13\x06\x00\x00',), bytearray(b'\x13\x06\x00\x00')
2016-07-19 16:03:20,688 root DEBUG btp.py                    593   gap_command_rsp_succ      : received header(svc_id=1, op=10, ctrl_index=0, data_len=4) ('\x13\x06\x00\x00',)
2016-07-19 16:03:20,688 root DEBUG testcase.py               494   on_implicit_send          : Sending response 'OK'
2016-07-19 16:03:20,688 ClientCallback.on_implicit_send INFO autoptsclient_common.py   143   on_implicit_send          : test case returned on_implicit_send, response: OK
2016-07-19 16:03:20,688 ClientCallback.on_implicit_send INFO autoptsclient_common.py   151   on_implicit_send          : END OnImplicitSend:
2016-07-19 16:03:20,689 ClientCallback.on_implicit_send INFO autoptsclient_common.py   152   on_implicit_send          : ********************
2016-07-19 16:03:21,620 ClientCallback.on_implicit_send INFO autoptsclient_common.py   116   on_implicit_send          : ********************
2016-07-19 16:03:21,620 ClientCallback.on_implicit_send INFO autoptsclient_common.py   117   on_implicit_send          : BEGIN OnImplicitSend:
2016-07-19 16:03:21,620 ClientCallback.on_implicit_send INFO autoptsclient_common.py   118   on_implicit_send          : project_name: GATT
2016-07-19 16:03:21,620 ClientCallback.on_implicit_send INFO autoptsclient_common.py   119   on_implicit_send          : wid: 98
2016-07-19 16:03:21,621 ClientCallback.on_implicit_send INFO autoptsclient_common.py   120   on_implicit_send          : test_case_name: TC_GAT_SR_BV_01_C
2016-07-19 16:03:21,621 ClientCallback.on_implicit_send INFO autoptsclient_common.py   121   on_implicit_send          : description: Please send an Handle Value indication handle = '000E'O after enabled by the PTS.

Description: Verify that the Implementation Under Test (IUT) can send handle value notification to the PTS.
2016-07-19 16:03:21,621 ClientCallback.on_implicit_send INFO autoptsclient_common.py   122   on_implicit_send          : style: MMI_Style_Ok 0x11040
2016-07-19 16:03:21,621 ClientCallback.on_implicit_send INFO autoptsclient_common.py   124   on_implicit_send          : response: 3653140 <type 'int'> 19390592
2016-07-19 16:03:21,621 ClientCallback.on_implicit_send INFO autoptsclient_common.py   125   on_implicit_send          : response_size: 2048
2016-07-19 16:03:21,621 ClientCallback.on_implicit_send INFO autoptsclient_common.py   127   on_implicit_send          : response_is_present: 0 <type 'int'>
2016-07-19 16:03:21,621 ClientCallback.on_implicit_send INFO autoptsclient_common.py   131   on_implicit_send          : Calling test cases on_implicit_send
2016-07-19 16:03:21,621 root DEBUG testcase.py               467   on_implicit_send          : GATT TC_GAT_SR_BV_01_C on_implicit_send
2016-07-19 16:03:21,621 root DEBUG testcase.py               201   start                     : Starting test function: ptsprojects.testcase.TestFunc <function gap_connected_ev at 0x7f1606213c80> 98 None ('00:1B:DC:E0:37:6C', 0) {}
2016-07-19 16:03:21,621 root DEBUG testcase.py               209   start                     : Test function parameters: args=('00:1B:DC:E0:37:6C', 0), kwds={}
2016-07-19 16:03:21,621 root DEBUG btp.py                    309   gap_connected_ev          : gap_connected_ev '00:1B:DC:E0:37:6C' 0
2016-07-19 16:03:21,622 root DEBUG iutctl.py                 64    read                      : read
2016-07-19 16:03:21,622 root DEBUG btpparser.py              39    dec_hdr                   : dec_hdr, bytearray(b'\x01\x82\x00\x07\x00')
2016-07-19 16:03:21,623 root DEBUG iutctl.py                 78    read                      : Received: hdr: header(svc_id=1, op=130, ctrl_index=0, data_len=7) bytearray(b'\x01\x82\x00\x07\x00')
2016-07-19 16:03:21,623 root DEBUG btpparser.py              49    dec_data                  : dec_data, bytearray(b'l7\xe0\xdc\x1b\x00\x00')
2016-07-19 16:03:21,623 root DEBUG iutctl.py                 91    read                      : Received data: ('l7\xe0\xdc\x1b\x00\x00',), bytearray(b'l7\xe0\xdc\x1b\x00\x00')
2016-07-19 16:03:21,623 root DEBUG btp.py                    313   gap_connected_ev          : received header(svc_id=1, op=130, ctrl_index=0, data_len=7) ('l7\xe0\xdc\x1b\x00\x00',)
2016-07-19 16:03:21,623 root DEBUG testcase.py               201   start                     : Starting test function: ptsprojects.testcase.TestFunc <built-in function sleep> 98 None (1,) {}
2016-07-19 16:03:21,623 root DEBUG testcase.py               209   start                     : Test function parameters: args=(1,), kwds={}
2016-07-19 16:03:22,623 root DEBUG testcase.py               201   start                     : Starting test function: ptsprojects.testcase.TestFunc <function gatts_set_val at 0x7f160622b758> 98 None (11, '01') {}
2016-07-19 16:03:22,624 root DEBUG testcase.py               209   start                     : Test function parameters: args=(11, '01'), kwds={}
2016-07-19 16:03:22,624 root DEBUG btp.py                    657   gatts_set_val             : gatts_set_val 11 '01' 
2016-07-19 16:03:22,624 root DEBUG iutctl.py                 98    send                      : send, 2 6 0 bytearray(b'\x0b\x00\x01\x00\x01')
2016-07-19 16:03:22,624 root DEBUG iutctl.py                 108   send                      : btpclient command: send 2 6 0 0b00010001
2016-07-19 16:03:22,625 root DEBUG btpparser.py              59    enc_frame                 : enc_frame, 2 6 0 bytearray(b'\x0b\x00\x01\x00\x01')
2016-07-19 16:03:22,625 root DEBUG iutctl.py                 112   send                      : sending frame '\x02\x06\x00\x05\x00\x0b\x00\x01\x00\x01'
2016-07-19 16:03:22,625 root DEBUG btp.py                    1218  gatt_command_rsp_succ     : gatt_command_rsp_succ
2016-07-19 16:03:22,625 root DEBUG iutctl.py                 64    read                      : read
2016-07-19 16:03:22,629 root DEBUG btpparser.py              39    dec_hdr                   : dec_hdr, bytearray(b'\x02\x06\x00\x00\x00')
2016-07-19 16:03:22,630 root DEBUG iutctl.py                 78    read                      : Received: hdr: header(svc_id=2, op=6, ctrl_index=0, data_len=0) bytearray(b'\x02\x06\x00\x00\x00')
2016-07-19 16:03:22,630 root DEBUG btpparser.py              49    dec_data                  : dec_data, bytearray(b'')
2016-07-19 16:03:22,630 root DEBUG iutctl.py                 91    read                      : Received data: ('',), bytearray(b'')
2016-07-19 16:03:22,631 root DEBUG btp.py                    1223  gatt_command_rsp_succ     : received header(svc_id=2, op=6, ctrl_index=0, data_len=0) ('',)
2016-07-19 16:03:22,631 root DEBUG testcase.py               494   on_implicit_send          : Sending response 'OK'
2016-07-19 16:03:22,631 ClientCallback.on_implicit_send INFO autoptsclient_common.py   143   on_implicit_send          : test case returned on_implicit_send, response: OK
2016-07-19 16:03:22,631 ClientCallback.on_implicit_send INFO autoptsclient_common.py   151   on_implicit_send          : END OnImplicitSend:
2016-07-19 16:03:22,631 ClientCallback.on_implicit_send INFO autoptsclient_common.py   152   on_implicit_send          : ********************
2016-07-19 16:03:22,720 ClientCallback.on_implicit_send INFO autoptsclient_common.py   116   on_implicit_send          : ********************
2016-07-19 16:03:22,720 ClientCallback.on_implicit_send INFO autoptsclient_common.py   117   on_implicit_send          : BEGIN OnImplicitSend:
2016-07-19 16:03:22,721 ClientCallback.on_implicit_send INFO autoptsclient_common.py   118   on_implicit_send          : project_name: GATT
2016-07-19 16:03:22,721 ClientCallback.on_implicit_send INFO autoptsclient_common.py   119   on_implicit_send          : wid: 97
2016-07-19 16:03:22,721 ClientCallback.on_implicit_send INFO autoptsclient_common.py   120   on_implicit_send          : test_case_name: TC_GAT_SR_BV_01_C
2016-07-19 16:03:22,721 ClientCallback.on_implicit_send INFO autoptsclient_common.py   121   on_implicit_send          : description: Please wait for 30 seconds timeout to abort the procedure.

Description: Verify that the Implementation Under Test (IUT) can handle timeout after send handle value indication without receiving response in 30 seconds.
2016-07-19 16:03:22,721 ClientCallback.on_implicit_send INFO autoptsclient_common.py   122   on_implicit_send          : style: MMI_Style_Ok_Cancel2 0x11141
2016-07-19 16:03:22,721 ClientCallback.on_implicit_send INFO autoptsclient_common.py   124   on_implicit_send          : response: 3653140 <type 'int'> 19390592
2016-07-19 16:03:22,722 ClientCallback.on_implicit_send INFO autoptsclient_common.py   125   on_implicit_send          : response_size: 2048
2016-07-19 16:03:22,722 ClientCallback.on_implicit_send INFO autoptsclient_common.py   127   on_implicit_send          : response_is_present: 0 <type 'int'>
2016-07-19 16:03:22,722 ClientCallback.on_implicit_send INFO autoptsclient_common.py   131   on_implicit_send          : Calling test cases on_implicit_send
2016-07-19 16:03:22,722 root DEBUG testcase.py               467   on_implicit_send          : GATT TC_GAT_SR_BV_01_C on_implicit_send
2016-07-19 16:03:22,722 root DEBUG testcase.py               494   on_implicit_send          : Sending response 'OK'
2016-07-19 16:03:22,723 ClientCallback.on_implicit_send INFO autoptsclient_common.py   143   on_implicit_send          : test case returned on_implicit_send, response: OK
2016-07-19 16:03:22,723 ClientCallback.on_implicit_send INFO autoptsclient_common.py   151   on_implicit_send          : END OnImplicitSend:
2016-07-19 16:03:22,723 ClientCallback.on_implicit_send INFO autoptsclient_common.py   152   on_implicit_send          : ********************
2016-07-19 16:03:54,367 ClientCallback.log INFO autoptsclient_common.py   82    log                       : PTS_LOGTYPE_START_TEST Start Test Case 

+0 ms
 TC_GAT_SR_BV_01_C

2016-07-19 16:03:54,367 root DEBUG testcase.py               358   log                       : New status GATT TC_GAT_SR_BV_01_C - Started
2016-07-19 16:03:54,573 ClientCallback.log INFO autoptsclient_common.py   82    log                       : PTS_LOGTYPE_FINAL_VERDICT Final Verdict 

+37939 ms
 PASS

2016-07-19 16:03:54,574 root DEBUG testcase.py               358   log                       : New status GATT TC_GAT_SR_BV_01_C - PASS
2016-07-19 16:03:54,579 ClientCallback.log INFO autoptsclient_common.py   82    log                       : PTS_LOGTYPE_FINAL_VERDICT Encrypted Verdict 

+37939 ms
 A1#ZWY4MzQ5MDg3MmQwNTIxOGQzMzQ5YjY2ODA5M2MzNjQ5ZDY4NmY0Yjc2MzIzM2VkNTUyNTFhNGU4Mjg1MjI0NA==#9EUQrn+LeOarBMNBgMrz9+WnjvV3J8cjvwgoTM+VarhXTeYbHAwuNNJq3fJVTyop

2016-07-19 16:03:54,585 ClientCallback.log INFO autoptsclient_common.py   82    log                       : PTS_LOGTYPE_END_TEST Test Case Ended 

+37939 ms
 TC_GAT_SR_BV_01_C

2016-07-19 16:03:54,633 root DEBUG testcase.py               518   post_run                  : post_run GATT TC_GAT_SR_BV_01_C 
2016-07-19 16:03:54,634 root DEBUG testcase.py               201   start                     : Starting test function: ptsprojects.testcase.TestFuncCleanUp <bound method ZephyrCtl.stop of <ptsprojects.zephyr.iutctl.ZephyrCtl instance at 0x7f16062423f8>> None None () {}
2016-07-19 16:03:54,634 root DEBUG testcase.py               209   start                     : Test function parameters: args=(), kwds={}
2016-07-19 16:03:54,634 root DEBUG iutctl.py                 207   stop                      : ptsprojects.zephyr.iutctl.ZephyrCtl.stop
2016-07-19 16:03:57,637 root DEBUG autoptsclient_common.py   395   run_test_case             : Done TestCase wrapper GATT TC_GAT_SR_BV_01_C
