2016-07-19 15:46:40,434 root DEBUG autoptsclient_common.py   349   run_test_case             : Starting TestCase wrapper GATT TC_GAR_SR_BV_08_C
2016-07-19 15:46:40,434 root DEBUG testcase.py               499   pre_run                   : pre_run GATT TC_GAR_SR_BV_08_C
2016-07-19 15:46:40,434 root DEBUG testcase.py               502   pre_run                   : About to run test case GATT TC_GAR_SR_BV_08_C with commands:
2016-07-19 15:46:40,434 root DEBUG testcase.py               504   pre_run                   : 0) ptsprojects.testcase.TestFunc <bound method ZephyrCtl.start of <ptsprojects.zephyr.iutctl.ZephyrCtl instance at 0x7f16062423f8>> None None () {}
2016-07-19 15:46:40,434 root DEBUG testcase.py               504   pre_run                   : 1) ptsprojects.testcase.TestFunc <function core_reg_svc_gap at 0x7f1606213a28> None None () {}
2016-07-19 15:46:40,435 root DEBUG testcase.py               504   pre_run                   : 2) ptsprojects.testcase.TestFunc <function core_reg_svc_gatts at 0x7f1606213aa0> None None () {}
2016-07-19 15:46:40,435 root DEBUG testcase.py               504   pre_run                   : 3) ptsprojects.testcase.TestFunc <function gatts_add_svc at 0x7f160622b5f0> None None (0, 'AA50') {}
2016-07-19 15:46:40,435 root DEBUG testcase.py               504   pre_run                   : 4) ptsprojects.testcase.TestFunc <function gatts_add_char at 0x7f160622b6e0> None None (0, 2, 1, 'AA51') {}
2016-07-19 15:46:40,435 root DEBUG testcase.py               504   pre_run                   : 5) ptsprojects.testcase.TestFunc <function gatts_set_val at 0x7f160622b758> None None (0, '01') {}
2016-07-19 15:46:40,435 root DEBUG testcase.py               504   pre_run                   : 6) ptsprojects.testcase.TestFunc <function gatts_add_desc at 0x7f160622b7d0> None None (0, 1, 'AA52') {}
2016-07-19 15:46:40,435 root DEBUG testcase.py               504   pre_run                   : 7) ptsprojects.testcase.TestFunc <function gatts_set_val at 0x7f160622b758> None None (0, '0123456789ABCDEF0123456789ABCDEF0123456789ABCDEF0123456789ABCDEF') {}
2016-07-19 15:46:40,436 root DEBUG testcase.py               504   pre_run                   : 8) ptsprojects.testcase.TestFunc <function gatts_start_server at 0x7f160622b848> None None () {}
2016-07-19 15:46:40,436 root DEBUG testcase.py               504   pre_run                   : 9) ptsprojects.testcase.TestFunc <function gap_adv_ind_on at 0x7f1606213b90> None None () {}
2016-07-19 15:46:40,436 root DEBUG testcase.py               504   pre_run                   : 10) ptsprojects.testcase.TestFuncCleanUp <bound method ZephyrCtl.stop of <ptsprojects.zephyr.iutctl.ZephyrCtl instance at 0x7f16062423f8>> None None () {}
2016-07-19 15:46:40,436 root DEBUG testcase.py               201   start                     : Starting test function: ptsprojects.testcase.TestFunc <bound method ZephyrCtl.start of <ptsprojects.zephyr.iutctl.ZephyrCtl instance at 0x7f16062423f8>> None None () {}
2016-07-19 15:46:40,436 root DEBUG testcase.py               209   start                     : Test function parameters: args=(), kwds={}
2016-07-19 15:46:40,436 root DEBUG iutctl.py                 173   start                     : ptsprojects.zephyr.iutctl.ZephyrCtl.start
2016-07-19 15:46:40,437 root DEBUG iutctl.py                 160   reset_board               : About to reset DUT: "/home/skamrmar/bin/zflash/openocd/bin/openocd -s /home/skamrmar/bin/zflash/openocd/share/scripts -f /home/skamrmar/bin/zflash/boards/mountatlas/openocd.cfg -c 'init' -c 'reset run' -c 'shutdown'"
2016-07-19 15:46:42,455 root DEBUG iutctl.py                 184   start                     : Starting socat process: socat -x -v /dev/ttyUSB1,raw,b115200 UNIX-CONNECT:/tmp/bt-stack-tester
2016-07-19 15:46:42,458 root DEBUG iutctl.py                 56    accept                    : accept
2016-07-19 15:46:42,463 root DEBUG testcase.py               201   start                     : Starting test function: ptsprojects.testcase.TestFunc <function core_reg_svc_gap at 0x7f1606213a28> None None () {}
2016-07-19 15:46:42,463 root DEBUG testcase.py               209   start                     : Test function parameters: args=(), kwds={}
2016-07-19 15:46:42,463 root DEBUG btp.py                    226   core_reg_svc_gap          : core_reg_svc_gap
2016-07-19 15:46:42,463 root DEBUG iutctl.py                 98    send                      : send, 0 3 255 1
2016-07-19 15:46:42,463 root DEBUG iutctl.py                 108   send                      : btpclient command: send 0 3 255 01
2016-07-19 15:46:42,464 root DEBUG btpparser.py              59    enc_frame                 : enc_frame, 0 3 255 '\x01'
2016-07-19 15:46:42,464 root DEBUG iutctl.py                 112   send                      : sending frame '\x00\x03\xff\x01\x00\x01'
2016-07-19 15:46:44,029 root DEBUG btp.py                    246   core_reg_svc_rsp_succ     : core_reg_svc_rsp_succ
2016-07-19 15:46:44,029 root DEBUG iutctl.py                 64    read                      : read
2016-07-19 15:46:44,091 root DEBUG btpparser.py              39    dec_hdr                   : dec_hdr, bytearray(b'\x00\x03\xff\x00\x00')
2016-07-19 15:46:44,093 root DEBUG iutctl.py                 78    read                      : Received: hdr: header(svc_id=0, op=3, ctrl_index=255, data_len=0) bytearray(b'\x00\x03\xff\x00\x00')
2016-07-19 15:46:44,093 root DEBUG btpparser.py              49    dec_data                  : dec_data, bytearray(b'')
2016-07-19 15:46:44,093 root DEBUG iutctl.py                 91    read                      : Received data: ('',), bytearray(b'')
2016-07-19 15:46:44,093 root DEBUG btp.py                    257   core_reg_svc_rsp_succ     : received header(svc_id=0, op=3, ctrl_index=255, data_len=0) ('',)
2016-07-19 15:46:44,093 root DEBUG btp.py                    258   core_reg_svc_rsp_succ     : expected ((0, 3, 255, 0), ('',))
2016-07-19 15:46:44,093 root DEBUG btp.py                    264   core_reg_svc_rsp_succ     : response is valid
2016-07-19 15:46:44,094 root DEBUG testcase.py               201   start                     : Starting test function: ptsprojects.testcase.TestFunc <function core_reg_svc_gatts at 0x7f1606213aa0> None None () {}
2016-07-19 15:46:44,094 root DEBUG testcase.py               209   start                     : Test function parameters: args=(), kwds={}
2016-07-19 15:46:44,094 root DEBUG btp.py                    237   core_reg_svc_gatts        : core_reg_svc_gatts
2016-07-19 15:46:44,094 root DEBUG iutctl.py                 98    send                      : send, 0 3 255 2
2016-07-19 15:46:44,094 root DEBUG iutctl.py                 108   send                      : btpclient command: send 0 3 255 02
2016-07-19 15:46:44,095 root DEBUG btpparser.py              59    enc_frame                 : enc_frame, 0 3 255 '\x02'
2016-07-19 15:46:44,095 root DEBUG iutctl.py                 112   send                      : sending frame '\x00\x03\xff\x01\x00\x02'
2016-07-19 15:46:44,095 root DEBUG btp.py                    246   core_reg_svc_rsp_succ     : core_reg_svc_rsp_succ
2016-07-19 15:46:44,095 root DEBUG iutctl.py                 64    read                      : read
2016-07-19 15:46:44,097 root DEBUG btpparser.py              39    dec_hdr                   : dec_hdr, bytearray(b'\x00\x03\xff\x00\x00')
2016-07-19 15:46:44,098 root DEBUG iutctl.py                 78    read                      : Received: hdr: header(svc_id=0, op=3, ctrl_index=255, data_len=0) bytearray(b'\x00\x03\xff\x00\x00')
2016-07-19 15:46:44,098 root DEBUG btpparser.py              49    dec_data                  : dec_data, bytearray(b'')
2016-07-19 15:46:44,099 root DEBUG iutctl.py                 91    read                      : Received data: ('',), bytearray(b'')
2016-07-19 15:46:44,099 root DEBUG btp.py                    257   core_reg_svc_rsp_succ     : received header(svc_id=0, op=3, ctrl_index=255, data_len=0) ('',)
2016-07-19 15:46:44,099 root DEBUG btp.py                    258   core_reg_svc_rsp_succ     : expected ((0, 3, 255, 0), ('',))
2016-07-19 15:46:44,099 root DEBUG btp.py                    264   core_reg_svc_rsp_succ     : response is valid
2016-07-19 15:46:44,100 root DEBUG testcase.py               201   start                     : Starting test function: ptsprojects.testcase.TestFunc <function gatts_add_svc at 0x7f160622b5f0> None None (0, 'AA50') {}
2016-07-19 15:46:44,100 root DEBUG testcase.py               209   start                     : Test function parameters: args=(0, 'AA50'), kwds={}
2016-07-19 15:46:44,100 root DEBUG btp.py                    599   gatts_add_svc             : gatts_add_svc 0 'AA50'
2016-07-19 15:46:44,100 root DEBUG iutctl.py                 98    send                      : send, 2 2 0 bytearray(b'\x00\x02P\xaa')
2016-07-19 15:46:44,100 root DEBUG iutctl.py                 108   send                      : btpclient command: send 2 2 0 000250aa
2016-07-19 15:46:44,101 root DEBUG btpparser.py              59    enc_frame                 : enc_frame, 2 2 0 bytearray(b'\x00\x02P\xaa')
2016-07-19 15:46:44,101 root DEBUG iutctl.py                 112   send                      : sending frame '\x02\x02\x00\x04\x00\x00\x02P\xaa'
2016-07-19 15:46:44,101 root DEBUG btp.py                    1218  gatt_command_rsp_succ     : gatt_command_rsp_succ
2016-07-19 15:46:44,101 root DEBUG iutctl.py                 64    read                      : read
2016-07-19 15:46:44,104 root DEBUG btpparser.py              39    dec_hdr                   : dec_hdr, bytearray(b'\x02\x02\x00\x02\x00')
2016-07-19 15:46:44,105 root DEBUG iutctl.py                 78    read                      : Received: hdr: header(svc_id=2, op=2, ctrl_index=0, data_len=2) bytearray(b'\x02\x02\x00\x02\x00')
2016-07-19 15:46:44,105 root DEBUG btpparser.py              49    dec_data                  : dec_data, bytearray(b'\x00\x00')
2016-07-19 15:46:44,106 root DEBUG iutctl.py                 91    read                      : Received data: ('\x00\x00',), bytearray(b'\x00\x00')
2016-07-19 15:46:44,106 root DEBUG btp.py                    1223  gatt_command_rsp_succ     : received header(svc_id=2, op=2, ctrl_index=0, data_len=2) ('\x00\x00',)
2016-07-19 15:46:44,106 root DEBUG testcase.py               201   start                     : Starting test function: ptsprojects.testcase.TestFunc <function gatts_add_char at 0x7f160622b6e0> None None (0, 2, 1, 'AA51') {}
2016-07-19 15:46:44,106 root DEBUG testcase.py               209   start                     : Test function parameters: args=(0, 2, 1, 'AA51'), kwds={}
2016-07-19 15:46:44,106 root DEBUG btp.py                    634   gatts_add_char            : gatts_add_char 0 2 1 'AA51'
2016-07-19 15:46:44,107 root DEBUG iutctl.py                 98    send                      : send, 2 3 0 bytearray(b'\x00\x00\x02\x01\x02Q\xaa')
2016-07-19 15:46:44,107 root DEBUG iutctl.py                 108   send                      : btpclient command: send 2 3 0 000002010251aa
2016-07-19 15:46:44,107 root DEBUG btpparser.py              59    enc_frame                 : enc_frame, 2 3 0 bytearray(b'\x00\x00\x02\x01\x02Q\xaa')
2016-07-19 15:46:44,107 root DEBUG iutctl.py                 112   send                      : sending frame '\x02\x03\x00\x07\x00\x00\x00\x02\x01\x02Q\xaa'
2016-07-19 15:46:44,107 root DEBUG btp.py                    1218  gatt_command_rsp_succ     : gatt_command_rsp_succ
2016-07-19 15:46:44,108 root DEBUG iutctl.py                 64    read                      : read
2016-07-19 15:46:44,111 root DEBUG btpparser.py              39    dec_hdr                   : dec_hdr, bytearray(b'\x02\x03\x00\x02\x00')
2016-07-19 15:46:44,112 root DEBUG iutctl.py                 78    read                      : Received: hdr: header(svc_id=2, op=3, ctrl_index=0, data_len=2) bytearray(b'\x02\x03\x00\x02\x00')
2016-07-19 15:46:44,112 root DEBUG btpparser.py              49    dec_data                  : dec_data, bytearray(b'\x00\x00')
2016-07-19 15:46:44,112 root DEBUG iutctl.py                 91    read                      : Received data: ('\x00\x00',), bytearray(b'\x00\x00')
2016-07-19 15:46:44,113 root DEBUG btp.py                    1223  gatt_command_rsp_succ     : received header(svc_id=2, op=3, ctrl_index=0, data_len=2) ('\x00\x00',)
2016-07-19 15:46:44,113 root DEBUG testcase.py               201   start                     : Starting test function: ptsprojects.testcase.TestFunc <function gatts_set_val at 0x7f160622b758> None None (0, '01') {}
2016-07-19 15:46:44,113 root DEBUG testcase.py               209   start                     : Test function parameters: args=(0, '01'), kwds={}
2016-07-19 15:46:44,113 root DEBUG btp.py                    657   gatts_set_val             : gatts_set_val 0 '01' 
2016-07-19 15:46:44,113 root DEBUG iutctl.py                 98    send                      : send, 2 6 0 bytearray(b'\x00\x00\x01\x00\x01')
2016-07-19 15:46:44,113 root DEBUG iutctl.py                 108   send                      : btpclient command: send 2 6 0 0000010001
2016-07-19 15:46:44,114 root DEBUG btpparser.py              59    enc_frame                 : enc_frame, 2 6 0 bytearray(b'\x00\x00\x01\x00\x01')
2016-07-19 15:46:44,114 root DEBUG iutctl.py                 112   send                      : sending frame '\x02\x06\x00\x05\x00\x00\x00\x01\x00\x01'
2016-07-19 15:46:44,114 root DEBUG btp.py                    1218  gatt_command_rsp_succ     : gatt_command_rsp_succ
2016-07-19 15:46:44,114 root DEBUG iutctl.py                 64    read                      : read
2016-07-19 15:46:44,117 root DEBUG btpparser.py              39    dec_hdr                   : dec_hdr, bytearray(b'\x02\x06\x00\x00\x00')
2016-07-19 15:46:44,118 root DEBUG iutctl.py                 78    read                      : Received: hdr: header(svc_id=2, op=6, ctrl_index=0, data_len=0) bytearray(b'\x02\x06\x00\x00\x00')
2016-07-19 15:46:44,118 root DEBUG btpparser.py              49    dec_data                  : dec_data, bytearray(b'')
2016-07-19 15:46:44,118 root DEBUG iutctl.py                 91    read                      : Received data: ('',), bytearray(b'')
2016-07-19 15:46:44,118 root DEBUG btp.py                    1223  gatt_command_rsp_succ     : received header(svc_id=2, op=6, ctrl_index=0, data_len=0) ('',)
2016-07-19 15:46:44,118 root DEBUG testcase.py               201   start                     : Starting test function: ptsprojects.testcase.TestFunc <function gatts_add_desc at 0x7f160622b7d0> None None (0, 1, 'AA52') {}
2016-07-19 15:46:44,119 root DEBUG testcase.py               209   start                     : Test function parameters: args=(0, 1, 'AA52'), kwds={}
2016-07-19 15:46:44,119 root DEBUG btp.py                    679   gatts_add_desc            : gatts_add_desc 0 1 'AA52'
2016-07-19 15:46:44,119 root DEBUG iutctl.py                 98    send                      : send, 2 4 0 bytearray(b'\x00\x00\x01\x02R\xaa')
2016-07-19 15:46:44,119 root DEBUG iutctl.py                 108   send                      : btpclient command: send 2 4 0 0000010252aa
2016-07-19 15:46:44,119 root DEBUG btpparser.py              59    enc_frame                 : enc_frame, 2 4 0 bytearray(b'\x00\x00\x01\x02R\xaa')
2016-07-19 15:46:44,119 root DEBUG iutctl.py                 112   send                      : sending frame '\x02\x04\x00\x06\x00\x00\x00\x01\x02R\xaa'
2016-07-19 15:46:44,120 root DEBUG btp.py                    1218  gatt_command_rsp_succ     : gatt_command_rsp_succ
2016-07-19 15:46:44,120 root DEBUG iutctl.py                 64    read                      : read
2016-07-19 15:46:44,123 root DEBUG btpparser.py              39    dec_hdr                   : dec_hdr, bytearray(b'\x02\x04\x00\x02\x00')
2016-07-19 15:46:44,124 root DEBUG iutctl.py                 78    read                      : Received: hdr: header(svc_id=2, op=4, ctrl_index=0, data_len=2) bytearray(b'\x02\x04\x00\x02\x00')
2016-07-19 15:46:44,124 root DEBUG btpparser.py              49    dec_data                  : dec_data, bytearray(b'\x00\x00')
2016-07-19 15:46:44,124 root DEBUG iutctl.py                 91    read                      : Received data: ('\x00\x00',), bytearray(b'\x00\x00')
2016-07-19 15:46:44,124 root DEBUG btp.py                    1223  gatt_command_rsp_succ     : received header(svc_id=2, op=4, ctrl_index=0, data_len=2) ('\x00\x00',)
2016-07-19 15:46:44,124 root DEBUG testcase.py               201   start                     : Starting test function: ptsprojects.testcase.TestFunc <function gatts_set_val at 0x7f160622b758> None None (0, '0123456789ABCDEF0123456789ABCDEF0123456789ABCDEF0123456789ABCDEF') {}
2016-07-19 15:46:44,125 root DEBUG testcase.py               209   start                     : Test function parameters: args=(0, '0123456789ABCDEF0123456789ABCDEF0123456789ABCDEF0123456789ABCDEF'), kwds={}
2016-07-19 15:46:44,125 root DEBUG btp.py                    657   gatts_set_val             : gatts_set_val 0 '0123456789ABCDEF0123456789ABCDEF0123456789ABCDEF0123456789ABCDEF' 
2016-07-19 15:46:44,125 root DEBUG iutctl.py                 98    send                      : send, 2 6 0 bytearray(b'\x00\x00 \x00\x01#Eg\x89\xab\xcd\xef\x01#Eg\x89\xab\xcd\xef\x01#Eg\x89\xab\xcd\xef\x01#Eg\x89\xab\xcd\xef')
2016-07-19 15:46:44,125 root DEBUG iutctl.py                 108   send                      : btpclient command: send 2 6 0 000020000123456789abcdef0123456789abcdef0123456789abcdef0123456789abcdef
2016-07-19 15:46:44,125 root DEBUG btpparser.py              59    enc_frame                 : enc_frame, 2 6 0 bytearray(b'\x00\x00 \x00\x01#Eg\x89\xab\xcd\xef\x01#Eg\x89\xab\xcd\xef\x01#Eg\x89\xab\xcd\xef\x01#Eg\x89\xab\xcd\xef')
2016-07-19 15:46:44,125 root DEBUG iutctl.py                 112   send                      : sending frame '\x02\x06\x00$\x00\x00\x00 \x00\x01#Eg\x89\xab\xcd\xef\x01#Eg\x89\xab\xcd\xef\x01#Eg\x89\xab\xcd\xef\x01#Eg\x89\xab\xcd\xef'
2016-07-19 15:46:44,126 root DEBUG btp.py                    1218  gatt_command_rsp_succ     : gatt_command_rsp_succ
2016-07-19 15:46:44,126 root DEBUG iutctl.py                 64    read                      : read
2016-07-19 15:46:44,131 root DEBUG btpparser.py              39    dec_hdr                   : dec_hdr, bytearray(b'\x02\x06\x00\x00\x00')
2016-07-19 15:46:44,132 root DEBUG iutctl.py                 78    read                      : Received: hdr: header(svc_id=2, op=6, ctrl_index=0, data_len=0) bytearray(b'\x02\x06\x00\x00\x00')
2016-07-19 15:46:44,132 root DEBUG btpparser.py              49    dec_data                  : dec_data, bytearray(b'')
2016-07-19 15:46:44,133 root DEBUG iutctl.py                 91    read                      : Received data: ('',), bytearray(b'')
2016-07-19 15:46:44,133 root DEBUG btp.py                    1223  gatt_command_rsp_succ     : received header(svc_id=2, op=6, ctrl_index=0, data_len=0) ('',)
2016-07-19 15:46:44,133 root DEBUG testcase.py               201   start                     : Starting test function: ptsprojects.testcase.TestFunc <function gatts_start_server at 0x7f160622b848> None None () {}
2016-07-19 15:46:44,133 root DEBUG testcase.py               209   start                     : Test function parameters: args=(), kwds={}
2016-07-19 15:46:44,134 root DEBUG btp.py                    701   gatts_start_server        : gatts_start_server
2016-07-19 15:46:44,134 root DEBUG iutctl.py                 98    send                      : send, 2 7 0 ''
2016-07-19 15:46:44,134 root DEBUG iutctl.py                 108   send                      : btpclient command: send 2 7 0 
2016-07-19 15:46:44,134 root DEBUG btpparser.py              59    enc_frame                 : enc_frame, 2 7 0 ''
2016-07-19 15:46:44,134 root DEBUG iutctl.py                 112   send                      : sending frame '\x02\x07\x00\x00\x00'
2016-07-19 15:46:44,135 root DEBUG btp.py                    1218  gatt_command_rsp_succ     : gatt_command_rsp_succ
2016-07-19 15:46:44,135 root DEBUG iutctl.py                 64    read                      : read
2016-07-19 15:46:44,138 root DEBUG btpparser.py              39    dec_hdr                   : dec_hdr, bytearray(b'\x02\x07\x00\x03\x00')
2016-07-19 15:46:44,139 root DEBUG iutctl.py                 78    read                      : Received: hdr: header(svc_id=2, op=7, ctrl_index=0, data_len=3) bytearray(b'\x02\x07\x00\x03\x00')
2016-07-19 15:46:44,139 root DEBUG btpparser.py              49    dec_data                  : dec_data, bytearray(b'\xff\xff\x04')
2016-07-19 15:46:44,139 root DEBUG iutctl.py                 91    read                      : Received data: ('\xff\xff\x04',), bytearray(b'\xff\xff\x04')
2016-07-19 15:46:44,139 root DEBUG btp.py                    1223  gatt_command_rsp_succ     : received header(svc_id=2, op=7, ctrl_index=0, data_len=3) ('\xff\xff\x04',)
2016-07-19 15:46:44,140 root DEBUG testcase.py               201   start                     : Starting test function: ptsprojects.testcase.TestFunc <function gap_adv_ind_on at 0x7f1606213b90> None None () {}
2016-07-19 15:46:44,140 root DEBUG testcase.py               209   start                     : Test function parameters: args=(), kwds={}
2016-07-19 15:46:44,140 root DEBUG btp.py                    268   gap_adv_ind_on            : gap_adv_ind_on None None
2016-07-19 15:46:44,140 root DEBUG iutctl.py                 98    send                      : send, 1 10 0 bytearray(b'\x00\x00')
2016-07-19 15:46:44,140 root DEBUG iutctl.py                 108   send                      : btpclient command: send 1 10 0 0000
2016-07-19 15:46:44,140 root DEBUG btpparser.py              59    enc_frame                 : enc_frame, 1 10 0 bytearray(b'\x00\x00')
2016-07-19 15:46:44,140 root DEBUG iutctl.py                 112   send                      : sending frame '\x01\n\x00\x02\x00\x00\x00'
2016-07-19 15:46:44,141 root DEBUG btp.py                    588   gap_command_rsp_succ      : gap_command_rsp_succ
2016-07-19 15:46:44,141 root DEBUG iutctl.py                 64    read                      : read
2016-07-19 15:46:44,146 root DEBUG btpparser.py              39    dec_hdr                   : dec_hdr, bytearray(b'\x01\n\x00\x04\x00')
2016-07-19 15:46:44,147 root DEBUG iutctl.py                 78    read                      : Received: hdr: header(svc_id=1, op=10, ctrl_index=0, data_len=4) bytearray(b'\x01\n\x00\x04\x00')
2016-07-19 15:46:44,147 root DEBUG btpparser.py              49    dec_data                  : dec_data, bytearray(b'\x13\x06\x00\x00')
2016-07-19 15:46:44,147 root DEBUG iutctl.py                 91    read                      : Received data: ('\x13\x06\x00\x00',), bytearray(b'\x13\x06\x00\x00')
2016-07-19 15:46:44,147 root DEBUG btp.py                    593   gap_command_rsp_succ      : received header(svc_id=1, op=10, ctrl_index=0, data_len=4) ('\x13\x06\x00\x00',)
2016-07-19 15:46:52,625 ClientCallback.on_implicit_send INFO autoptsclient_common.py   116   on_implicit_send          : ********************
2016-07-19 15:46:52,625 ClientCallback.on_implicit_send INFO autoptsclient_common.py   117   on_implicit_send          : BEGIN OnImplicitSend:
2016-07-19 15:46:52,625 ClientCallback.on_implicit_send INFO autoptsclient_common.py   118   on_implicit_send          : project_name: GATT
2016-07-19 15:46:52,625 ClientCallback.on_implicit_send INFO autoptsclient_common.py   119   on_implicit_send          : wid: 1
2016-07-19 15:46:52,626 ClientCallback.on_implicit_send INFO autoptsclient_common.py   120   on_implicit_send          : test_case_name: TC_GAR_SR_BV_08_C
2016-07-19 15:46:52,626 ClientCallback.on_implicit_send INFO autoptsclient_common.py   121   on_implicit_send          : description: Please prepare IUT into a connectable mode.

Description: Verify that the Implementation Under Test (IUT) can accept GATT connect request from PTS.
2016-07-19 15:46:52,626 ClientCallback.on_implicit_send INFO autoptsclient_common.py   122   on_implicit_send          : style: MMI_Style_Ok_Cancel2 0x11141
2016-07-19 15:46:52,626 ClientCallback.on_implicit_send INFO autoptsclient_common.py   124   on_implicit_send          : response: 3653016 <type 'int'> 19163352
2016-07-19 15:46:52,626 ClientCallback.on_implicit_send INFO autoptsclient_common.py   125   on_implicit_send          : response_size: 2048
2016-07-19 15:46:52,626 ClientCallback.on_implicit_send INFO autoptsclient_common.py   127   on_implicit_send          : response_is_present: 0 <type 'int'>
2016-07-19 15:46:52,626 ClientCallback.on_implicit_send INFO autoptsclient_common.py   131   on_implicit_send          : Calling test cases on_implicit_send
2016-07-19 15:46:52,627 root DEBUG testcase.py               467   on_implicit_send          : GATT TC_GAR_SR_BV_08_C on_implicit_send
2016-07-19 15:46:52,627 root DEBUG testcase.py               494   on_implicit_send          : Sending response 'OK'
2016-07-19 15:46:52,627 ClientCallback.on_implicit_send INFO autoptsclient_common.py   143   on_implicit_send          : test case returned on_implicit_send, response: OK
2016-07-19 15:46:52,627 ClientCallback.on_implicit_send INFO autoptsclient_common.py   151   on_implicit_send          : END OnImplicitSend:
2016-07-19 15:46:52,627 ClientCallback.on_implicit_send INFO autoptsclient_common.py   152   on_implicit_send          : ********************
2016-07-19 15:46:54,368 ClientCallback.on_implicit_send INFO autoptsclient_common.py   116   on_implicit_send          : ********************
2016-07-19 15:46:54,369 ClientCallback.on_implicit_send INFO autoptsclient_common.py   117   on_implicit_send          : BEGIN OnImplicitSend:
2016-07-19 15:46:54,369 ClientCallback.on_implicit_send INFO autoptsclient_common.py   118   on_implicit_send          : project_name: GATT
2016-07-19 15:46:54,369 ClientCallback.on_implicit_send INFO autoptsclient_common.py   119   on_implicit_send          : wid: 52
2016-07-19 15:46:54,369 ClientCallback.on_implicit_send INFO autoptsclient_common.py   120   on_implicit_send          : test_case_name: TC_GAR_SR_BV_08_C
2016-07-19 15:46:54,369 ClientCallback.on_implicit_send INFO autoptsclient_common.py   121   on_implicit_send          : description: Please confirm IUT Handle='c'O characteristic value='0123456789ABCDEF0123456789ABCDEF0123456789ABCDEF0123456789ABCDEF'O in random selected adopted database. Click Yes if it matches the IUT, othwise click No.

Description: Verify that the Implementation Under Test (IUT) can send Read long characteristic to PTS random select adopted database.
2016-07-19 15:46:54,369 ClientCallback.on_implicit_send INFO autoptsclient_common.py   122   on_implicit_send          : style: MMI_Style_Yes_No1 0x11044
2016-07-19 15:46:54,370 ClientCallback.on_implicit_send INFO autoptsclient_common.py   124   on_implicit_send          : response: 3653016 <type 'int'> 19163352
2016-07-19 15:46:54,370 ClientCallback.on_implicit_send INFO autoptsclient_common.py   125   on_implicit_send          : response_size: 2048
2016-07-19 15:46:54,370 ClientCallback.on_implicit_send INFO autoptsclient_common.py   127   on_implicit_send          : response_is_present: 0 <type 'int'>
2016-07-19 15:46:54,370 ClientCallback.on_implicit_send INFO autoptsclient_common.py   131   on_implicit_send          : Calling test cases on_implicit_send
2016-07-19 15:46:54,370 root DEBUG testcase.py               467   on_implicit_send          : GATT TC_GAR_SR_BV_08_C on_implicit_send
2016-07-19 15:46:54,370 root DEBUG testcase.py               364   handle_mmi_style_yes_no1  : handle_mmi_style_yes_no1, 52 "Please confirm IUT Handle='c'O characteristic value='0123456789ABCDEF0123456789ABCDEF0123456789ABCDEF0123456789ABCDEF'O in random selected adopted database. Click Yes if it matches the IUT, othwise click No.\n\nDescription: Verify that the Implementation Under Test (IUT) can send Read long characteristic to PTS random select adopted database."
2016-07-19 15:46:54,371 root DEBUG testcase.py               366   handle_mmi_style_yes_no1  : no_wid=None verify_wids={52: ("Please confirm IUT Handle='c'", "value='0123456789ABCDEF0123456789ABCDEF0123456789ABCDEF0123456789ABCDEF'")}
2016-07-19 15:46:54,371 root DEBUG testcase.py               378   handle_mmi_style_yes_no1  : Starting verification of: {52: ("Please confirm IUT Handle='c'", "value='0123456789ABCDEF0123456789ABCDEF0123456789ABCDEF0123456789ABCDEF'")}
2016-07-19 15:46:54,371 root DEBUG testcase.py               386   handle_mmi_style_yes_no1  : Verifying: "Please confirm IUT Handle='c'"
2016-07-19 15:46:54,371 root DEBUG testcase.py               386   handle_mmi_style_yes_no1  : Verifying: "value='0123456789ABCDEF0123456789ABCDEF0123456789ABCDEF0123456789ABCDEF'"
2016-07-19 15:46:54,371 root DEBUG testcase.py               408   handle_mmi_style_yes_no1  : All verifications passed
2016-07-19 15:46:54,371 root DEBUG testcase.py               494   on_implicit_send          : Sending response 'Yes'
2016-07-19 15:46:54,372 ClientCallback.on_implicit_send INFO autoptsclient_common.py   143   on_implicit_send          : test case returned on_implicit_send, response: Yes
2016-07-19 15:46:54,372 ClientCallback.on_implicit_send INFO autoptsclient_common.py   151   on_implicit_send          : END OnImplicitSend:
2016-07-19 15:46:54,372 ClientCallback.on_implicit_send INFO autoptsclient_common.py   152   on_implicit_send          : ********************
2016-07-19 15:46:56,507 ClientCallback.log INFO autoptsclient_common.py   82    log                       : PTS_LOGTYPE_START_TEST Start Test Case 

+15 ms
 TC_GAR_SR_BV_08_C

2016-07-19 15:46:56,507 root DEBUG testcase.py               358   log                       : New status GATT TC_GAR_SR_BV_08_C - Started
2016-07-19 15:46:56,724 ClientCallback.log INFO autoptsclient_common.py   82    log                       : PTS_LOGTYPE_FINAL_VERDICT Final Verdict 

+8143 ms
 PASS

2016-07-19 15:46:56,724 root DEBUG testcase.py               358   log                       : New status GATT TC_GAR_SR_BV_08_C - PASS
2016-07-19 15:46:56,729 ClientCallback.log INFO autoptsclient_common.py   82    log                       : PTS_LOGTYPE_FINAL_VERDICT Encrypted Verdict 

+8143 ms
 A1#ZWY4MzQ5MDg3MmQwNTIxOGQzMzQ5YjY2ODA5M2MzNjQ5ZDY4NmY0Yjc2MzIzM2VkNTUyNTFhNGU4Mjg1MjI0NA==#9EUQrn+LeObCpCWGzipkxuwwqogxpn79AF0hKDmWnR/mIWUG5pwrF9Jq3fJVTyop

2016-07-19 15:46:56,735 ClientCallback.log INFO autoptsclient_common.py   82    log                       : PTS_LOGTYPE_END_TEST Test Case Ended 

+8143 ms
 TC_GAR_SR_BV_08_C

2016-07-19 15:46:56,754 root DEBUG testcase.py               518   post_run                  : post_run GATT TC_GAR_SR_BV_08_C 
2016-07-19 15:46:56,755 root DEBUG testcase.py               201   start                     : Starting test function: ptsprojects.testcase.TestFuncCleanUp <bound method ZephyrCtl.stop of <ptsprojects.zephyr.iutctl.ZephyrCtl instance at 0x7f16062423f8>> None None () {}
2016-07-19 15:46:56,755 root DEBUG testcase.py               209   start                     : Test function parameters: args=(), kwds={}
2016-07-19 15:46:56,755 root DEBUG iutctl.py                 207   stop                      : ptsprojects.zephyr.iutctl.ZephyrCtl.stop
2016-07-19 15:46:59,756 root DEBUG autoptsclient_common.py   395   run_test_case             : Done TestCase wrapper GATT TC_GAR_SR_BV_08_C
