2016-07-19 14:23:59,081 root DEBUG autoptsclient_common.py   349   run_test_case             : Starting TestCase wrapper L2CAP TC_LE_REJ_BI_01_C
2016-07-19 14:23:59,081 root DEBUG testcase.py               499   pre_run                   : pre_run L2CAP TC_LE_REJ_BI_01_C
2016-07-19 14:23:59,081 root DEBUG testcase.py               502   pre_run                   : About to run test case L2CAP TC_LE_REJ_BI_01_C with commands:
2016-07-19 14:23:59,081 root DEBUG testcase.py               504   pre_run                   : 0) ptsprojects.testcase.TestFunc <bound method ZephyrCtl.start of <ptsprojects.zephyr.iutctl.ZephyrCtl instance at 0x7f30f2cd43f8>> None None () {}
2016-07-19 14:23:59,081 root DEBUG testcase.py               504   pre_run                   : 1) ptsprojects.testcase.TestFunc <function core_reg_svc_gap at 0x7f30f2ca5a28> None None () {}
2016-07-19 14:23:59,082 root DEBUG testcase.py               504   pre_run                   : 2) ptsprojects.testcase.TestFunc <function gap_adv_ind_on at 0x7f30f2ca5b90> None None () {}
2016-07-19 14:23:59,082 root DEBUG testcase.py               504   pre_run                   : 3) ptsprojects.testcase.TestFuncCleanUp <bound method ZephyrCtl.stop of <ptsprojects.zephyr.iutctl.ZephyrCtl instance at 0x7f30f2cd43f8>> None None () {}
2016-07-19 14:23:59,082 root DEBUG testcase.py               201   start                     : Starting test function: ptsprojects.testcase.TestFunc <bound method ZephyrCtl.start of <ptsprojects.zephyr.iutctl.ZephyrCtl instance at 0x7f30f2cd43f8>> None None () {}
2016-07-19 14:23:59,082 root DEBUG testcase.py               209   start                     : Test function parameters: args=(), kwds={}
2016-07-19 14:23:59,082 root DEBUG iutctl.py                 173   start                     : ptsprojects.zephyr.iutctl.ZephyrCtl.start
2016-07-19 14:23:59,082 root DEBUG iutctl.py                 160   reset_board               : About to reset DUT: "/home/skamrmar/bin/zflash/openocd/bin/openocd -s /home/skamrmar/bin/zflash/openocd/share/scripts -f /home/skamrmar/bin/zflash/boards/mountatlas/openocd.cfg -c 'init' -c 'reset run' -c 'shutdown'"
2016-07-19 14:24:01,097 root DEBUG iutctl.py                 184   start                     : Starting socat process: socat -x -v /dev/ttyUSB1,raw,b115200 UNIX-CONNECT:/tmp/bt-stack-tester
2016-07-19 14:24:01,100 root DEBUG iutctl.py                 56    accept                    : accept
2016-07-19 14:24:01,104 root DEBUG testcase.py               201   start                     : Starting test function: ptsprojects.testcase.TestFunc <function core_reg_svc_gap at 0x7f30f2ca5a28> None None () {}
2016-07-19 14:24:01,104 root DEBUG testcase.py               209   start                     : Test function parameters: args=(), kwds={}
2016-07-19 14:24:01,104 root DEBUG btp.py                    226   core_reg_svc_gap          : core_reg_svc_gap
2016-07-19 14:24:01,105 root DEBUG iutctl.py                 98    send                      : send, 0 3 255 1
2016-07-19 14:24:01,105 root DEBUG iutctl.py                 108   send                      : btpclient command: send 0 3 255 01
2016-07-19 14:24:01,105 root DEBUG btpparser.py              59    enc_frame                 : enc_frame, 0 3 255 '\x01'
2016-07-19 14:24:01,105 root DEBUG iutctl.py                 112   send                      : sending frame '\x00\x03\xff\x01\x00\x01'
2016-07-19 14:24:02,650 root DEBUG btp.py                    246   core_reg_svc_rsp_succ     : core_reg_svc_rsp_succ
2016-07-19 14:24:02,650 root DEBUG iutctl.py                 64    read                      : read
2016-07-19 14:24:02,717 root DEBUG btpparser.py              39    dec_hdr                   : dec_hdr, bytearray(b'\x00\x03\xff\x00\x00')
2016-07-19 14:24:02,718 root DEBUG iutctl.py                 78    read                      : Received: hdr: header(svc_id=0, op=3, ctrl_index=255, data_len=0) bytearray(b'\x00\x03\xff\x00\x00')
2016-07-19 14:24:02,718 root DEBUG btpparser.py              49    dec_data                  : dec_data, bytearray(b'')
2016-07-19 14:24:02,718 root DEBUG iutctl.py                 91    read                      : Received data: ('',), bytearray(b'')
2016-07-19 14:24:02,718 root DEBUG btp.py                    257   core_reg_svc_rsp_succ     : received header(svc_id=0, op=3, ctrl_index=255, data_len=0) ('',)
2016-07-19 14:24:02,719 root DEBUG btp.py                    258   core_reg_svc_rsp_succ     : expected ((0, 3, 255, 0), ('',))
2016-07-19 14:24:02,719 root DEBUG btp.py                    264   core_reg_svc_rsp_succ     : response is valid
2016-07-19 14:24:02,719 root DEBUG testcase.py               201   start                     : Starting test function: ptsprojects.testcase.TestFunc <function gap_adv_ind_on at 0x7f30f2ca5b90> None None () {}
2016-07-19 14:24:02,719 root DEBUG testcase.py               209   start                     : Test function parameters: args=(), kwds={}
2016-07-19 14:24:02,720 root DEBUG btp.py                    268   gap_adv_ind_on            : gap_adv_ind_on None None
2016-07-19 14:24:02,720 root DEBUG iutctl.py                 98    send                      : send, 1 10 0 bytearray(b'\x00\x00')
2016-07-19 14:24:02,720 root DEBUG iutctl.py                 108   send                      : btpclient command: send 1 10 0 0000
2016-07-19 14:24:02,720 root DEBUG btpparser.py              59    enc_frame                 : enc_frame, 1 10 0 bytearray(b'\x00\x00')
2016-07-19 14:24:02,720 root DEBUG iutctl.py                 112   send                      : sending frame '\x01\n\x00\x02\x00\x00\x00'
2016-07-19 14:24:02,720 root DEBUG btp.py                    588   gap_command_rsp_succ      : gap_command_rsp_succ
2016-07-19 14:24:02,721 root DEBUG iutctl.py                 64    read                      : read
2016-07-19 14:24:02,753 root DEBUG btpparser.py              39    dec_hdr                   : dec_hdr, bytearray(b'\x01\n\x00\x04\x00')
2016-07-19 14:24:02,753 root DEBUG iutctl.py                 78    read                      : Received: hdr: header(svc_id=1, op=10, ctrl_index=0, data_len=4) bytearray(b'\x01\n\x00\x04\x00')
2016-07-19 14:24:02,754 root DEBUG btpparser.py              49    dec_data                  : dec_data, bytearray(b'\x13\x06\x00\x00')
2016-07-19 14:24:02,754 root DEBUG iutctl.py                 91    read                      : Received data: ('\x13\x06\x00\x00',), bytearray(b'\x13\x06\x00\x00')
2016-07-19 14:24:02,754 root DEBUG btp.py                    593   gap_command_rsp_succ      : received header(svc_id=1, op=10, ctrl_index=0, data_len=4) ('\x13\x06\x00\x00',)
2016-07-19 14:24:11,748 ClientCallback.on_implicit_send INFO autoptsclient_common.py   116   on_implicit_send          : ********************
2016-07-19 14:24:11,749 ClientCallback.on_implicit_send INFO autoptsclient_common.py   117   on_implicit_send          : BEGIN OnImplicitSend:
2016-07-19 14:24:11,749 ClientCallback.on_implicit_send INFO autoptsclient_common.py   118   on_implicit_send          : project_name: L2CAP
2016-07-19 14:24:11,749 ClientCallback.on_implicit_send INFO autoptsclient_common.py   119   on_implicit_send          : wid: 15
2016-07-19 14:24:11,749 ClientCallback.on_implicit_send INFO autoptsclient_common.py   120   on_implicit_send          : test_case_name: TC_LE_REJ_BI_01_C
2016-07-19 14:24:11,750 ClientCallback.on_implicit_send INFO autoptsclient_common.py   121   on_implicit_send          : description: Action: Place the IUT in connectable mode.

Description:  PTS requires that the IUT be in connectable mode.  The PTS will attempt to establish a SLC and open an L2CAP channel.
2016-07-19 14:24:11,750 ClientCallback.on_implicit_send INFO autoptsclient_common.py   122   on_implicit_send          : style: MMI_Style_Ok_Cancel2 0x11141
2016-07-19 14:24:11,750 ClientCallback.on_implicit_send INFO autoptsclient_common.py   124   on_implicit_send          : response: 3653152 <type 'int'> 14813520
2016-07-19 14:24:11,750 ClientCallback.on_implicit_send INFO autoptsclient_common.py   125   on_implicit_send          : response_size: 2048
2016-07-19 14:24:11,751 ClientCallback.on_implicit_send INFO autoptsclient_common.py   127   on_implicit_send          : response_is_present: 0 <type 'int'>
2016-07-19 14:24:11,751 ClientCallback.on_implicit_send INFO autoptsclient_common.py   131   on_implicit_send          : Calling test cases on_implicit_send
2016-07-19 14:24:11,751 root DEBUG testcase.py               467   on_implicit_send          : L2CAP TC_LE_REJ_BI_01_C on_implicit_send
2016-07-19 14:24:11,751 root DEBUG testcase.py               494   on_implicit_send          : Sending response 'OK'
2016-07-19 14:24:11,752 ClientCallback.on_implicit_send INFO autoptsclient_common.py   143   on_implicit_send          : test case returned on_implicit_send, response: OK
2016-07-19 14:24:11,752 ClientCallback.on_implicit_send INFO autoptsclient_common.py   151   on_implicit_send          : END OnImplicitSend:
2016-07-19 14:24:11,752 ClientCallback.on_implicit_send INFO autoptsclient_common.py   152   on_implicit_send          : ********************
2016-07-19 14:24:13,204 ClientCallback.log INFO autoptsclient_common.py   82    log                       : PTS_LOGTYPE_START_TEST Start Test Case 

+3011 ms
 TC_LE_REJ_BI_01_C

2016-07-19 14:24:13,205 root DEBUG testcase.py               358   log                       : New status L2CAP TC_LE_REJ_BI_01_C - Started
2016-07-19 14:24:14,040 ClientCallback.log INFO autoptsclient_common.py   82    log                       : PTS_LOGTYPE_FINAL_VERDICT Final verdict 

+5180 ms
 : [12] PASS

2016-07-19 14:24:14,041 root DEBUG testcase.py               358   log                       : New status L2CAP TC_LE_REJ_BI_01_C - PASS
2016-07-19 14:24:14,047 ClientCallback.log INFO autoptsclient_common.py   82    log                       : PTS_LOGTYPE_FINAL_VERDICT Encrypted Verdict 

+5180 ms
 A1#MGJiYTgyYTQ4ODZjMzA4OWFjNjU5NmNhMTFjNWY3MTRjMmExYTYwM2I0OGM2ZTgzNTIzOTVlOWRlMTQ0NTdkZA==#O6WxfVLIh6wwTN6XG+rzZQaF6GUpp5ytYsOC62K+yzD3A+sO686Nh4CwlBgs07kB

2016-07-19 14:24:14,057 ClientCallback.log INFO autoptsclient_common.py   82    log                       : PTS_LOGTYPE_END_TEST Test Case ended 

+5180 ms
 TC_LE_REJ_BI_01_C

2016-07-19 14:24:14,110 root DEBUG testcase.py               518   post_run                  : post_run L2CAP TC_LE_REJ_BI_01_C 
2016-07-19 14:24:14,110 root DEBUG testcase.py               201   start                     : Starting test function: ptsprojects.testcase.TestFuncCleanUp <bound method ZephyrCtl.stop of <ptsprojects.zephyr.iutctl.ZephyrCtl instance at 0x7f30f2cd43f8>> None None () {}
2016-07-19 14:24:14,110 root DEBUG testcase.py               209   start                     : Test function parameters: args=(), kwds={}
2016-07-19 14:24:14,110 root DEBUG iutctl.py                 207   stop                      : ptsprojects.zephyr.iutctl.ZephyrCtl.stop
2016-07-19 14:24:17,113 root DEBUG autoptsclient_common.py   395   run_test_case             : Done TestCase wrapper L2CAP TC_LE_REJ_BI_01_C
