2016-07-19 13:41:43,528 root DEBUG autoptsclient_common.py   349   run_test_case             : Starting TestCase wrapper SM TC_PKE_BV_02_C
2016-07-19 13:41:43,528 root DEBUG testcase.py               499   pre_run                   : pre_run SM TC_PKE_BV_02_C
2016-07-19 13:41:43,528 root DEBUG testcase.py               502   pre_run                   : About to run test case SM TC_PKE_BV_02_C with commands:
2016-07-19 13:41:43,528 root DEBUG testcase.py               504   pre_run                   : 0) ptsprojects.testcase.TestFunc <bound method ZephyrCtl.start of <ptsprojects.zephyr.iutctl.ZephyrCtl instance at 0x7f1cbef853f8>> None None () {}
2016-07-19 13:41:43,528 root DEBUG testcase.py               504   pre_run                   : 1) ptsprojects.testcase.TestFunc <function gap_set_io_cap at 0x7f1cbef56e60> None None (0,) {}
2016-07-19 13:41:43,529 root DEBUG testcase.py               504   pre_run                   : 2) ptsprojects.testcase.TestFunc <function core_reg_svc_gap at 0x7f1cbef56a28> None None () {}
2016-07-19 13:41:43,529 root DEBUG testcase.py               504   pre_run                   : 3) ptsprojects.testcase.TestFunc <function gap_adv_ind_on at 0x7f1cbef56b90> None None () {}
2016-07-19 13:41:43,529 root DEBUG testcase.py               504   pre_run                   : 4) ptsprojects.testcase.TestFunc <function gap_connected_ev at 0x7f1cbef56c80> 115 None ('00:1B:DC:E0:37:6C', 0) {}
2016-07-19 13:41:43,529 root DEBUG testcase.py               504   pre_run                   : 5) ptsprojects.testcase.TestFunc <function gap_passkey_disp_ev at 0x7f1cbef6e0c8> 115 None ('00:1B:DC:E0:37:6C', 0, True) {}
2016-07-19 13:41:43,529 root DEBUG testcase.py               504   pre_run                   : 6) ptsprojects.testcase.TestFuncCleanUp <bound method ZephyrCtl.stop of <ptsprojects.zephyr.iutctl.ZephyrCtl instance at 0x7f1cbef853f8>> None None () {}
2016-07-19 13:41:43,530 root DEBUG testcase.py               201   start                     : Starting test function: ptsprojects.testcase.TestFunc <bound method ZephyrCtl.start of <ptsprojects.zephyr.iutctl.ZephyrCtl instance at 0x7f1cbef853f8>> None None () {}
2016-07-19 13:41:43,530 root DEBUG testcase.py               209   start                     : Test function parameters: args=(), kwds={}
2016-07-19 13:41:43,530 root DEBUG iutctl.py                 173   start                     : ptsprojects.zephyr.iutctl.ZephyrCtl.start
2016-07-19 13:41:43,530 root DEBUG iutctl.py                 160   reset_board               : About to reset DUT: "/home/skamrmar/bin/zflash/openocd/bin/openocd -s /home/skamrmar/bin/zflash/openocd/share/scripts -f /home/skamrmar/bin/zflash/boards/mountatlas/openocd.cfg -c 'init' -c 'reset run' -c 'shutdown'"
2016-07-19 13:41:45,540 root DEBUG iutctl.py                 184   start                     : Starting socat process: socat -x -v /dev/ttyUSB1,raw,b115200 UNIX-CONNECT:/tmp/bt-stack-tester
2016-07-19 13:41:45,544 root DEBUG iutctl.py                 56    accept                    : accept
2016-07-19 13:41:45,547 root DEBUG testcase.py               201   start                     : Starting test function: ptsprojects.testcase.TestFunc <function gap_set_io_cap at 0x7f1cbef56e60> None None (0,) {}
2016-07-19 13:41:45,547 root DEBUG testcase.py               209   start                     : Test function parameters: args=(0,), kwds={}
2016-07-19 13:41:45,548 root DEBUG btp.py                    380   gap_set_io_cap            : gap_set_io_cap 0
2016-07-19 13:41:45,548 root DEBUG iutctl.py                 98    send                      : send, 1 16 0 '\x00'
2016-07-19 13:41:45,548 root DEBUG iutctl.py                 108   send                      : btpclient command: send 1 16 0 00
2016-07-19 13:41:45,548 root DEBUG btpparser.py              59    enc_frame                 : enc_frame, 1 16 0 '\x00'
2016-07-19 13:41:45,548 root DEBUG iutctl.py                 112   send                      : sending frame '\x01\x10\x00\x01\x00\x00'
2016-07-19 13:41:45,548 root DEBUG btp.py                    588   gap_command_rsp_succ      : gap_command_rsp_succ
2016-07-19 13:41:45,549 root DEBUG iutctl.py                 64    read                      : read
2016-07-19 13:41:45,551 root DEBUG btpparser.py              39    dec_hdr                   : dec_hdr, bytearray(b'\x01\x10\x00\x00\x00')
2016-07-19 13:41:45,552 root DEBUG iutctl.py                 78    read                      : Received: hdr: header(svc_id=1, op=16, ctrl_index=0, data_len=0) bytearray(b'\x01\x10\x00\x00\x00')
2016-07-19 13:41:45,553 root DEBUG btpparser.py              49    dec_data                  : dec_data, bytearray(b'')
2016-07-19 13:41:45,553 root DEBUG iutctl.py                 91    read                      : Received data: ('',), bytearray(b'')
2016-07-19 13:41:45,553 root DEBUG btp.py                    593   gap_command_rsp_succ      : received header(svc_id=1, op=16, ctrl_index=0, data_len=0) ('',)
2016-07-19 13:41:45,553 root DEBUG testcase.py               201   start                     : Starting test function: ptsprojects.testcase.TestFunc <function core_reg_svc_gap at 0x7f1cbef56a28> None None () {}
2016-07-19 13:41:45,553 root DEBUG testcase.py               209   start                     : Test function parameters: args=(), kwds={}
2016-07-19 13:41:45,554 root DEBUG btp.py                    226   core_reg_svc_gap          : core_reg_svc_gap
2016-07-19 13:41:45,554 root DEBUG iutctl.py                 98    send                      : send, 0 3 255 1
2016-07-19 13:41:45,554 root DEBUG iutctl.py                 108   send                      : btpclient command: send 0 3 255 01
2016-07-19 13:41:45,554 root DEBUG btpparser.py              59    enc_frame                 : enc_frame, 0 3 255 '\x01'
2016-07-19 13:41:45,554 root DEBUG iutctl.py                 112   send                      : sending frame '\x00\x03\xff\x01\x00\x01'
2016-07-19 13:41:47,109 root DEBUG btp.py                    246   core_reg_svc_rsp_succ     : core_reg_svc_rsp_succ
2016-07-19 13:41:47,109 root DEBUG iutctl.py                 64    read                      : read
2016-07-19 13:41:47,178 root DEBUG btpparser.py              39    dec_hdr                   : dec_hdr, bytearray(b'\x00\x03\xff\x00\x00')
2016-07-19 13:41:47,179 root DEBUG iutctl.py                 78    read                      : Received: hdr: header(svc_id=0, op=3, ctrl_index=255, data_len=0) bytearray(b'\x00\x03\xff\x00\x00')
2016-07-19 13:41:47,180 root DEBUG btpparser.py              49    dec_data                  : dec_data, bytearray(b'')
2016-07-19 13:41:47,180 root DEBUG iutctl.py                 91    read                      : Received data: ('',), bytearray(b'')
2016-07-19 13:41:47,180 root DEBUG btp.py                    257   core_reg_svc_rsp_succ     : received header(svc_id=0, op=3, ctrl_index=255, data_len=0) ('',)
2016-07-19 13:41:47,180 root DEBUG btp.py                    258   core_reg_svc_rsp_succ     : expected ((0, 3, 255, 0), ('',))
2016-07-19 13:41:47,180 root DEBUG btp.py                    264   core_reg_svc_rsp_succ     : response is valid
2016-07-19 13:41:47,180 root DEBUG testcase.py               201   start                     : Starting test function: ptsprojects.testcase.TestFunc <function gap_adv_ind_on at 0x7f1cbef56b90> None None () {}
2016-07-19 13:41:47,181 root DEBUG testcase.py               209   start                     : Test function parameters: args=(), kwds={}
2016-07-19 13:41:47,181 root DEBUG btp.py                    268   gap_adv_ind_on            : gap_adv_ind_on None None
2016-07-19 13:41:47,181 root DEBUG iutctl.py                 98    send                      : send, 1 10 0 bytearray(b'\x00\x00')
2016-07-19 13:41:47,181 root DEBUG iutctl.py                 108   send                      : btpclient command: send 1 10 0 0000
2016-07-19 13:41:47,181 root DEBUG btpparser.py              59    enc_frame                 : enc_frame, 1 10 0 bytearray(b'\x00\x00')
2016-07-19 13:41:47,181 root DEBUG iutctl.py                 112   send                      : sending frame '\x01\n\x00\x02\x00\x00\x00'
2016-07-19 13:41:47,182 root DEBUG btp.py                    588   gap_command_rsp_succ      : gap_command_rsp_succ
2016-07-19 13:41:47,182 root DEBUG iutctl.py                 64    read                      : read
2016-07-19 13:41:47,186 root DEBUG btpparser.py              39    dec_hdr                   : dec_hdr, bytearray(b'\x01\n\x00\x04\x00')
2016-07-19 13:41:47,187 root DEBUG iutctl.py                 78    read                      : Received: hdr: header(svc_id=1, op=10, ctrl_index=0, data_len=4) bytearray(b'\x01\n\x00\x04\x00')
2016-07-19 13:41:47,187 root DEBUG btpparser.py              49    dec_data                  : dec_data, bytearray(b'\x13\x06\x00\x00')
2016-07-19 13:41:47,187 root DEBUG iutctl.py                 91    read                      : Received data: ('\x13\x06\x00\x00',), bytearray(b'\x13\x06\x00\x00')
2016-07-19 13:41:47,188 root DEBUG btp.py                    593   gap_command_rsp_succ      : received header(svc_id=1, op=10, ctrl_index=0, data_len=4) ('\x13\x06\x00\x00',)
2016-07-19 13:41:52,532 ClientCallback.on_implicit_send INFO autoptsclient_common.py   116   on_implicit_send          : ********************
2016-07-19 13:41:52,532 ClientCallback.on_implicit_send INFO autoptsclient_common.py   117   on_implicit_send          : BEGIN OnImplicitSend:
2016-07-19 13:41:52,532 ClientCallback.on_implicit_send INFO autoptsclient_common.py   118   on_implicit_send          : project_name: SM
2016-07-19 13:41:52,533 ClientCallback.on_implicit_send INFO autoptsclient_common.py   119   on_implicit_send          : wid: 115
2016-07-19 13:41:52,533 ClientCallback.on_implicit_send INFO autoptsclient_common.py   120   on_implicit_send          : test_case_name: TC_PKE_BV_02_C
2016-07-19 13:41:52,533 ClientCallback.on_implicit_send INFO autoptsclient_common.py   121   on_implicit_send          : description: Action: Place the IUT in connectable mode.

Description:  PTS requires that the IUT be in connectable mode.  The PTS will attempt to establish a SLC and open an L2CAP channel.
2016-07-19 13:41:52,533 ClientCallback.on_implicit_send INFO autoptsclient_common.py   122   on_implicit_send          : style: MMI_Style_Ok_Cancel2 0x11141
2016-07-19 13:41:52,533 ClientCallback.on_implicit_send INFO autoptsclient_common.py   124   on_implicit_send          : response: 3653144 <type 'int'> 39447200
2016-07-19 13:41:52,534 ClientCallback.on_implicit_send INFO autoptsclient_common.py   125   on_implicit_send          : response_size: 2048
2016-07-19 13:41:52,534 ClientCallback.on_implicit_send INFO autoptsclient_common.py   127   on_implicit_send          : response_is_present: 0 <type 'int'>
2016-07-19 13:41:52,534 ClientCallback.on_implicit_send INFO autoptsclient_common.py   131   on_implicit_send          : Calling test cases on_implicit_send
2016-07-19 13:41:52,534 root DEBUG testcase.py               467   on_implicit_send          : SM TC_PKE_BV_02_C on_implicit_send
2016-07-19 13:41:52,534 root DEBUG testcase.py               201   start                     : Starting test function: ptsprojects.testcase.TestFunc <function gap_connected_ev at 0x7f1cbef56c80> 115 None ('00:1B:DC:E0:37:6C', 0) {}
2016-07-19 13:41:52,535 root DEBUG testcase.py               209   start                     : Test function parameters: args=('00:1B:DC:E0:37:6C', 0), kwds={}
2016-07-19 13:41:52,535 root DEBUG btp.py                    309   gap_connected_ev          : gap_connected_ev '00:1B:DC:E0:37:6C' 0
2016-07-19 13:41:52,535 root DEBUG iutctl.py                 64    read                      : read
2016-07-19 13:41:52,656 root DEBUG btpparser.py              39    dec_hdr                   : dec_hdr, bytearray(b'\x01\x82\x00\x07\x00')
2016-07-19 13:41:52,658 root DEBUG iutctl.py                 78    read                      : Received: hdr: header(svc_id=1, op=130, ctrl_index=0, data_len=7) bytearray(b'\x01\x82\x00\x07\x00')
2016-07-19 13:41:52,658 root DEBUG btpparser.py              49    dec_data                  : dec_data, bytearray(b'l7\xe0\xdc\x1b\x00\x00')
2016-07-19 13:41:52,658 root DEBUG iutctl.py                 91    read                      : Received data: ('l7\xe0\xdc\x1b\x00\x00',), bytearray(b'l7\xe0\xdc\x1b\x00\x00')
2016-07-19 13:41:52,658 root DEBUG btp.py                    313   gap_connected_ev          : received header(svc_id=1, op=130, ctrl_index=0, data_len=7) ('l7\xe0\xdc\x1b\x00\x00',)
2016-07-19 13:41:52,659 root DEBUG testcase.py               201   start                     : Starting test function: ptsprojects.testcase.TestFunc <function gap_passkey_disp_ev at 0x7f1cbef6e0c8> 115 None ('00:1B:DC:E0:37:6C', 0, True) {}
2016-07-19 13:41:52,659 root DEBUG testcase.py               209   start                     : Test function parameters: args=('00:1B:DC:E0:37:6C', 0, True), kwds={}
2016-07-19 13:41:52,659 root DEBUG btp.py                    418   gap_passkey_disp_ev       : gap_passkey_disp_ev '00:1B:DC:E0:37:6C' 0
2016-07-19 13:41:52,659 root DEBUG iutctl.py                 64    read                      : read
2016-07-19 13:41:54,102 root DEBUG btpparser.py              39    dec_hdr                   : dec_hdr, bytearray(b'\x01\x84\x00\x0b\x00')
2016-07-19 13:41:54,104 root DEBUG iutctl.py                 78    read                      : Received: hdr: header(svc_id=1, op=132, ctrl_index=0, data_len=11) bytearray(b'\x01\x84\x00\x0b\x00')
2016-07-19 13:41:54,104 root DEBUG btpparser.py              49    dec_data                  : dec_data, bytearray(b'\x00l7\xe0\xdc\x1b\x00\x17\xe7\x0c\x00')
2016-07-19 13:41:54,104 root DEBUG iutctl.py                 91    read                      : Received data: ('\x00l7\xe0\xdc\x1b\x00\x17\xe7\x0c\x00',), bytearray(b'\x00l7\xe0\xdc\x1b\x00\x17\xe7\x0c\x00')
2016-07-19 13:41:54,104 root DEBUG btp.py                    422   gap_passkey_disp_ev       : received header(svc_id=1, op=132, ctrl_index=0, data_len=11) ('\x00l7\xe0\xdc\x1b\x00\x17\xe7\x0c\x00',)
2016-07-19 13:41:54,104 root DEBUG btp.py                    437   gap_passkey_disp_ev       : passkey = 845591
2016-07-19 13:41:54,105 root DEBUG testcase.py               494   on_implicit_send          : Sending response 'OK'
2016-07-19 13:41:54,105 ClientCallback.on_implicit_send INFO autoptsclient_common.py   143   on_implicit_send          : test case returned on_implicit_send, response: OK
2016-07-19 13:41:54,105 ClientCallback.on_implicit_send INFO autoptsclient_common.py   151   on_implicit_send          : END OnImplicitSend:
2016-07-19 13:41:54,105 ClientCallback.on_implicit_send INFO autoptsclient_common.py   152   on_implicit_send          : ********************
2016-07-19 13:41:54,614 ClientCallback.on_implicit_send INFO autoptsclient_common.py   116   on_implicit_send          : ********************
2016-07-19 13:41:54,614 ClientCallback.on_implicit_send INFO autoptsclient_common.py   117   on_implicit_send          : BEGIN OnImplicitSend:
2016-07-19 13:41:54,614 ClientCallback.on_implicit_send INFO autoptsclient_common.py   118   on_implicit_send          : project_name: SM
2016-07-19 13:41:54,615 ClientCallback.on_implicit_send INFO autoptsclient_common.py   119   on_implicit_send          : wid: 104
2016-07-19 13:41:54,615 ClientCallback.on_implicit_send INFO autoptsclient_common.py   120   on_implicit_send          : test_case_name: TC_PKE_BV_02_C
2016-07-19 13:41:54,615 ClientCallback.on_implicit_send INFO autoptsclient_common.py   121   on_implicit_send          : description: Enter the 6 digit pin code,then click OK.
2016-07-19 13:41:54,615 ClientCallback.on_implicit_send INFO autoptsclient_common.py   122   on_implicit_send          : style: MMI_Style_Edit1 0x12040
2016-07-19 13:41:54,615 ClientCallback.on_implicit_send INFO autoptsclient_common.py   124   on_implicit_send          : response: 3653144 <type 'int'> 39447200
2016-07-19 13:41:54,615 ClientCallback.on_implicit_send INFO autoptsclient_common.py   125   on_implicit_send          : response_size: 2048
2016-07-19 13:41:54,616 ClientCallback.on_implicit_send INFO autoptsclient_common.py   127   on_implicit_send          : response_is_present: 0 <type 'int'>
2016-07-19 13:41:54,616 ClientCallback.on_implicit_send INFO autoptsclient_common.py   131   on_implicit_send          : Calling test cases on_implicit_send
2016-07-19 13:41:54,616 root DEBUG testcase.py               467   on_implicit_send          : SM TC_PKE_BV_02_C on_implicit_send
2016-07-19 13:41:54,616 root DEBUG testcase.py               428   handle_mmi_style_edit1    : handle_mmi_style_edit1, 104 edit1_wids={104: <function var_get_passkey at 0x7f1cbef56f50>}
2016-07-19 13:41:54,616 root DEBUG testcase.py               494   on_implicit_send          : Sending response '845591'
2016-07-19 13:41:54,617 ClientCallback.on_implicit_send INFO autoptsclient_common.py   143   on_implicit_send          : test case returned on_implicit_send, response: 845591
2016-07-19 13:41:54,617 ClientCallback.on_implicit_send INFO autoptsclient_common.py   151   on_implicit_send          : END OnImplicitSend:
2016-07-19 13:41:54,617 ClientCallback.on_implicit_send INFO autoptsclient_common.py   152   on_implicit_send          : ********************
2016-07-19 13:42:02,033 ClientCallback.log INFO autoptsclient_common.py   82    log                       : PTS_LOGTYPE_START_TEST Start Test Case 

+3026 ms
 TC_PKE_BV_02_C

2016-07-19 13:42:02,034 root DEBUG testcase.py               358   log                       : New status SM TC_PKE_BV_02_C - Started
2016-07-19 13:42:04,057 ClientCallback.log INFO autoptsclient_common.py   82    log                       : PTS_LOGTYPE_FINAL_VERDICT Final verdict 

+13572 ms
 : [12] PASS

2016-07-19 13:42:04,057 root DEBUG testcase.py               358   log                       : New status SM TC_PKE_BV_02_C - PASS
2016-07-19 13:42:04,064 ClientCallback.log INFO autoptsclient_common.py   82    log                       : PTS_LOGTYPE_FINAL_VERDICT Encrypted Verdict 

+13572 ms
 A1#ZWY4MzQ5MDg3MmQwNTIxOGQzMzQ5YjY2ODA5M2MzNjQ5ZDY4NmY0Yjc2MzIzM2VkNTUyNTFhNGU4Mjg1MjI0NA==#9EUQrn+LeOYSbMPuzNkBIDDDwyN5edx8S5FjbZcuadb32+9wsJ3DO3+ea4SC+u+n

2016-07-19 13:42:04,074 ClientCallback.log INFO autoptsclient_common.py   82    log                       : PTS_LOGTYPE_END_TEST Test Case ended 

+13572 ms
 TC_PKE_BV_02_C

2016-07-19 13:42:04,123 root DEBUG testcase.py               518   post_run                  : post_run SM TC_PKE_BV_02_C 
2016-07-19 13:42:04,123 root DEBUG testcase.py               201   start                     : Starting test function: ptsprojects.testcase.TestFuncCleanUp <bound method ZephyrCtl.stop of <ptsprojects.zephyr.iutctl.ZephyrCtl instance at 0x7f1cbef853f8>> None None () {}
2016-07-19 13:42:04,123 root DEBUG testcase.py               209   start                     : Test function parameters: args=(), kwds={}
2016-07-19 13:42:04,124 root DEBUG iutctl.py                 207   stop                      : ptsprojects.zephyr.iutctl.ZephyrCtl.stop
2016-07-19 13:42:07,127 root DEBUG autoptsclient_common.py   395   run_test_case             : Done TestCase wrapper SM TC_PKE_BV_02_C
