2016-07-19 13:47:23,778 root DEBUG autoptsclient_common.py   349   run_test_case             : Starting TestCase wrapper SM TC_SIP_BV_01_C
2016-07-19 13:47:23,778 root DEBUG testcase.py               499   pre_run                   : pre_run SM TC_SIP_BV_01_C
2016-07-19 13:47:23,778 root DEBUG testcase.py               502   pre_run                   : About to run test case SM TC_SIP_BV_01_C with commands:
2016-07-19 13:47:23,779 root DEBUG testcase.py               504   pre_run                   : 0) ptsprojects.testcase.TestFunc <bound method ZephyrCtl.start of <ptsprojects.zephyr.iutctl.ZephyrCtl instance at 0x7f1cbef853f8>> None None () {}
2016-07-19 13:47:23,779 root DEBUG testcase.py               504   pre_run                   : 1) ptsprojects.testcase.TestFunc <function gap_set_io_cap at 0x7f1cbef56e60> None None (0,) {}
2016-07-19 13:47:23,779 root DEBUG testcase.py               504   pre_run                   : 2) ptsprojects.testcase.TestFunc <function core_reg_svc_gap at 0x7f1cbef56a28> None None () {}
2016-07-19 13:47:23,779 root DEBUG testcase.py               504   pre_run                   : 3) ptsprojects.testcase.TestFunc <function gap_adv_ind_on at 0x7f1cbef56b90> 115 None () {}
2016-07-19 13:47:23,779 root DEBUG testcase.py               504   pre_run                   : 4) ptsprojects.testcase.TestFunc <function gap_connected_ev at 0x7f1cbef56c80> 109 None ('00:1B:DC:E0:37:6C', 0) {}
2016-07-19 13:47:23,780 root DEBUG testcase.py               504   pre_run                   : 5) ptsprojects.testcase.TestFunc <function gap_pair at 0x7f1cbef56ed8> 109 None ('00:1B:DC:E0:37:6C', 0) {}
2016-07-19 13:47:23,780 root DEBUG testcase.py               504   pre_run                   : 6) ptsprojects.testcase.TestFunc <function gap_passkey_disp_ev at 0x7f1cbef6e0c8> 109 None ('00:1B:DC:E0:37:6C', 0, True) {}
2016-07-19 13:47:23,780 root DEBUG testcase.py               504   pre_run                   : 7) ptsprojects.testcase.TestFuncCleanUp <bound method ZephyrCtl.stop of <ptsprojects.zephyr.iutctl.ZephyrCtl instance at 0x7f1cbef853f8>> None None () {}
2016-07-19 13:47:23,780 root DEBUG testcase.py               201   start                     : Starting test function: ptsprojects.testcase.TestFunc <bound method ZephyrCtl.start of <ptsprojects.zephyr.iutctl.ZephyrCtl instance at 0x7f1cbef853f8>> None None () {}
2016-07-19 13:47:23,781 root DEBUG testcase.py               209   start                     : Test function parameters: args=(), kwds={}
2016-07-19 13:47:23,781 root DEBUG iutctl.py                 173   start                     : ptsprojects.zephyr.iutctl.ZephyrCtl.start
2016-07-19 13:47:23,781 root DEBUG iutctl.py                 160   reset_board               : About to reset DUT: "/home/skamrmar/bin/zflash/openocd/bin/openocd -s /home/skamrmar/bin/zflash/openocd/share/scripts -f /home/skamrmar/bin/zflash/boards/mountatlas/openocd.cfg -c 'init' -c 'reset run' -c 'shutdown'"
2016-07-19 13:47:25,796 root DEBUG iutctl.py                 184   start                     : Starting socat process: socat -x -v /dev/ttyUSB1,raw,b115200 UNIX-CONNECT:/tmp/bt-stack-tester
2016-07-19 13:47:25,799 root DEBUG iutctl.py                 56    accept                    : accept
2016-07-19 13:47:25,802 root DEBUG testcase.py               201   start                     : Starting test function: ptsprojects.testcase.TestFunc <function gap_set_io_cap at 0x7f1cbef56e60> None None (0,) {}
2016-07-19 13:47:25,802 root DEBUG testcase.py               209   start                     : Test function parameters: args=(0,), kwds={}
2016-07-19 13:47:25,802 root DEBUG btp.py                    380   gap_set_io_cap            : gap_set_io_cap 0
2016-07-19 13:47:25,803 root DEBUG iutctl.py                 98    send                      : send, 1 16 0 '\x00'
2016-07-19 13:47:25,803 root DEBUG iutctl.py                 108   send                      : btpclient command: send 1 16 0 00
2016-07-19 13:47:25,803 root DEBUG btpparser.py              59    enc_frame                 : enc_frame, 1 16 0 '\x00'
2016-07-19 13:47:25,803 root DEBUG iutctl.py                 112   send                      : sending frame '\x01\x10\x00\x01\x00\x00'
2016-07-19 13:47:25,804 root DEBUG btp.py                    588   gap_command_rsp_succ      : gap_command_rsp_succ
2016-07-19 13:47:25,804 root DEBUG iutctl.py                 64    read                      : read
2016-07-19 13:47:25,806 root DEBUG btpparser.py              39    dec_hdr                   : dec_hdr, bytearray(b'\x01\x10\x00\x00\x00')
2016-07-19 13:47:25,807 root DEBUG iutctl.py                 78    read                      : Received: hdr: header(svc_id=1, op=16, ctrl_index=0, data_len=0) bytearray(b'\x01\x10\x00\x00\x00')
2016-07-19 13:47:25,808 root DEBUG btpparser.py              49    dec_data                  : dec_data, bytearray(b'')
2016-07-19 13:47:25,808 root DEBUG iutctl.py                 91    read                      : Received data: ('',), bytearray(b'')
2016-07-19 13:47:25,808 root DEBUG btp.py                    593   gap_command_rsp_succ      : received header(svc_id=1, op=16, ctrl_index=0, data_len=0) ('',)
2016-07-19 13:47:25,808 root DEBUG testcase.py               201   start                     : Starting test function: ptsprojects.testcase.TestFunc <function core_reg_svc_gap at 0x7f1cbef56a28> None None () {}
2016-07-19 13:47:25,808 root DEBUG testcase.py               209   start                     : Test function parameters: args=(), kwds={}
2016-07-19 13:47:25,809 root DEBUG btp.py                    226   core_reg_svc_gap          : core_reg_svc_gap
2016-07-19 13:47:25,809 root DEBUG iutctl.py                 98    send                      : send, 0 3 255 1
2016-07-19 13:47:25,809 root DEBUG iutctl.py                 108   send                      : btpclient command: send 0 3 255 01
2016-07-19 13:47:25,809 root DEBUG btpparser.py              59    enc_frame                 : enc_frame, 0 3 255 '\x01'
2016-07-19 13:47:25,810 root DEBUG iutctl.py                 112   send                      : sending frame '\x00\x03\xff\x01\x00\x01'
2016-07-19 13:47:27,349 root DEBUG btp.py                    246   core_reg_svc_rsp_succ     : core_reg_svc_rsp_succ
2016-07-19 13:47:27,349 root DEBUG iutctl.py                 64    read                      : read
2016-07-19 13:47:27,418 root DEBUG btpparser.py              39    dec_hdr                   : dec_hdr, bytearray(b'\x00\x03\xff\x00\x00')
2016-07-19 13:47:27,419 root DEBUG iutctl.py                 78    read                      : Received: hdr: header(svc_id=0, op=3, ctrl_index=255, data_len=0) bytearray(b'\x00\x03\xff\x00\x00')
2016-07-19 13:47:27,419 root DEBUG btpparser.py              49    dec_data                  : dec_data, bytearray(b'')
2016-07-19 13:47:27,419 root DEBUG iutctl.py                 91    read                      : Received data: ('',), bytearray(b'')
2016-07-19 13:47:27,420 root DEBUG btp.py                    257   core_reg_svc_rsp_succ     : received header(svc_id=0, op=3, ctrl_index=255, data_len=0) ('',)
2016-07-19 13:47:27,420 root DEBUG btp.py                    258   core_reg_svc_rsp_succ     : expected ((0, 3, 255, 0), ('',))
2016-07-19 13:47:27,420 root DEBUG btp.py                    264   core_reg_svc_rsp_succ     : response is valid
2016-07-19 13:47:35,923 ClientCallback.on_implicit_send INFO autoptsclient_common.py   116   on_implicit_send          : ********************
2016-07-19 13:47:35,923 ClientCallback.on_implicit_send INFO autoptsclient_common.py   117   on_implicit_send          : BEGIN OnImplicitSend:
2016-07-19 13:47:35,923 ClientCallback.on_implicit_send INFO autoptsclient_common.py   118   on_implicit_send          : project_name: SM
2016-07-19 13:47:35,924 ClientCallback.on_implicit_send INFO autoptsclient_common.py   119   on_implicit_send          : wid: 115
2016-07-19 13:47:35,924 ClientCallback.on_implicit_send INFO autoptsclient_common.py   120   on_implicit_send          : test_case_name: TC_SIP_BV_01_C
2016-07-19 13:47:35,924 ClientCallback.on_implicit_send INFO autoptsclient_common.py   121   on_implicit_send          : description: Action: Place the IUT in connectable mode.

Description:  PTS requires that the IUT be in connectable mode.  The PTS will attempt to establish a SLC and open an L2CAP channel.
2016-07-19 13:47:35,924 ClientCallback.on_implicit_send INFO autoptsclient_common.py   122   on_implicit_send          : style: MMI_Style_Ok_Cancel2 0x11141
2016-07-19 13:47:35,924 ClientCallback.on_implicit_send INFO autoptsclient_common.py   124   on_implicit_send          : response: 3653144 <type 'int'> 39671152
2016-07-19 13:47:35,924 ClientCallback.on_implicit_send INFO autoptsclient_common.py   125   on_implicit_send          : response_size: 2048
2016-07-19 13:47:35,924 ClientCallback.on_implicit_send INFO autoptsclient_common.py   127   on_implicit_send          : response_is_present: 0 <type 'int'>
2016-07-19 13:47:35,925 ClientCallback.on_implicit_send INFO autoptsclient_common.py   131   on_implicit_send          : Calling test cases on_implicit_send
2016-07-19 13:47:35,925 root DEBUG testcase.py               467   on_implicit_send          : SM TC_SIP_BV_01_C on_implicit_send
2016-07-19 13:47:35,925 root DEBUG testcase.py               201   start                     : Starting test function: ptsprojects.testcase.TestFunc <function gap_adv_ind_on at 0x7f1cbef56b90> 115 None () {}
2016-07-19 13:47:35,925 root DEBUG testcase.py               209   start                     : Test function parameters: args=(), kwds={}
2016-07-19 13:47:35,925 root DEBUG btp.py                    268   gap_adv_ind_on            : gap_adv_ind_on None None
2016-07-19 13:47:35,925 root DEBUG iutctl.py                 98    send                      : send, 1 10 0 bytearray(b'\x00\x00')
2016-07-19 13:47:35,926 root DEBUG iutctl.py                 108   send                      : btpclient command: send 1 10 0 0000
2016-07-19 13:47:35,926 root DEBUG btpparser.py              59    enc_frame                 : enc_frame, 1 10 0 bytearray(b'\x00\x00')
2016-07-19 13:47:35,926 root DEBUG iutctl.py                 112   send                      : sending frame '\x01\n\x00\x02\x00\x00\x00'
2016-07-19 13:47:35,926 root DEBUG btp.py                    588   gap_command_rsp_succ      : gap_command_rsp_succ
2016-07-19 13:47:35,926 root DEBUG iutctl.py                 64    read                      : read
2016-07-19 13:47:35,931 root DEBUG btpparser.py              39    dec_hdr                   : dec_hdr, bytearray(b'\x01\n\x00\x04\x00')
2016-07-19 13:47:35,932 root DEBUG iutctl.py                 78    read                      : Received: hdr: header(svc_id=1, op=10, ctrl_index=0, data_len=4) bytearray(b'\x01\n\x00\x04\x00')
2016-07-19 13:47:35,932 root DEBUG btpparser.py              49    dec_data                  : dec_data, bytearray(b'\x13\x06\x00\x00')
2016-07-19 13:47:35,932 root DEBUG iutctl.py                 91    read                      : Received data: ('\x13\x06\x00\x00',), bytearray(b'\x13\x06\x00\x00')
2016-07-19 13:47:35,932 root DEBUG btp.py                    593   gap_command_rsp_succ      : received header(svc_id=1, op=10, ctrl_index=0, data_len=4) ('\x13\x06\x00\x00',)
2016-07-19 13:47:35,932 root DEBUG testcase.py               494   on_implicit_send          : Sending response 'OK'
2016-07-19 13:47:35,933 ClientCallback.on_implicit_send INFO autoptsclient_common.py   143   on_implicit_send          : test case returned on_implicit_send, response: OK
2016-07-19 13:47:35,933 ClientCallback.on_implicit_send INFO autoptsclient_common.py   151   on_implicit_send          : END OnImplicitSend:
2016-07-19 13:47:35,933 ClientCallback.on_implicit_send INFO autoptsclient_common.py   152   on_implicit_send          : ********************
2016-07-19 13:47:35,969 ClientCallback.on_implicit_send INFO autoptsclient_common.py   116   on_implicit_send          : ********************
2016-07-19 13:47:35,969 ClientCallback.on_implicit_send INFO autoptsclient_common.py   117   on_implicit_send          : BEGIN OnImplicitSend:
2016-07-19 13:47:35,969 ClientCallback.on_implicit_send INFO autoptsclient_common.py   118   on_implicit_send          : project_name: SM
2016-07-19 13:47:35,969 ClientCallback.on_implicit_send INFO autoptsclient_common.py   119   on_implicit_send          : wid: 109
2016-07-19 13:47:35,969 ClientCallback.on_implicit_send INFO autoptsclient_common.py   120   on_implicit_send          : test_case_name: TC_SIP_BV_01_C
2016-07-19 13:47:35,969 ClientCallback.on_implicit_send INFO autoptsclient_common.py   121   on_implicit_send          : description:  Please send security request 
2016-07-19 13:47:35,970 ClientCallback.on_implicit_send INFO autoptsclient_common.py   122   on_implicit_send          : style: MMI_Style_Ok_Cancel2 0x11141
2016-07-19 13:47:35,970 ClientCallback.on_implicit_send INFO autoptsclient_common.py   124   on_implicit_send          : response: 3653144 <type 'int'> 39671152
2016-07-19 13:47:35,970 ClientCallback.on_implicit_send INFO autoptsclient_common.py   125   on_implicit_send          : response_size: 2048
2016-07-19 13:47:35,970 ClientCallback.on_implicit_send INFO autoptsclient_common.py   127   on_implicit_send          : response_is_present: 0 <type 'int'>
2016-07-19 13:47:35,970 ClientCallback.on_implicit_send INFO autoptsclient_common.py   131   on_implicit_send          : Calling test cases on_implicit_send
2016-07-19 13:47:35,970 root DEBUG testcase.py               467   on_implicit_send          : SM TC_SIP_BV_01_C on_implicit_send
2016-07-19 13:47:35,970 root DEBUG testcase.py               201   start                     : Starting test function: ptsprojects.testcase.TestFunc <function gap_connected_ev at 0x7f1cbef56c80> 109 None ('00:1B:DC:E0:37:6C', 0) {}
2016-07-19 13:47:35,970 root DEBUG testcase.py               209   start                     : Test function parameters: args=('00:1B:DC:E0:37:6C', 0), kwds={}
2016-07-19 13:47:35,971 root DEBUG btp.py                    309   gap_connected_ev          : gap_connected_ev '00:1B:DC:E0:37:6C' 0
2016-07-19 13:47:35,971 root DEBUG iutctl.py                 64    read                      : read
2016-07-19 13:47:35,971 root DEBUG btpparser.py              39    dec_hdr                   : dec_hdr, bytearray(b'\x01\x82\x00\x07\x00')
2016-07-19 13:47:35,972 root DEBUG iutctl.py                 78    read                      : Received: hdr: header(svc_id=1, op=130, ctrl_index=0, data_len=7) bytearray(b'\x01\x82\x00\x07\x00')
2016-07-19 13:47:35,972 root DEBUG btpparser.py              49    dec_data                  : dec_data, bytearray(b'l7\xe0\xdc\x1b\x00\x00')
2016-07-19 13:47:35,972 root DEBUG iutctl.py                 91    read                      : Received data: ('l7\xe0\xdc\x1b\x00\x00',), bytearray(b'l7\xe0\xdc\x1b\x00\x00')
2016-07-19 13:47:35,972 root DEBUG btp.py                    313   gap_connected_ev          : received header(svc_id=1, op=130, ctrl_index=0, data_len=7) ('l7\xe0\xdc\x1b\x00\x00',)
2016-07-19 13:47:35,972 root DEBUG testcase.py               201   start                     : Starting test function: ptsprojects.testcase.TestFunc <function gap_pair at 0x7f1cbef56ed8> 109 None ('00:1B:DC:E0:37:6C', 0) {}
2016-07-19 13:47:35,972 root DEBUG testcase.py               209   start                     : Test function parameters: args=('00:1B:DC:E0:37:6C', 0), kwds={}
2016-07-19 13:47:35,973 root DEBUG btp.py                    389   gap_pair                  : gap_pair '00:1B:DC:E0:37:6C' 0
2016-07-19 13:47:35,973 root DEBUG iutctl.py                 98    send                      : send, 1 17 0 bytearray(b'\x00l7\xe0\xdc\x1b\x00')
2016-07-19 13:47:35,973 root DEBUG iutctl.py                 108   send                      : btpclient command: send 1 17 0 006c37e0dc1b00
2016-07-19 13:47:35,973 root DEBUG btpparser.py              59    enc_frame                 : enc_frame, 1 17 0 bytearray(b'\x00l7\xe0\xdc\x1b\x00')
2016-07-19 13:47:35,973 root DEBUG iutctl.py                 112   send                      : sending frame '\x01\x11\x00\x07\x00\x00l7\xe0\xdc\x1b\x00'
2016-07-19 13:47:35,973 root DEBUG btp.py                    588   gap_command_rsp_succ      : gap_command_rsp_succ
2016-07-19 13:47:35,973 root DEBUG iutctl.py                 64    read                      : read
2016-07-19 13:47:35,977 root DEBUG btpparser.py              39    dec_hdr                   : dec_hdr, bytearray(b'\x01\x11\x00\x00\x00')
2016-07-19 13:47:35,977 root DEBUG iutctl.py                 78    read                      : Received: hdr: header(svc_id=1, op=17, ctrl_index=0, data_len=0) bytearray(b'\x01\x11\x00\x00\x00')
2016-07-19 13:47:35,978 root DEBUG btpparser.py              49    dec_data                  : dec_data, bytearray(b'')
2016-07-19 13:47:35,978 root DEBUG iutctl.py                 91    read                      : Received data: ('',), bytearray(b'')
2016-07-19 13:47:35,978 root DEBUG btp.py                    593   gap_command_rsp_succ      : received header(svc_id=1, op=17, ctrl_index=0, data_len=0) ('',)
2016-07-19 13:47:35,978 root DEBUG testcase.py               201   start                     : Starting test function: ptsprojects.testcase.TestFunc <function gap_passkey_disp_ev at 0x7f1cbef6e0c8> 109 None ('00:1B:DC:E0:37:6C', 0, True) {}
2016-07-19 13:47:35,978 root DEBUG testcase.py               209   start                     : Test function parameters: args=('00:1B:DC:E0:37:6C', 0, True), kwds={}
2016-07-19 13:47:35,978 root DEBUG btp.py                    418   gap_passkey_disp_ev       : gap_passkey_disp_ev '00:1B:DC:E0:37:6C' 0
2016-07-19 13:47:35,978 root DEBUG iutctl.py                 64    read                      : read
2016-07-19 13:47:37,479 root DEBUG btpparser.py              39    dec_hdr                   : dec_hdr, bytearray(b'\x01\x84\x00\x0b\x00')
2016-07-19 13:47:37,480 root DEBUG iutctl.py                 78    read                      : Received: hdr: header(svc_id=1, op=132, ctrl_index=0, data_len=11) bytearray(b'\x01\x84\x00\x0b\x00')
2016-07-19 13:47:37,480 root DEBUG btpparser.py              49    dec_data                  : dec_data, bytearray(b'\x00l7\xe0\xdc\x1b\x00\x96\xc3\x03\x00')
2016-07-19 13:47:37,480 root DEBUG iutctl.py                 91    read                      : Received data: ('\x00l7\xe0\xdc\x1b\x00\x96\xc3\x03\x00',), bytearray(b'\x00l7\xe0\xdc\x1b\x00\x96\xc3\x03\x00')
2016-07-19 13:47:37,480 root DEBUG btp.py                    422   gap_passkey_disp_ev       : received header(svc_id=1, op=132, ctrl_index=0, data_len=11) ('\x00l7\xe0\xdc\x1b\x00\x96\xc3\x03\x00',)
2016-07-19 13:47:37,480 root DEBUG btp.py                    437   gap_passkey_disp_ev       : passkey = 246678
2016-07-19 13:47:37,481 root DEBUG testcase.py               494   on_implicit_send          : Sending response 'OK'
2016-07-19 13:47:37,481 ClientCallback.on_implicit_send INFO autoptsclient_common.py   143   on_implicit_send          : test case returned on_implicit_send, response: OK
2016-07-19 13:47:37,481 ClientCallback.on_implicit_send INFO autoptsclient_common.py   151   on_implicit_send          : END OnImplicitSend:
2016-07-19 13:47:37,481 ClientCallback.on_implicit_send INFO autoptsclient_common.py   152   on_implicit_send          : ********************
2016-07-19 13:47:37,990 ClientCallback.on_implicit_send INFO autoptsclient_common.py   116   on_implicit_send          : ********************
2016-07-19 13:47:37,991 ClientCallback.on_implicit_send INFO autoptsclient_common.py   117   on_implicit_send          : BEGIN OnImplicitSend:
2016-07-19 13:47:37,991 ClientCallback.on_implicit_send INFO autoptsclient_common.py   118   on_implicit_send          : project_name: SM
2016-07-19 13:47:37,991 ClientCallback.on_implicit_send INFO autoptsclient_common.py   119   on_implicit_send          : wid: 104
2016-07-19 13:47:37,991 ClientCallback.on_implicit_send INFO autoptsclient_common.py   120   on_implicit_send          : test_case_name: TC_SIP_BV_01_C
2016-07-19 13:47:37,991 ClientCallback.on_implicit_send INFO autoptsclient_common.py   121   on_implicit_send          : description: Enter the 6 digit pin code,then click OK.
2016-07-19 13:47:37,991 ClientCallback.on_implicit_send INFO autoptsclient_common.py   122   on_implicit_send          : style: MMI_Style_Edit1 0x12040
2016-07-19 13:47:37,992 ClientCallback.on_implicit_send INFO autoptsclient_common.py   124   on_implicit_send          : response: 3653144 <type 'int'> 39671152
2016-07-19 13:47:37,992 ClientCallback.on_implicit_send INFO autoptsclient_common.py   125   on_implicit_send          : response_size: 2048
2016-07-19 13:47:37,992 ClientCallback.on_implicit_send INFO autoptsclient_common.py   127   on_implicit_send          : response_is_present: 0 <type 'int'>
2016-07-19 13:47:37,992 ClientCallback.on_implicit_send INFO autoptsclient_common.py   131   on_implicit_send          : Calling test cases on_implicit_send
2016-07-19 13:47:37,992 root DEBUG testcase.py               467   on_implicit_send          : SM TC_SIP_BV_01_C on_implicit_send
2016-07-19 13:47:37,992 root DEBUG testcase.py               428   handle_mmi_style_edit1    : handle_mmi_style_edit1, 104 edit1_wids={104: <function var_get_passkey at 0x7f1cbef56f50>}
2016-07-19 13:47:37,993 root DEBUG testcase.py               494   on_implicit_send          : Sending response '246678'
2016-07-19 13:47:37,993 ClientCallback.on_implicit_send INFO autoptsclient_common.py   143   on_implicit_send          : test case returned on_implicit_send, response: 246678
2016-07-19 13:47:37,993 ClientCallback.on_implicit_send INFO autoptsclient_common.py   151   on_implicit_send          : END OnImplicitSend:
2016-07-19 13:47:37,993 ClientCallback.on_implicit_send INFO autoptsclient_common.py   152   on_implicit_send          : ********************
2016-07-19 13:47:44,952 ClientCallback.log INFO autoptsclient_common.py   82    log                       : PTS_LOGTYPE_START_TEST Start Test Case 

+3011 ms
 TC_SIP_BV_01_C

2016-07-19 13:47:44,952 root DEBUG testcase.py               358   log                       : New status SM TC_SIP_BV_01_C - Started
2016-07-19 13:47:47,040 ClientCallback.log INFO autoptsclient_common.py   82    log                       : PTS_LOGTYPE_FINAL_VERDICT Final verdict 

+13089 ms
 : [12] PASS

2016-07-19 13:47:47,040 root DEBUG testcase.py               358   log                       : New status SM TC_SIP_BV_01_C - PASS
2016-07-19 13:47:47,046 ClientCallback.log INFO autoptsclient_common.py   82    log                       : PTS_LOGTYPE_FINAL_VERDICT Encrypted Verdict 

+13089 ms
 A1#ZWY4MzQ5MDg3MmQwNTIxOGQzMzQ5YjY2ODA5M2MzNjQ5ZDY4NmY0Yjc2MzIzM2VkNTUyNTFhNGU4Mjg1MjI0NA==#9EUQrn+LeOaQlD+lTEVfMvWSB07BdAn2OlV2sBiSEJ4wpf21MRm7Yw==

2016-07-19 13:47:47,056 ClientCallback.log INFO autoptsclient_common.py   82    log                       : PTS_LOGTYPE_END_TEST Test Case ended 

+13089 ms
 TC_SIP_BV_01_C

2016-07-19 13:47:47,157 root DEBUG testcase.py               518   post_run                  : post_run SM TC_SIP_BV_01_C 
2016-07-19 13:47:47,157 root DEBUG testcase.py               201   start                     : Starting test function: ptsprojects.testcase.TestFuncCleanUp <bound method ZephyrCtl.stop of <ptsprojects.zephyr.iutctl.ZephyrCtl instance at 0x7f1cbef853f8>> None None () {}
2016-07-19 13:47:47,157 root DEBUG testcase.py               209   start                     : Test function parameters: args=(), kwds={}
2016-07-19 13:47:47,158 root DEBUG iutctl.py                 207   stop                      : ptsprojects.zephyr.iutctl.ZephyrCtl.stop
2016-07-19 13:47:50,161 root DEBUG autoptsclient_common.py   395   run_test_case             : Done TestCase wrapper SM TC_SIP_BV_01_C
