2016-07-21 12:08:26,810 root DEBUG autoptsclient_common.py   349   run_test_case             : Starting TestCase wrapper GATT TC_GAT_CL_BV_01_C
2016-07-21 12:08:26,810 root DEBUG testcase.py               499   pre_run                   : pre_run GATT TC_GAT_CL_BV_01_C
2016-07-21 12:08:26,810 root DEBUG testcase.py               502   pre_run                   : About to run test case GATT TC_GAT_CL_BV_01_C with commands:
2016-07-21 12:08:26,810 root DEBUG testcase.py               504   pre_run                   : 0) ptsprojects.testcase.TestFunc <bound method ZephyrCtl.start of <ptsprojects.zephyr.iutctl.ZephyrCtl instance at 0x7f63c1eadbd8>> None None () {}
2016-07-21 12:08:26,810 root DEBUG testcase.py               504   pre_run                   : 1) ptsprojects.testcase.TestFunc <function core_reg_svc_gap at 0x7f63c1e7ea28> None None () {}
2016-07-21 12:08:26,810 root DEBUG testcase.py               504   pre_run                   : 2) ptsprojects.testcase.TestFunc <function core_reg_svc_gatts at 0x7f63c1e7eaa0> None None () {}
2016-07-21 12:08:26,811 root DEBUG testcase.py               504   pre_run                   : 3) ptsprojects.testcase.TestFunc <function gap_conn at 0x7f63c1e7ecf8> 2 None ('00:1B:DC:E0:37:6C', 0) {}
2016-07-21 12:08:26,811 root DEBUG testcase.py               504   pre_run                   : 4) ptsprojects.testcase.TestFunc <function gap_connected_ev at 0x7f63c1e7ec80> 2 None ('00:1B:DC:E0:37:6C', 0) {}
2016-07-21 12:08:26,811 root DEBUG testcase.py               504   pre_run                   : 5) ptsprojects.testcase.TestFunc <function gattc_read at 0x7f63c1e96cf8> 48 None (0, '00:1B:DC:E0:37:6C', 'MMI_arg_value_1') {}
2016-07-21 12:08:26,811 root DEBUG testcase.py               504   pre_run                   : 6) ptsprojects.testcase.TestFunc <function gattc_read_rsp at 0x7f63c1e978c0> 48 None () {}
2016-07-21 12:08:26,811 root DEBUG testcase.py               504   pre_run                   : 7) ptsprojects.testcase.TestFunc <function gap_disconn at 0x7f63c1e7ede8> 3 None ('00:1B:DC:E0:37:6C', 0) {}
2016-07-21 12:08:26,811 root DEBUG testcase.py               504   pre_run                   : 8) ptsprojects.testcase.TestFunc <function gap_disconnected_ev at 0x7f63c1e7ed70> 3 None ('00:1B:DC:E0:37:6C', 0) {}
2016-07-21 12:08:26,811 root DEBUG testcase.py               504   pre_run                   : 9) ptsprojects.testcase.TestFuncCleanUp <bound method ZephyrCtl.stop of <ptsprojects.zephyr.iutctl.ZephyrCtl instance at 0x7f63c1eadbd8>> None None () {}
2016-07-21 12:08:26,811 root DEBUG testcase.py               201   start                     : Starting test function: ptsprojects.testcase.TestFunc <bound method ZephyrCtl.start of <ptsprojects.zephyr.iutctl.ZephyrCtl instance at 0x7f63c1eadbd8>> None None () {}
2016-07-21 12:08:26,811 root DEBUG testcase.py               209   start                     : Test function parameters: args=(), kwds={}
2016-07-21 12:08:26,812 root DEBUG iutctl.py                 173   start                     : ptsprojects.zephyr.iutctl.ZephyrCtl.start
2016-07-21 12:08:26,812 root DEBUG iutctl.py                 160   reset_board               : About to reset DUT: "/home/skamrmar/bin/zflash/openocd/bin/openocd -s /home/skamrmar/bin/zflash/openocd/share/scripts -f /home/skamrmar/bin/zflash/boards/mountatlas/openocd.cfg -c 'init' -c 'reset run' -c 'shutdown'"
2016-07-21 12:08:28,822 root DEBUG iutctl.py                 184   start                     : Starting socat process: socat -x -v /dev/ttyUSB1,raw,b115200 UNIX-CONNECT:/tmp/bt-stack-tester
2016-07-21 12:08:28,825 root DEBUG iutctl.py                 56    accept                    : accept
2016-07-21 12:08:28,828 root DEBUG testcase.py               201   start                     : Starting test function: ptsprojects.testcase.TestFunc <function core_reg_svc_gap at 0x7f63c1e7ea28> None None () {}
2016-07-21 12:08:28,829 root DEBUG testcase.py               209   start                     : Test function parameters: args=(), kwds={}
2016-07-21 12:08:28,829 root DEBUG btp.py                    226   core_reg_svc_gap          : core_reg_svc_gap
2016-07-21 12:08:28,829 root DEBUG iutctl.py                 98    send                      : send, 0 3 255 1
2016-07-21 12:08:28,829 root DEBUG iutctl.py                 108   send                      : btpclient command: send 0 3 255 01
2016-07-21 12:08:28,829 root DEBUG btpparser.py              59    enc_frame                 : enc_frame, 0 3 255 '\x01'
2016-07-21 12:08:28,829 root DEBUG iutctl.py                 112   send                      : sending frame '\x00\x03\xff\x01\x00\x01'
2016-07-21 12:08:30,370 root DEBUG btp.py                    246   core_reg_svc_rsp_succ     : core_reg_svc_rsp_succ
2016-07-21 12:08:30,371 root DEBUG iutctl.py                 64    read                      : read
2016-07-21 12:08:30,885 root DEBUG btpparser.py              39    dec_hdr                   : dec_hdr, bytearray(b'\x00\x03\xff\x00\x00')
2016-07-21 12:08:30,886 root DEBUG iutctl.py                 78    read                      : Received: hdr: header(svc_id=0, op=3, ctrl_index=255, data_len=0) bytearray(b'\x00\x03\xff\x00\x00')
2016-07-21 12:08:30,886 root DEBUG btpparser.py              49    dec_data                  : dec_data, bytearray(b'')
2016-07-21 12:08:30,886 root DEBUG iutctl.py                 91    read                      : Received data: ('',), bytearray(b'')
2016-07-21 12:08:30,886 root DEBUG btp.py                    257   core_reg_svc_rsp_succ     : received header(svc_id=0, op=3, ctrl_index=255, data_len=0) ('',)
2016-07-21 12:08:30,886 root DEBUG btp.py                    258   core_reg_svc_rsp_succ     : expected ((0, 3, 255, 0), ('',))
2016-07-21 12:08:30,886 root DEBUG btp.py                    264   core_reg_svc_rsp_succ     : response is valid
2016-07-21 12:08:30,886 root DEBUG testcase.py               201   start                     : Starting test function: ptsprojects.testcase.TestFunc <function core_reg_svc_gatts at 0x7f63c1e7eaa0> None None () {}
2016-07-21 12:08:30,886 root DEBUG testcase.py               209   start                     : Test function parameters: args=(), kwds={}
2016-07-21 12:08:30,887 root DEBUG btp.py                    237   core_reg_svc_gatts        : core_reg_svc_gatts
2016-07-21 12:08:30,887 root DEBUG iutctl.py                 98    send                      : send, 0 3 255 2
2016-07-21 12:08:30,887 root DEBUG iutctl.py                 108   send                      : btpclient command: send 0 3 255 02
2016-07-21 12:08:30,887 root DEBUG btpparser.py              59    enc_frame                 : enc_frame, 0 3 255 '\x02'
2016-07-21 12:08:30,887 root DEBUG iutctl.py                 112   send                      : sending frame '\x00\x03\xff\x01\x00\x02'
2016-07-21 12:08:30,887 root DEBUG btp.py                    246   core_reg_svc_rsp_succ     : core_reg_svc_rsp_succ
2016-07-21 12:08:30,887 root DEBUG iutctl.py                 64    read                      : read
2016-07-21 12:08:30,889 root DEBUG btpparser.py              39    dec_hdr                   : dec_hdr, bytearray(b'\x00\x03\xff\x00\x00')
2016-07-21 12:08:30,890 root DEBUG iutctl.py                 78    read                      : Received: hdr: header(svc_id=0, op=3, ctrl_index=255, data_len=0) bytearray(b'\x00\x03\xff\x00\x00')
2016-07-21 12:08:30,890 root DEBUG btpparser.py              49    dec_data                  : dec_data, bytearray(b'')
2016-07-21 12:08:30,890 root DEBUG iutctl.py                 91    read                      : Received data: ('',), bytearray(b'')
2016-07-21 12:08:30,890 root DEBUG btp.py                    257   core_reg_svc_rsp_succ     : received header(svc_id=0, op=3, ctrl_index=255, data_len=0) ('',)
2016-07-21 12:08:30,890 root DEBUG btp.py                    258   core_reg_svc_rsp_succ     : expected ((0, 3, 255, 0), ('',))
2016-07-21 12:08:30,890 root DEBUG btp.py                    264   core_reg_svc_rsp_succ     : response is valid
2016-07-21 12:08:39,584 ClientCallback.on_implicit_send INFO autoptsclient_common.py   116   on_implicit_send          : ********************
2016-07-21 12:08:39,584 ClientCallback.on_implicit_send INFO autoptsclient_common.py   117   on_implicit_send          : BEGIN OnImplicitSend:
2016-07-21 12:08:39,584 ClientCallback.on_implicit_send INFO autoptsclient_common.py   118   on_implicit_send          : project_name: GATT
2016-07-21 12:08:39,584 ClientCallback.on_implicit_send INFO autoptsclient_common.py   119   on_implicit_send          : wid: 2
2016-07-21 12:08:39,584 ClientCallback.on_implicit_send INFO autoptsclient_common.py   120   on_implicit_send          : test_case_name: TC_GAT_CL_BV_01_C
2016-07-21 12:08:39,585 ClientCallback.on_implicit_send INFO autoptsclient_common.py   121   on_implicit_send          : description: Please initiate a GATT connection to the PTS.

Description: Verify that the Implementation Under Test (IUT) can initiate GATT connect request to PTS.
2016-07-21 12:08:39,585 ClientCallback.on_implicit_send INFO autoptsclient_common.py   122   on_implicit_send          : style: MMI_Style_Ok_Cancel2 0x11141
2016-07-21 12:08:39,585 ClientCallback.on_implicit_send INFO autoptsclient_common.py   124   on_implicit_send          : response: 4374680 <type 'int'> 22140952
2016-07-21 12:08:39,585 ClientCallback.on_implicit_send INFO autoptsclient_common.py   125   on_implicit_send          : response_size: 2048
2016-07-21 12:08:39,585 ClientCallback.on_implicit_send INFO autoptsclient_common.py   127   on_implicit_send          : response_is_present: 0 <type 'int'>
2016-07-21 12:08:39,585 ClientCallback.on_implicit_send INFO autoptsclient_common.py   131   on_implicit_send          : Calling test cases on_implicit_send
2016-07-21 12:08:39,586 root DEBUG testcase.py               467   on_implicit_send          : GATT TC_GAT_CL_BV_01_C on_implicit_send
2016-07-21 12:08:39,586 root DEBUG testcase.py               201   start                     : Starting test function: ptsprojects.testcase.TestFunc <function gap_conn at 0x7f63c1e7ecf8> 2 None ('00:1B:DC:E0:37:6C', 0) {}
2016-07-21 12:08:39,586 root DEBUG testcase.py               209   start                     : Test function parameters: args=('00:1B:DC:E0:37:6C', 0), kwds={}
2016-07-21 12:08:39,586 root DEBUG btp.py                    329   gap_conn                  : gap_conn '00:1B:DC:E0:37:6C' 0
2016-07-21 12:08:39,586 root DEBUG iutctl.py                 98    send                      : send, 1 14 0 bytearray(b'\x00l7\xe0\xdc\x1b\x00')
2016-07-21 12:08:39,586 root DEBUG iutctl.py                 108   send                      : btpclient command: send 1 14 0 006c37e0dc1b00
2016-07-21 12:08:39,587 root DEBUG btpparser.py              59    enc_frame                 : enc_frame, 1 14 0 bytearray(b'\x00l7\xe0\xdc\x1b\x00')
2016-07-21 12:08:39,587 root DEBUG iutctl.py                 112   send                      : sending frame '\x01\x0e\x00\x07\x00\x00l7\xe0\xdc\x1b\x00'
2016-07-21 12:08:39,587 root DEBUG btp.py                    588   gap_command_rsp_succ      : gap_command_rsp_succ
2016-07-21 12:08:39,587 root DEBUG iutctl.py                 64    read                      : read
2016-07-21 12:08:39,591 root DEBUG btpparser.py              39    dec_hdr                   : dec_hdr, bytearray(b'\x01\x0e\x00\x00\x00')
2016-07-21 12:08:39,593 root DEBUG iutctl.py                 78    read                      : Received: hdr: header(svc_id=1, op=14, ctrl_index=0, data_len=0) bytearray(b'\x01\x0e\x00\x00\x00')
2016-07-21 12:08:39,593 root DEBUG btpparser.py              49    dec_data                  : dec_data, bytearray(b'')
2016-07-21 12:08:39,593 root DEBUG iutctl.py                 91    read                      : Received data: ('',), bytearray(b'')
2016-07-21 12:08:39,593 root DEBUG btp.py                    593   gap_command_rsp_succ      : received header(svc_id=1, op=14, ctrl_index=0, data_len=0) ('',)
2016-07-21 12:08:39,593 root DEBUG testcase.py               201   start                     : Starting test function: ptsprojects.testcase.TestFunc <function gap_connected_ev at 0x7f63c1e7ec80> 2 None ('00:1B:DC:E0:37:6C', 0) {}
2016-07-21 12:08:39,594 root DEBUG testcase.py               209   start                     : Test function parameters: args=('00:1B:DC:E0:37:6C', 0), kwds={}
2016-07-21 12:08:39,594 root DEBUG btp.py                    309   gap_connected_ev          : gap_connected_ev '00:1B:DC:E0:37:6C' 0
2016-07-21 12:08:39,594 root DEBUG iutctl.py                 64    read                      : read
2016-07-21 12:08:40,145 root DEBUG btpparser.py              39    dec_hdr                   : dec_hdr, bytearray(b'\x01\x82\x00\x07\x00')
2016-07-21 12:08:40,146 root DEBUG iutctl.py                 78    read                      : Received: hdr: header(svc_id=1, op=130, ctrl_index=0, data_len=7) bytearray(b'\x01\x82\x00\x07\x00')
2016-07-21 12:08:40,146 root DEBUG btpparser.py              49    dec_data                  : dec_data, bytearray(b'l7\xe0\xdc\x1b\x00\x00')
2016-07-21 12:08:40,146 root DEBUG iutctl.py                 91    read                      : Received data: ('l7\xe0\xdc\x1b\x00\x00',), bytearray(b'l7\xe0\xdc\x1b\x00\x00')
2016-07-21 12:08:40,146 root DEBUG btp.py                    313   gap_connected_ev          : received header(svc_id=1, op=130, ctrl_index=0, data_len=7) ('l7\xe0\xdc\x1b\x00\x00',)
2016-07-21 12:08:40,146 root DEBUG testcase.py               494   on_implicit_send          : Sending response 'OK'
2016-07-21 12:08:40,147 ClientCallback.on_implicit_send INFO autoptsclient_common.py   143   on_implicit_send          : test case returned on_implicit_send, response: OK
2016-07-21 12:08:40,147 ClientCallback.on_implicit_send INFO autoptsclient_common.py   151   on_implicit_send          : END OnImplicitSend:
2016-07-21 12:08:40,147 ClientCallback.on_implicit_send INFO autoptsclient_common.py   152   on_implicit_send          : ********************
2016-07-21 12:08:40,159 ClientCallback.on_implicit_send INFO autoptsclient_common.py   116   on_implicit_send          : ********************
2016-07-21 12:08:40,159 ClientCallback.on_implicit_send INFO autoptsclient_common.py   117   on_implicit_send          : BEGIN OnImplicitSend:
2016-07-21 12:08:40,159 ClientCallback.on_implicit_send INFO autoptsclient_common.py   118   on_implicit_send          : project_name: GATT
2016-07-21 12:08:40,159 ClientCallback.on_implicit_send INFO autoptsclient_common.py   119   on_implicit_send          : wid: 48
2016-07-21 12:08:40,159 ClientCallback.on_implicit_send INFO autoptsclient_common.py   120   on_implicit_send          : test_case_name: TC_GAT_CL_BV_01_C
2016-07-21 12:08:40,159 ClientCallback.on_implicit_send INFO autoptsclient_common.py   121   on_implicit_send          : description: Please send read characteristic handle = '0007'O to the PTS.

Description: Verify that the Implementation Under Test (IUT) can send Read characteristic.
2016-07-21 12:08:40,160 ClientCallback.on_implicit_send INFO autoptsclient_common.py   122   on_implicit_send          : style: MMI_Style_Ok_Cancel2 0x11141
2016-07-21 12:08:40,160 ClientCallback.on_implicit_send INFO autoptsclient_common.py   124   on_implicit_send          : response: 4374680 <type 'int'> 22140952
2016-07-21 12:08:40,160 ClientCallback.on_implicit_send INFO autoptsclient_common.py   125   on_implicit_send          : response_size: 2048
2016-07-21 12:08:40,160 ClientCallback.on_implicit_send INFO autoptsclient_common.py   127   on_implicit_send          : response_is_present: 0 <type 'int'>
2016-07-21 12:08:40,160 ClientCallback.on_implicit_send INFO autoptsclient_common.py   131   on_implicit_send          : Calling test cases on_implicit_send
2016-07-21 12:08:40,160 root DEBUG testcase.py               467   on_implicit_send          : GATT TC_GAT_CL_BV_01_C on_implicit_send
2016-07-21 12:08:40,160 root DEBUG testcase.py               59    parse_description         : parse_description "Please send read characteristic handle = '0007'O to the PTS.\n\nDescription: Verify that the Implementation Under Test (IUT) can send Read characteristic."
2016-07-21 12:08:40,160 root DEBUG testcase.py               63    parse_description         : Parse result: ['0007']
2016-07-21 12:08:40,161 root DEBUG testcase.py               201   start                     : Starting test function: ptsprojects.testcase.TestFunc <function gattc_read at 0x7f63c1e96cf8> 48 None (0, '00:1B:DC:E0:37:6C', 'MMI_arg_value_1') {}
2016-07-21 12:08:40,161 root DEBUG testcase.py               78    process_args              : process_args: (0, '00:1B:DC:E0:37:6C', 'MMI_arg_value_1')
2016-07-21 12:08:40,161 root DEBUG testcase.py               79    process_args              : MMI.args now ['0007']
2016-07-21 12:08:40,161 root DEBUG testcase.py               93    process_args              : returning (0, '00:1B:DC:E0:37:6C', '0007')
2016-07-21 12:08:40,161 root DEBUG testcase.py               209   start                     : Test function parameters: args=(0, '00:1B:DC:E0:37:6C', '0007'), kwds={}
2016-07-21 12:08:40,161 root DEBUG btp.py                    956   gattc_read                : gattc_read 0 '00:1B:DC:E0:37:6C' '0007'
2016-07-21 12:08:40,161 root DEBUG iutctl.py                 98    send                      : send, 2 17 0 bytearray(b'\x00l7\xe0\xdc\x1b\x00\x07\x00')
2016-07-21 12:08:40,161 root DEBUG iutctl.py                 108   send                      : btpclient command: send 2 17 0 006c37e0dc1b000700
2016-07-21 12:08:40,162 root DEBUG btpparser.py              59    enc_frame                 : enc_frame, 2 17 0 bytearray(b'\x00l7\xe0\xdc\x1b\x00\x07\x00')
2016-07-21 12:08:40,162 root DEBUG iutctl.py                 112   send                      : sending frame '\x02\x11\x00\t\x00\x00l7\xe0\xdc\x1b\x00\x07\x00'
2016-07-21 12:08:40,162 root DEBUG testcase.py               201   start                     : Starting test function: ptsprojects.testcase.TestFunc <function gattc_read_rsp at 0x7f63c1e978c0> 48 None () {}
2016-07-21 12:08:40,162 root DEBUG testcase.py               209   start                     : Test function parameters: args=(), kwds={}
2016-07-21 12:08:40,162 root DEBUG iutctl.py                 64    read                      : read
2016-07-21 12:09:10,157 root DEBUG btpparser.py              39    dec_hdr                   : dec_hdr, bytearray(b'\x02\x11\x00\x03\x00')
2016-07-21 12:09:10,158 root DEBUG iutctl.py                 78    read                      : Received: hdr: header(svc_id=2, op=17, ctrl_index=0, data_len=3) bytearray(b'\x02\x11\x00\x03\x00')
2016-07-21 12:09:10,158 root DEBUG btpparser.py              49    dec_data                  : dec_data, bytearray(b'\x0e\x00\x00')
2016-07-21 12:09:10,159 root DEBUG iutctl.py                 91    read                      : Received data: ('\x0e\x00\x00',), bytearray(b'\x0e\x00\x00')
2016-07-21 12:09:10,159 root DEBUG btp.py                    1586  gattc_read_rsp            : gattc_read_rsp received header(svc_id=2, op=17, ctrl_index=0, data_len=3) ('\x0e\x00\x00',)
2016-07-21 12:09:10,159 root DEBUG btp.py                    1591  gattc_read_rsp            : gattc_read_rsp 14 ('',)
2016-07-21 12:09:10,159 root DEBUG testcase.py               494   on_implicit_send          : Sending response 'OK'
2016-07-21 12:09:10,159 ClientCallback.on_implicit_send INFO autoptsclient_common.py   143   on_implicit_send          : test case returned on_implicit_send, response: OK
2016-07-21 12:09:10,159 ClientCallback.on_implicit_send INFO autoptsclient_common.py   151   on_implicit_send          : END OnImplicitSend:
2016-07-21 12:09:10,159 ClientCallback.on_implicit_send INFO autoptsclient_common.py   152   on_implicit_send          : ********************
2016-07-21 12:09:10,170 ClientCallback.on_implicit_send INFO autoptsclient_common.py   116   on_implicit_send          : ********************
2016-07-21 12:09:10,170 ClientCallback.on_implicit_send INFO autoptsclient_common.py   117   on_implicit_send          : BEGIN OnImplicitSend:
2016-07-21 12:09:10,170 ClientCallback.on_implicit_send INFO autoptsclient_common.py   118   on_implicit_send          : project_name: GATT
2016-07-21 12:09:10,171 ClientCallback.on_implicit_send INFO autoptsclient_common.py   119   on_implicit_send          : wid: 49
2016-07-21 12:09:10,171 ClientCallback.on_implicit_send INFO autoptsclient_common.py   120   on_implicit_send          : test_case_name: TC_GAT_CL_BV_01_C
2016-07-21 12:09:10,171 ClientCallback.on_implicit_send INFO autoptsclient_common.py   121   on_implicit_send          : description: Please wait for 30 seconds timeout to abort the procedure.

Description: Verify that the Implementation Under Test (IUT) can handle timeout after send Read characteristic without receiving response in 30 seconds.
2016-07-21 12:09:10,171 ClientCallback.on_implicit_send INFO autoptsclient_common.py   122   on_implicit_send          : style: MMI_Style_Ok_Cancel2 0x11141
2016-07-21 12:09:10,171 ClientCallback.on_implicit_send INFO autoptsclient_common.py   124   on_implicit_send          : response: 4374680 <type 'int'> 22140952
2016-07-21 12:09:10,171 ClientCallback.on_implicit_send INFO autoptsclient_common.py   125   on_implicit_send          : response_size: 2048
2016-07-21 12:09:10,171 ClientCallback.on_implicit_send INFO autoptsclient_common.py   127   on_implicit_send          : response_is_present: 0 <type 'int'>
2016-07-21 12:09:10,171 ClientCallback.on_implicit_send INFO autoptsclient_common.py   131   on_implicit_send          : Calling test cases on_implicit_send
2016-07-21 12:09:10,171 root DEBUG testcase.py               467   on_implicit_send          : GATT TC_GAT_CL_BV_01_C on_implicit_send
2016-07-21 12:09:10,172 root DEBUG testcase.py               494   on_implicit_send          : Sending response 'OK'
2016-07-21 12:09:10,172 ClientCallback.on_implicit_send INFO autoptsclient_common.py   143   on_implicit_send          : test case returned on_implicit_send, response: OK
2016-07-21 12:09:10,172 ClientCallback.on_implicit_send INFO autoptsclient_common.py   151   on_implicit_send          : END OnImplicitSend:
2016-07-21 12:09:10,172 ClientCallback.on_implicit_send INFO autoptsclient_common.py   152   on_implicit_send          : ********************
2016-07-21 12:09:12,841 ClientCallback.log INFO autoptsclient_common.py   82    log                       : PTS_LOGTYPE_START_TEST Start Test Case 

+0 ms
 TC_GAT_CL_BV_01_C

2016-07-21 12:09:12,841 root DEBUG testcase.py               358   log                       : New status GATT TC_GAT_CL_BV_01_C - Started
2016-07-21 12:09:13,069 ClientCallback.log INFO autoptsclient_common.py   82    log                       : PTS_LOGTYPE_FINAL_VERDICT Final Verdict 

+37627 ms
 PASS

2016-07-21 12:09:13,069 root DEBUG testcase.py               358   log                       : New status GATT TC_GAT_CL_BV_01_C - PASS
2016-07-21 12:09:13,075 ClientCallback.log INFO autoptsclient_common.py   82    log                       : PTS_LOGTYPE_FINAL_VERDICT Encrypted Verdict 

+37627 ms
 A1#ZWY4MzQ5MDg3MmQwNTIxOGQzMzQ5YjY2ODA5M2MzNjQ5ZDY4NmY0Yjc2MzIzM2VkNTUyNTFhNGU4Mjg1MjI0NA==#qAKJAzAOegTZUH7QX9oUTcucAcDGvw7nwqL60rKSSCwf82QN+MHEzYJZSlhAGrew

2016-07-21 12:09:13,101 ClientCallback.log INFO autoptsclient_common.py   82    log                       : PTS_LOGTYPE_END_TEST Test Case Ended 

+37627 ms
 TC_GAT_CL_BV_01_C

2016-07-21 12:09:13,204 root DEBUG testcase.py               518   post_run                  : post_run GATT TC_GAT_CL_BV_01_C 
2016-07-21 12:09:13,204 root DEBUG testcase.py               201   start                     : Starting test function: ptsprojects.testcase.TestFuncCleanUp <bound method ZephyrCtl.stop of <ptsprojects.zephyr.iutctl.ZephyrCtl instance at 0x7f63c1eadbd8>> None None () {}
2016-07-21 12:09:13,204 root DEBUG testcase.py               209   start                     : Test function parameters: args=(), kwds={}
2016-07-21 12:09:13,204 root DEBUG iutctl.py                 207   stop                      : ptsprojects.zephyr.iutctl.ZephyrCtl.stop
2016-07-21 12:09:16,207 root DEBUG autoptsclient_common.py   395   run_test_case             : Done TestCase wrapper GATT TC_GAT_CL_BV_01_C
