2016-07-21 10:59:16,552 root DEBUG autoptsclient_common.py   349   run_test_case             : Starting TestCase wrapper GATT TC_GAR_CL_BV_01_C
2016-07-21 10:59:16,553 root DEBUG testcase.py               499   pre_run                   : pre_run GATT TC_GAR_CL_BV_01_C
2016-07-21 10:59:16,553 root DEBUG testcase.py               502   pre_run                   : About to run test case GATT TC_GAR_CL_BV_01_C with commands:
2016-07-21 10:59:16,553 root DEBUG testcase.py               504   pre_run                   : 0) ptsprojects.testcase.TestFunc <bound method ZephyrCtl.start of <ptsprojects.zephyr.iutctl.ZephyrCtl instance at 0x7f5db38fafc8>> None None () {}
2016-07-21 10:59:16,553 root DEBUG testcase.py               504   pre_run                   : 1) ptsprojects.testcase.TestFunc <function core_reg_svc_gap at 0x7f5db38d5a28> None None () {}
2016-07-21 10:59:16,553 root DEBUG testcase.py               504   pre_run                   : 2) ptsprojects.testcase.TestFunc <function core_reg_svc_gatts at 0x7f5db38d5aa0> None None () {}
2016-07-21 10:59:16,553 root DEBUG testcase.py               504   pre_run                   : 3) ptsprojects.testcase.TestFunc <function gap_conn at 0x7f5db38d5cf8> 2 None ('00:1B:DC:E0:37:6C', 0) {}
2016-07-21 10:59:16,554 root DEBUG testcase.py               504   pre_run                   : 4) ptsprojects.testcase.TestFunc <function gap_connected_ev at 0x7f5db38d5c80> 2 None ('00:1B:DC:E0:37:6C', 0) {}
2016-07-21 10:59:16,554 root DEBUG testcase.py               504   pre_run                   : 5) ptsprojects.testcase.TestFunc <function gattc_read at 0x7f5db38edcf8> 48 None (0, '00:1B:DC:E0:37:6C', 'MMI_arg_value_1') {}
2016-07-21 10:59:16,554 root DEBUG testcase.py               504   pre_run                   : 6) ptsprojects.testcase.TestFunc <function gattc_read_rsp at 0x7f5db38ee8c0> 48 None () {'store_val': True}
2016-07-21 10:59:16,554 root DEBUG testcase.py               504   pre_run                   : 7) ptsprojects.testcase.TestFunc <function gap_disconn at 0x7f5db38d5de8> 3 None ('00:1B:DC:E0:37:6C', 0) {}
2016-07-21 10:59:16,554 root DEBUG testcase.py               504   pre_run                   : 8) ptsprojects.testcase.TestFunc <function gap_disconnected_ev at 0x7f5db38d5d70> 3 None ('00:1B:DC:E0:37:6C', 0) {}
2016-07-21 10:59:16,554 root DEBUG testcase.py               504   pre_run                   : 9) ptsprojects.testcase.TestFuncCleanUp <bound method ZephyrCtl.stop of <ptsprojects.zephyr.iutctl.ZephyrCtl instance at 0x7f5db38fafc8>> None None () {}
2016-07-21 10:59:16,555 root DEBUG testcase.py               201   start                     : Starting test function: ptsprojects.testcase.TestFunc <bound method ZephyrCtl.start of <ptsprojects.zephyr.iutctl.ZephyrCtl instance at 0x7f5db38fafc8>> None None () {}
2016-07-21 10:59:16,555 root DEBUG testcase.py               209   start                     : Test function parameters: args=(), kwds={}
2016-07-21 10:59:16,555 root DEBUG iutctl.py                 173   start                     : ptsprojects.zephyr.iutctl.ZephyrCtl.start
2016-07-21 10:59:16,555 root DEBUG iutctl.py                 160   reset_board               : About to reset DUT: "/home/skamrmar/bin/zflash/openocd/bin/openocd -s /home/skamrmar/bin/zflash/openocd/share/scripts -f /home/skamrmar/bin/zflash/boards/mountatlas/openocd.cfg -c 'init' -c 'reset run' -c 'shutdown'"
2016-07-21 10:59:18,576 root DEBUG iutctl.py                 184   start                     : Starting socat process: socat -x -v /dev/ttyUSB1,raw,b115200 UNIX-CONNECT:/tmp/bt-stack-tester
2016-07-21 10:59:18,579 root DEBUG iutctl.py                 56    accept                    : accept
2016-07-21 10:59:18,583 root DEBUG testcase.py               201   start                     : Starting test function: ptsprojects.testcase.TestFunc <function core_reg_svc_gap at 0x7f5db38d5a28> None None () {}
2016-07-21 10:59:18,583 root DEBUG testcase.py               209   start                     : Test function parameters: args=(), kwds={}
2016-07-21 10:59:18,584 root DEBUG btp.py                    226   core_reg_svc_gap          : core_reg_svc_gap
2016-07-21 10:59:18,584 root DEBUG iutctl.py                 98    send                      : send, 0 3 255 1
2016-07-21 10:59:18,584 root DEBUG iutctl.py                 108   send                      : btpclient command: send 0 3 255 01
2016-07-21 10:59:18,584 root DEBUG btpparser.py              59    enc_frame                 : enc_frame, 0 3 255 '\x01'
2016-07-21 10:59:18,584 root DEBUG iutctl.py                 112   send                      : sending frame '\x00\x03\xff\x01\x00\x01'
2016-07-21 10:59:20,130 root DEBUG btp.py                    246   core_reg_svc_rsp_succ     : core_reg_svc_rsp_succ
2016-07-21 10:59:20,130 root DEBUG iutctl.py                 64    read                      : read
2016-07-21 10:59:20,638 root DEBUG btpparser.py              39    dec_hdr                   : dec_hdr, bytearray(b'\x00\x03\xff\x00\x00')
2016-07-21 10:59:20,640 root DEBUG iutctl.py                 78    read                      : Received: hdr: header(svc_id=0, op=3, ctrl_index=255, data_len=0) bytearray(b'\x00\x03\xff\x00\x00')
2016-07-21 10:59:20,640 root DEBUG btpparser.py              49    dec_data                  : dec_data, bytearray(b'')
2016-07-21 10:59:20,640 root DEBUG iutctl.py                 91    read                      : Received data: ('',), bytearray(b'')
2016-07-21 10:59:20,641 root DEBUG btp.py                    257   core_reg_svc_rsp_succ     : received header(svc_id=0, op=3, ctrl_index=255, data_len=0) ('',)
2016-07-21 10:59:20,641 root DEBUG btp.py                    258   core_reg_svc_rsp_succ     : expected ((0, 3, 255, 0), ('',))
2016-07-21 10:59:20,641 root DEBUG btp.py                    264   core_reg_svc_rsp_succ     : response is valid
2016-07-21 10:59:20,641 root DEBUG testcase.py               201   start                     : Starting test function: ptsprojects.testcase.TestFunc <function core_reg_svc_gatts at 0x7f5db38d5aa0> None None () {}
2016-07-21 10:59:20,641 root DEBUG testcase.py               209   start                     : Test function parameters: args=(), kwds={}
2016-07-21 10:59:20,642 root DEBUG btp.py                    237   core_reg_svc_gatts        : core_reg_svc_gatts
2016-07-21 10:59:20,642 root DEBUG iutctl.py                 98    send                      : send, 0 3 255 2
2016-07-21 10:59:20,642 root DEBUG iutctl.py                 108   send                      : btpclient command: send 0 3 255 02
2016-07-21 10:59:20,642 root DEBUG btpparser.py              59    enc_frame                 : enc_frame, 0 3 255 '\x02'
2016-07-21 10:59:20,642 root DEBUG iutctl.py                 112   send                      : sending frame '\x00\x03\xff\x01\x00\x02'
2016-07-21 10:59:20,642 root DEBUG btp.py                    246   core_reg_svc_rsp_succ     : core_reg_svc_rsp_succ
2016-07-21 10:59:20,643 root DEBUG iutctl.py                 64    read                      : read
2016-07-21 10:59:20,645 root DEBUG btpparser.py              39    dec_hdr                   : dec_hdr, bytearray(b'\x00\x03\xff\x00\x00')
2016-07-21 10:59:20,646 root DEBUG iutctl.py                 78    read                      : Received: hdr: header(svc_id=0, op=3, ctrl_index=255, data_len=0) bytearray(b'\x00\x03\xff\x00\x00')
2016-07-21 10:59:20,647 root DEBUG btpparser.py              49    dec_data                  : dec_data, bytearray(b'')
2016-07-21 10:59:20,647 root DEBUG iutctl.py                 91    read                      : Received data: ('',), bytearray(b'')
2016-07-21 10:59:20,647 root DEBUG btp.py                    257   core_reg_svc_rsp_succ     : received header(svc_id=0, op=3, ctrl_index=255, data_len=0) ('',)
2016-07-21 10:59:20,647 root DEBUG btp.py                    258   core_reg_svc_rsp_succ     : expected ((0, 3, 255, 0), ('',))
2016-07-21 10:59:20,647 root DEBUG btp.py                    264   core_reg_svc_rsp_succ     : response is valid
2016-07-21 10:59:30,269 ClientCallback.on_implicit_send INFO autoptsclient_common.py   116   on_implicit_send          : ********************
2016-07-21 10:59:30,270 ClientCallback.on_implicit_send INFO autoptsclient_common.py   117   on_implicit_send          : BEGIN OnImplicitSend:
2016-07-21 10:59:30,270 ClientCallback.on_implicit_send INFO autoptsclient_common.py   118   on_implicit_send          : project_name: GATT
2016-07-21 10:59:30,270 ClientCallback.on_implicit_send INFO autoptsclient_common.py   119   on_implicit_send          : wid: 2
2016-07-21 10:59:30,270 ClientCallback.on_implicit_send INFO autoptsclient_common.py   120   on_implicit_send          : test_case_name: TC_GAR_CL_BV_01_C
2016-07-21 10:59:30,270 ClientCallback.on_implicit_send INFO autoptsclient_common.py   121   on_implicit_send          : description: Please initiate a GATT connection to the PTS.

Description: Verify that the Implementation Under Test (IUT) can initiate GATT connect request to PTS.
2016-07-21 10:59:30,270 ClientCallback.on_implicit_send INFO autoptsclient_common.py   122   on_implicit_send          : style: MMI_Style_Ok_Cancel2 0x11141
2016-07-21 10:59:30,271 ClientCallback.on_implicit_send INFO autoptsclient_common.py   124   on_implicit_send          : response: 1687860 <type 'int'> 16914792
2016-07-21 10:59:30,271 ClientCallback.on_implicit_send INFO autoptsclient_common.py   125   on_implicit_send          : response_size: 2048
2016-07-21 10:59:30,271 ClientCallback.on_implicit_send INFO autoptsclient_common.py   127   on_implicit_send          : response_is_present: 0 <type 'int'>
2016-07-21 10:59:30,271 ClientCallback.on_implicit_send INFO autoptsclient_common.py   131   on_implicit_send          : Calling test cases on_implicit_send
2016-07-21 10:59:30,271 root DEBUG testcase.py               467   on_implicit_send          : GATT TC_GAR_CL_BV_01_C on_implicit_send
2016-07-21 10:59:30,271 root DEBUG testcase.py               201   start                     : Starting test function: ptsprojects.testcase.TestFunc <function gap_conn at 0x7f5db38d5cf8> 2 None ('00:1B:DC:E0:37:6C', 0) {}
2016-07-21 10:59:30,272 root DEBUG testcase.py               209   start                     : Test function parameters: args=('00:1B:DC:E0:37:6C', 0), kwds={}
2016-07-21 10:59:30,272 root DEBUG btp.py                    329   gap_conn                  : gap_conn '00:1B:DC:E0:37:6C' 0
2016-07-21 10:59:30,272 root DEBUG iutctl.py                 98    send                      : send, 1 14 0 bytearray(b'\x00l7\xe0\xdc\x1b\x00')
2016-07-21 10:59:30,272 root DEBUG iutctl.py                 108   send                      : btpclient command: send 1 14 0 006c37e0dc1b00
2016-07-21 10:59:30,272 root DEBUG btpparser.py              59    enc_frame                 : enc_frame, 1 14 0 bytearray(b'\x00l7\xe0\xdc\x1b\x00')
2016-07-21 10:59:30,272 root DEBUG iutctl.py                 112   send                      : sending frame '\x01\x0e\x00\x07\x00\x00l7\xe0\xdc\x1b\x00'
2016-07-21 10:59:30,273 root DEBUG btp.py                    588   gap_command_rsp_succ      : gap_command_rsp_succ
2016-07-21 10:59:30,273 root DEBUG iutctl.py                 64    read                      : read
2016-07-21 10:59:30,277 root DEBUG btpparser.py              39    dec_hdr                   : dec_hdr, bytearray(b'\x01\x0e\x00\x00\x00')
2016-07-21 10:59:30,279 root DEBUG iutctl.py                 78    read                      : Received: hdr: header(svc_id=1, op=14, ctrl_index=0, data_len=0) bytearray(b'\x01\x0e\x00\x00\x00')
2016-07-21 10:59:30,279 root DEBUG btpparser.py              49    dec_data                  : dec_data, bytearray(b'')
2016-07-21 10:59:30,279 root DEBUG iutctl.py                 91    read                      : Received data: ('',), bytearray(b'')
2016-07-21 10:59:30,279 root DEBUG btp.py                    593   gap_command_rsp_succ      : received header(svc_id=1, op=14, ctrl_index=0, data_len=0) ('',)
2016-07-21 10:59:30,279 root DEBUG testcase.py               201   start                     : Starting test function: ptsprojects.testcase.TestFunc <function gap_connected_ev at 0x7f5db38d5c80> 2 None ('00:1B:DC:E0:37:6C', 0) {}
2016-07-21 10:59:30,279 root DEBUG testcase.py               209   start                     : Test function parameters: args=('00:1B:DC:E0:37:6C', 0), kwds={}
2016-07-21 10:59:30,280 root DEBUG btp.py                    309   gap_connected_ev          : gap_connected_ev '00:1B:DC:E0:37:6C' 0
2016-07-21 10:59:30,280 root DEBUG iutctl.py                 64    read                      : read
2016-07-21 10:59:33,772 root DEBUG btpparser.py              39    dec_hdr                   : dec_hdr, bytearray(b'\x01\x82\x00\x07\x00')
2016-07-21 10:59:33,774 root DEBUG iutctl.py                 78    read                      : Received: hdr: header(svc_id=1, op=130, ctrl_index=0, data_len=7) bytearray(b'\x01\x82\x00\x07\x00')
2016-07-21 10:59:33,774 root DEBUG btpparser.py              49    dec_data                  : dec_data, bytearray(b'l7\xe0\xdc\x1b\x00\x00')
2016-07-21 10:59:33,774 root DEBUG iutctl.py                 91    read                      : Received data: ('l7\xe0\xdc\x1b\x00\x00',), bytearray(b'l7\xe0\xdc\x1b\x00\x00')
2016-07-21 10:59:33,774 root DEBUG btp.py                    313   gap_connected_ev          : received header(svc_id=1, op=130, ctrl_index=0, data_len=7) ('l7\xe0\xdc\x1b\x00\x00',)
2016-07-21 10:59:33,775 root DEBUG testcase.py               494   on_implicit_send          : Sending response 'OK'
2016-07-21 10:59:33,775 ClientCallback.on_implicit_send INFO autoptsclient_common.py   143   on_implicit_send          : test case returned on_implicit_send, response: OK
2016-07-21 10:59:33,775 ClientCallback.on_implicit_send INFO autoptsclient_common.py   151   on_implicit_send          : END OnImplicitSend:
2016-07-21 10:59:33,775 ClientCallback.on_implicit_send INFO autoptsclient_common.py   152   on_implicit_send          : ********************
2016-07-21 10:59:33,787 ClientCallback.on_implicit_send INFO autoptsclient_common.py   116   on_implicit_send          : ********************
2016-07-21 10:59:33,787 ClientCallback.on_implicit_send INFO autoptsclient_common.py   117   on_implicit_send          : BEGIN OnImplicitSend:
2016-07-21 10:59:33,787 ClientCallback.on_implicit_send INFO autoptsclient_common.py   118   on_implicit_send          : project_name: GATT
2016-07-21 10:59:33,787 ClientCallback.on_implicit_send INFO autoptsclient_common.py   119   on_implicit_send          : wid: 48
2016-07-21 10:59:33,787 ClientCallback.on_implicit_send INFO autoptsclient_common.py   120   on_implicit_send          : test_case_name: TC_GAR_CL_BV_01_C
2016-07-21 10:59:33,787 ClientCallback.on_implicit_send INFO autoptsclient_common.py   121   on_implicit_send          : description: Please send read characteristic handle = '0042'O to the PTS.

Description: Verify that the Implementation Under Test (IUT) can send Read characteristic.
2016-07-21 10:59:33,788 ClientCallback.on_implicit_send INFO autoptsclient_common.py   122   on_implicit_send          : style: MMI_Style_Ok_Cancel2 0x11141
2016-07-21 10:59:33,788 ClientCallback.on_implicit_send INFO autoptsclient_common.py   124   on_implicit_send          : response: 1687860 <type 'int'> 16914792
2016-07-21 10:59:33,788 ClientCallback.on_implicit_send INFO autoptsclient_common.py   125   on_implicit_send          : response_size: 2048
2016-07-21 10:59:33,788 ClientCallback.on_implicit_send INFO autoptsclient_common.py   127   on_implicit_send          : response_is_present: 0 <type 'int'>
2016-07-21 10:59:33,788 ClientCallback.on_implicit_send INFO autoptsclient_common.py   131   on_implicit_send          : Calling test cases on_implicit_send
2016-07-21 10:59:33,788 root DEBUG testcase.py               467   on_implicit_send          : GATT TC_GAR_CL_BV_01_C on_implicit_send
2016-07-21 10:59:33,789 root DEBUG testcase.py               59    parse_description         : parse_description "Please send read characteristic handle = '0042'O to the PTS.\n\nDescription: Verify that the Implementation Under Test (IUT) can send Read characteristic."
2016-07-21 10:59:33,789 root DEBUG testcase.py               63    parse_description         : Parse result: ['0042']
2016-07-21 10:59:33,789 root DEBUG testcase.py               201   start                     : Starting test function: ptsprojects.testcase.TestFunc <function gattc_read at 0x7f5db38edcf8> 48 None (0, '00:1B:DC:E0:37:6C', 'MMI_arg_value_1') {}
2016-07-21 10:59:33,789 root DEBUG testcase.py               78    process_args              : process_args: (0, '00:1B:DC:E0:37:6C', 'MMI_arg_value_1')
2016-07-21 10:59:33,789 root DEBUG testcase.py               79    process_args              : MMI.args now ['0042']
2016-07-21 10:59:33,789 root DEBUG testcase.py               93    process_args              : returning (0, '00:1B:DC:E0:37:6C', '0042')
2016-07-21 10:59:33,790 root DEBUG testcase.py               209   start                     : Test function parameters: args=(0, '00:1B:DC:E0:37:6C', '0042'), kwds={}
2016-07-21 10:59:33,790 root DEBUG btp.py                    956   gattc_read                : gattc_read 0 '00:1B:DC:E0:37:6C' '0042'
2016-07-21 10:59:33,790 root DEBUG iutctl.py                 98    send                      : send, 2 17 0 bytearray(b'\x00l7\xe0\xdc\x1b\x00B\x00')
2016-07-21 10:59:33,790 root DEBUG iutctl.py                 108   send                      : btpclient command: send 2 17 0 006c37e0dc1b004200
2016-07-21 10:59:33,790 root DEBUG btpparser.py              59    enc_frame                 : enc_frame, 2 17 0 bytearray(b'\x00l7\xe0\xdc\x1b\x00B\x00')
2016-07-21 10:59:33,790 root DEBUG iutctl.py                 112   send                      : sending frame '\x02\x11\x00\t\x00\x00l7\xe0\xdc\x1b\x00B\x00'
2016-07-21 10:59:33,790 root DEBUG testcase.py               201   start                     : Starting test function: ptsprojects.testcase.TestFunc <function gattc_read_rsp at 0x7f5db38ee8c0> 48 None () {'store_val': True}
2016-07-21 10:59:33,790 root DEBUG testcase.py               209   start                     : Test function parameters: args=(), kwds={'store_val': True}
2016-07-21 10:59:33,791 root DEBUG iutctl.py                 64    read                      : read
2016-07-21 10:59:33,875 root DEBUG btpparser.py              39    dec_hdr                   : dec_hdr, bytearray(b'\x02\x11\x00\x07\x00')
2016-07-21 10:59:33,876 root DEBUG iutctl.py                 78    read                      : Received: hdr: header(svc_id=2, op=17, ctrl_index=0, data_len=7) bytearray(b'\x02\x11\x00\x07\x00')
2016-07-21 10:59:33,876 root DEBUG btpparser.py              49    dec_data                  : dec_data, bytearray(b'\x00\x04\x00Test')
2016-07-21 10:59:33,876 root DEBUG iutctl.py                 91    read                      : Received data: ('\x00\x04\x00Test',), bytearray(b'\x00\x04\x00Test')
2016-07-21 10:59:33,877 root DEBUG btp.py                    1586  gattc_read_rsp            : gattc_read_rsp received header(svc_id=2, op=17, ctrl_index=0, data_len=7) ('\x00\x04\x00Test',)
2016-07-21 10:59:33,877 root DEBUG btp.py                    1591  gattc_read_rsp            : gattc_read_rsp 0 ('Test',)
2016-07-21 10:59:33,877 root DEBUG testcase.py               494   on_implicit_send          : Sending response 'OK'
2016-07-21 10:59:33,877 ClientCallback.on_implicit_send INFO autoptsclient_common.py   143   on_implicit_send          : test case returned on_implicit_send, response: OK
2016-07-21 10:59:33,877 ClientCallback.on_implicit_send INFO autoptsclient_common.py   151   on_implicit_send          : END OnImplicitSend:
2016-07-21 10:59:33,877 ClientCallback.on_implicit_send INFO autoptsclient_common.py   152   on_implicit_send          : ********************
2016-07-21 10:59:33,890 ClientCallback.on_implicit_send INFO autoptsclient_common.py   116   on_implicit_send          : ********************
2016-07-21 10:59:33,890 ClientCallback.on_implicit_send INFO autoptsclient_common.py   117   on_implicit_send          : BEGIN OnImplicitSend:
2016-07-21 10:59:33,890 ClientCallback.on_implicit_send INFO autoptsclient_common.py   118   on_implicit_send          : project_name: GATT
2016-07-21 10:59:33,890 ClientCallback.on_implicit_send INFO autoptsclient_common.py   119   on_implicit_send          : wid: 50
2016-07-21 10:59:33,890 ClientCallback.on_implicit_send INFO autoptsclient_common.py   120   on_implicit_send          : test_case_name: TC_GAR_CL_BV_01_C
2016-07-21 10:59:33,890 ClientCallback.on_implicit_send INFO autoptsclient_common.py   121   on_implicit_send          : description: Please confirm IUT receive characteristic value='54657374'O in random selected adopted database. Click Yes if IUT receive it, othwise click No.

Description: Verify that the Implementation Under Test (IUT) can send Read characteristic to PTS random select adopted database.
2016-07-21 10:59:33,890 ClientCallback.on_implicit_send INFO autoptsclient_common.py   122   on_implicit_send          : style: MMI_Style_Yes_No1 0x11044
2016-07-21 10:59:33,891 ClientCallback.on_implicit_send INFO autoptsclient_common.py   124   on_implicit_send          : response: 1687860 <type 'int'> 16914792
2016-07-21 10:59:33,891 ClientCallback.on_implicit_send INFO autoptsclient_common.py   125   on_implicit_send          : response_size: 2048
2016-07-21 10:59:33,891 ClientCallback.on_implicit_send INFO autoptsclient_common.py   127   on_implicit_send          : response_is_present: 0 <type 'int'>
2016-07-21 10:59:33,891 ClientCallback.on_implicit_send INFO autoptsclient_common.py   131   on_implicit_send          : Calling test cases on_implicit_send
2016-07-21 10:59:33,891 root DEBUG testcase.py               467   on_implicit_send          : GATT TC_GAR_CL_BV_01_C on_implicit_send
2016-07-21 10:59:33,891 root DEBUG testcase.py               364   handle_mmi_style_yes_no1  : handle_mmi_style_yes_no1, 50 "Please confirm IUT receive characteristic value='54657374'O in random selected adopted database. Click Yes if IUT receive it, othwise click No.\n\nDescription: Verify that the Implementation Under Test (IUT) can send Read characteristic to PTS random select adopted database."
2016-07-21 10:59:33,891 root DEBUG testcase.py               366   handle_mmi_style_yes_no1  : no_wid=None verify_wids={50: <function verify_description at 0x7f5db38d5848>}
2016-07-21 10:59:33,891 root DEBUG testcase.py               378   handle_mmi_style_yes_no1  : Starting verification of: {50: <function verify_description at 0x7f5db38d5848>}
2016-07-21 10:59:33,891 root DEBUG btp.py                    139   verify_description        : description="Please confirm IUT receive characteristic value='54657374'O in random selected adopted database. Click Yes if IUT receive it, othwise click No.\n\nDescription: Verify that the Implementation Under Test (IUT) can send Read characteristic to PTS random select adopted database."
2016-07-21 10:59:33,892 root DEBUG btp.py                    142   verify_description        : Verifying values: ['54657374']
2016-07-21 10:59:33,892 root DEBUG btp.py                    151   verify_description        : Verifying: '54657374'
2016-07-21 10:59:33,892 root DEBUG btp.py                    157   verify_description        : All verifications passed
2016-07-21 10:59:33,892 root DEBUG testcase.py               408   handle_mmi_style_yes_no1  : All verifications passed
2016-07-21 10:59:33,892 root DEBUG testcase.py               494   on_implicit_send          : Sending response 'Yes'
2016-07-21 10:59:33,892 ClientCallback.on_implicit_send INFO autoptsclient_common.py   143   on_implicit_send          : test case returned on_implicit_send, response: Yes
2016-07-21 10:59:33,892 ClientCallback.on_implicit_send INFO autoptsclient_common.py   151   on_implicit_send          : END OnImplicitSend:
2016-07-21 10:59:33,892 ClientCallback.on_implicit_send INFO autoptsclient_common.py   152   on_implicit_send          : ********************
2016-07-21 10:59:33,901 ClientCallback.on_implicit_send INFO autoptsclient_common.py   116   on_implicit_send          : ********************
2016-07-21 10:59:33,901 ClientCallback.on_implicit_send INFO autoptsclient_common.py   117   on_implicit_send          : BEGIN OnImplicitSend:
2016-07-21 10:59:33,901 ClientCallback.on_implicit_send INFO autoptsclient_common.py   118   on_implicit_send          : project_name: GATT
2016-07-21 10:59:33,901 ClientCallback.on_implicit_send INFO autoptsclient_common.py   119   on_implicit_send          : wid: 3
2016-07-21 10:59:33,901 ClientCallback.on_implicit_send INFO autoptsclient_common.py   120   on_implicit_send          : test_case_name: TC_GAR_CL_BV_01_C
2016-07-21 10:59:33,901 ClientCallback.on_implicit_send INFO autoptsclient_common.py   121   on_implicit_send          : description: Please initiate a GATT disconnection to the PTS.

Description: Verify that the Implementation Under Test (IUT) can initiate GATT disconnect request to PTS
2016-07-21 10:59:33,902 ClientCallback.on_implicit_send INFO autoptsclient_common.py   122   on_implicit_send          : style: MMI_Style_Ok_Cancel2 0x11141
2016-07-21 10:59:33,902 ClientCallback.on_implicit_send INFO autoptsclient_common.py   124   on_implicit_send          : response: 1687860 <type 'int'> 16914792
2016-07-21 10:59:33,902 ClientCallback.on_implicit_send INFO autoptsclient_common.py   125   on_implicit_send          : response_size: 2048
2016-07-21 10:59:33,902 ClientCallback.on_implicit_send INFO autoptsclient_common.py   127   on_implicit_send          : response_is_present: 0 <type 'int'>
2016-07-21 10:59:33,902 ClientCallback.on_implicit_send INFO autoptsclient_common.py   131   on_implicit_send          : Calling test cases on_implicit_send
2016-07-21 10:59:33,902 root DEBUG testcase.py               467   on_implicit_send          : GATT TC_GAR_CL_BV_01_C on_implicit_send
2016-07-21 10:59:33,902 root DEBUG testcase.py               201   start                     : Starting test function: ptsprojects.testcase.TestFunc <function gap_disconn at 0x7f5db38d5de8> 3 None ('00:1B:DC:E0:37:6C', 0) {}
2016-07-21 10:59:33,902 root DEBUG testcase.py               209   start                     : Test function parameters: args=('00:1B:DC:E0:37:6C', 0), kwds={}
2016-07-21 10:59:33,902 root DEBUG btp.py                    365   gap_disconn               : gap_disconn '00:1B:DC:E0:37:6C' 0
2016-07-21 10:59:33,902 root DEBUG iutctl.py                 98    send                      : send, 1 15 0 bytearray(b'\x00l7\xe0\xdc\x1b\x00')
2016-07-21 10:59:33,902 root DEBUG iutctl.py                 108   send                      : btpclient command: send 1 15 0 006c37e0dc1b00
2016-07-21 10:59:33,903 root DEBUG btpparser.py              59    enc_frame                 : enc_frame, 1 15 0 bytearray(b'\x00l7\xe0\xdc\x1b\x00')
2016-07-21 10:59:33,903 root DEBUG iutctl.py                 112   send                      : sending frame '\x01\x0f\x00\x07\x00\x00l7\xe0\xdc\x1b\x00'
2016-07-21 10:59:33,903 root DEBUG btp.py                    588   gap_command_rsp_succ      : gap_command_rsp_succ
2016-07-21 10:59:33,903 root DEBUG iutctl.py                 64    read                      : read
2016-07-21 10:59:33,906 root DEBUG btpparser.py              39    dec_hdr                   : dec_hdr, bytearray(b'\x01\x0f\x00\x00\x00')
2016-07-21 10:59:33,906 root DEBUG iutctl.py                 78    read                      : Received: hdr: header(svc_id=1, op=15, ctrl_index=0, data_len=0) bytearray(b'\x01\x0f\x00\x00\x00')
2016-07-21 10:59:33,906 root DEBUG btpparser.py              49    dec_data                  : dec_data, bytearray(b'')
2016-07-21 10:59:33,907 root DEBUG iutctl.py                 91    read                      : Received data: ('',), bytearray(b'')
2016-07-21 10:59:33,907 root DEBUG btp.py                    593   gap_command_rsp_succ      : received header(svc_id=1, op=15, ctrl_index=0, data_len=0) ('',)
2016-07-21 10:59:33,907 root DEBUG testcase.py               201   start                     : Starting test function: ptsprojects.testcase.TestFunc <function gap_disconnected_ev at 0x7f5db38d5d70> 3 None ('00:1B:DC:E0:37:6C', 0) {}
2016-07-21 10:59:33,907 root DEBUG testcase.py               209   start                     : Test function parameters: args=('00:1B:DC:E0:37:6C', 0), kwds={}
2016-07-21 10:59:33,907 root DEBUG btp.py                    345   gap_disconnected_ev       : gap_disconnected_ev '00:1B:DC:E0:37:6C' 0
2016-07-21 10:59:33,907 root DEBUG iutctl.py                 64    read                      : read
2016-07-21 10:59:33,924 root DEBUG btpparser.py              39    dec_hdr                   : dec_hdr, bytearray(b'\x01\x83\x00\x07\x00')
2016-07-21 10:59:33,924 root DEBUG iutctl.py                 78    read                      : Received: hdr: header(svc_id=1, op=131, ctrl_index=0, data_len=7) bytearray(b'\x01\x83\x00\x07\x00')
2016-07-21 10:59:33,924 root DEBUG btpparser.py              49    dec_data                  : dec_data, bytearray(b'l7\xe0\xdc\x1b\x00\x00')
2016-07-21 10:59:33,924 root DEBUG iutctl.py                 91    read                      : Received data: ('l7\xe0\xdc\x1b\x00\x00',), bytearray(b'l7\xe0\xdc\x1b\x00\x00')
2016-07-21 10:59:33,925 root DEBUG btp.py                    349   gap_disconnected_ev       : received header(svc_id=1, op=131, ctrl_index=0, data_len=7) ('l7\xe0\xdc\x1b\x00\x00',)
2016-07-21 10:59:33,925 root DEBUG testcase.py               494   on_implicit_send          : Sending response 'OK'
2016-07-21 10:59:33,925 ClientCallback.on_implicit_send INFO autoptsclient_common.py   143   on_implicit_send          : test case returned on_implicit_send, response: OK
2016-07-21 10:59:33,925 ClientCallback.on_implicit_send INFO autoptsclient_common.py   151   on_implicit_send          : END OnImplicitSend:
2016-07-21 10:59:33,925 ClientCallback.on_implicit_send INFO autoptsclient_common.py   152   on_implicit_send          : ********************
2016-07-21 10:59:36,558 ClientCallback.log INFO autoptsclient_common.py   82    log                       : PTS_LOGTYPE_START_TEST Start Test Case 

+15 ms
 TC_GAR_CL_BV_01_C

2016-07-21 10:59:36,559 root DEBUG testcase.py               358   log                       : New status GATT TC_GAR_CL_BV_01_C - Started
2016-07-21 10:59:36,730 ClientCallback.log INFO autoptsclient_common.py   82    log                       : PTS_LOGTYPE_FINAL_VERDICT Final Verdict 

+10857 ms
 PASS

2016-07-21 10:59:36,730 root DEBUG testcase.py               358   log                       : New status GATT TC_GAR_CL_BV_01_C - PASS
2016-07-21 10:59:36,737 ClientCallback.log INFO autoptsclient_common.py   82    log                       : PTS_LOGTYPE_FINAL_VERDICT Encrypted Verdict 

+10857 ms
 A1#ZWY4MzQ5MDg3MmQwNTIxOGQzMzQ5YjY2ODA5M2MzNjQ5ZDY4NmY0Yjc2MzIzM2VkNTUyNTFhNGU4Mjg1MjI0NA==#qAKJAzAOegSMCFSA7fYv7FzDPiNRKGSMmZv4lpaLJAsf82QN+MHEzYJZSlhAGrew

2016-07-21 10:59:36,764 ClientCallback.log INFO autoptsclient_common.py   82    log                       : PTS_LOGTYPE_END_TEST Test Case Ended 

+10857 ms
 TC_GAR_CL_BV_01_C

2016-07-21 10:59:36,821 root DEBUG testcase.py               518   post_run                  : post_run GATT TC_GAR_CL_BV_01_C 
2016-07-21 10:59:36,822 root DEBUG testcase.py               201   start                     : Starting test function: ptsprojects.testcase.TestFuncCleanUp <bound method ZephyrCtl.stop of <ptsprojects.zephyr.iutctl.ZephyrCtl instance at 0x7f5db38fafc8>> None None () {}
2016-07-21 10:59:36,822 root DEBUG testcase.py               209   start                     : Test function parameters: args=(), kwds={}
2016-07-21 10:59:36,822 root DEBUG iutctl.py                 207   stop                      : ptsprojects.zephyr.iutctl.ZephyrCtl.stop
2016-07-21 10:59:39,825 root DEBUG autoptsclient_common.py   395   run_test_case             : Done TestCase wrapper GATT TC_GAR_CL_BV_01_C
