2016-07-21 11:13:34,657 root DEBUG autoptsclient_common.py   349   run_test_case             : Starting TestCase wrapper GATT TC_GAW_CL_BV_01_C
2016-07-21 11:13:34,657 root DEBUG testcase.py               499   pre_run                   : pre_run GATT TC_GAW_CL_BV_01_C
2016-07-21 11:13:34,657 root DEBUG testcase.py               502   pre_run                   : About to run test case GATT TC_GAW_CL_BV_01_C with commands:
2016-07-21 11:13:34,657 root DEBUG testcase.py               504   pre_run                   : 0) ptsprojects.testcase.TestFunc <bound method ZephyrCtl.start of <ptsprojects.zephyr.iutctl.ZephyrCtl instance at 0x7f5db38fafc8>> None None () {}
2016-07-21 11:13:34,657 root DEBUG testcase.py               504   pre_run                   : 1) ptsprojects.testcase.TestFunc <function core_reg_svc_gap at 0x7f5db38d5a28> None None () {}
2016-07-21 11:13:34,657 root DEBUG testcase.py               504   pre_run                   : 2) ptsprojects.testcase.TestFunc <function core_reg_svc_gatts at 0x7f5db38d5aa0> None None () {}
2016-07-21 11:13:34,657 root DEBUG testcase.py               504   pre_run                   : 3) ptsprojects.testcase.TestFunc <function gap_conn at 0x7f5db38d5cf8> 2 None ('00:1B:DC:E0:37:6C', 0) {}
2016-07-21 11:13:34,658 root DEBUG testcase.py               504   pre_run                   : 4) ptsprojects.testcase.TestFunc <function gap_connected_ev at 0x7f5db38d5c80> 2 None ('00:1B:DC:E0:37:6C', 0) {}
2016-07-21 11:13:34,658 root DEBUG testcase.py               504   pre_run                   : 5) ptsprojects.testcase.TestFunc <function gattc_write_without_rsp at 0x7f5db38ede60> 70 None (0, '00:1B:DC:E0:37:6C', 'MMI_arg_value_1', '12', 'MMI_arg_value_2') {}
2016-07-21 11:13:34,658 root DEBUG testcase.py               504   pre_run                   : 6) ptsprojects.testcase.TestFunc <function gap_disconn at 0x7f5db38d5de8> 3 None ('00:1B:DC:E0:37:6C', 0) {}
2016-07-21 11:13:34,658 root DEBUG testcase.py               504   pre_run                   : 7) ptsprojects.testcase.TestFunc <function gap_disconnected_ev at 0x7f5db38d5d70> 3 None ('00:1B:DC:E0:37:6C', 0) {}
2016-07-21 11:13:34,658 root DEBUG testcase.py               504   pre_run                   : 8) ptsprojects.testcase.TestFuncCleanUp <bound method ZephyrCtl.stop of <ptsprojects.zephyr.iutctl.ZephyrCtl instance at 0x7f5db38fafc8>> None None () {}
2016-07-21 11:13:34,658 root DEBUG testcase.py               201   start                     : Starting test function: ptsprojects.testcase.TestFunc <bound method ZephyrCtl.start of <ptsprojects.zephyr.iutctl.ZephyrCtl instance at 0x7f5db38fafc8>> None None () {}
2016-07-21 11:13:34,658 root DEBUG testcase.py               209   start                     : Test function parameters: args=(), kwds={}
2016-07-21 11:13:34,658 root DEBUG iutctl.py                 173   start                     : ptsprojects.zephyr.iutctl.ZephyrCtl.start
2016-07-21 11:13:34,658 root DEBUG iutctl.py                 160   reset_board               : About to reset DUT: "/home/skamrmar/bin/zflash/openocd/bin/openocd -s /home/skamrmar/bin/zflash/openocd/share/scripts -f /home/skamrmar/bin/zflash/boards/mountatlas/openocd.cfg -c 'init' -c 'reset run' -c 'shutdown'"
2016-07-21 11:13:36,645 root DEBUG iutctl.py                 184   start                     : Starting socat process: socat -x -v /dev/ttyUSB1,raw,b115200 UNIX-CONNECT:/tmp/bt-stack-tester
2016-07-21 11:13:36,647 root DEBUG iutctl.py                 56    accept                    : accept
2016-07-21 11:13:36,649 root DEBUG testcase.py               201   start                     : Starting test function: ptsprojects.testcase.TestFunc <function core_reg_svc_gap at 0x7f5db38d5a28> None None () {}
2016-07-21 11:13:36,649 root DEBUG testcase.py               209   start                     : Test function parameters: args=(), kwds={}
2016-07-21 11:13:36,649 root DEBUG btp.py                    226   core_reg_svc_gap          : core_reg_svc_gap
2016-07-21 11:13:36,649 root DEBUG iutctl.py                 98    send                      : send, 0 3 255 1
2016-07-21 11:13:36,649 root DEBUG iutctl.py                 108   send                      : btpclient command: send 0 3 255 01
2016-07-21 11:13:36,649 root DEBUG btpparser.py              59    enc_frame                 : enc_frame, 0 3 255 '\x01'
2016-07-21 11:13:36,649 root DEBUG iutctl.py                 112   send                      : sending frame '\x00\x03\xff\x01\x00\x01'
2016-07-21 11:13:38,194 root DEBUG btp.py                    246   core_reg_svc_rsp_succ     : core_reg_svc_rsp_succ
2016-07-21 11:13:38,194 root DEBUG iutctl.py                 64    read                      : read
2016-07-21 11:13:38,698 root DEBUG btpparser.py              39    dec_hdr                   : dec_hdr, bytearray(b'\x00\x03\xff\x00\x00')
2016-07-21 11:13:38,699 root DEBUG iutctl.py                 78    read                      : Received: hdr: header(svc_id=0, op=3, ctrl_index=255, data_len=0) bytearray(b'\x00\x03\xff\x00\x00')
2016-07-21 11:13:38,699 root DEBUG btpparser.py              49    dec_data                  : dec_data, bytearray(b'')
2016-07-21 11:13:38,699 root DEBUG iutctl.py                 91    read                      : Received data: ('',), bytearray(b'')
2016-07-21 11:13:38,699 root DEBUG btp.py                    257   core_reg_svc_rsp_succ     : received header(svc_id=0, op=3, ctrl_index=255, data_len=0) ('',)
2016-07-21 11:13:38,699 root DEBUG btp.py                    258   core_reg_svc_rsp_succ     : expected ((0, 3, 255, 0), ('',))
2016-07-21 11:13:38,700 root DEBUG btp.py                    264   core_reg_svc_rsp_succ     : response is valid
2016-07-21 11:13:38,700 root DEBUG testcase.py               201   start                     : Starting test function: ptsprojects.testcase.TestFunc <function core_reg_svc_gatts at 0x7f5db38d5aa0> None None () {}
2016-07-21 11:13:38,700 root DEBUG testcase.py               209   start                     : Test function parameters: args=(), kwds={}
2016-07-21 11:13:38,700 root DEBUG btp.py                    237   core_reg_svc_gatts        : core_reg_svc_gatts
2016-07-21 11:13:38,700 root DEBUG iutctl.py                 98    send                      : send, 0 3 255 2
2016-07-21 11:13:38,700 root DEBUG iutctl.py                 108   send                      : btpclient command: send 0 3 255 02
2016-07-21 11:13:38,700 root DEBUG btpparser.py              59    enc_frame                 : enc_frame, 0 3 255 '\x02'
2016-07-21 11:13:38,700 root DEBUG iutctl.py                 112   send                      : sending frame '\x00\x03\xff\x01\x00\x02'
2016-07-21 11:13:38,700 root DEBUG btp.py                    246   core_reg_svc_rsp_succ     : core_reg_svc_rsp_succ
2016-07-21 11:13:38,700 root DEBUG iutctl.py                 64    read                      : read
2016-07-21 11:13:38,702 root DEBUG btpparser.py              39    dec_hdr                   : dec_hdr, bytearray(b'\x00\x03\xff\x00\x00')
2016-07-21 11:13:38,703 root DEBUG iutctl.py                 78    read                      : Received: hdr: header(svc_id=0, op=3, ctrl_index=255, data_len=0) bytearray(b'\x00\x03\xff\x00\x00')
2016-07-21 11:13:38,703 root DEBUG btpparser.py              49    dec_data                  : dec_data, bytearray(b'')
2016-07-21 11:13:38,703 root DEBUG iutctl.py                 91    read                      : Received data: ('',), bytearray(b'')
2016-07-21 11:13:38,703 root DEBUG btp.py                    257   core_reg_svc_rsp_succ     : received header(svc_id=0, op=3, ctrl_index=255, data_len=0) ('',)
2016-07-21 11:13:38,703 root DEBUG btp.py                    258   core_reg_svc_rsp_succ     : expected ((0, 3, 255, 0), ('',))
2016-07-21 11:13:38,703 root DEBUG btp.py                    264   core_reg_svc_rsp_succ     : response is valid
2016-07-21 11:13:47,828 ClientCallback.on_implicit_send INFO autoptsclient_common.py   116   on_implicit_send          : ********************
2016-07-21 11:13:47,829 ClientCallback.on_implicit_send INFO autoptsclient_common.py   117   on_implicit_send          : BEGIN OnImplicitSend:
2016-07-21 11:13:47,829 ClientCallback.on_implicit_send INFO autoptsclient_common.py   118   on_implicit_send          : project_name: GATT
2016-07-21 11:13:47,829 ClientCallback.on_implicit_send INFO autoptsclient_common.py   119   on_implicit_send          : wid: 2
2016-07-21 11:13:47,829 ClientCallback.on_implicit_send INFO autoptsclient_common.py   120   on_implicit_send          : test_case_name: TC_GAW_CL_BV_01_C
2016-07-21 11:13:47,829 ClientCallback.on_implicit_send INFO autoptsclient_common.py   121   on_implicit_send          : description: Please initiate a GATT connection to the PTS.

Description: Verify that the Implementation Under Test (IUT) can initiate GATT connect request to PTS.
2016-07-21 11:13:47,829 ClientCallback.on_implicit_send INFO autoptsclient_common.py   122   on_implicit_send          : style: MMI_Style_Ok_Cancel2 0x11141
2016-07-21 11:13:47,830 ClientCallback.on_implicit_send INFO autoptsclient_common.py   124   on_implicit_send          : response: 1687860 <type 'int'> 17150240
2016-07-21 11:13:47,830 ClientCallback.on_implicit_send INFO autoptsclient_common.py   125   on_implicit_send          : response_size: 2048
2016-07-21 11:13:47,830 ClientCallback.on_implicit_send INFO autoptsclient_common.py   127   on_implicit_send          : response_is_present: 0 <type 'int'>
2016-07-21 11:13:47,830 ClientCallback.on_implicit_send INFO autoptsclient_common.py   131   on_implicit_send          : Calling test cases on_implicit_send
2016-07-21 11:13:47,830 root DEBUG testcase.py               467   on_implicit_send          : GATT TC_GAW_CL_BV_01_C on_implicit_send
2016-07-21 11:13:47,830 root DEBUG testcase.py               201   start                     : Starting test function: ptsprojects.testcase.TestFunc <function gap_conn at 0x7f5db38d5cf8> 2 None ('00:1B:DC:E0:37:6C', 0) {}
2016-07-21 11:13:47,830 root DEBUG testcase.py               209   start                     : Test function parameters: args=('00:1B:DC:E0:37:6C', 0), kwds={}
2016-07-21 11:13:47,830 root DEBUG btp.py                    329   gap_conn                  : gap_conn '00:1B:DC:E0:37:6C' 0
2016-07-21 11:13:47,831 root DEBUG iutctl.py                 98    send                      : send, 1 14 0 bytearray(b'\x00l7\xe0\xdc\x1b\x00')
2016-07-21 11:13:47,831 root DEBUG iutctl.py                 108   send                      : btpclient command: send 1 14 0 006c37e0dc1b00
2016-07-21 11:13:47,831 root DEBUG btpparser.py              59    enc_frame                 : enc_frame, 1 14 0 bytearray(b'\x00l7\xe0\xdc\x1b\x00')
2016-07-21 11:13:47,831 root DEBUG iutctl.py                 112   send                      : sending frame '\x01\x0e\x00\x07\x00\x00l7\xe0\xdc\x1b\x00'
2016-07-21 11:13:47,831 root DEBUG btp.py                    588   gap_command_rsp_succ      : gap_command_rsp_succ
2016-07-21 11:13:47,831 root DEBUG iutctl.py                 64    read                      : read
2016-07-21 11:13:47,836 root DEBUG btpparser.py              39    dec_hdr                   : dec_hdr, bytearray(b'\x01\x0e\x00\x00\x00')
2016-07-21 11:13:47,837 root DEBUG iutctl.py                 78    read                      : Received: hdr: header(svc_id=1, op=14, ctrl_index=0, data_len=0) bytearray(b'\x01\x0e\x00\x00\x00')
2016-07-21 11:13:47,837 root DEBUG btpparser.py              49    dec_data                  : dec_data, bytearray(b'')
2016-07-21 11:13:47,837 root DEBUG iutctl.py                 91    read                      : Received data: ('',), bytearray(b'')
2016-07-21 11:13:47,837 root DEBUG btp.py                    593   gap_command_rsp_succ      : received header(svc_id=1, op=14, ctrl_index=0, data_len=0) ('',)
2016-07-21 11:13:47,837 root DEBUG testcase.py               201   start                     : Starting test function: ptsprojects.testcase.TestFunc <function gap_connected_ev at 0x7f5db38d5c80> 2 None ('00:1B:DC:E0:37:6C', 0) {}
2016-07-21 11:13:47,838 root DEBUG testcase.py               209   start                     : Test function parameters: args=('00:1B:DC:E0:37:6C', 0), kwds={}
2016-07-21 11:13:47,838 root DEBUG btp.py                    309   gap_connected_ev          : gap_connected_ev '00:1B:DC:E0:37:6C' 0
2016-07-21 11:13:47,838 root DEBUG iutctl.py                 64    read                      : read
2016-07-21 11:13:48,948 root DEBUG btpparser.py              39    dec_hdr                   : dec_hdr, bytearray(b'\x01\x82\x00\x07\x00')
2016-07-21 11:13:48,949 root DEBUG iutctl.py                 78    read                      : Received: hdr: header(svc_id=1, op=130, ctrl_index=0, data_len=7) bytearray(b'\x01\x82\x00\x07\x00')
2016-07-21 11:13:48,950 root DEBUG btpparser.py              49    dec_data                  : dec_data, bytearray(b'l7\xe0\xdc\x1b\x00\x00')
2016-07-21 11:13:48,950 root DEBUG iutctl.py                 91    read                      : Received data: ('l7\xe0\xdc\x1b\x00\x00',), bytearray(b'l7\xe0\xdc\x1b\x00\x00')
2016-07-21 11:13:48,950 root DEBUG btp.py                    313   gap_connected_ev          : received header(svc_id=1, op=130, ctrl_index=0, data_len=7) ('l7\xe0\xdc\x1b\x00\x00',)
2016-07-21 11:13:48,950 root DEBUG testcase.py               494   on_implicit_send          : Sending response 'OK'
2016-07-21 11:13:48,950 ClientCallback.on_implicit_send INFO autoptsclient_common.py   143   on_implicit_send          : test case returned on_implicit_send, response: OK
2016-07-21 11:13:48,951 ClientCallback.on_implicit_send INFO autoptsclient_common.py   151   on_implicit_send          : END OnImplicitSend:
2016-07-21 11:13:48,951 ClientCallback.on_implicit_send INFO autoptsclient_common.py   152   on_implicit_send          : ********************
2016-07-21 11:13:48,960 ClientCallback.on_implicit_send INFO autoptsclient_common.py   116   on_implicit_send          : ********************
2016-07-21 11:13:48,960 ClientCallback.on_implicit_send INFO autoptsclient_common.py   117   on_implicit_send          : BEGIN OnImplicitSend:
2016-07-21 11:13:48,960 ClientCallback.on_implicit_send INFO autoptsclient_common.py   118   on_implicit_send          : project_name: GATT
2016-07-21 11:13:48,960 ClientCallback.on_implicit_send INFO autoptsclient_common.py   119   on_implicit_send          : wid: 70
2016-07-21 11:13:48,960 ClientCallback.on_implicit_send INFO autoptsclient_common.py   120   on_implicit_send          : test_case_name: TC_GAW_CL_BV_01_C
2016-07-21 11:13:48,960 ClientCallback.on_implicit_send INFO autoptsclient_common.py   121   on_implicit_send          : description: Please send write command with handle = '0052'O with <= '1' bytes of any octet value to the PTS.

Description: Verify that the Implementation Under Test (IUT) can send write request.
2016-07-21 11:13:48,961 ClientCallback.on_implicit_send INFO autoptsclient_common.py   122   on_implicit_send          : style: MMI_Style_Ok_Cancel2 0x11141
2016-07-21 11:13:48,961 ClientCallback.on_implicit_send INFO autoptsclient_common.py   124   on_implicit_send          : response: 1687860 <type 'int'> 17150240
2016-07-21 11:13:48,961 ClientCallback.on_implicit_send INFO autoptsclient_common.py   125   on_implicit_send          : response_size: 2048
2016-07-21 11:13:48,961 ClientCallback.on_implicit_send INFO autoptsclient_common.py   127   on_implicit_send          : response_is_present: 0 <type 'int'>
2016-07-21 11:13:48,961 ClientCallback.on_implicit_send INFO autoptsclient_common.py   131   on_implicit_send          : Calling test cases on_implicit_send
2016-07-21 11:13:48,961 root DEBUG testcase.py               467   on_implicit_send          : GATT TC_GAW_CL_BV_01_C on_implicit_send
2016-07-21 11:13:48,962 root DEBUG testcase.py               59    parse_description         : parse_description "Please send write command with handle = '0052'O with <= '1' bytes of any octet value to the PTS.\n\nDescription: Verify that the Implementation Under Test (IUT) can send write request."
2016-07-21 11:13:48,962 root DEBUG testcase.py               63    parse_description         : Parse result: ['0052', '1']
2016-07-21 11:13:48,962 root DEBUG testcase.py               201   start                     : Starting test function: ptsprojects.testcase.TestFunc <function gattc_write_without_rsp at 0x7f5db38ede60> 70 None (0, '00:1B:DC:E0:37:6C', 'MMI_arg_value_1', '12', 'MMI_arg_value_2') {}
2016-07-21 11:13:48,962 root DEBUG testcase.py               78    process_args              : process_args: (0, '00:1B:DC:E0:37:6C', 'MMI_arg_value_1', '12', 'MMI_arg_value_2')
2016-07-21 11:13:48,962 root DEBUG testcase.py               79    process_args              : MMI.args now ['0052', '1']
2016-07-21 11:13:48,962 root DEBUG testcase.py               93    process_args              : returning (0, '00:1B:DC:E0:37:6C', '0052', '12', '1')
2016-07-21 11:13:48,963 root DEBUG testcase.py               209   start                     : Test function parameters: args=(0, '00:1B:DC:E0:37:6C', '0052', '12', '1'), kwds={}
2016-07-21 11:13:48,963 root DEBUG btp.py                    1023  gattc_write_without_rsp   : gattc_write_without_rsp 0 '00:1B:DC:E0:37:6C' '0052' '12' '1'
2016-07-21 11:13:48,963 root DEBUG iutctl.py                 98    send                      : send, 2 21 0 bytearray(b'\x00l7\xe0\xdc\x1b\x00R\x00\x01\x00\x12')
2016-07-21 11:13:48,963 root DEBUG iutctl.py                 108   send                      : btpclient command: send 2 21 0 006c37e0dc1b005200010012
2016-07-21 11:13:48,963 root DEBUG btpparser.py              59    enc_frame                 : enc_frame, 2 21 0 bytearray(b'\x00l7\xe0\xdc\x1b\x00R\x00\x01\x00\x12')
2016-07-21 11:13:48,963 root DEBUG iutctl.py                 112   send                      : sending frame '\x02\x15\x00\x0c\x00\x00l7\xe0\xdc\x1b\x00R\x00\x01\x00\x12'
2016-07-21 11:13:48,964 root DEBUG btp.py                    1218  gatt_command_rsp_succ     : gatt_command_rsp_succ
2016-07-21 11:13:48,964 root DEBUG iutctl.py                 64    read                      : read
2016-07-21 11:13:48,967 root DEBUG btpparser.py              39    dec_hdr                   : dec_hdr, bytearray(b'\x02\x15\x00\x00\x00')
2016-07-21 11:13:48,968 root DEBUG iutctl.py                 78    read                      : Received: hdr: header(svc_id=2, op=21, ctrl_index=0, data_len=0) bytearray(b'\x02\x15\x00\x00\x00')
2016-07-21 11:13:48,968 root DEBUG btpparser.py              49    dec_data                  : dec_data, bytearray(b'')
2016-07-21 11:13:48,968 root DEBUG iutctl.py                 91    read                      : Received data: ('',), bytearray(b'')
2016-07-21 11:13:48,969 root DEBUG btp.py                    1223  gatt_command_rsp_succ     : received header(svc_id=2, op=21, ctrl_index=0, data_len=0) ('',)
2016-07-21 11:13:48,969 root DEBUG testcase.py               494   on_implicit_send          : Sending response 'OK'
2016-07-21 11:13:48,969 ClientCallback.on_implicit_send INFO autoptsclient_common.py   143   on_implicit_send          : test case returned on_implicit_send, response: OK
2016-07-21 11:13:48,969 ClientCallback.on_implicit_send INFO autoptsclient_common.py   151   on_implicit_send          : END OnImplicitSend:
2016-07-21 11:13:48,969 ClientCallback.on_implicit_send INFO autoptsclient_common.py   152   on_implicit_send          : ********************
2016-07-21 11:13:49,006 ClientCallback.on_implicit_send INFO autoptsclient_common.py   116   on_implicit_send          : ********************
2016-07-21 11:13:49,007 ClientCallback.on_implicit_send INFO autoptsclient_common.py   117   on_implicit_send          : BEGIN OnImplicitSend:
2016-07-21 11:13:49,007 ClientCallback.on_implicit_send INFO autoptsclient_common.py   118   on_implicit_send          : project_name: GATT
2016-07-21 11:13:49,007 ClientCallback.on_implicit_send INFO autoptsclient_common.py   119   on_implicit_send          : wid: 3
2016-07-21 11:13:49,007 ClientCallback.on_implicit_send INFO autoptsclient_common.py   120   on_implicit_send          : test_case_name: TC_GAW_CL_BV_01_C
2016-07-21 11:13:49,007 ClientCallback.on_implicit_send INFO autoptsclient_common.py   121   on_implicit_send          : description: Please initiate a GATT disconnection to the PTS.

Description: Verify that the Implementation Under Test (IUT) can initiate GATT disconnect request to PTS
2016-07-21 11:13:49,007 ClientCallback.on_implicit_send INFO autoptsclient_common.py   122   on_implicit_send          : style: MMI_Style_Ok_Cancel2 0x11141
2016-07-21 11:13:49,008 ClientCallback.on_implicit_send INFO autoptsclient_common.py   124   on_implicit_send          : response: 1687860 <type 'int'> 17150240
2016-07-21 11:13:49,008 ClientCallback.on_implicit_send INFO autoptsclient_common.py   125   on_implicit_send          : response_size: 2048
2016-07-21 11:13:49,008 ClientCallback.on_implicit_send INFO autoptsclient_common.py   127   on_implicit_send          : response_is_present: 0 <type 'int'>
2016-07-21 11:13:49,008 ClientCallback.on_implicit_send INFO autoptsclient_common.py   131   on_implicit_send          : Calling test cases on_implicit_send
2016-07-21 11:13:49,008 root DEBUG testcase.py               467   on_implicit_send          : GATT TC_GAW_CL_BV_01_C on_implicit_send
2016-07-21 11:13:49,008 root DEBUG testcase.py               201   start                     : Starting test function: ptsprojects.testcase.TestFunc <function gap_disconn at 0x7f5db38d5de8> 3 None ('00:1B:DC:E0:37:6C', 0) {}
2016-07-21 11:13:49,008 root DEBUG testcase.py               209   start                     : Test function parameters: args=('00:1B:DC:E0:37:6C', 0), kwds={}
2016-07-21 11:13:49,009 root DEBUG btp.py                    365   gap_disconn               : gap_disconn '00:1B:DC:E0:37:6C' 0
2016-07-21 11:13:49,009 root DEBUG iutctl.py                 98    send                      : send, 1 15 0 bytearray(b'\x00l7\xe0\xdc\x1b\x00')
2016-07-21 11:13:49,009 root DEBUG iutctl.py                 108   send                      : btpclient command: send 1 15 0 006c37e0dc1b00
2016-07-21 11:13:49,009 root DEBUG btpparser.py              59    enc_frame                 : enc_frame, 1 15 0 bytearray(b'\x00l7\xe0\xdc\x1b\x00')
2016-07-21 11:13:49,009 root DEBUG iutctl.py                 112   send                      : sending frame '\x01\x0f\x00\x07\x00\x00l7\xe0\xdc\x1b\x00'
2016-07-21 11:13:49,010 root DEBUG btp.py                    588   gap_command_rsp_succ      : gap_command_rsp_succ
2016-07-21 11:13:49,010 root DEBUG iutctl.py                 64    read                      : read
2016-07-21 11:13:49,013 root DEBUG btpparser.py              39    dec_hdr                   : dec_hdr, bytearray(b'\x01\x0f\x00\x00\x00')
2016-07-21 11:13:49,014 root DEBUG iutctl.py                 78    read                      : Received: hdr: header(svc_id=1, op=15, ctrl_index=0, data_len=0) bytearray(b'\x01\x0f\x00\x00\x00')
2016-07-21 11:13:49,014 root DEBUG btpparser.py              49    dec_data                  : dec_data, bytearray(b'')
2016-07-21 11:13:49,014 root DEBUG iutctl.py                 91    read                      : Received data: ('',), bytearray(b'')
2016-07-21 11:13:49,015 root DEBUG btp.py                    593   gap_command_rsp_succ      : received header(svc_id=1, op=15, ctrl_index=0, data_len=0) ('',)
2016-07-21 11:13:49,015 root DEBUG testcase.py               201   start                     : Starting test function: ptsprojects.testcase.TestFunc <function gap_disconnected_ev at 0x7f5db38d5d70> 3 None ('00:1B:DC:E0:37:6C', 0) {}
2016-07-21 11:13:49,015 root DEBUG testcase.py               209   start                     : Test function parameters: args=('00:1B:DC:E0:37:6C', 0), kwds={}
2016-07-21 11:13:49,015 root DEBUG btp.py                    345   gap_disconnected_ev       : gap_disconnected_ev '00:1B:DC:E0:37:6C' 0
2016-07-21 11:13:49,015 root DEBUG iutctl.py                 64    read                      : read
2016-07-21 11:13:49,051 root DEBUG btpparser.py              39    dec_hdr                   : dec_hdr, bytearray(b'\x01\x83\x00\x07\x00')
2016-07-21 11:13:49,052 root DEBUG iutctl.py                 78    read                      : Received: hdr: header(svc_id=1, op=131, ctrl_index=0, data_len=7) bytearray(b'\x01\x83\x00\x07\x00')
2016-07-21 11:13:49,052 root DEBUG btpparser.py              49    dec_data                  : dec_data, bytearray(b'l7\xe0\xdc\x1b\x00\x00')
2016-07-21 11:13:49,052 root DEBUG iutctl.py                 91    read                      : Received data: ('l7\xe0\xdc\x1b\x00\x00',), bytearray(b'l7\xe0\xdc\x1b\x00\x00')
2016-07-21 11:13:49,053 root DEBUG btp.py                    349   gap_disconnected_ev       : received header(svc_id=1, op=131, ctrl_index=0, data_len=7) ('l7\xe0\xdc\x1b\x00\x00',)
2016-07-21 11:13:49,053 root DEBUG testcase.py               494   on_implicit_send          : Sending response 'OK'
2016-07-21 11:13:49,053 ClientCallback.on_implicit_send INFO autoptsclient_common.py   143   on_implicit_send          : test case returned on_implicit_send, response: OK
2016-07-21 11:13:49,053 ClientCallback.on_implicit_send INFO autoptsclient_common.py   151   on_implicit_send          : END OnImplicitSend:
2016-07-21 11:13:49,053 ClientCallback.on_implicit_send INFO autoptsclient_common.py   152   on_implicit_send          : ********************
2016-07-21 11:13:51,659 ClientCallback.log INFO autoptsclient_common.py   82    log                       : PTS_LOGTYPE_START_TEST Start Test Case 

+0 ms
 TC_GAW_CL_BV_01_C

2016-07-21 11:13:51,660 root DEBUG testcase.py               358   log                       : New status GATT TC_GAW_CL_BV_01_C - Started
2016-07-21 11:13:51,813 ClientCallback.log INFO autoptsclient_common.py   82    log                       : PTS_LOGTYPE_FINAL_VERDICT Final Verdict 

+8362 ms
 PASS

2016-07-21 11:13:51,813 root DEBUG testcase.py               358   log                       : New status GATT TC_GAW_CL_BV_01_C - PASS
2016-07-21 11:13:51,820 ClientCallback.log INFO autoptsclient_common.py   82    log                       : PTS_LOGTYPE_FINAL_VERDICT Encrypted Verdict 

+8362 ms
 A1#ZWY4MzQ5MDg3MmQwNTIxOGQzMzQ5YjY2ODA5M2MzNjQ5ZDY4NmY0Yjc2MzIzM2VkNTUyNTFhNGU4Mjg1MjI0NA==#qAKJAzAOegQdhNwQXCqCk/A7SnDF0MXoVmcEu1o4hUi4c/evTr0LSX+ea4SC+u+n

2016-07-21 11:13:51,852 ClientCallback.log INFO autoptsclient_common.py   82    log                       : PTS_LOGTYPE_END_TEST Test Case Ended 

+8362 ms
 TC_GAW_CL_BV_01_C

2016-07-21 11:13:51,934 root DEBUG testcase.py               518   post_run                  : post_run GATT TC_GAW_CL_BV_01_C 
2016-07-21 11:13:51,935 root DEBUG testcase.py               201   start                     : Starting test function: ptsprojects.testcase.TestFuncCleanUp <bound method ZephyrCtl.stop of <ptsprojects.zephyr.iutctl.ZephyrCtl instance at 0x7f5db38fafc8>> None None () {}
2016-07-21 11:13:51,935 root DEBUG testcase.py               209   start                     : Test function parameters: args=(), kwds={}
2016-07-21 11:13:51,935 root DEBUG iutctl.py                 207   stop                      : ptsprojects.zephyr.iutctl.ZephyrCtl.stop
2016-07-21 11:13:54,938 root DEBUG autoptsclient_common.py   395   run_test_case             : Done TestCase wrapper GATT TC_GAW_CL_BV_01_C
