2016-07-21 11:08:43,795 root DEBUG autoptsclient_common.py   349   run_test_case             : Starting TestCase wrapper GATT TC_GAR_CL_BI_28_C
2016-07-21 11:08:43,795 root DEBUG testcase.py               499   pre_run                   : pre_run GATT TC_GAR_CL_BI_28_C
2016-07-21 11:08:43,795 root DEBUG testcase.py               502   pre_run                   : About to run test case GATT TC_GAR_CL_BI_28_C with commands:
2016-07-21 11:08:43,796 root DEBUG testcase.py               504   pre_run                   : 0) ptsprojects.testcase.TestFunc <bound method ZephyrCtl.start of <ptsprojects.zephyr.iutctl.ZephyrCtl instance at 0x7f5db38fafc8>> None None () {}
2016-07-21 11:08:43,796 root DEBUG testcase.py               504   pre_run                   : 1) ptsprojects.testcase.TestFunc <function core_reg_svc_gap at 0x7f5db38d5a28> None None () {}
2016-07-21 11:08:43,796 root DEBUG testcase.py               504   pre_run                   : 2) ptsprojects.testcase.TestFunc <function core_reg_svc_gatts at 0x7f5db38d5aa0> None None () {}
2016-07-21 11:08:43,796 root DEBUG testcase.py               504   pre_run                   : 3) ptsprojects.testcase.TestFunc <function gap_conn at 0x7f5db38d5cf8> 2 None ('00:1B:DC:E0:37:6C', 0) {}
2016-07-21 11:08:43,796 root DEBUG testcase.py               504   pre_run                   : 4) ptsprojects.testcase.TestFunc <function gap_connected_ev at 0x7f5db38d5c80> 2 None ('00:1B:DC:E0:37:6C', 0) {}
2016-07-21 11:08:43,796 root DEBUG testcase.py               504   pre_run                   : 5) ptsprojects.testcase.TestFunc <function gattc_read at 0x7f5db38edcf8> 58 None (0, '00:1B:DC:E0:37:6C', 'MMI_arg_value_1') {}
2016-07-21 11:08:43,797 root DEBUG testcase.py               504   pre_run                   : 6) ptsprojects.testcase.TestFunc <function gattc_read_rsp at 0x7f5db38ee8c0> 58 None () {'store_rsp': True}
2016-07-21 11:08:43,797 root DEBUG testcase.py               504   pre_run                   : 7) ptsprojects.testcase.TestFunc <function gap_disconn at 0x7f5db38d5de8> 3 None ('00:1B:DC:E0:37:6C', 0) {}
2016-07-21 11:08:43,797 root DEBUG testcase.py               504   pre_run                   : 8) ptsprojects.testcase.TestFunc <function gap_disconnected_ev at 0x7f5db38d5d70> 3 None ('00:1B:DC:E0:37:6C', 0) {}
2016-07-21 11:08:43,797 root DEBUG testcase.py               504   pre_run                   : 9) ptsprojects.testcase.TestFuncCleanUp <bound method ZephyrCtl.stop of <ptsprojects.zephyr.iutctl.ZephyrCtl instance at 0x7f5db38fafc8>> None None () {}
2016-07-21 11:08:43,797 root DEBUG testcase.py               201   start                     : Starting test function: ptsprojects.testcase.TestFunc <bound method ZephyrCtl.start of <ptsprojects.zephyr.iutctl.ZephyrCtl instance at 0x7f5db38fafc8>> None None () {}
2016-07-21 11:08:43,797 root DEBUG testcase.py               209   start                     : Test function parameters: args=(), kwds={}
2016-07-21 11:08:43,798 root DEBUG iutctl.py                 173   start                     : ptsprojects.zephyr.iutctl.ZephyrCtl.start
2016-07-21 11:08:43,798 root DEBUG iutctl.py                 160   reset_board               : About to reset DUT: "/home/skamrmar/bin/zflash/openocd/bin/openocd -s /home/skamrmar/bin/zflash/openocd/share/scripts -f /home/skamrmar/bin/zflash/boards/mountatlas/openocd.cfg -c 'init' -c 'reset run' -c 'shutdown'"
2016-07-21 11:08:45,814 root DEBUG iutctl.py                 184   start                     : Starting socat process: socat -x -v /dev/ttyUSB1,raw,b115200 UNIX-CONNECT:/tmp/bt-stack-tester
2016-07-21 11:08:45,817 root DEBUG iutctl.py                 56    accept                    : accept
2016-07-21 11:08:45,821 root DEBUG testcase.py               201   start                     : Starting test function: ptsprojects.testcase.TestFunc <function core_reg_svc_gap at 0x7f5db38d5a28> None None () {}
2016-07-21 11:08:45,821 root DEBUG testcase.py               209   start                     : Test function parameters: args=(), kwds={}
2016-07-21 11:08:45,821 root DEBUG btp.py                    226   core_reg_svc_gap          : core_reg_svc_gap
2016-07-21 11:08:45,821 root DEBUG iutctl.py                 98    send                      : send, 0 3 255 1
2016-07-21 11:08:45,822 root DEBUG iutctl.py                 108   send                      : btpclient command: send 0 3 255 01
2016-07-21 11:08:45,822 root DEBUG btpparser.py              59    enc_frame                 : enc_frame, 0 3 255 '\x01'
2016-07-21 11:08:45,822 root DEBUG iutctl.py                 112   send                      : sending frame '\x00\x03\xff\x01\x00\x01'
2016-07-21 11:08:47,373 root DEBUG btp.py                    246   core_reg_svc_rsp_succ     : core_reg_svc_rsp_succ
2016-07-21 11:08:47,373 root DEBUG iutctl.py                 64    read                      : read
2016-07-21 11:08:47,886 root DEBUG btpparser.py              39    dec_hdr                   : dec_hdr, bytearray(b'\x00\x03\xff\x00\x00')
2016-07-21 11:08:47,887 root DEBUG iutctl.py                 78    read                      : Received: hdr: header(svc_id=0, op=3, ctrl_index=255, data_len=0) bytearray(b'\x00\x03\xff\x00\x00')
2016-07-21 11:08:47,888 root DEBUG btpparser.py              49    dec_data                  : dec_data, bytearray(b'')
2016-07-21 11:08:47,888 root DEBUG iutctl.py                 91    read                      : Received data: ('',), bytearray(b'')
2016-07-21 11:08:47,888 root DEBUG btp.py                    257   core_reg_svc_rsp_succ     : received header(svc_id=0, op=3, ctrl_index=255, data_len=0) ('',)
2016-07-21 11:08:47,888 root DEBUG btp.py                    258   core_reg_svc_rsp_succ     : expected ((0, 3, 255, 0), ('',))
2016-07-21 11:08:47,888 root DEBUG btp.py                    264   core_reg_svc_rsp_succ     : response is valid
2016-07-21 11:08:47,889 root DEBUG testcase.py               201   start                     : Starting test function: ptsprojects.testcase.TestFunc <function core_reg_svc_gatts at 0x7f5db38d5aa0> None None () {}
2016-07-21 11:08:47,889 root DEBUG testcase.py               209   start                     : Test function parameters: args=(), kwds={}
2016-07-21 11:08:47,889 root DEBUG btp.py                    237   core_reg_svc_gatts        : core_reg_svc_gatts
2016-07-21 11:08:47,889 root DEBUG iutctl.py                 98    send                      : send, 0 3 255 2
2016-07-21 11:08:47,889 root DEBUG iutctl.py                 108   send                      : btpclient command: send 0 3 255 02
2016-07-21 11:08:47,890 root DEBUG btpparser.py              59    enc_frame                 : enc_frame, 0 3 255 '\x02'
2016-07-21 11:08:47,890 root DEBUG iutctl.py                 112   send                      : sending frame '\x00\x03\xff\x01\x00\x02'
2016-07-21 11:08:47,890 root DEBUG btp.py                    246   core_reg_svc_rsp_succ     : core_reg_svc_rsp_succ
2016-07-21 11:08:47,890 root DEBUG iutctl.py                 64    read                      : read
2016-07-21 11:08:47,893 root DEBUG btpparser.py              39    dec_hdr                   : dec_hdr, bytearray(b'\x00\x03\xff\x00\x00')
2016-07-21 11:08:47,894 root DEBUG iutctl.py                 78    read                      : Received: hdr: header(svc_id=0, op=3, ctrl_index=255, data_len=0) bytearray(b'\x00\x03\xff\x00\x00')
2016-07-21 11:08:47,894 root DEBUG btpparser.py              49    dec_data                  : dec_data, bytearray(b'')
2016-07-21 11:08:47,894 root DEBUG iutctl.py                 91    read                      : Received data: ('',), bytearray(b'')
2016-07-21 11:08:47,894 root DEBUG btp.py                    257   core_reg_svc_rsp_succ     : received header(svc_id=0, op=3, ctrl_index=255, data_len=0) ('',)
2016-07-21 11:08:47,895 root DEBUG btp.py                    258   core_reg_svc_rsp_succ     : expected ((0, 3, 255, 0), ('',))
2016-07-21 11:08:47,895 root DEBUG btp.py                    264   core_reg_svc_rsp_succ     : response is valid
2016-07-21 11:08:58,477 ClientCallback.on_implicit_send INFO autoptsclient_common.py   116   on_implicit_send          : ********************
2016-07-21 11:08:58,478 ClientCallback.on_implicit_send INFO autoptsclient_common.py   117   on_implicit_send          : BEGIN OnImplicitSend:
2016-07-21 11:08:58,478 ClientCallback.on_implicit_send INFO autoptsclient_common.py   118   on_implicit_send          : project_name: GATT
2016-07-21 11:08:58,478 ClientCallback.on_implicit_send INFO autoptsclient_common.py   119   on_implicit_send          : wid: 2
2016-07-21 11:08:58,478 ClientCallback.on_implicit_send INFO autoptsclient_common.py   120   on_implicit_send          : test_case_name: TC_GAR_CL_BI_28_C
2016-07-21 11:08:58,478 ClientCallback.on_implicit_send INFO autoptsclient_common.py   121   on_implicit_send          : description: Please initiate a GATT connection to the PTS.

Description: Verify that the Implementation Under Test (IUT) can initiate GATT connect request to PTS.
2016-07-21 11:08:58,479 ClientCallback.on_implicit_send INFO autoptsclient_common.py   122   on_implicit_send          : style: MMI_Style_Ok_Cancel2 0x11141
2016-07-21 11:08:58,479 ClientCallback.on_implicit_send INFO autoptsclient_common.py   124   on_implicit_send          : response: 1687860 <type 'int'> 16914624
2016-07-21 11:08:58,479 ClientCallback.on_implicit_send INFO autoptsclient_common.py   125   on_implicit_send          : response_size: 2048
2016-07-21 11:08:58,479 ClientCallback.on_implicit_send INFO autoptsclient_common.py   127   on_implicit_send          : response_is_present: 0 <type 'int'>
2016-07-21 11:08:58,479 ClientCallback.on_implicit_send INFO autoptsclient_common.py   131   on_implicit_send          : Calling test cases on_implicit_send
2016-07-21 11:08:58,479 root DEBUG testcase.py               467   on_implicit_send          : GATT TC_GAR_CL_BI_28_C on_implicit_send
2016-07-21 11:08:58,480 root DEBUG testcase.py               201   start                     : Starting test function: ptsprojects.testcase.TestFunc <function gap_conn at 0x7f5db38d5cf8> 2 None ('00:1B:DC:E0:37:6C', 0) {}
2016-07-21 11:08:58,480 root DEBUG testcase.py               209   start                     : Test function parameters: args=('00:1B:DC:E0:37:6C', 0), kwds={}
2016-07-21 11:08:58,480 root DEBUG btp.py                    329   gap_conn                  : gap_conn '00:1B:DC:E0:37:6C' 0
2016-07-21 11:08:58,480 root DEBUG iutctl.py                 98    send                      : send, 1 14 0 bytearray(b'\x00l7\xe0\xdc\x1b\x00')
2016-07-21 11:08:58,480 root DEBUG iutctl.py                 108   send                      : btpclient command: send 1 14 0 006c37e0dc1b00
2016-07-21 11:08:58,481 root DEBUG btpparser.py              59    enc_frame                 : enc_frame, 1 14 0 bytearray(b'\x00l7\xe0\xdc\x1b\x00')
2016-07-21 11:08:58,481 root DEBUG iutctl.py                 112   send                      : sending frame '\x01\x0e\x00\x07\x00\x00l7\xe0\xdc\x1b\x00'
2016-07-21 11:08:58,481 root DEBUG btp.py                    588   gap_command_rsp_succ      : gap_command_rsp_succ
2016-07-21 11:08:58,481 root DEBUG iutctl.py                 64    read                      : read
2016-07-21 11:08:58,485 root DEBUG btpparser.py              39    dec_hdr                   : dec_hdr, bytearray(b'\x01\x0e\x00\x00\x00')
2016-07-21 11:08:58,486 root DEBUG iutctl.py                 78    read                      : Received: hdr: header(svc_id=1, op=14, ctrl_index=0, data_len=0) bytearray(b'\x01\x0e\x00\x00\x00')
2016-07-21 11:08:58,487 root DEBUG btpparser.py              49    dec_data                  : dec_data, bytearray(b'')
2016-07-21 11:08:58,487 root DEBUG iutctl.py                 91    read                      : Received data: ('',), bytearray(b'')
2016-07-21 11:08:58,487 root DEBUG btp.py                    593   gap_command_rsp_succ      : received header(svc_id=1, op=14, ctrl_index=0, data_len=0) ('',)
2016-07-21 11:08:58,487 root DEBUG testcase.py               201   start                     : Starting test function: ptsprojects.testcase.TestFunc <function gap_connected_ev at 0x7f5db38d5c80> 2 None ('00:1B:DC:E0:37:6C', 0) {}
2016-07-21 11:08:58,487 root DEBUG testcase.py               209   start                     : Test function parameters: args=('00:1B:DC:E0:37:6C', 0), kwds={}
2016-07-21 11:08:58,487 root DEBUG btp.py                    309   gap_connected_ev          : gap_connected_ev '00:1B:DC:E0:37:6C' 0
2016-07-21 11:08:58,488 root DEBUG iutctl.py                 64    read                      : read
2016-07-21 11:09:03,472 root DEBUG btpparser.py              39    dec_hdr                   : dec_hdr, bytearray(b'\x01\x82\x00\x07\x00')
2016-07-21 11:09:03,473 root DEBUG iutctl.py                 78    read                      : Received: hdr: header(svc_id=1, op=130, ctrl_index=0, data_len=7) bytearray(b'\x01\x82\x00\x07\x00')
2016-07-21 11:09:03,473 root DEBUG btpparser.py              49    dec_data                  : dec_data, bytearray(b'l7\xe0\xdc\x1b\x00\x00')
2016-07-21 11:09:03,473 root DEBUG iutctl.py                 91    read                      : Received data: ('l7\xe0\xdc\x1b\x00\x00',), bytearray(b'l7\xe0\xdc\x1b\x00\x00')
2016-07-21 11:09:03,474 root DEBUG btp.py                    313   gap_connected_ev          : received header(svc_id=1, op=130, ctrl_index=0, data_len=7) ('l7\xe0\xdc\x1b\x00\x00',)
2016-07-21 11:09:03,474 root DEBUG testcase.py               494   on_implicit_send          : Sending response 'OK'
2016-07-21 11:09:03,474 ClientCallback.on_implicit_send INFO autoptsclient_common.py   143   on_implicit_send          : test case returned on_implicit_send, response: OK
2016-07-21 11:09:03,474 ClientCallback.on_implicit_send INFO autoptsclient_common.py   151   on_implicit_send          : END OnImplicitSend:
2016-07-21 11:09:03,474 ClientCallback.on_implicit_send INFO autoptsclient_common.py   152   on_implicit_send          : ********************
2016-07-21 11:09:03,487 ClientCallback.on_implicit_send INFO autoptsclient_common.py   116   on_implicit_send          : ********************
2016-07-21 11:09:03,487 ClientCallback.on_implicit_send INFO autoptsclient_common.py   117   on_implicit_send          : BEGIN OnImplicitSend:
2016-07-21 11:09:03,487 ClientCallback.on_implicit_send INFO autoptsclient_common.py   118   on_implicit_send          : project_name: GATT
2016-07-21 11:09:03,487 ClientCallback.on_implicit_send INFO autoptsclient_common.py   119   on_implicit_send          : wid: 58
2016-07-21 11:09:03,488 ClientCallback.on_implicit_send INFO autoptsclient_common.py   120   on_implicit_send          : test_case_name: TC_GAR_CL_BI_28_C
2016-07-21 11:09:03,488 ClientCallback.on_implicit_send INFO autoptsclient_common.py   121   on_implicit_send          : description: Please send read characteristic descriptor handle = '0068'O to the PTS.

Description: Verify that the Implementation Under Test (IUT) can send Read characteristic descriptor.
2016-07-21 11:09:03,488 ClientCallback.on_implicit_send INFO autoptsclient_common.py   122   on_implicit_send          : style: MMI_Style_Ok_Cancel2 0x11141
2016-07-21 11:09:03,488 ClientCallback.on_implicit_send INFO autoptsclient_common.py   124   on_implicit_send          : response: 1687860 <type 'int'> 16914624
2016-07-21 11:09:03,488 ClientCallback.on_implicit_send INFO autoptsclient_common.py   125   on_implicit_send          : response_size: 2048
2016-07-21 11:09:03,488 ClientCallback.on_implicit_send INFO autoptsclient_common.py   127   on_implicit_send          : response_is_present: 0 <type 'int'>
2016-07-21 11:09:03,488 ClientCallback.on_implicit_send INFO autoptsclient_common.py   131   on_implicit_send          : Calling test cases on_implicit_send
2016-07-21 11:09:03,489 root DEBUG testcase.py               467   on_implicit_send          : GATT TC_GAR_CL_BI_28_C on_implicit_send
2016-07-21 11:09:03,489 root DEBUG testcase.py               59    parse_description         : parse_description "Please send read characteristic descriptor handle = '0068'O to the PTS.\n\nDescription: Verify that the Implementation Under Test (IUT) can send Read characteristic descriptor."
2016-07-21 11:09:03,489 root DEBUG testcase.py               63    parse_description         : Parse result: ['0068']
2016-07-21 11:09:03,489 root DEBUG testcase.py               201   start                     : Starting test function: ptsprojects.testcase.TestFunc <function gattc_read at 0x7f5db38edcf8> 58 None (0, '00:1B:DC:E0:37:6C', 'MMI_arg_value_1') {}
2016-07-21 11:09:03,489 root DEBUG testcase.py               78    process_args              : process_args: (0, '00:1B:DC:E0:37:6C', 'MMI_arg_value_1')
2016-07-21 11:09:03,489 root DEBUG testcase.py               79    process_args              : MMI.args now ['0068']
2016-07-21 11:09:03,490 root DEBUG testcase.py               93    process_args              : returning (0, '00:1B:DC:E0:37:6C', '0068')
2016-07-21 11:09:03,490 root DEBUG testcase.py               209   start                     : Test function parameters: args=(0, '00:1B:DC:E0:37:6C', '0068'), kwds={}
2016-07-21 11:09:03,490 root DEBUG btp.py                    956   gattc_read                : gattc_read 0 '00:1B:DC:E0:37:6C' '0068'
2016-07-21 11:09:03,490 root DEBUG iutctl.py                 98    send                      : send, 2 17 0 bytearray(b'\x00l7\xe0\xdc\x1b\x00h\x00')
2016-07-21 11:09:03,490 root DEBUG iutctl.py                 108   send                      : btpclient command: send 2 17 0 006c37e0dc1b006800
2016-07-21 11:09:03,490 root DEBUG btpparser.py              59    enc_frame                 : enc_frame, 2 17 0 bytearray(b'\x00l7\xe0\xdc\x1b\x00h\x00')
2016-07-21 11:09:03,491 root DEBUG iutctl.py                 112   send                      : sending frame '\x02\x11\x00\t\x00\x00l7\xe0\xdc\x1b\x00h\x00'
2016-07-21 11:09:03,491 root DEBUG testcase.py               201   start                     : Starting test function: ptsprojects.testcase.TestFunc <function gattc_read_rsp at 0x7f5db38ee8c0> 58 None () {'store_rsp': True}
2016-07-21 11:09:03,491 root DEBUG testcase.py               209   start                     : Test function parameters: args=(), kwds={'store_rsp': True}
2016-07-21 11:09:03,491 root DEBUG iutctl.py                 64    read                      : read
2016-07-21 11:09:03,573 root DEBUG btpparser.py              39    dec_hdr                   : dec_hdr, bytearray(b'\x02\x11\x00\x03\x00')
2016-07-21 11:09:03,575 root DEBUG iutctl.py                 78    read                      : Received: hdr: header(svc_id=2, op=17, ctrl_index=0, data_len=3) bytearray(b'\x02\x11\x00\x03\x00')
2016-07-21 11:09:03,575 root DEBUG btpparser.py              49    dec_data                  : dec_data, bytearray(b'\x02\x00\x00')
2016-07-21 11:09:03,575 root DEBUG iutctl.py                 91    read                      : Received data: ('\x02\x00\x00',), bytearray(b'\x02\x00\x00')
2016-07-21 11:09:03,575 root DEBUG btp.py                    1586  gattc_read_rsp            : gattc_read_rsp received header(svc_id=2, op=17, ctrl_index=0, data_len=3) ('\x02\x00\x00',)
2016-07-21 11:09:03,575 root DEBUG btp.py                    1591  gattc_read_rsp            : gattc_read_rsp 2 ('',)
2016-07-21 11:09:03,576 root DEBUG testcase.py               494   on_implicit_send          : Sending response 'OK'
2016-07-21 11:09:03,576 ClientCallback.on_implicit_send INFO autoptsclient_common.py   143   on_implicit_send          : test case returned on_implicit_send, response: OK
2016-07-21 11:09:03,576 ClientCallback.on_implicit_send INFO autoptsclient_common.py   151   on_implicit_send          : END OnImplicitSend:
2016-07-21 11:09:03,576 ClientCallback.on_implicit_send INFO autoptsclient_common.py   152   on_implicit_send          : ********************
2016-07-21 11:09:03,588 ClientCallback.on_implicit_send INFO autoptsclient_common.py   116   on_implicit_send          : ********************
2016-07-21 11:09:03,588 ClientCallback.on_implicit_send INFO autoptsclient_common.py   117   on_implicit_send          : BEGIN OnImplicitSend:
2016-07-21 11:09:03,588 ClientCallback.on_implicit_send INFO autoptsclient_common.py   118   on_implicit_send          : project_name: GATT
2016-07-21 11:09:03,588 ClientCallback.on_implicit_send INFO autoptsclient_common.py   119   on_implicit_send          : wid: 41
2016-07-21 11:09:03,588 ClientCallback.on_implicit_send INFO autoptsclient_common.py   120   on_implicit_send          : test_case_name: TC_GAR_CL_BI_28_C
2016-07-21 11:09:03,589 ClientCallback.on_implicit_send INFO autoptsclient_common.py   121   on_implicit_send          : description: Please confirm IUT receive read is not permitted error. Click Yes if IUT receive it, othwise click No.

Description: Verify that the Implementation Under Test (IUT) indicate read is not permitted error when read a characteristic.
2016-07-21 11:09:03,589 ClientCallback.on_implicit_send INFO autoptsclient_common.py   122   on_implicit_send          : style: MMI_Style_Yes_No1 0x11044
2016-07-21 11:09:03,589 ClientCallback.on_implicit_send INFO autoptsclient_common.py   124   on_implicit_send          : response: 1687860 <type 'int'> 16914624
2016-07-21 11:09:03,589 ClientCallback.on_implicit_send INFO autoptsclient_common.py   125   on_implicit_send          : response_size: 2048
2016-07-21 11:09:03,589 ClientCallback.on_implicit_send INFO autoptsclient_common.py   127   on_implicit_send          : response_is_present: 0 <type 'int'>
2016-07-21 11:09:03,589 ClientCallback.on_implicit_send INFO autoptsclient_common.py   131   on_implicit_send          : Calling test cases on_implicit_send
2016-07-21 11:09:03,590 root DEBUG testcase.py               467   on_implicit_send          : GATT TC_GAR_CL_BI_28_C on_implicit_send
2016-07-21 11:09:03,590 root DEBUG testcase.py               364   handle_mmi_style_yes_no1  : handle_mmi_style_yes_no1, 41 'Please confirm IUT receive read is not permitted error. Click Yes if IUT receive it, othwise click No.\n\nDescription: Verify that the Implementation Under Test (IUT) indicate read is not permitted error when read a characteristic.'
2016-07-21 11:09:03,590 root DEBUG testcase.py               366   handle_mmi_style_yes_no1  : no_wid=None verify_wids={41: <function verify_description at 0x7f5db38d5848>}
2016-07-21 11:09:03,590 root DEBUG testcase.py               378   handle_mmi_style_yes_no1  : Starting verification of: {41: <function verify_description at 0x7f5db38d5848>}
2016-07-21 11:09:03,590 root DEBUG btp.py                    139   verify_description        : description='Please confirm IUT receive read is not permitted error. Click Yes if IUT receive it, othwise click No.\n\nDescription: Verify that the Implementation Under Test (IUT) indicate read is not permitted error when read a characteristic.'
2016-07-21 11:09:03,590 root DEBUG btp.py                    142   verify_description        : Verifying values: ['read is not permitted error']
2016-07-21 11:09:03,591 root DEBUG btp.py                    151   verify_description        : Verifying: 'read is not permitted error'
2016-07-21 11:09:03,591 root DEBUG btp.py                    157   verify_description        : All verifications passed
2016-07-21 11:09:03,591 root DEBUG testcase.py               408   handle_mmi_style_yes_no1  : All verifications passed
2016-07-21 11:09:03,591 root DEBUG testcase.py               494   on_implicit_send          : Sending response 'Yes'
2016-07-21 11:09:03,591 ClientCallback.on_implicit_send INFO autoptsclient_common.py   143   on_implicit_send          : test case returned on_implicit_send, response: Yes
2016-07-21 11:09:03,591 ClientCallback.on_implicit_send INFO autoptsclient_common.py   151   on_implicit_send          : END OnImplicitSend:
2016-07-21 11:09:03,592 ClientCallback.on_implicit_send INFO autoptsclient_common.py   152   on_implicit_send          : ********************
2016-07-21 11:09:03,602 ClientCallback.on_implicit_send INFO autoptsclient_common.py   116   on_implicit_send          : ********************
2016-07-21 11:09:03,602 ClientCallback.on_implicit_send INFO autoptsclient_common.py   117   on_implicit_send          : BEGIN OnImplicitSend:
2016-07-21 11:09:03,603 ClientCallback.on_implicit_send INFO autoptsclient_common.py   118   on_implicit_send          : project_name: GATT
2016-07-21 11:09:03,603 ClientCallback.on_implicit_send INFO autoptsclient_common.py   119   on_implicit_send          : wid: 3
2016-07-21 11:09:03,603 ClientCallback.on_implicit_send INFO autoptsclient_common.py   120   on_implicit_send          : test_case_name: TC_GAR_CL_BI_28_C
2016-07-21 11:09:03,603 ClientCallback.on_implicit_send INFO autoptsclient_common.py   121   on_implicit_send          : description: Please initiate a GATT disconnection to the PTS.

Description: Verify that the Implementation Under Test (IUT) can initiate GATT disconnect request to PTS
2016-07-21 11:09:03,603 ClientCallback.on_implicit_send INFO autoptsclient_common.py   122   on_implicit_send          : style: MMI_Style_Ok_Cancel2 0x11141
2016-07-21 11:09:03,604 ClientCallback.on_implicit_send INFO autoptsclient_common.py   124   on_implicit_send          : response: 1687860 <type 'int'> 16914624
2016-07-21 11:09:03,604 ClientCallback.on_implicit_send INFO autoptsclient_common.py   125   on_implicit_send          : response_size: 2048
2016-07-21 11:09:03,604 ClientCallback.on_implicit_send INFO autoptsclient_common.py   127   on_implicit_send          : response_is_present: 0 <type 'int'>
2016-07-21 11:09:03,604 ClientCallback.on_implicit_send INFO autoptsclient_common.py   131   on_implicit_send          : Calling test cases on_implicit_send
2016-07-21 11:09:03,604 root DEBUG testcase.py               467   on_implicit_send          : GATT TC_GAR_CL_BI_28_C on_implicit_send
2016-07-21 11:09:03,604 root DEBUG testcase.py               201   start                     : Starting test function: ptsprojects.testcase.TestFunc <function gap_disconn at 0x7f5db38d5de8> 3 None ('00:1B:DC:E0:37:6C', 0) {}
2016-07-21 11:09:03,604 root DEBUG testcase.py               209   start                     : Test function parameters: args=('00:1B:DC:E0:37:6C', 0), kwds={}
2016-07-21 11:09:03,605 root DEBUG btp.py                    365   gap_disconn               : gap_disconn '00:1B:DC:E0:37:6C' 0
2016-07-21 11:09:03,605 root DEBUG iutctl.py                 98    send                      : send, 1 15 0 bytearray(b'\x00l7\xe0\xdc\x1b\x00')
2016-07-21 11:09:03,605 root DEBUG iutctl.py                 108   send                      : btpclient command: send 1 15 0 006c37e0dc1b00
2016-07-21 11:09:03,605 root DEBUG btpparser.py              59    enc_frame                 : enc_frame, 1 15 0 bytearray(b'\x00l7\xe0\xdc\x1b\x00')
2016-07-21 11:09:03,605 root DEBUG iutctl.py                 112   send                      : sending frame '\x01\x0f\x00\x07\x00\x00l7\xe0\xdc\x1b\x00'
2016-07-21 11:09:03,605 root DEBUG btp.py                    588   gap_command_rsp_succ      : gap_command_rsp_succ
2016-07-21 11:09:03,605 root DEBUG iutctl.py                 64    read                      : read
2016-07-21 11:09:03,608 root DEBUG btpparser.py              39    dec_hdr                   : dec_hdr, bytearray(b'\x01\x0f\x00\x00\x00')
2016-07-21 11:09:03,609 root DEBUG iutctl.py                 78    read                      : Received: hdr: header(svc_id=1, op=15, ctrl_index=0, data_len=0) bytearray(b'\x01\x0f\x00\x00\x00')
2016-07-21 11:09:03,609 root DEBUG btpparser.py              49    dec_data                  : dec_data, bytearray(b'')
2016-07-21 11:09:03,610 root DEBUG iutctl.py                 91    read                      : Received data: ('',), bytearray(b'')
2016-07-21 11:09:03,610 root DEBUG btp.py                    593   gap_command_rsp_succ      : received header(svc_id=1, op=15, ctrl_index=0, data_len=0) ('',)
2016-07-21 11:09:03,610 root DEBUG testcase.py               201   start                     : Starting test function: ptsprojects.testcase.TestFunc <function gap_disconnected_ev at 0x7f5db38d5d70> 3 None ('00:1B:DC:E0:37:6C', 0) {}
2016-07-21 11:09:03,610 root DEBUG testcase.py               209   start                     : Test function parameters: args=('00:1B:DC:E0:37:6C', 0), kwds={}
2016-07-21 11:09:03,610 root DEBUG btp.py                    345   gap_disconnected_ev       : gap_disconnected_ev '00:1B:DC:E0:37:6C' 0
2016-07-21 11:09:03,610 root DEBUG iutctl.py                 64    read                      : read
2016-07-21 11:09:03,623 root DEBUG btpparser.py              39    dec_hdr                   : dec_hdr, bytearray(b'\x01\x83\x00\x07\x00')
2016-07-21 11:09:03,624 root DEBUG iutctl.py                 78    read                      : Received: hdr: header(svc_id=1, op=131, ctrl_index=0, data_len=7) bytearray(b'\x01\x83\x00\x07\x00')
2016-07-21 11:09:03,624 root DEBUG btpparser.py              49    dec_data                  : dec_data, bytearray(b'l7\xe0\xdc\x1b\x00\x00')
2016-07-21 11:09:03,625 root DEBUG iutctl.py                 91    read                      : Received data: ('l7\xe0\xdc\x1b\x00\x00',), bytearray(b'l7\xe0\xdc\x1b\x00\x00')
2016-07-21 11:09:03,625 root DEBUG btp.py                    349   gap_disconnected_ev       : received header(svc_id=1, op=131, ctrl_index=0, data_len=7) ('l7\xe0\xdc\x1b\x00\x00',)
2016-07-21 11:09:03,625 root DEBUG testcase.py               494   on_implicit_send          : Sending response 'OK'
2016-07-21 11:09:03,625 ClientCallback.on_implicit_send INFO autoptsclient_common.py   143   on_implicit_send          : test case returned on_implicit_send, response: OK
2016-07-21 11:09:03,625 ClientCallback.on_implicit_send INFO autoptsclient_common.py   151   on_implicit_send          : END OnImplicitSend:
2016-07-21 11:09:03,626 ClientCallback.on_implicit_send INFO autoptsclient_common.py   152   on_implicit_send          : ********************
2016-07-21 11:09:06,238 ClientCallback.log INFO autoptsclient_common.py   82    log                       : PTS_LOGTYPE_START_TEST Start Test Case 

+0 ms
 TC_GAR_CL_BI_28_C

2016-07-21 11:09:06,238 root DEBUG testcase.py               358   log                       : New status GATT TC_GAR_CL_BI_28_C - Started
2016-07-21 11:09:06,385 ClientCallback.log INFO autoptsclient_common.py   82    log                       : PTS_LOGTYPE_FINAL_VERDICT Final Verdict 

+12356 ms
 PASS

2016-07-21 11:09:06,385 root DEBUG testcase.py               358   log                       : New status GATT TC_GAR_CL_BI_28_C - PASS
2016-07-21 11:09:06,392 ClientCallback.log INFO autoptsclient_common.py   82    log                       : PTS_LOGTYPE_FINAL_VERDICT Encrypted Verdict 

+12356 ms
 A1#ZWY4MzQ5MDg3MmQwNTIxOGQzMzQ5YjY2ODA5M2MzNjQ5ZDY4NmY0Yjc2MzIzM2VkNTUyNTFhNGU4Mjg1MjI0NA==#qAKJAzAOegScmNupEFnCboaK/rBfpz9vaUxBGvjFZj2f9CJHW1496H+ea4SC+u+n

2016-07-21 11:09:06,420 ClientCallback.log INFO autoptsclient_common.py   82    log                       : PTS_LOGTYPE_END_TEST Test Case Ended 

+12356 ms
 TC_GAR_CL_BI_28_C

2016-07-21 11:09:06,573 root DEBUG testcase.py               518   post_run                  : post_run GATT TC_GAR_CL_BI_28_C 
2016-07-21 11:09:06,574 root DEBUG testcase.py               201   start                     : Starting test function: ptsprojects.testcase.TestFuncCleanUp <bound method ZephyrCtl.stop of <ptsprojects.zephyr.iutctl.ZephyrCtl instance at 0x7f5db38fafc8>> None None () {}
2016-07-21 11:09:06,574 root DEBUG testcase.py               209   start                     : Test function parameters: args=(), kwds={}
2016-07-21 11:09:06,574 root DEBUG iutctl.py                 207   stop                      : ptsprojects.zephyr.iutctl.ZephyrCtl.stop
2016-07-21 11:09:09,577 root DEBUG autoptsclient_common.py   395   run_test_case             : Done TestCase wrapper GATT TC_GAR_CL_BI_28_C
