2016-07-21 09:43:09,512 root DEBUG autoptsclient_common.py   349   run_test_case             : Starting TestCase wrapper GATT TC_GAR_SR_BI_22_C
2016-07-21 09:43:09,512 root DEBUG testcase.py               499   pre_run                   : pre_run GATT TC_GAR_SR_BI_22_C
2016-07-21 09:43:09,512 root DEBUG testcase.py               502   pre_run                   : About to run test case GATT TC_GAR_SR_BI_22_C with commands:
2016-07-21 09:43:09,513 root DEBUG testcase.py               504   pre_run                   : 0) ptsprojects.testcase.TestFunc <bound method ZephyrCtl.start of <ptsprojects.zephyr.iutctl.ZephyrCtl instance at 0x7fdb71194fc8>> None None () {}
2016-07-21 09:43:09,513 root DEBUG testcase.py               504   pre_run                   : 1) ptsprojects.testcase.TestFunc <function core_reg_svc_gap at 0x7fdb7116fa28> None None () {}
2016-07-21 09:43:09,513 root DEBUG testcase.py               504   pre_run                   : 2) ptsprojects.testcase.TestFunc <function core_reg_svc_gatts at 0x7fdb7116faa0> None None () {}
2016-07-21 09:43:09,513 root DEBUG testcase.py               504   pre_run                   : 3) ptsprojects.testcase.TestFunc <function gatts_add_svc at 0x7fdb711875f0> None None (0, 'AA50') {}
2016-07-21 09:43:09,513 root DEBUG testcase.py               504   pre_run                   : 4) ptsprojects.testcase.TestFunc <function gatts_add_char at 0x7fdb711876e0> None None (0, 2, 1, '2A01') {}
2016-07-21 09:43:09,513 root DEBUG testcase.py               504   pre_run                   : 5) ptsprojects.testcase.TestFunc <function gatts_set_val at 0x7fdb71187758> None None (0, '0512') {}
2016-07-21 09:43:09,513 root DEBUG testcase.py               504   pre_run                   : 6) ptsprojects.testcase.TestFunc <function gatts_add_char at 0x7fdb711876e0> None None (0, 2, 4, '2A8C') {}
2016-07-21 09:43:09,513 root DEBUG testcase.py               504   pre_run                   : 7) ptsprojects.testcase.TestFunc <function gatts_set_val at 0x7fdb71187758> None None (0, '01') {}
2016-07-21 09:43:09,513 root DEBUG testcase.py               504   pre_run                   : 8) ptsprojects.testcase.TestFunc <function gatts_set_enc_key_size at 0x7fdb711878c0> None None (0, 15) {}
2016-07-21 09:43:09,513 root DEBUG testcase.py               504   pre_run                   : 9) ptsprojects.testcase.TestFunc <function gatts_add_char at 0x7fdb711876e0> None None (0, 2, 1, '2A85') {}
2016-07-21 09:43:09,513 root DEBUG testcase.py               504   pre_run                   : 10) ptsprojects.testcase.TestFunc <function gatts_set_val at 0x7fdb71187758> None None (0, '20151124') {}
2016-07-21 09:43:09,513 root DEBUG testcase.py               504   pre_run                   : 11) ptsprojects.testcase.TestFunc <function gatts_add_char at 0x7fdb711876e0> None None (0, 2, 1, '2A19') {}
2016-07-21 09:43:09,514 root DEBUG testcase.py               504   pre_run                   : 12) ptsprojects.testcase.TestFunc <function gatts_set_val at 0x7fdb71187758> None None (0, '10') {}
2016-07-21 09:43:09,514 root DEBUG testcase.py               504   pre_run                   : 13) ptsprojects.testcase.TestFunc <function gatts_start_server at 0x7fdb71187848> None None () {}
2016-07-21 09:43:09,514 root DEBUG testcase.py               504   pre_run                   : 14) ptsprojects.testcase.TestFunc <function gap_adv_ind_on at 0x7fdb7116fb90> 1 None () {}
2016-07-21 09:43:09,514 root DEBUG testcase.py               504   pre_run                   : 15) ptsprojects.testcase.TestFuncCleanUp <bound method ZephyrCtl.stop of <ptsprojects.zephyr.iutctl.ZephyrCtl instance at 0x7fdb71194fc8>> None None () {}
2016-07-21 09:43:09,514 root DEBUG testcase.py               201   start                     : Starting test function: ptsprojects.testcase.TestFunc <bound method ZephyrCtl.start of <ptsprojects.zephyr.iutctl.ZephyrCtl instance at 0x7fdb71194fc8>> None None () {}
2016-07-21 09:43:09,514 root DEBUG testcase.py               209   start                     : Test function parameters: args=(), kwds={}
2016-07-21 09:43:09,514 root DEBUG iutctl.py                 173   start                     : ptsprojects.zephyr.iutctl.ZephyrCtl.start
2016-07-21 09:43:09,514 root DEBUG iutctl.py                 160   reset_board               : About to reset DUT: "/home/skamrmar/bin/zflash/openocd/bin/openocd -s /home/skamrmar/bin/zflash/openocd/share/scripts -f /home/skamrmar/bin/zflash/boards/mountatlas/openocd.cfg -c 'init' -c 'reset run' -c 'shutdown'"
2016-07-21 09:43:11,504 root DEBUG iutctl.py                 184   start                     : Starting socat process: socat -x -v /dev/ttyUSB1,raw,b115200 UNIX-CONNECT:/tmp/bt-stack-tester
2016-07-21 09:43:11,507 root DEBUG iutctl.py                 56    accept                    : accept
2016-07-21 09:43:11,511 root DEBUG testcase.py               201   start                     : Starting test function: ptsprojects.testcase.TestFunc <function core_reg_svc_gap at 0x7fdb7116fa28> None None () {}
2016-07-21 09:43:11,511 root DEBUG testcase.py               209   start                     : Test function parameters: args=(), kwds={}
2016-07-21 09:43:11,511 root DEBUG btp.py                    226   core_reg_svc_gap          : core_reg_svc_gap
2016-07-21 09:43:11,511 root DEBUG iutctl.py                 98    send                      : send, 0 3 255 1
2016-07-21 09:43:11,511 root DEBUG iutctl.py                 108   send                      : btpclient command: send 0 3 255 01
2016-07-21 09:43:11,511 root DEBUG btpparser.py              59    enc_frame                 : enc_frame, 0 3 255 '\x01'
2016-07-21 09:43:11,512 root DEBUG iutctl.py                 112   send                      : sending frame '\x00\x03\xff\x01\x00\x01'
2016-07-21 09:43:13,074 root DEBUG btp.py                    246   core_reg_svc_rsp_succ     : core_reg_svc_rsp_succ
2016-07-21 09:43:13,074 root DEBUG iutctl.py                 64    read                      : read
2016-07-21 09:43:13,587 root DEBUG btpparser.py              39    dec_hdr                   : dec_hdr, bytearray(b'\x00\x03\xff\x00\x00')
2016-07-21 09:43:13,588 root DEBUG iutctl.py                 78    read                      : Received: hdr: header(svc_id=0, op=3, ctrl_index=255, data_len=0) bytearray(b'\x00\x03\xff\x00\x00')
2016-07-21 09:43:13,589 root DEBUG btpparser.py              49    dec_data                  : dec_data, bytearray(b'')
2016-07-21 09:43:13,589 root DEBUG iutctl.py                 91    read                      : Received data: ('',), bytearray(b'')
2016-07-21 09:43:13,589 root DEBUG btp.py                    257   core_reg_svc_rsp_succ     : received header(svc_id=0, op=3, ctrl_index=255, data_len=0) ('',)
2016-07-21 09:43:13,589 root DEBUG btp.py                    258   core_reg_svc_rsp_succ     : expected ((0, 3, 255, 0), ('',))
2016-07-21 09:43:13,589 root DEBUG btp.py                    264   core_reg_svc_rsp_succ     : response is valid
2016-07-21 09:43:13,590 root DEBUG testcase.py               201   start                     : Starting test function: ptsprojects.testcase.TestFunc <function core_reg_svc_gatts at 0x7fdb7116faa0> None None () {}
2016-07-21 09:43:13,590 root DEBUG testcase.py               209   start                     : Test function parameters: args=(), kwds={}
2016-07-21 09:43:13,590 root DEBUG btp.py                    237   core_reg_svc_gatts        : core_reg_svc_gatts
2016-07-21 09:43:13,590 root DEBUG iutctl.py                 98    send                      : send, 0 3 255 2
2016-07-21 09:43:13,590 root DEBUG iutctl.py                 108   send                      : btpclient command: send 0 3 255 02
2016-07-21 09:43:13,591 root DEBUG btpparser.py              59    enc_frame                 : enc_frame, 0 3 255 '\x02'
2016-07-21 09:43:13,591 root DEBUG iutctl.py                 112   send                      : sending frame '\x00\x03\xff\x01\x00\x02'
2016-07-21 09:43:13,591 root DEBUG btp.py                    246   core_reg_svc_rsp_succ     : core_reg_svc_rsp_succ
2016-07-21 09:43:13,591 root DEBUG iutctl.py                 64    read                      : read
2016-07-21 09:43:13,593 root DEBUG btpparser.py              39    dec_hdr                   : dec_hdr, bytearray(b'\x00\x03\xff\x00\x00')
2016-07-21 09:43:13,594 root DEBUG iutctl.py                 78    read                      : Received: hdr: header(svc_id=0, op=3, ctrl_index=255, data_len=0) bytearray(b'\x00\x03\xff\x00\x00')
2016-07-21 09:43:13,594 root DEBUG btpparser.py              49    dec_data                  : dec_data, bytearray(b'')
2016-07-21 09:43:13,594 root DEBUG iutctl.py                 91    read                      : Received data: ('',), bytearray(b'')
2016-07-21 09:43:13,595 root DEBUG btp.py                    257   core_reg_svc_rsp_succ     : received header(svc_id=0, op=3, ctrl_index=255, data_len=0) ('',)
2016-07-21 09:43:13,595 root DEBUG btp.py                    258   core_reg_svc_rsp_succ     : expected ((0, 3, 255, 0), ('',))
2016-07-21 09:43:13,595 root DEBUG btp.py                    264   core_reg_svc_rsp_succ     : response is valid
2016-07-21 09:43:13,595 root DEBUG testcase.py               201   start                     : Starting test function: ptsprojects.testcase.TestFunc <function gatts_add_svc at 0x7fdb711875f0> None None (0, 'AA50') {}
2016-07-21 09:43:13,595 root DEBUG testcase.py               209   start                     : Test function parameters: args=(0, 'AA50'), kwds={}
2016-07-21 09:43:13,595 root DEBUG btp.py                    599   gatts_add_svc             : gatts_add_svc 0 'AA50'
2016-07-21 09:43:13,596 root DEBUG iutctl.py                 98    send                      : send, 2 2 0 bytearray(b'\x00\x02P\xaa')
2016-07-21 09:43:13,596 root DEBUG iutctl.py                 108   send                      : btpclient command: send 2 2 0 000250aa
2016-07-21 09:43:13,596 root DEBUG btpparser.py              59    enc_frame                 : enc_frame, 2 2 0 bytearray(b'\x00\x02P\xaa')
2016-07-21 09:43:13,596 root DEBUG iutctl.py                 112   send                      : sending frame '\x02\x02\x00\x04\x00\x00\x02P\xaa'
2016-07-21 09:43:13,596 root DEBUG btp.py                    1218  gatt_command_rsp_succ     : gatt_command_rsp_succ
2016-07-21 09:43:13,596 root DEBUG iutctl.py                 64    read                      : read
2016-07-21 09:43:13,599 root DEBUG btpparser.py              39    dec_hdr                   : dec_hdr, bytearray(b'\x02\x02\x00\x02\x00')
2016-07-21 09:43:13,600 root DEBUG iutctl.py                 78    read                      : Received: hdr: header(svc_id=2, op=2, ctrl_index=0, data_len=2) bytearray(b'\x02\x02\x00\x02\x00')
2016-07-21 09:43:13,600 root DEBUG btpparser.py              49    dec_data                  : dec_data, bytearray(b'\x00\x00')
2016-07-21 09:43:13,600 root DEBUG iutctl.py                 91    read                      : Received data: ('\x00\x00',), bytearray(b'\x00\x00')
2016-07-21 09:43:13,601 root DEBUG btp.py                    1223  gatt_command_rsp_succ     : received header(svc_id=2, op=2, ctrl_index=0, data_len=2) ('\x00\x00',)
2016-07-21 09:43:13,601 root DEBUG testcase.py               201   start                     : Starting test function: ptsprojects.testcase.TestFunc <function gatts_add_char at 0x7fdb711876e0> None None (0, 2, 1, '2A01') {}
2016-07-21 09:43:13,601 root DEBUG testcase.py               209   start                     : Test function parameters: args=(0, 2, 1, '2A01'), kwds={}
2016-07-21 09:43:13,601 root DEBUG btp.py                    634   gatts_add_char            : gatts_add_char 0 2 1 '2A01'
2016-07-21 09:43:13,601 root DEBUG iutctl.py                 98    send                      : send, 2 3 0 bytearray(b'\x00\x00\x02\x01\x02\x01*')
2016-07-21 09:43:13,601 root DEBUG iutctl.py                 108   send                      : btpclient command: send 2 3 0 0000020102012a
2016-07-21 09:43:13,602 root DEBUG btpparser.py              59    enc_frame                 : enc_frame, 2 3 0 bytearray(b'\x00\x00\x02\x01\x02\x01*')
2016-07-21 09:43:13,602 root DEBUG iutctl.py                 112   send                      : sending frame '\x02\x03\x00\x07\x00\x00\x00\x02\x01\x02\x01*'
2016-07-21 09:43:13,602 root DEBUG btp.py                    1218  gatt_command_rsp_succ     : gatt_command_rsp_succ
2016-07-21 09:43:13,602 root DEBUG iutctl.py                 64    read                      : read
2016-07-21 09:43:13,605 root DEBUG btpparser.py              39    dec_hdr                   : dec_hdr, bytearray(b'\x02\x03\x00\x02\x00')
2016-07-21 09:43:13,606 root DEBUG iutctl.py                 78    read                      : Received: hdr: header(svc_id=2, op=3, ctrl_index=0, data_len=2) bytearray(b'\x02\x03\x00\x02\x00')
2016-07-21 09:43:13,606 root DEBUG btpparser.py              49    dec_data                  : dec_data, bytearray(b'\x00\x00')
2016-07-21 09:43:13,606 root DEBUG iutctl.py                 91    read                      : Received data: ('\x00\x00',), bytearray(b'\x00\x00')
2016-07-21 09:43:13,606 root DEBUG btp.py                    1223  gatt_command_rsp_succ     : received header(svc_id=2, op=3, ctrl_index=0, data_len=2) ('\x00\x00',)
2016-07-21 09:43:13,607 root DEBUG testcase.py               201   start                     : Starting test function: ptsprojects.testcase.TestFunc <function gatts_set_val at 0x7fdb71187758> None None (0, '0512') {}
2016-07-21 09:43:13,607 root DEBUG testcase.py               209   start                     : Test function parameters: args=(0, '0512'), kwds={}
2016-07-21 09:43:13,607 root DEBUG btp.py                    657   gatts_set_val             : gatts_set_val 0 '0512' 
2016-07-21 09:43:13,607 root DEBUG iutctl.py                 98    send                      : send, 2 6 0 bytearray(b'\x00\x00\x02\x00\x05\x12')
2016-07-21 09:43:13,607 root DEBUG iutctl.py                 108   send                      : btpclient command: send 2 6 0 000002000512
2016-07-21 09:43:13,607 root DEBUG btpparser.py              59    enc_frame                 : enc_frame, 2 6 0 bytearray(b'\x00\x00\x02\x00\x05\x12')
2016-07-21 09:43:13,608 root DEBUG iutctl.py                 112   send                      : sending frame '\x02\x06\x00\x06\x00\x00\x00\x02\x00\x05\x12'
2016-07-21 09:43:13,608 root DEBUG btp.py                    1218  gatt_command_rsp_succ     : gatt_command_rsp_succ
2016-07-21 09:43:13,608 root DEBUG iutctl.py                 64    read                      : read
2016-07-21 09:43:13,611 root DEBUG btpparser.py              39    dec_hdr                   : dec_hdr, bytearray(b'\x02\x06\x00\x00\x00')
2016-07-21 09:43:13,612 root DEBUG iutctl.py                 78    read                      : Received: hdr: header(svc_id=2, op=6, ctrl_index=0, data_len=0) bytearray(b'\x02\x06\x00\x00\x00')
2016-07-21 09:43:13,612 root DEBUG btpparser.py              49    dec_data                  : dec_data, bytearray(b'')
2016-07-21 09:43:13,612 root DEBUG iutctl.py                 91    read                      : Received data: ('',), bytearray(b'')
2016-07-21 09:43:13,612 root DEBUG btp.py                    1223  gatt_command_rsp_succ     : received header(svc_id=2, op=6, ctrl_index=0, data_len=0) ('',)
2016-07-21 09:43:13,613 root DEBUG testcase.py               201   start                     : Starting test function: ptsprojects.testcase.TestFunc <function gatts_add_char at 0x7fdb711876e0> None None (0, 2, 4, '2A8C') {}
2016-07-21 09:43:13,613 root DEBUG testcase.py               209   start                     : Test function parameters: args=(0, 2, 4, '2A8C'), kwds={}
2016-07-21 09:43:13,613 root DEBUG btp.py                    634   gatts_add_char            : gatts_add_char 0 2 4 '2A8C'
2016-07-21 09:43:13,613 root DEBUG iutctl.py                 98    send                      : send, 2 3 0 bytearray(b'\x00\x00\x02\x04\x02\x8c*')
2016-07-21 09:43:13,613 root DEBUG iutctl.py                 108   send                      : btpclient command: send 2 3 0 00000204028c2a
2016-07-21 09:43:13,613 root DEBUG btpparser.py              59    enc_frame                 : enc_frame, 2 3 0 bytearray(b'\x00\x00\x02\x04\x02\x8c*')
2016-07-21 09:43:13,613 root DEBUG iutctl.py                 112   send                      : sending frame '\x02\x03\x00\x07\x00\x00\x00\x02\x04\x02\x8c*'
2016-07-21 09:43:13,614 root DEBUG btp.py                    1218  gatt_command_rsp_succ     : gatt_command_rsp_succ
2016-07-21 09:43:13,614 root DEBUG iutctl.py                 64    read                      : read
2016-07-21 09:43:13,617 root DEBUG btpparser.py              39    dec_hdr                   : dec_hdr, bytearray(b'\x02\x03\x00\x02\x00')
2016-07-21 09:43:13,618 root DEBUG iutctl.py                 78    read                      : Received: hdr: header(svc_id=2, op=3, ctrl_index=0, data_len=2) bytearray(b'\x02\x03\x00\x02\x00')
2016-07-21 09:43:13,618 root DEBUG btpparser.py              49    dec_data                  : dec_data, bytearray(b'\x00\x00')
2016-07-21 09:43:13,618 root DEBUG iutctl.py                 91    read                      : Received data: ('\x00\x00',), bytearray(b'\x00\x00')
2016-07-21 09:43:13,618 root DEBUG btp.py                    1223  gatt_command_rsp_succ     : received header(svc_id=2, op=3, ctrl_index=0, data_len=2) ('\x00\x00',)
2016-07-21 09:43:13,619 root DEBUG testcase.py               201   start                     : Starting test function: ptsprojects.testcase.TestFunc <function gatts_set_val at 0x7fdb71187758> None None (0, '01') {}
2016-07-21 09:43:13,619 root DEBUG testcase.py               209   start                     : Test function parameters: args=(0, '01'), kwds={}
2016-07-21 09:43:13,619 root DEBUG btp.py                    657   gatts_set_val             : gatts_set_val 0 '01' 
2016-07-21 09:43:13,619 root DEBUG iutctl.py                 98    send                      : send, 2 6 0 bytearray(b'\x00\x00\x01\x00\x01')
2016-07-21 09:43:13,619 root DEBUG iutctl.py                 108   send                      : btpclient command: send 2 6 0 0000010001
2016-07-21 09:43:13,619 root DEBUG btpparser.py              59    enc_frame                 : enc_frame, 2 6 0 bytearray(b'\x00\x00\x01\x00\x01')
2016-07-21 09:43:13,620 root DEBUG iutctl.py                 112   send                      : sending frame '\x02\x06\x00\x05\x00\x00\x00\x01\x00\x01'
2016-07-21 09:43:13,620 root DEBUG btp.py                    1218  gatt_command_rsp_succ     : gatt_command_rsp_succ
2016-07-21 09:43:13,620 root DEBUG iutctl.py                 64    read                      : read
2016-07-21 09:43:13,622 root DEBUG btpparser.py              39    dec_hdr                   : dec_hdr, bytearray(b'\x02\x06\x00\x00\x00')
2016-07-21 09:43:13,623 root DEBUG iutctl.py                 78    read                      : Received: hdr: header(svc_id=2, op=6, ctrl_index=0, data_len=0) bytearray(b'\x02\x06\x00\x00\x00')
2016-07-21 09:43:13,623 root DEBUG btpparser.py              49    dec_data                  : dec_data, bytearray(b'')
2016-07-21 09:43:13,623 root DEBUG iutctl.py                 91    read                      : Received data: ('',), bytearray(b'')
2016-07-21 09:43:13,623 root DEBUG btp.py                    1223  gatt_command_rsp_succ     : received header(svc_id=2, op=6, ctrl_index=0, data_len=0) ('',)
2016-07-21 09:43:13,623 root DEBUG testcase.py               201   start                     : Starting test function: ptsprojects.testcase.TestFunc <function gatts_set_enc_key_size at 0x7fdb711878c0> None None (0, 15) {}
2016-07-21 09:43:13,624 root DEBUG testcase.py               209   start                     : Test function parameters: args=(0, 15), kwds={}
2016-07-21 09:43:13,624 root DEBUG btp.py                    711   gatts_set_enc_key_size    : gatts_set_enc_key_size 0 15
2016-07-21 09:43:13,624 root DEBUG iutctl.py                 98    send                      : send, 2 9 0 bytearray(b'\x00\x00\x0f')
2016-07-21 09:43:13,624 root DEBUG iutctl.py                 108   send                      : btpclient command: send 2 9 0 00000f
2016-07-21 09:43:13,624 root DEBUG btpparser.py              59    enc_frame                 : enc_frame, 2 9 0 bytearray(b'\x00\x00\x0f')
2016-07-21 09:43:13,624 root DEBUG iutctl.py                 112   send                      : sending frame '\x02\t\x00\x03\x00\x00\x00\x0f'
2016-07-21 09:43:13,624 root DEBUG btp.py                    1218  gatt_command_rsp_succ     : gatt_command_rsp_succ
2016-07-21 09:43:13,625 root DEBUG iutctl.py                 64    read                      : read
2016-07-21 09:43:13,627 root DEBUG btpparser.py              39    dec_hdr                   : dec_hdr, bytearray(b'\x02\t\x00\x00\x00')
2016-07-21 09:43:13,628 root DEBUG iutctl.py                 78    read                      : Received: hdr: header(svc_id=2, op=9, ctrl_index=0, data_len=0) bytearray(b'\x02\t\x00\x00\x00')
2016-07-21 09:43:13,628 root DEBUG btpparser.py              49    dec_data                  : dec_data, bytearray(b'')
2016-07-21 09:43:13,628 root DEBUG iutctl.py                 91    read                      : Received data: ('',), bytearray(b'')
2016-07-21 09:43:13,628 root DEBUG btp.py                    1223  gatt_command_rsp_succ     : received header(svc_id=2, op=9, ctrl_index=0, data_len=0) ('',)
2016-07-21 09:43:13,628 root DEBUG testcase.py               201   start                     : Starting test function: ptsprojects.testcase.TestFunc <function gatts_add_char at 0x7fdb711876e0> None None (0, 2, 1, '2A85') {}
2016-07-21 09:43:13,629 root DEBUG testcase.py               209   start                     : Test function parameters: args=(0, 2, 1, '2A85'), kwds={}
2016-07-21 09:43:13,629 root DEBUG btp.py                    634   gatts_add_char            : gatts_add_char 0 2 1 '2A85'
2016-07-21 09:43:13,629 root DEBUG iutctl.py                 98    send                      : send, 2 3 0 bytearray(b'\x00\x00\x02\x01\x02\x85*')
2016-07-21 09:43:13,629 root DEBUG iutctl.py                 108   send                      : btpclient command: send 2 3 0 0000020102852a
2016-07-21 09:43:13,629 root DEBUG btpparser.py              59    enc_frame                 : enc_frame, 2 3 0 bytearray(b'\x00\x00\x02\x01\x02\x85*')
2016-07-21 09:43:13,629 root DEBUG iutctl.py                 112   send                      : sending frame '\x02\x03\x00\x07\x00\x00\x00\x02\x01\x02\x85*'
2016-07-21 09:43:13,629 root DEBUG btp.py                    1218  gatt_command_rsp_succ     : gatt_command_rsp_succ
2016-07-21 09:43:13,630 root DEBUG iutctl.py                 64    read                      : read
2016-07-21 09:43:13,632 root DEBUG btpparser.py              39    dec_hdr                   : dec_hdr, bytearray(b'\x02\x03\x00\x02\x00')
2016-07-21 09:43:13,633 root DEBUG iutctl.py                 78    read                      : Received: hdr: header(svc_id=2, op=3, ctrl_index=0, data_len=2) bytearray(b'\x02\x03\x00\x02\x00')
2016-07-21 09:43:13,633 root DEBUG btpparser.py              49    dec_data                  : dec_data, bytearray(b'\x00\x00')
2016-07-21 09:43:13,633 root DEBUG iutctl.py                 91    read                      : Received data: ('\x00\x00',), bytearray(b'\x00\x00')
2016-07-21 09:43:13,633 root DEBUG btp.py                    1223  gatt_command_rsp_succ     : received header(svc_id=2, op=3, ctrl_index=0, data_len=2) ('\x00\x00',)
2016-07-21 09:43:13,633 root DEBUG testcase.py               201   start                     : Starting test function: ptsprojects.testcase.TestFunc <function gatts_set_val at 0x7fdb71187758> None None (0, '20151124') {}
2016-07-21 09:43:13,634 root DEBUG testcase.py               209   start                     : Test function parameters: args=(0, '20151124'), kwds={}
2016-07-21 09:43:13,634 root DEBUG btp.py                    657   gatts_set_val             : gatts_set_val 0 '20151124' 
2016-07-21 09:43:13,634 root DEBUG iutctl.py                 98    send                      : send, 2 6 0 bytearray(b'\x00\x00\x04\x00 \x15\x11$')
2016-07-21 09:43:13,634 root DEBUG iutctl.py                 108   send                      : btpclient command: send 2 6 0 0000040020151124
2016-07-21 09:43:13,634 root DEBUG btpparser.py              59    enc_frame                 : enc_frame, 2 6 0 bytearray(b'\x00\x00\x04\x00 \x15\x11$')
2016-07-21 09:43:13,634 root DEBUG iutctl.py                 112   send                      : sending frame '\x02\x06\x00\x08\x00\x00\x00\x04\x00 \x15\x11$'
2016-07-21 09:43:13,634 root DEBUG btp.py                    1218  gatt_command_rsp_succ     : gatt_command_rsp_succ
2016-07-21 09:43:13,635 root DEBUG iutctl.py                 64    read                      : read
2016-07-21 09:43:13,637 root DEBUG btpparser.py              39    dec_hdr                   : dec_hdr, bytearray(b'\x02\x06\x00\x00\x00')
2016-07-21 09:43:13,638 root DEBUG iutctl.py                 78    read                      : Received: hdr: header(svc_id=2, op=6, ctrl_index=0, data_len=0) bytearray(b'\x02\x06\x00\x00\x00')
2016-07-21 09:43:13,638 root DEBUG btpparser.py              49    dec_data                  : dec_data, bytearray(b'')
2016-07-21 09:43:13,638 root DEBUG iutctl.py                 91    read                      : Received data: ('',), bytearray(b'')
2016-07-21 09:43:13,639 root DEBUG btp.py                    1223  gatt_command_rsp_succ     : received header(svc_id=2, op=6, ctrl_index=0, data_len=0) ('',)
2016-07-21 09:43:13,639 root DEBUG testcase.py               201   start                     : Starting test function: ptsprojects.testcase.TestFunc <function gatts_add_char at 0x7fdb711876e0> None None (0, 2, 1, '2A19') {}
2016-07-21 09:43:13,639 root DEBUG testcase.py               209   start                     : Test function parameters: args=(0, 2, 1, '2A19'), kwds={}
2016-07-21 09:43:13,639 root DEBUG btp.py                    634   gatts_add_char            : gatts_add_char 0 2 1 '2A19'
2016-07-21 09:43:13,639 root DEBUG iutctl.py                 98    send                      : send, 2 3 0 bytearray(b'\x00\x00\x02\x01\x02\x19*')
2016-07-21 09:43:13,639 root DEBUG iutctl.py                 108   send                      : btpclient command: send 2 3 0 0000020102192a
2016-07-21 09:43:13,639 root DEBUG btpparser.py              59    enc_frame                 : enc_frame, 2 3 0 bytearray(b'\x00\x00\x02\x01\x02\x19*')
2016-07-21 09:43:13,639 root DEBUG iutctl.py                 112   send                      : sending frame '\x02\x03\x00\x07\x00\x00\x00\x02\x01\x02\x19*'
2016-07-21 09:43:13,640 root DEBUG btp.py                    1218  gatt_command_rsp_succ     : gatt_command_rsp_succ
2016-07-21 09:43:13,640 root DEBUG iutctl.py                 64    read                      : read
2016-07-21 09:43:13,643 root DEBUG btpparser.py              39    dec_hdr                   : dec_hdr, bytearray(b'\x02\x03\x00\x02\x00')
2016-07-21 09:43:13,644 root DEBUG iutctl.py                 78    read                      : Received: hdr: header(svc_id=2, op=3, ctrl_index=0, data_len=2) bytearray(b'\x02\x03\x00\x02\x00')
2016-07-21 09:43:13,644 root DEBUG btpparser.py              49    dec_data                  : dec_data, bytearray(b'\x00\x00')
2016-07-21 09:43:13,644 root DEBUG iutctl.py                 91    read                      : Received data: ('\x00\x00',), bytearray(b'\x00\x00')
2016-07-21 09:43:13,644 root DEBUG btp.py                    1223  gatt_command_rsp_succ     : received header(svc_id=2, op=3, ctrl_index=0, data_len=2) ('\x00\x00',)
2016-07-21 09:43:13,644 root DEBUG testcase.py               201   start                     : Starting test function: ptsprojects.testcase.TestFunc <function gatts_set_val at 0x7fdb71187758> None None (0, '10') {}
2016-07-21 09:43:13,644 root DEBUG testcase.py               209   start                     : Test function parameters: args=(0, '10'), kwds={}
2016-07-21 09:43:13,645 root DEBUG btp.py                    657   gatts_set_val             : gatts_set_val 0 '10' 
2016-07-21 09:43:13,645 root DEBUG iutctl.py                 98    send                      : send, 2 6 0 bytearray(b'\x00\x00\x01\x00\x10')
2016-07-21 09:43:13,645 root DEBUG iutctl.py                 108   send                      : btpclient command: send 2 6 0 0000010010
2016-07-21 09:43:13,645 root DEBUG btpparser.py              59    enc_frame                 : enc_frame, 2 6 0 bytearray(b'\x00\x00\x01\x00\x10')
2016-07-21 09:43:13,645 root DEBUG iutctl.py                 112   send                      : sending frame '\x02\x06\x00\x05\x00\x00\x00\x01\x00\x10'
2016-07-21 09:43:13,645 root DEBUG btp.py                    1218  gatt_command_rsp_succ     : gatt_command_rsp_succ
2016-07-21 09:43:13,645 root DEBUG iutctl.py                 64    read                      : read
2016-07-21 09:43:13,648 root DEBUG btpparser.py              39    dec_hdr                   : dec_hdr, bytearray(b'\x02\x06\x00\x00\x00')
2016-07-21 09:43:13,649 root DEBUG iutctl.py                 78    read                      : Received: hdr: header(svc_id=2, op=6, ctrl_index=0, data_len=0) bytearray(b'\x02\x06\x00\x00\x00')
2016-07-21 09:43:13,649 root DEBUG btpparser.py              49    dec_data                  : dec_data, bytearray(b'')
2016-07-21 09:43:13,649 root DEBUG iutctl.py                 91    read                      : Received data: ('',), bytearray(b'')
2016-07-21 09:43:13,649 root DEBUG btp.py                    1223  gatt_command_rsp_succ     : received header(svc_id=2, op=6, ctrl_index=0, data_len=0) ('',)
2016-07-21 09:43:13,649 root DEBUG testcase.py               201   start                     : Starting test function: ptsprojects.testcase.TestFunc <function gatts_start_server at 0x7fdb71187848> None None () {}
2016-07-21 09:43:13,649 root DEBUG testcase.py               209   start                     : Test function parameters: args=(), kwds={}
2016-07-21 09:43:13,650 root DEBUG btp.py                    701   gatts_start_server        : gatts_start_server
2016-07-21 09:43:13,650 root DEBUG iutctl.py                 98    send                      : send, 2 7 0 ''
2016-07-21 09:43:13,650 root DEBUG iutctl.py                 108   send                      : btpclient command: send 2 7 0 
2016-07-21 09:43:13,650 root DEBUG btpparser.py              59    enc_frame                 : enc_frame, 2 7 0 ''
2016-07-21 09:43:13,650 root DEBUG iutctl.py                 112   send                      : sending frame '\x02\x07\x00\x00\x00'
2016-07-21 09:43:13,650 root DEBUG btp.py                    1218  gatt_command_rsp_succ     : gatt_command_rsp_succ
2016-07-21 09:43:13,650 root DEBUG iutctl.py                 64    read                      : read
2016-07-21 09:43:13,653 root DEBUG btpparser.py              39    dec_hdr                   : dec_hdr, bytearray(b'\x02\x07\x00\x03\x00')
2016-07-21 09:43:13,654 root DEBUG iutctl.py                 78    read                      : Received: hdr: header(svc_id=2, op=7, ctrl_index=0, data_len=3) bytearray(b'\x02\x07\x00\x03\x00')
2016-07-21 09:43:13,654 root DEBUG btpparser.py              49    dec_data                  : dec_data, bytearray(b'\x00\x00\t')
2016-07-21 09:43:13,654 root DEBUG iutctl.py                 91    read                      : Received data: ('\x00\x00\t',), bytearray(b'\x00\x00\t')
2016-07-21 09:43:13,654 root DEBUG btp.py                    1223  gatt_command_rsp_succ     : received header(svc_id=2, op=7, ctrl_index=0, data_len=3) ('\x00\x00\t',)
2016-07-21 09:43:22,622 ClientCallback.on_implicit_send INFO autoptsclient_common.py   116   on_implicit_send          : ********************
2016-07-21 09:43:22,622 ClientCallback.on_implicit_send INFO autoptsclient_common.py   117   on_implicit_send          : BEGIN OnImplicitSend:
2016-07-21 09:43:22,622 ClientCallback.on_implicit_send INFO autoptsclient_common.py   118   on_implicit_send          : project_name: GATT
2016-07-21 09:43:22,622 ClientCallback.on_implicit_send INFO autoptsclient_common.py   119   on_implicit_send          : wid: 1
2016-07-21 09:43:22,622 ClientCallback.on_implicit_send INFO autoptsclient_common.py   120   on_implicit_send          : test_case_name: TC_GAR_SR_BI_22_C
2016-07-21 09:43:22,623 ClientCallback.on_implicit_send INFO autoptsclient_common.py   121   on_implicit_send          : description: Please prepare IUT into a connectable mode.

Description: Verify that the Implementation Under Test (IUT) can accept GATT connect request from PTS.
2016-07-21 09:43:22,623 ClientCallback.on_implicit_send INFO autoptsclient_common.py   122   on_implicit_send          : style: MMI_Style_Ok_Cancel2 0x11141
2016-07-21 09:43:22,623 ClientCallback.on_implicit_send INFO autoptsclient_common.py   124   on_implicit_send          : response: 1687864 <type 'int'> 37964616
2016-07-21 09:43:22,623 ClientCallback.on_implicit_send INFO autoptsclient_common.py   125   on_implicit_send          : response_size: 2048
2016-07-21 09:43:22,623 ClientCallback.on_implicit_send INFO autoptsclient_common.py   127   on_implicit_send          : response_is_present: 0 <type 'int'>
2016-07-21 09:43:22,623 ClientCallback.on_implicit_send INFO autoptsclient_common.py   131   on_implicit_send          : Calling test cases on_implicit_send
2016-07-21 09:43:22,624 root DEBUG testcase.py               467   on_implicit_send          : GATT TC_GAR_SR_BI_22_C on_implicit_send
2016-07-21 09:43:22,624 root DEBUG testcase.py               201   start                     : Starting test function: ptsprojects.testcase.TestFunc <function gap_adv_ind_on at 0x7fdb7116fb90> 1 None () {}
2016-07-21 09:43:22,624 root DEBUG testcase.py               209   start                     : Test function parameters: args=(), kwds={}
2016-07-21 09:43:22,624 root DEBUG btp.py                    268   gap_adv_ind_on            : gap_adv_ind_on None None
2016-07-21 09:43:22,624 root DEBUG iutctl.py                 98    send                      : send, 1 10 0 bytearray(b'\x00\x00')
2016-07-21 09:43:22,625 root DEBUG iutctl.py                 108   send                      : btpclient command: send 1 10 0 0000
2016-07-21 09:43:22,625 root DEBUG btpparser.py              59    enc_frame                 : enc_frame, 1 10 0 bytearray(b'\x00\x00')
2016-07-21 09:43:22,625 root DEBUG iutctl.py                 112   send                      : sending frame '\x01\n\x00\x02\x00\x00\x00'
2016-07-21 09:43:22,625 root DEBUG btp.py                    588   gap_command_rsp_succ      : gap_command_rsp_succ
2016-07-21 09:43:22,625 root DEBUG iutctl.py                 64    read                      : read
2016-07-21 09:43:22,632 root DEBUG btpparser.py              39    dec_hdr                   : dec_hdr, bytearray(b'\x01\n\x00\x04\x00')
2016-07-21 09:43:22,633 root DEBUG iutctl.py                 78    read                      : Received: hdr: header(svc_id=1, op=10, ctrl_index=0, data_len=4) bytearray(b'\x01\n\x00\x04\x00')
2016-07-21 09:43:22,633 root DEBUG btpparser.py              49    dec_data                  : dec_data, bytearray(b'\x13\x06\x00\x00')
2016-07-21 09:43:22,634 root DEBUG iutctl.py                 91    read                      : Received data: ('\x13\x06\x00\x00',), bytearray(b'\x13\x06\x00\x00')
2016-07-21 09:43:22,634 root DEBUG btp.py                    593   gap_command_rsp_succ      : received header(svc_id=1, op=10, ctrl_index=0, data_len=4) ('\x13\x06\x00\x00',)
2016-07-21 09:43:22,634 root DEBUG testcase.py               494   on_implicit_send          : Sending response 'OK'
2016-07-21 09:43:22,634 ClientCallback.on_implicit_send INFO autoptsclient_common.py   143   on_implicit_send          : test case returned on_implicit_send, response: OK
2016-07-21 09:43:22,634 ClientCallback.on_implicit_send INFO autoptsclient_common.py   151   on_implicit_send          : END OnImplicitSend:
2016-07-21 09:43:22,634 ClientCallback.on_implicit_send INFO autoptsclient_common.py   152   on_implicit_send          : ********************
2016-07-21 09:43:33,371 ClientCallback.log INFO autoptsclient_common.py   82    log                       : PTS_LOGTYPE_START_TEST Start Test Case 

+0 ms
 TC_GAR_SR_BI_22_C

2016-07-21 09:43:33,372 root DEBUG testcase.py               358   log                       : New status GATT TC_GAR_SR_BI_22_C - Started
2016-07-21 09:43:33,726 ClientCallback.log INFO autoptsclient_common.py   82    log                       : PTS_LOGTYPE_FINAL_VERDICT Final Verdict 

+15023 ms
 PASS

2016-07-21 09:43:33,726 root DEBUG testcase.py               358   log                       : New status GATT TC_GAR_SR_BI_22_C - PASS
2016-07-21 09:43:33,732 ClientCallback.log INFO autoptsclient_common.py   82    log                       : PTS_LOGTYPE_FINAL_VERDICT Encrypted Verdict 

+15023 ms
 A1#ZWY4MzQ5MDg3MmQwNTIxOGQzMzQ5YjY2ODA5M2MzNjQ5ZDY4NmY0Yjc2MzIzM2VkNTUyNTFhNGU4Mjg1MjI0NA==#qAKJAzAOegQSy/lln6LQR85DzqL1icP5r3Pfd0HOFeWg9l3amkVn6oJZSlhAGrew

2016-07-21 09:43:33,781 ClientCallback.log INFO autoptsclient_common.py   82    log                       : PTS_LOGTYPE_END_TEST Test Case Ended 

+15023 ms
 TC_GAR_SR_BI_22_C

2016-07-21 09:43:33,865 root DEBUG testcase.py               518   post_run                  : post_run GATT TC_GAR_SR_BI_22_C 
2016-07-21 09:43:33,865 root DEBUG testcase.py               201   start                     : Starting test function: ptsprojects.testcase.TestFuncCleanUp <bound method ZephyrCtl.stop of <ptsprojects.zephyr.iutctl.ZephyrCtl instance at 0x7fdb71194fc8>> None None () {}
2016-07-21 09:43:33,865 root DEBUG testcase.py               209   start                     : Test function parameters: args=(), kwds={}
2016-07-21 09:43:33,865 root DEBUG iutctl.py                 207   stop                      : ptsprojects.zephyr.iutctl.ZephyrCtl.stop
2016-07-21 09:43:36,868 root DEBUG autoptsclient_common.py   395   run_test_case             : Done TestCase wrapper GATT TC_GAR_SR_BI_22_C
