2016-07-21 11:59:59,382 root DEBUG autoptsclient_common.py   349   run_test_case             : Starting TestCase wrapper GATT TC_GAW_CL_BI_21_C
2016-07-21 11:59:59,382 root DEBUG testcase.py               499   pre_run                   : pre_run GATT TC_GAW_CL_BI_21_C
2016-07-21 11:59:59,382 root DEBUG testcase.py               502   pre_run                   : About to run test case GATT TC_GAW_CL_BI_21_C with commands:
2016-07-21 11:59:59,382 root DEBUG testcase.py               504   pre_run                   : 0) ptsprojects.testcase.TestFunc <bound method ZephyrCtl.start of <ptsprojects.zephyr.iutctl.ZephyrCtl instance at 0x7f63c1eadbd8>> None None () {}
2016-07-21 11:59:59,382 root DEBUG testcase.py               504   pre_run                   : 1) ptsprojects.testcase.TestFunc <function core_reg_svc_gap at 0x7f63c1e7ea28> None None () {}
2016-07-21 11:59:59,382 root DEBUG testcase.py               504   pre_run                   : 2) ptsprojects.testcase.TestFunc <function core_reg_svc_gatts at 0x7f63c1e7eaa0> None None () {}
2016-07-21 11:59:59,382 root DEBUG testcase.py               504   pre_run                   : 3) ptsprojects.testcase.TestFunc <function gap_conn at 0x7f63c1e7ecf8> 2 None ('00:1B:DC:E0:37:6C', 0) {}
2016-07-21 11:59:59,383 root DEBUG testcase.py               504   pre_run                   : 4) ptsprojects.testcase.TestFunc <function gap_connected_ev at 0x7f63c1e7ec80> 2 None ('00:1B:DC:E0:37:6C', 0) {}
2016-07-21 11:59:59,383 root DEBUG testcase.py               504   pre_run                   : 5) ptsprojects.testcase.TestFunc <function gattc_write at 0x7f63c1e96f50> 74 None (0, '00:1B:DC:E0:37:6C', 'MMI_arg_value_1', '12', 'MMI_arg_value_2') {}
2016-07-21 11:59:59,383 root DEBUG testcase.py               504   pre_run                   : 6) ptsprojects.testcase.TestFunc <function gattc_write_rsp at 0x7f63c1e97a28> 74 None (True,) {}
2016-07-21 11:59:59,383 root DEBUG testcase.py               504   pre_run                   : 7) ptsprojects.testcase.TestFunc <function gap_disconn at 0x7f63c1e7ede8> 3 None ('00:1B:DC:E0:37:6C', 0) {}
2016-07-21 11:59:59,383 root DEBUG testcase.py               504   pre_run                   : 8) ptsprojects.testcase.TestFunc <function gap_disconnected_ev at 0x7f63c1e7ed70> 3 None ('00:1B:DC:E0:37:6C', 0) {}
2016-07-21 11:59:59,383 root DEBUG testcase.py               504   pre_run                   : 9) ptsprojects.testcase.TestFuncCleanUp <bound method ZephyrCtl.stop of <ptsprojects.zephyr.iutctl.ZephyrCtl instance at 0x7f63c1eadbd8>> None None () {}
2016-07-21 11:59:59,383 root DEBUG testcase.py               201   start                     : Starting test function: ptsprojects.testcase.TestFunc <bound method ZephyrCtl.start of <ptsprojects.zephyr.iutctl.ZephyrCtl instance at 0x7f63c1eadbd8>> None None () {}
2016-07-21 11:59:59,383 root DEBUG testcase.py               209   start                     : Test function parameters: args=(), kwds={}
2016-07-21 11:59:59,383 root DEBUG iutctl.py                 173   start                     : ptsprojects.zephyr.iutctl.ZephyrCtl.start
2016-07-21 11:59:59,384 root DEBUG iutctl.py                 160   reset_board               : About to reset DUT: "/home/skamrmar/bin/zflash/openocd/bin/openocd -s /home/skamrmar/bin/zflash/openocd/share/scripts -f /home/skamrmar/bin/zflash/boards/mountatlas/openocd.cfg -c 'init' -c 'reset run' -c 'shutdown'"
2016-07-21 12:00:01,389 root DEBUG iutctl.py                 184   start                     : Starting socat process: socat -x -v /dev/ttyUSB1,raw,b115200 UNIX-CONNECT:/tmp/bt-stack-tester
2016-07-21 12:00:01,392 root DEBUG iutctl.py                 56    accept                    : accept
2016-07-21 12:00:01,395 root DEBUG testcase.py               201   start                     : Starting test function: ptsprojects.testcase.TestFunc <function core_reg_svc_gap at 0x7f63c1e7ea28> None None () {}
2016-07-21 12:00:01,395 root DEBUG testcase.py               209   start                     : Test function parameters: args=(), kwds={}
2016-07-21 12:00:01,395 root DEBUG btp.py                    226   core_reg_svc_gap          : core_reg_svc_gap
2016-07-21 12:00:01,395 root DEBUG iutctl.py                 98    send                      : send, 0 3 255 1
2016-07-21 12:00:01,395 root DEBUG iutctl.py                 108   send                      : btpclient command: send 0 3 255 01
2016-07-21 12:00:01,396 root DEBUG btpparser.py              59    enc_frame                 : enc_frame, 0 3 255 '\x01'
2016-07-21 12:00:01,396 root DEBUG iutctl.py                 112   send                      : sending frame '\x00\x03\xff\x01\x00\x01'
2016-07-21 12:00:02,941 root DEBUG btp.py                    246   core_reg_svc_rsp_succ     : core_reg_svc_rsp_succ
2016-07-21 12:00:02,942 root DEBUG iutctl.py                 64    read                      : read
2016-07-21 12:00:03,452 root DEBUG btpparser.py              39    dec_hdr                   : dec_hdr, bytearray(b'\x00\x03\xff\x00\x00')
2016-07-21 12:00:03,453 root DEBUG iutctl.py                 78    read                      : Received: hdr: header(svc_id=0, op=3, ctrl_index=255, data_len=0) bytearray(b'\x00\x03\xff\x00\x00')
2016-07-21 12:00:03,453 root DEBUG btpparser.py              49    dec_data                  : dec_data, bytearray(b'')
2016-07-21 12:00:03,453 root DEBUG iutctl.py                 91    read                      : Received data: ('',), bytearray(b'')
2016-07-21 12:00:03,453 root DEBUG btp.py                    257   core_reg_svc_rsp_succ     : received header(svc_id=0, op=3, ctrl_index=255, data_len=0) ('',)
2016-07-21 12:00:03,453 root DEBUG btp.py                    258   core_reg_svc_rsp_succ     : expected ((0, 3, 255, 0), ('',))
2016-07-21 12:00:03,453 root DEBUG btp.py                    264   core_reg_svc_rsp_succ     : response is valid
2016-07-21 12:00:03,454 root DEBUG testcase.py               201   start                     : Starting test function: ptsprojects.testcase.TestFunc <function core_reg_svc_gatts at 0x7f63c1e7eaa0> None None () {}
2016-07-21 12:00:03,454 root DEBUG testcase.py               209   start                     : Test function parameters: args=(), kwds={}
2016-07-21 12:00:03,454 root DEBUG btp.py                    237   core_reg_svc_gatts        : core_reg_svc_gatts
2016-07-21 12:00:03,454 root DEBUG iutctl.py                 98    send                      : send, 0 3 255 2
2016-07-21 12:00:03,454 root DEBUG iutctl.py                 108   send                      : btpclient command: send 0 3 255 02
2016-07-21 12:00:03,454 root DEBUG btpparser.py              59    enc_frame                 : enc_frame, 0 3 255 '\x02'
2016-07-21 12:00:03,454 root DEBUG iutctl.py                 112   send                      : sending frame '\x00\x03\xff\x01\x00\x02'
2016-07-21 12:00:03,455 root DEBUG btp.py                    246   core_reg_svc_rsp_succ     : core_reg_svc_rsp_succ
2016-07-21 12:00:03,455 root DEBUG iutctl.py                 64    read                      : read
2016-07-21 12:00:03,457 root DEBUG btpparser.py              39    dec_hdr                   : dec_hdr, bytearray(b'\x00\x03\xff\x00\x00')
2016-07-21 12:00:03,458 root DEBUG iutctl.py                 78    read                      : Received: hdr: header(svc_id=0, op=3, ctrl_index=255, data_len=0) bytearray(b'\x00\x03\xff\x00\x00')
2016-07-21 12:00:03,458 root DEBUG btpparser.py              49    dec_data                  : dec_data, bytearray(b'')
2016-07-21 12:00:03,458 root DEBUG iutctl.py                 91    read                      : Received data: ('',), bytearray(b'')
2016-07-21 12:00:03,459 root DEBUG btp.py                    257   core_reg_svc_rsp_succ     : received header(svc_id=0, op=3, ctrl_index=255, data_len=0) ('',)
2016-07-21 12:00:03,459 root DEBUG btp.py                    258   core_reg_svc_rsp_succ     : expected ((0, 3, 255, 0), ('',))
2016-07-21 12:00:03,459 root DEBUG btp.py                    264   core_reg_svc_rsp_succ     : response is valid
2016-07-21 12:00:09,645 ClientCallback.on_implicit_send INFO autoptsclient_common.py   116   on_implicit_send          : ********************
2016-07-21 12:00:09,645 ClientCallback.on_implicit_send INFO autoptsclient_common.py   117   on_implicit_send          : BEGIN OnImplicitSend:
2016-07-21 12:00:09,645 ClientCallback.on_implicit_send INFO autoptsclient_common.py   118   on_implicit_send          : project_name: GATT
2016-07-21 12:00:09,646 ClientCallback.on_implicit_send INFO autoptsclient_common.py   119   on_implicit_send          : wid: 2
2016-07-21 12:00:09,646 ClientCallback.on_implicit_send INFO autoptsclient_common.py   120   on_implicit_send          : test_case_name: TC_GAW_CL_BI_21_C
2016-07-21 12:00:09,646 ClientCallback.on_implicit_send INFO autoptsclient_common.py   121   on_implicit_send          : description: Please initiate a GATT connection to the PTS.

Description: Verify that the Implementation Under Test (IUT) can initiate GATT connect request to PTS.
2016-07-21 12:00:09,646 ClientCallback.on_implicit_send INFO autoptsclient_common.py   122   on_implicit_send          : style: MMI_Style_Ok_Cancel2 0x11141
2016-07-21 12:00:09,646 ClientCallback.on_implicit_send INFO autoptsclient_common.py   124   on_implicit_send          : response: 4375636 <type 'int'> 22141216
2016-07-21 12:00:09,646 ClientCallback.on_implicit_send INFO autoptsclient_common.py   125   on_implicit_send          : response_size: 2048
2016-07-21 12:00:09,646 ClientCallback.on_implicit_send INFO autoptsclient_common.py   127   on_implicit_send          : response_is_present: 0 <type 'int'>
2016-07-21 12:00:09,646 ClientCallback.on_implicit_send INFO autoptsclient_common.py   131   on_implicit_send          : Calling test cases on_implicit_send
2016-07-21 12:00:09,646 root DEBUG testcase.py               467   on_implicit_send          : GATT TC_GAW_CL_BI_21_C on_implicit_send
2016-07-21 12:00:09,647 root DEBUG testcase.py               201   start                     : Starting test function: ptsprojects.testcase.TestFunc <function gap_conn at 0x7f63c1e7ecf8> 2 None ('00:1B:DC:E0:37:6C', 0) {}
2016-07-21 12:00:09,647 root DEBUG testcase.py               209   start                     : Test function parameters: args=('00:1B:DC:E0:37:6C', 0), kwds={}
2016-07-21 12:00:09,647 root DEBUG btp.py                    329   gap_conn                  : gap_conn '00:1B:DC:E0:37:6C' 0
2016-07-21 12:00:09,647 root DEBUG iutctl.py                 98    send                      : send, 1 14 0 bytearray(b'\x00l7\xe0\xdc\x1b\x00')
2016-07-21 12:00:09,647 root DEBUG iutctl.py                 108   send                      : btpclient command: send 1 14 0 006c37e0dc1b00
2016-07-21 12:00:09,647 root DEBUG btpparser.py              59    enc_frame                 : enc_frame, 1 14 0 bytearray(b'\x00l7\xe0\xdc\x1b\x00')
2016-07-21 12:00:09,647 root DEBUG iutctl.py                 112   send                      : sending frame '\x01\x0e\x00\x07\x00\x00l7\xe0\xdc\x1b\x00'
2016-07-21 12:00:09,647 root DEBUG btp.py                    588   gap_command_rsp_succ      : gap_command_rsp_succ
2016-07-21 12:00:09,648 root DEBUG iutctl.py                 64    read                      : read
2016-07-21 12:00:09,651 root DEBUG btpparser.py              39    dec_hdr                   : dec_hdr, bytearray(b'\x01\x0e\x00\x00\x00')
2016-07-21 12:00:09,652 root DEBUG iutctl.py                 78    read                      : Received: hdr: header(svc_id=1, op=14, ctrl_index=0, data_len=0) bytearray(b'\x01\x0e\x00\x00\x00')
2016-07-21 12:00:09,652 root DEBUG btpparser.py              49    dec_data                  : dec_data, bytearray(b'')
2016-07-21 12:00:09,652 root DEBUG iutctl.py                 91    read                      : Received data: ('',), bytearray(b'')
2016-07-21 12:00:09,652 root DEBUG btp.py                    593   gap_command_rsp_succ      : received header(svc_id=1, op=14, ctrl_index=0, data_len=0) ('',)
2016-07-21 12:00:09,652 root DEBUG testcase.py               201   start                     : Starting test function: ptsprojects.testcase.TestFunc <function gap_connected_ev at 0x7f63c1e7ec80> 2 None ('00:1B:DC:E0:37:6C', 0) {}
2016-07-21 12:00:09,652 root DEBUG testcase.py               209   start                     : Test function parameters: args=('00:1B:DC:E0:37:6C', 0), kwds={}
2016-07-21 12:00:09,653 root DEBUG btp.py                    309   gap_connected_ev          : gap_connected_ev '00:1B:DC:E0:37:6C' 0
2016-07-21 12:00:09,653 root DEBUG iutctl.py                 64    read                      : read
2016-07-21 12:00:10,396 root DEBUG btpparser.py              39    dec_hdr                   : dec_hdr, bytearray(b'\x01\x82\x00\x07\x00')
2016-07-21 12:00:10,397 root DEBUG iutctl.py                 78    read                      : Received: hdr: header(svc_id=1, op=130, ctrl_index=0, data_len=7) bytearray(b'\x01\x82\x00\x07\x00')
2016-07-21 12:00:10,397 root DEBUG btpparser.py              49    dec_data                  : dec_data, bytearray(b'l7\xe0\xdc\x1b\x00\x00')
2016-07-21 12:00:10,397 root DEBUG iutctl.py                 91    read                      : Received data: ('l7\xe0\xdc\x1b\x00\x00',), bytearray(b'l7\xe0\xdc\x1b\x00\x00')
2016-07-21 12:00:10,397 root DEBUG btp.py                    313   gap_connected_ev          : received header(svc_id=1, op=130, ctrl_index=0, data_len=7) ('l7\xe0\xdc\x1b\x00\x00',)
2016-07-21 12:00:10,397 root DEBUG testcase.py               494   on_implicit_send          : Sending response 'OK'
2016-07-21 12:00:10,397 ClientCallback.on_implicit_send INFO autoptsclient_common.py   143   on_implicit_send          : test case returned on_implicit_send, response: OK
2016-07-21 12:00:10,397 ClientCallback.on_implicit_send INFO autoptsclient_common.py   151   on_implicit_send          : END OnImplicitSend:
2016-07-21 12:00:10,398 ClientCallback.on_implicit_send INFO autoptsclient_common.py   152   on_implicit_send          : ********************
2016-07-21 12:00:10,427 ClientCallback.on_implicit_send INFO autoptsclient_common.py   116   on_implicit_send          : ********************
2016-07-21 12:00:10,428 ClientCallback.on_implicit_send INFO autoptsclient_common.py   117   on_implicit_send          : BEGIN OnImplicitSend:
2016-07-21 12:00:10,428 ClientCallback.on_implicit_send INFO autoptsclient_common.py   118   on_implicit_send          : project_name: GATT
2016-07-21 12:00:10,428 ClientCallback.on_implicit_send INFO autoptsclient_common.py   119   on_implicit_send          : wid: 74
2016-07-21 12:00:10,428 ClientCallback.on_implicit_send INFO autoptsclient_common.py   120   on_implicit_send          : test_case_name: TC_GAW_CL_BI_21_C
2016-07-21 12:00:10,428 ClientCallback.on_implicit_send INFO autoptsclient_common.py   121   on_implicit_send          : description: Please send write request with characteristic handle = '00B4'O with <= '1' byte of any octet value to the PTS.

Description: Verify that the Implementation Under Test (IUT) can send write request.
2016-07-21 12:00:10,428 ClientCallback.on_implicit_send INFO autoptsclient_common.py   122   on_implicit_send          : style: MMI_Style_Ok_Cancel2 0x11141
2016-07-21 12:00:10,428 ClientCallback.on_implicit_send INFO autoptsclient_common.py   124   on_implicit_send          : response: 4375636 <type 'int'> 22141216
2016-07-21 12:00:10,428 ClientCallback.on_implicit_send INFO autoptsclient_common.py   125   on_implicit_send          : response_size: 2048
2016-07-21 12:00:10,428 ClientCallback.on_implicit_send INFO autoptsclient_common.py   127   on_implicit_send          : response_is_present: 0 <type 'int'>
2016-07-21 12:00:10,428 ClientCallback.on_implicit_send INFO autoptsclient_common.py   131   on_implicit_send          : Calling test cases on_implicit_send
2016-07-21 12:00:10,428 root DEBUG testcase.py               467   on_implicit_send          : GATT TC_GAW_CL_BI_21_C on_implicit_send
2016-07-21 12:00:10,429 root DEBUG testcase.py               59    parse_description         : parse_description "Please send write request with characteristic handle = '00B4'O with <= '1' byte of any octet value to the PTS.\n\nDescription: Verify that the Implementation Under Test (IUT) can send write request."
2016-07-21 12:00:10,429 root DEBUG testcase.py               63    parse_description         : Parse result: ['00B4', '1']
2016-07-21 12:00:10,429 root DEBUG testcase.py               201   start                     : Starting test function: ptsprojects.testcase.TestFunc <function gattc_write at 0x7f63c1e96f50> 74 None (0, '00:1B:DC:E0:37:6C', 'MMI_arg_value_1', '12', 'MMI_arg_value_2') {}
2016-07-21 12:00:10,429 root DEBUG testcase.py               78    process_args              : process_args: (0, '00:1B:DC:E0:37:6C', 'MMI_arg_value_1', '12', 'MMI_arg_value_2')
2016-07-21 12:00:10,429 root DEBUG testcase.py               79    process_args              : MMI.args now ['00B4', '1']
2016-07-21 12:00:10,429 root DEBUG testcase.py               93    process_args              : returning (0, '00:1B:DC:E0:37:6C', '00B4', '12', '1')
2016-07-21 12:00:10,429 root DEBUG testcase.py               209   start                     : Test function parameters: args=(0, '00:1B:DC:E0:37:6C', '00B4', '12', '1'), kwds={}
2016-07-21 12:00:10,429 root DEBUG btp.py                    1082  gattc_write               : gattc_write 0 '00:1B:DC:E0:37:6C' '00B4' '12' '1'
2016-07-21 12:00:10,429 root DEBUG iutctl.py                 98    send                      : send, 2 23 0 bytearray(b'\x00l7\xe0\xdc\x1b\x00\xb4\x00\x01\x00\x12')
2016-07-21 12:00:10,429 root DEBUG iutctl.py                 108   send                      : btpclient command: send 2 23 0 006c37e0dc1b00b400010012
2016-07-21 12:00:10,429 root DEBUG btpparser.py              59    enc_frame                 : enc_frame, 2 23 0 bytearray(b'\x00l7\xe0\xdc\x1b\x00\xb4\x00\x01\x00\x12')
2016-07-21 12:00:10,430 root DEBUG iutctl.py                 112   send                      : sending frame '\x02\x17\x00\x0c\x00\x00l7\xe0\xdc\x1b\x00\xb4\x00\x01\x00\x12'
2016-07-21 12:00:10,430 root DEBUG testcase.py               201   start                     : Starting test function: ptsprojects.testcase.TestFunc <function gattc_write_rsp at 0x7f63c1e97a28> 74 None (True,) {}
2016-07-21 12:00:10,430 root DEBUG testcase.py               209   start                     : Test function parameters: args=(True,), kwds={}
2016-07-21 12:00:10,430 root DEBUG iutctl.py                 64    read                      : read
2016-07-21 12:00:10,498 root DEBUG btpparser.py              39    dec_hdr                   : dec_hdr, bytearray(b'\x02\x17\x00\x01\x00')
2016-07-21 12:00:10,499 root DEBUG iutctl.py                 78    read                      : Received: hdr: header(svc_id=2, op=23, ctrl_index=0, data_len=1) bytearray(b'\x02\x17\x00\x01\x00')
2016-07-21 12:00:10,499 root DEBUG btpparser.py              49    dec_data                  : dec_data, bytearray(b'\x03')
2016-07-21 12:00:10,499 root DEBUG iutctl.py                 91    read                      : Received data: ('\x03',), bytearray(b'\x03')
2016-07-21 12:00:10,499 root DEBUG btp.py                    1656  gattc_write_rsp           : gattc_write_rsp received header(svc_id=2, op=23, ctrl_index=0, data_len=1) ('\x03',)
2016-07-21 12:00:10,499 root DEBUG btp.py                    1661  gattc_write_rsp           : gattc_write_rsp 3
2016-07-21 12:00:10,499 root DEBUG testcase.py               494   on_implicit_send          : Sending response 'OK'
2016-07-21 12:00:10,499 ClientCallback.on_implicit_send INFO autoptsclient_common.py   143   on_implicit_send          : test case returned on_implicit_send, response: OK
2016-07-21 12:00:10,499 ClientCallback.on_implicit_send INFO autoptsclient_common.py   151   on_implicit_send          : END OnImplicitSend:
2016-07-21 12:00:10,499 ClientCallback.on_implicit_send INFO autoptsclient_common.py   152   on_implicit_send          : ********************
2016-07-21 12:00:10,556 ClientCallback.on_implicit_send INFO autoptsclient_common.py   116   on_implicit_send          : ********************
2016-07-21 12:00:10,556 ClientCallback.on_implicit_send INFO autoptsclient_common.py   117   on_implicit_send          : BEGIN OnImplicitSend:
2016-07-21 12:00:10,556 ClientCallback.on_implicit_send INFO autoptsclient_common.py   118   on_implicit_send          : project_name: GATT
2016-07-21 12:00:10,556 ClientCallback.on_implicit_send INFO autoptsclient_common.py   119   on_implicit_send          : wid: 62
2016-07-21 12:00:10,557 ClientCallback.on_implicit_send INFO autoptsclient_common.py   120   on_implicit_send          : test_case_name: TC_GAW_CL_BI_21_C
2016-07-21 12:00:10,557 ClientCallback.on_implicit_send INFO autoptsclient_common.py   121   on_implicit_send          : description: Please confirm IUT receive write is not permitted error. Click Yes if IUT receive it, othwise click No.

Description: Verify that the Implementation Under Test (IUT) indicate write is not permitted error when write a characteristic.
2016-07-21 12:00:10,557 ClientCallback.on_implicit_send INFO autoptsclient_common.py   122   on_implicit_send          : style: MMI_Style_Yes_No1 0x11044
2016-07-21 12:00:10,557 ClientCallback.on_implicit_send INFO autoptsclient_common.py   124   on_implicit_send          : response: 4375636 <type 'int'> 22141216
2016-07-21 12:00:10,557 ClientCallback.on_implicit_send INFO autoptsclient_common.py   125   on_implicit_send          : response_size: 2048
2016-07-21 12:00:10,557 ClientCallback.on_implicit_send INFO autoptsclient_common.py   127   on_implicit_send          : response_is_present: 0 <type 'int'>
2016-07-21 12:00:10,557 ClientCallback.on_implicit_send INFO autoptsclient_common.py   131   on_implicit_send          : Calling test cases on_implicit_send
2016-07-21 12:00:10,557 root DEBUG testcase.py               467   on_implicit_send          : GATT TC_GAW_CL_BI_21_C on_implicit_send
2016-07-21 12:00:10,557 root DEBUG testcase.py               364   handle_mmi_style_yes_no1  : handle_mmi_style_yes_no1, 62 'Please confirm IUT receive write is not permitted error. Click Yes if IUT receive it, othwise click No.\n\nDescription: Verify that the Implementation Under Test (IUT) indicate write is not permitted error when write a characteristic.'
2016-07-21 12:00:10,557 root DEBUG testcase.py               366   handle_mmi_style_yes_no1  : no_wid=None verify_wids={62: <function verify_description at 0x7f63c1e7e848>}
2016-07-21 12:00:10,558 root DEBUG testcase.py               378   handle_mmi_style_yes_no1  : Starting verification of: {62: <function verify_description at 0x7f63c1e7e848>}
2016-07-21 12:00:10,558 root DEBUG btp.py                    139   verify_description        : description='Please confirm IUT receive write is not permitted error. Click Yes if IUT receive it, othwise click No.\n\nDescription: Verify that the Implementation Under Test (IUT) indicate write is not permitted error when write a characteristic.'
2016-07-21 12:00:10,558 root DEBUG btp.py                    142   verify_description        : Verifying values: ['write is not permitted error']
2016-07-21 12:00:10,558 root DEBUG btp.py                    151   verify_description        : Verifying: 'write is not permitted error'
2016-07-21 12:00:10,558 root DEBUG btp.py                    157   verify_description        : All verifications passed
2016-07-21 12:00:10,558 root DEBUG testcase.py               408   handle_mmi_style_yes_no1  : All verifications passed
2016-07-21 12:00:10,558 root DEBUG testcase.py               494   on_implicit_send          : Sending response 'Yes'
2016-07-21 12:00:10,558 ClientCallback.on_implicit_send INFO autoptsclient_common.py   143   on_implicit_send          : test case returned on_implicit_send, response: Yes
2016-07-21 12:00:10,558 ClientCallback.on_implicit_send INFO autoptsclient_common.py   151   on_implicit_send          : END OnImplicitSend:
2016-07-21 12:00:10,558 ClientCallback.on_implicit_send INFO autoptsclient_common.py   152   on_implicit_send          : ********************
2016-07-21 12:00:10,568 ClientCallback.on_implicit_send INFO autoptsclient_common.py   116   on_implicit_send          : ********************
2016-07-21 12:00:10,568 ClientCallback.on_implicit_send INFO autoptsclient_common.py   117   on_implicit_send          : BEGIN OnImplicitSend:
2016-07-21 12:00:10,568 ClientCallback.on_implicit_send INFO autoptsclient_common.py   118   on_implicit_send          : project_name: GATT
2016-07-21 12:00:10,568 ClientCallback.on_implicit_send INFO autoptsclient_common.py   119   on_implicit_send          : wid: 3
2016-07-21 12:00:10,568 ClientCallback.on_implicit_send INFO autoptsclient_common.py   120   on_implicit_send          : test_case_name: TC_GAW_CL_BI_21_C
2016-07-21 12:00:10,569 ClientCallback.on_implicit_send INFO autoptsclient_common.py   121   on_implicit_send          : description: Please initiate a GATT disconnection to the PTS.

Description: Verify that the Implementation Under Test (IUT) can initiate GATT disconnect request to PTS
2016-07-21 12:00:10,569 ClientCallback.on_implicit_send INFO autoptsclient_common.py   122   on_implicit_send          : style: MMI_Style_Ok_Cancel2 0x11141
2016-07-21 12:00:10,569 ClientCallback.on_implicit_send INFO autoptsclient_common.py   124   on_implicit_send          : response: 4375636 <type 'int'> 22141216
2016-07-21 12:00:10,569 ClientCallback.on_implicit_send INFO autoptsclient_common.py   125   on_implicit_send          : response_size: 2048
2016-07-21 12:00:10,569 ClientCallback.on_implicit_send INFO autoptsclient_common.py   127   on_implicit_send          : response_is_present: 0 <type 'int'>
2016-07-21 12:00:10,569 ClientCallback.on_implicit_send INFO autoptsclient_common.py   131   on_implicit_send          : Calling test cases on_implicit_send
2016-07-21 12:00:10,569 root DEBUG testcase.py               467   on_implicit_send          : GATT TC_GAW_CL_BI_21_C on_implicit_send
2016-07-21 12:00:10,569 root DEBUG testcase.py               201   start                     : Starting test function: ptsprojects.testcase.TestFunc <function gap_disconn at 0x7f63c1e7ede8> 3 None ('00:1B:DC:E0:37:6C', 0) {}
2016-07-21 12:00:10,569 root DEBUG testcase.py               209   start                     : Test function parameters: args=('00:1B:DC:E0:37:6C', 0), kwds={}
2016-07-21 12:00:10,570 root DEBUG btp.py                    365   gap_disconn               : gap_disconn '00:1B:DC:E0:37:6C' 0
2016-07-21 12:00:10,570 root DEBUG iutctl.py                 98    send                      : send, 1 15 0 bytearray(b'\x00l7\xe0\xdc\x1b\x00')
2016-07-21 12:00:10,570 root DEBUG iutctl.py                 108   send                      : btpclient command: send 1 15 0 006c37e0dc1b00
2016-07-21 12:00:10,570 root DEBUG btpparser.py              59    enc_frame                 : enc_frame, 1 15 0 bytearray(b'\x00l7\xe0\xdc\x1b\x00')
2016-07-21 12:00:10,570 root DEBUG iutctl.py                 112   send                      : sending frame '\x01\x0f\x00\x07\x00\x00l7\xe0\xdc\x1b\x00'
2016-07-21 12:00:10,570 root DEBUG btp.py                    588   gap_command_rsp_succ      : gap_command_rsp_succ
2016-07-21 12:00:10,570 root DEBUG iutctl.py                 64    read                      : read
2016-07-21 12:00:10,573 root DEBUG btpparser.py              39    dec_hdr                   : dec_hdr, bytearray(b'\x01\x0f\x00\x00\x00')
2016-07-21 12:00:10,574 root DEBUG iutctl.py                 78    read                      : Received: hdr: header(svc_id=1, op=15, ctrl_index=0, data_len=0) bytearray(b'\x01\x0f\x00\x00\x00')
2016-07-21 12:00:10,574 root DEBUG btpparser.py              49    dec_data                  : dec_data, bytearray(b'')
2016-07-21 12:00:10,575 root DEBUG iutctl.py                 91    read                      : Received data: ('',), bytearray(b'')
2016-07-21 12:00:10,575 root DEBUG btp.py                    593   gap_command_rsp_succ      : received header(svc_id=1, op=15, ctrl_index=0, data_len=0) ('',)
2016-07-21 12:00:10,575 root DEBUG testcase.py               201   start                     : Starting test function: ptsprojects.testcase.TestFunc <function gap_disconnected_ev at 0x7f63c1e7ed70> 3 None ('00:1B:DC:E0:37:6C', 0) {}
2016-07-21 12:00:10,575 root DEBUG testcase.py               209   start                     : Test function parameters: args=('00:1B:DC:E0:37:6C', 0), kwds={}
2016-07-21 12:00:10,575 root DEBUG btp.py                    345   gap_disconnected_ev       : gap_disconnected_ev '00:1B:DC:E0:37:6C' 0
2016-07-21 12:00:10,575 root DEBUG iutctl.py                 64    read                      : read
2016-07-21 12:00:10,598 root DEBUG btpparser.py              39    dec_hdr                   : dec_hdr, bytearray(b'\x01\x83\x00\x07\x00')
2016-07-21 12:00:10,598 root DEBUG iutctl.py                 78    read                      : Received: hdr: header(svc_id=1, op=131, ctrl_index=0, data_len=7) bytearray(b'\x01\x83\x00\x07\x00')
2016-07-21 12:00:10,599 root DEBUG btpparser.py              49    dec_data                  : dec_data, bytearray(b'l7\xe0\xdc\x1b\x00\x00')
2016-07-21 12:00:10,599 root DEBUG iutctl.py                 91    read                      : Received data: ('l7\xe0\xdc\x1b\x00\x00',), bytearray(b'l7\xe0\xdc\x1b\x00\x00')
2016-07-21 12:00:10,599 root DEBUG btp.py                    349   gap_disconnected_ev       : received header(svc_id=1, op=131, ctrl_index=0, data_len=7) ('l7\xe0\xdc\x1b\x00\x00',)
2016-07-21 12:00:10,599 root DEBUG testcase.py               494   on_implicit_send          : Sending response 'OK'
2016-07-21 12:00:10,599 ClientCallback.on_implicit_send INFO autoptsclient_common.py   143   on_implicit_send          : test case returned on_implicit_send, response: OK
2016-07-21 12:00:10,599 ClientCallback.on_implicit_send INFO autoptsclient_common.py   151   on_implicit_send          : END OnImplicitSend:
2016-07-21 12:00:10,599 ClientCallback.on_implicit_send INFO autoptsclient_common.py   152   on_implicit_send          : ********************
2016-07-21 12:00:13,217 ClientCallback.log INFO autoptsclient_common.py   82    log                       : PTS_LOGTYPE_START_TEST Start Test Case 

+608 ms
 TC_GAW_CL_BI_21_C

2016-07-21 12:00:13,217 root DEBUG testcase.py               358   log                       : New status GATT TC_GAW_CL_BI_21_C - Started
2016-07-21 12:00:13,449 ClientCallback.log INFO autoptsclient_common.py   82    log                       : PTS_LOGTYPE_FINAL_VERDICT Final Verdict 

+8674 ms
 PASS

2016-07-21 12:00:13,449 root DEBUG testcase.py               358   log                       : New status GATT TC_GAW_CL_BI_21_C - PASS
2016-07-21 12:00:13,459 ClientCallback.log INFO autoptsclient_common.py   82    log                       : PTS_LOGTYPE_FINAL_VERDICT Encrypted Verdict 

+8674 ms
 A1#ODc0NzY4NWQzYjUxMTUxYjdkNWEzOGQ3NzBmY2Q0YTA1MmU1NTNkOWNjNjg4MjEzYjFiZmUyM2VkMTY5OTYxZA==#8nduPp83tYMGnigH5+GQN0TnkbB4Bpay86QRahQFF5GAM61p7pryylTdF/q/1mZN

2016-07-21 12:00:13,488 ClientCallback.log INFO autoptsclient_common.py   82    log                       : PTS_LOGTYPE_END_TEST Test Case Ended 

+8674 ms
 TC_GAW_CL_BI_21_C

2016-07-21 12:00:13,606 root DEBUG testcase.py               518   post_run                  : post_run GATT TC_GAW_CL_BI_21_C 
2016-07-21 12:00:13,606 root DEBUG testcase.py               201   start                     : Starting test function: ptsprojects.testcase.TestFuncCleanUp <bound method ZephyrCtl.stop of <ptsprojects.zephyr.iutctl.ZephyrCtl instance at 0x7f63c1eadbd8>> None None () {}
2016-07-21 12:00:13,606 root DEBUG testcase.py               209   start                     : Test function parameters: args=(), kwds={}
2016-07-21 12:00:13,606 root DEBUG iutctl.py                 207   stop                      : ptsprojects.zephyr.iutctl.ZephyrCtl.stop
2016-07-21 12:00:16,609 root DEBUG autoptsclient_common.py   395   run_test_case             : Done TestCase wrapper GATT TC_GAW_CL_BI_21_C
