2016-07-21 12:07:36,282 root DEBUG autoptsclient_common.py   349   run_test_case             : Starting TestCase wrapper GATT TC_GAI_CL_BV_01_C
2016-07-21 12:07:36,282 root DEBUG testcase.py               499   pre_run                   : pre_run GATT TC_GAI_CL_BV_01_C
2016-07-21 12:07:36,283 root DEBUG testcase.py               502   pre_run                   : About to run test case GATT TC_GAI_CL_BV_01_C with commands:
2016-07-21 12:07:36,283 root DEBUG testcase.py               504   pre_run                   : 0) ptsprojects.testcase.TestFunc <bound method ZephyrCtl.start of <ptsprojects.zephyr.iutctl.ZephyrCtl instance at 0x7f63c1eadbd8>> None None () {}
2016-07-21 12:07:36,283 root DEBUG testcase.py               504   pre_run                   : 1) ptsprojects.testcase.TestFunc <function core_reg_svc_gap at 0x7f63c1e7ea28> None None () {}
2016-07-21 12:07:36,283 root DEBUG testcase.py               504   pre_run                   : 2) ptsprojects.testcase.TestFunc <function core_reg_svc_gatts at 0x7f63c1e7eaa0> None None () {}
2016-07-21 12:07:36,283 root DEBUG testcase.py               504   pre_run                   : 3) ptsprojects.testcase.TestFunc <function gap_conn at 0x7f63c1e7ecf8> 2 None ('00:1B:DC:E0:37:6C', 0) {}
2016-07-21 12:07:36,284 root DEBUG testcase.py               504   pre_run                   : 4) ptsprojects.testcase.TestFunc <function gap_connected_ev at 0x7f63c1e7ec80> 2 None ('00:1B:DC:E0:37:6C', 0) {}
2016-07-21 12:07:36,284 root DEBUG testcase.py               504   pre_run                   : 5) ptsprojects.testcase.TestFunc <function gattc_cfg_indicate at 0x7f63c1e97140> 91 None (0, '00:1B:DC:E0:37:6C', 1, 'MMI_arg_value_1') {}
2016-07-21 12:07:36,284 root DEBUG testcase.py               504   pre_run                   : 6) ptsprojects.testcase.TestFunc <function gattc_notification_ev at 0x7f63c1e971b8> 91 None ('00:1B:DC:E0:37:6C', 0, 2) {}
2016-07-21 12:07:36,284 root DEBUG testcase.py               504   pre_run                   : 7) ptsprojects.testcase.TestFunc <function gap_disconn at 0x7f63c1e7ede8> 3 None ('00:1B:DC:E0:37:6C', 0) {}
2016-07-21 12:07:36,284 root DEBUG testcase.py               504   pre_run                   : 8) ptsprojects.testcase.TestFunc <function gap_disconnected_ev at 0x7f63c1e7ed70> 3 None ('00:1B:DC:E0:37:6C', 0) {}
2016-07-21 12:07:36,285 root DEBUG testcase.py               504   pre_run                   : 9) ptsprojects.testcase.TestFuncCleanUp <bound method ZephyrCtl.stop of <ptsprojects.zephyr.iutctl.ZephyrCtl instance at 0x7f63c1eadbd8>> None None () {}
2016-07-21 12:07:36,285 root DEBUG testcase.py               201   start                     : Starting test function: ptsprojects.testcase.TestFunc <bound method ZephyrCtl.start of <ptsprojects.zephyr.iutctl.ZephyrCtl instance at 0x7f63c1eadbd8>> None None () {}
2016-07-21 12:07:36,285 root DEBUG testcase.py               209   start                     : Test function parameters: args=(), kwds={}
2016-07-21 12:07:36,285 root DEBUG iutctl.py                 173   start                     : ptsprojects.zephyr.iutctl.ZephyrCtl.start
2016-07-21 12:07:36,285 root DEBUG iutctl.py                 160   reset_board               : About to reset DUT: "/home/skamrmar/bin/zflash/openocd/bin/openocd -s /home/skamrmar/bin/zflash/openocd/share/scripts -f /home/skamrmar/bin/zflash/boards/mountatlas/openocd.cfg -c 'init' -c 'reset run' -c 'shutdown'"
2016-07-21 12:07:38,271 root DEBUG iutctl.py                 184   start                     : Starting socat process: socat -x -v /dev/ttyUSB1,raw,b115200 UNIX-CONNECT:/tmp/bt-stack-tester
2016-07-21 12:07:38,273 root DEBUG iutctl.py                 56    accept                    : accept
2016-07-21 12:07:38,275 root DEBUG testcase.py               201   start                     : Starting test function: ptsprojects.testcase.TestFunc <function core_reg_svc_gap at 0x7f63c1e7ea28> None None () {}
2016-07-21 12:07:38,275 root DEBUG testcase.py               209   start                     : Test function parameters: args=(), kwds={}
2016-07-21 12:07:38,276 root DEBUG btp.py                    226   core_reg_svc_gap          : core_reg_svc_gap
2016-07-21 12:07:38,276 root DEBUG iutctl.py                 98    send                      : send, 0 3 255 1
2016-07-21 12:07:38,276 root DEBUG iutctl.py                 108   send                      : btpclient command: send 0 3 255 01
2016-07-21 12:07:38,276 root DEBUG btpparser.py              59    enc_frame                 : enc_frame, 0 3 255 '\x01'
2016-07-21 12:07:38,276 root DEBUG iutctl.py                 112   send                      : sending frame '\x00\x03\xff\x01\x00\x01'
2016-07-21 12:07:39,829 root DEBUG btp.py                    246   core_reg_svc_rsp_succ     : core_reg_svc_rsp_succ
2016-07-21 12:07:39,829 root DEBUG iutctl.py                 64    read                      : read
2016-07-21 12:07:40,334 root DEBUG btpparser.py              39    dec_hdr                   : dec_hdr, bytearray(b'\x00\x03\xff\x00\x00')
2016-07-21 12:07:40,335 root DEBUG iutctl.py                 78    read                      : Received: hdr: header(svc_id=0, op=3, ctrl_index=255, data_len=0) bytearray(b'\x00\x03\xff\x00\x00')
2016-07-21 12:07:40,336 root DEBUG btpparser.py              49    dec_data                  : dec_data, bytearray(b'')
2016-07-21 12:07:40,336 root DEBUG iutctl.py                 91    read                      : Received data: ('',), bytearray(b'')
2016-07-21 12:07:40,336 root DEBUG btp.py                    257   core_reg_svc_rsp_succ     : received header(svc_id=0, op=3, ctrl_index=255, data_len=0) ('',)
2016-07-21 12:07:40,336 root DEBUG btp.py                    258   core_reg_svc_rsp_succ     : expected ((0, 3, 255, 0), ('',))
2016-07-21 12:07:40,336 root DEBUG btp.py                    264   core_reg_svc_rsp_succ     : response is valid
2016-07-21 12:07:40,336 root DEBUG testcase.py               201   start                     : Starting test function: ptsprojects.testcase.TestFunc <function core_reg_svc_gatts at 0x7f63c1e7eaa0> None None () {}
2016-07-21 12:07:40,336 root DEBUG testcase.py               209   start                     : Test function parameters: args=(), kwds={}
2016-07-21 12:07:40,336 root DEBUG btp.py                    237   core_reg_svc_gatts        : core_reg_svc_gatts
2016-07-21 12:07:40,336 root DEBUG iutctl.py                 98    send                      : send, 0 3 255 2
2016-07-21 12:07:40,336 root DEBUG iutctl.py                 108   send                      : btpclient command: send 0 3 255 02
2016-07-21 12:07:40,337 root DEBUG btpparser.py              59    enc_frame                 : enc_frame, 0 3 255 '\x02'
2016-07-21 12:07:40,337 root DEBUG iutctl.py                 112   send                      : sending frame '\x00\x03\xff\x01\x00\x02'
2016-07-21 12:07:40,337 root DEBUG btp.py                    246   core_reg_svc_rsp_succ     : core_reg_svc_rsp_succ
2016-07-21 12:07:40,337 root DEBUG iutctl.py                 64    read                      : read
2016-07-21 12:07:40,339 root DEBUG btpparser.py              39    dec_hdr                   : dec_hdr, bytearray(b'\x00\x03\xff\x00\x00')
2016-07-21 12:07:40,340 root DEBUG iutctl.py                 78    read                      : Received: hdr: header(svc_id=0, op=3, ctrl_index=255, data_len=0) bytearray(b'\x00\x03\xff\x00\x00')
2016-07-21 12:07:40,340 root DEBUG btpparser.py              49    dec_data                  : dec_data, bytearray(b'')
2016-07-21 12:07:40,340 root DEBUG iutctl.py                 91    read                      : Received data: ('',), bytearray(b'')
2016-07-21 12:07:40,340 root DEBUG btp.py                    257   core_reg_svc_rsp_succ     : received header(svc_id=0, op=3, ctrl_index=255, data_len=0) ('',)
2016-07-21 12:07:40,340 root DEBUG btp.py                    258   core_reg_svc_rsp_succ     : expected ((0, 3, 255, 0), ('',))
2016-07-21 12:07:40,340 root DEBUG btp.py                    264   core_reg_svc_rsp_succ     : response is valid
2016-07-21 12:07:50,061 ClientCallback.on_implicit_send INFO autoptsclient_common.py   116   on_implicit_send          : ********************
2016-07-21 12:07:50,061 ClientCallback.on_implicit_send INFO autoptsclient_common.py   117   on_implicit_send          : BEGIN OnImplicitSend:
2016-07-21 12:07:50,062 ClientCallback.on_implicit_send INFO autoptsclient_common.py   118   on_implicit_send          : project_name: GATT
2016-07-21 12:07:50,062 ClientCallback.on_implicit_send INFO autoptsclient_common.py   119   on_implicit_send          : wid: 2
2016-07-21 12:07:50,062 ClientCallback.on_implicit_send INFO autoptsclient_common.py   120   on_implicit_send          : test_case_name: TC_GAI_CL_BV_01_C
2016-07-21 12:07:50,062 ClientCallback.on_implicit_send INFO autoptsclient_common.py   121   on_implicit_send          : description: Please initiate a GATT connection to the PTS.

Description: Verify that the Implementation Under Test (IUT) can initiate GATT connect request to PTS.
2016-07-21 12:07:50,063 ClientCallback.on_implicit_send INFO autoptsclient_common.py   122   on_implicit_send          : style: MMI_Style_Ok_Cancel2 0x11141
2016-07-21 12:07:50,063 ClientCallback.on_implicit_send INFO autoptsclient_common.py   124   on_implicit_send          : response: 4374404 <type 'int'> 22141864
2016-07-21 12:07:50,063 ClientCallback.on_implicit_send INFO autoptsclient_common.py   125   on_implicit_send          : response_size: 2048
2016-07-21 12:07:50,063 ClientCallback.on_implicit_send INFO autoptsclient_common.py   127   on_implicit_send          : response_is_present: 0 <type 'int'>
2016-07-21 12:07:50,064 ClientCallback.on_implicit_send INFO autoptsclient_common.py   131   on_implicit_send          : Calling test cases on_implicit_send
2016-07-21 12:07:50,064 root DEBUG testcase.py               467   on_implicit_send          : GATT TC_GAI_CL_BV_01_C on_implicit_send
2016-07-21 12:07:50,064 root DEBUG testcase.py               201   start                     : Starting test function: ptsprojects.testcase.TestFunc <function gap_conn at 0x7f63c1e7ecf8> 2 None ('00:1B:DC:E0:37:6C', 0) {}
2016-07-21 12:07:50,064 root DEBUG testcase.py               209   start                     : Test function parameters: args=('00:1B:DC:E0:37:6C', 0), kwds={}
2016-07-21 12:07:50,064 root DEBUG btp.py                    329   gap_conn                  : gap_conn '00:1B:DC:E0:37:6C' 0
2016-07-21 12:07:50,065 root DEBUG iutctl.py                 98    send                      : send, 1 14 0 bytearray(b'\x00l7\xe0\xdc\x1b\x00')
2016-07-21 12:07:50,065 root DEBUG iutctl.py                 108   send                      : btpclient command: send 1 14 0 006c37e0dc1b00
2016-07-21 12:07:50,065 root DEBUG btpparser.py              59    enc_frame                 : enc_frame, 1 14 0 bytearray(b'\x00l7\xe0\xdc\x1b\x00')
2016-07-21 12:07:50,065 root DEBUG iutctl.py                 112   send                      : sending frame '\x01\x0e\x00\x07\x00\x00l7\xe0\xdc\x1b\x00'
2016-07-21 12:07:50,066 root DEBUG btp.py                    588   gap_command_rsp_succ      : gap_command_rsp_succ
2016-07-21 12:07:50,066 root DEBUG iutctl.py                 64    read                      : read
2016-07-21 12:07:50,070 root DEBUG btpparser.py              39    dec_hdr                   : dec_hdr, bytearray(b'\x01\x0e\x00\x00\x00')
2016-07-21 12:07:50,071 root DEBUG iutctl.py                 78    read                      : Received: hdr: header(svc_id=1, op=14, ctrl_index=0, data_len=0) bytearray(b'\x01\x0e\x00\x00\x00')
2016-07-21 12:07:50,071 root DEBUG btpparser.py              49    dec_data                  : dec_data, bytearray(b'')
2016-07-21 12:07:50,072 root DEBUG iutctl.py                 91    read                      : Received data: ('',), bytearray(b'')
2016-07-21 12:07:50,072 root DEBUG btp.py                    593   gap_command_rsp_succ      : received header(svc_id=1, op=14, ctrl_index=0, data_len=0) ('',)
2016-07-21 12:07:50,072 root DEBUG testcase.py               201   start                     : Starting test function: ptsprojects.testcase.TestFunc <function gap_connected_ev at 0x7f63c1e7ec80> 2 None ('00:1B:DC:E0:37:6C', 0) {}
2016-07-21 12:07:50,072 root DEBUG testcase.py               209   start                     : Test function parameters: args=('00:1B:DC:E0:37:6C', 0), kwds={}
2016-07-21 12:07:50,073 root DEBUG btp.py                    309   gap_connected_ev          : gap_connected_ev '00:1B:DC:E0:37:6C' 0
2016-07-21 12:07:50,073 root DEBUG iutctl.py                 64    read                      : read
2016-07-21 12:07:52,180 root DEBUG btpparser.py              39    dec_hdr                   : dec_hdr, bytearray(b'\x01\x82\x00\x07\x00')
2016-07-21 12:07:52,181 root DEBUG iutctl.py                 78    read                      : Received: hdr: header(svc_id=1, op=130, ctrl_index=0, data_len=7) bytearray(b'\x01\x82\x00\x07\x00')
2016-07-21 12:07:52,181 root DEBUG btpparser.py              49    dec_data                  : dec_data, bytearray(b'l7\xe0\xdc\x1b\x00\x00')
2016-07-21 12:07:52,181 root DEBUG iutctl.py                 91    read                      : Received data: ('l7\xe0\xdc\x1b\x00\x00',), bytearray(b'l7\xe0\xdc\x1b\x00\x00')
2016-07-21 12:07:52,181 root DEBUG btp.py                    313   gap_connected_ev          : received header(svc_id=1, op=130, ctrl_index=0, data_len=7) ('l7\xe0\xdc\x1b\x00\x00',)
2016-07-21 12:07:52,182 root DEBUG testcase.py               494   on_implicit_send          : Sending response 'OK'
2016-07-21 12:07:52,182 ClientCallback.on_implicit_send INFO autoptsclient_common.py   143   on_implicit_send          : test case returned on_implicit_send, response: OK
2016-07-21 12:07:52,182 ClientCallback.on_implicit_send INFO autoptsclient_common.py   151   on_implicit_send          : END OnImplicitSend:
2016-07-21 12:07:52,182 ClientCallback.on_implicit_send INFO autoptsclient_common.py   152   on_implicit_send          : ********************
2016-07-21 12:07:52,195 ClientCallback.on_implicit_send INFO autoptsclient_common.py   116   on_implicit_send          : ********************
2016-07-21 12:07:52,195 ClientCallback.on_implicit_send INFO autoptsclient_common.py   117   on_implicit_send          : BEGIN OnImplicitSend:
2016-07-21 12:07:52,195 ClientCallback.on_implicit_send INFO autoptsclient_common.py   118   on_implicit_send          : project_name: GATT
2016-07-21 12:07:52,195 ClientCallback.on_implicit_send INFO autoptsclient_common.py   119   on_implicit_send          : wid: 91
2016-07-21 12:07:52,195 ClientCallback.on_implicit_send INFO autoptsclient_common.py   120   on_implicit_send          : test_case_name: TC_GAI_CL_BV_01_C
2016-07-21 12:07:52,196 ClientCallback.on_implicit_send INFO autoptsclient_common.py   121   on_implicit_send          : description: Please write client characteristic confiuration handle = '00F3'O to enable notification to the PTS. Discover all characteristics if needed.

Description: Verify that the Implementation Under Test (IUT) can receive notification send from PTS.
2016-07-21 12:07:52,196 ClientCallback.on_implicit_send INFO autoptsclient_common.py   122   on_implicit_send          : style: MMI_Style_Ok_Cancel2 0x11141
2016-07-21 12:07:52,196 ClientCallback.on_implicit_send INFO autoptsclient_common.py   124   on_implicit_send          : response: 4374404 <type 'int'> 22141864
2016-07-21 12:07:52,196 ClientCallback.on_implicit_send INFO autoptsclient_common.py   125   on_implicit_send          : response_size: 2048
2016-07-21 12:07:52,196 ClientCallback.on_implicit_send INFO autoptsclient_common.py   127   on_implicit_send          : response_is_present: 0 <type 'int'>
2016-07-21 12:07:52,196 ClientCallback.on_implicit_send INFO autoptsclient_common.py   131   on_implicit_send          : Calling test cases on_implicit_send
2016-07-21 12:07:52,196 root DEBUG testcase.py               467   on_implicit_send          : GATT TC_GAI_CL_BV_01_C on_implicit_send
2016-07-21 12:07:52,196 root DEBUG testcase.py               59    parse_description         : parse_description "Please write client characteristic confiuration handle = '00F3'O to enable notification to the PTS. Discover all characteristics if needed.\n\nDescription: Verify that the Implementation Under Test (IUT) can receive notification send from PTS."
2016-07-21 12:07:52,197 root DEBUG testcase.py               63    parse_description         : Parse result: ['00F3']
2016-07-21 12:07:52,197 root DEBUG testcase.py               201   start                     : Starting test function: ptsprojects.testcase.TestFunc <function gattc_cfg_indicate at 0x7f63c1e97140> 91 None (0, '00:1B:DC:E0:37:6C', 1, 'MMI_arg_value_1') {}
2016-07-21 12:07:52,197 root DEBUG testcase.py               78    process_args              : process_args: (0, '00:1B:DC:E0:37:6C', 1, 'MMI_arg_value_1')
2016-07-21 12:07:52,197 root DEBUG testcase.py               79    process_args              : MMI.args now ['00F3']
2016-07-21 12:07:52,197 root DEBUG testcase.py               93    process_args              : returning (0, '00:1B:DC:E0:37:6C', 1, '00F3')
2016-07-21 12:07:52,197 root DEBUG testcase.py               209   start                     : Test function parameters: args=(0, '00:1B:DC:E0:37:6C', 1, '00F3'), kwds={}
2016-07-21 12:07:52,197 root DEBUG btp.py                    1169  gattc_cfg_indicate        : gattc_cfg_indicate 0 '00:1B:DC:E0:37:6C', 1, '00F3'
2016-07-21 12:07:52,197 root DEBUG iutctl.py                 98    send                      : send, 2 27 0 bytearray(b'\x00l7\xe0\xdc\x1b\x00\x01\xf3\x00')
2016-07-21 12:07:52,197 root DEBUG iutctl.py                 108   send                      : btpclient command: send 2 27 0 006c37e0dc1b0001f300
2016-07-21 12:07:52,197 root DEBUG btpparser.py              59    enc_frame                 : enc_frame, 2 27 0 bytearray(b'\x00l7\xe0\xdc\x1b\x00\x01\xf3\x00')
2016-07-21 12:07:52,198 root DEBUG iutctl.py                 112   send                      : sending frame '\x02\x1b\x00\n\x00\x00l7\xe0\xdc\x1b\x00\x01\xf3\x00'
2016-07-21 12:07:52,198 root DEBUG iutctl.py                 64    read                      : read
2016-07-21 12:07:56,531 root DEBUG btpparser.py              39    dec_hdr                   : dec_hdr, bytearray(b'\x02\x1b\x00\x00\x00')
2016-07-21 12:07:56,533 root DEBUG iutctl.py                 78    read                      : Received: hdr: header(svc_id=2, op=27, ctrl_index=0, data_len=0) bytearray(b'\x02\x1b\x00\x00\x00')
2016-07-21 12:07:56,533 root DEBUG btpparser.py              49    dec_data                  : dec_data, bytearray(b'')
2016-07-21 12:07:56,533 root DEBUG iutctl.py                 91    read                      : Received data: ('',), bytearray(b'')
2016-07-21 12:07:56,533 root DEBUG btp.py                    1189  gattc_cfg_indicate        : gattc_cfg_indicate received header(svc_id=2, op=27, ctrl_index=0, data_len=0) ('',)
2016-07-21 12:07:56,533 root DEBUG testcase.py               201   start                     : Starting test function: ptsprojects.testcase.TestFunc <function gattc_notification_ev at 0x7f63c1e971b8> 91 None ('00:1B:DC:E0:37:6C', 0, 2) {}
2016-07-21 12:07:56,534 root DEBUG testcase.py               209   start                     : Test function parameters: args=('00:1B:DC:E0:37:6C', 0, 2), kwds={}
2016-07-21 12:07:56,534 root DEBUG btp.py                    1197  gattc_notification_ev     : gattc_notification_ev '00:1B:DC:E0:37:6C' 0 2
2016-07-21 12:07:56,534 root DEBUG iutctl.py                 64    read                      : read
2016-07-21 12:07:57,582 root DEBUG btpparser.py              39    dec_hdr                   : dec_hdr, bytearray(b'\x02\x80\x00\x11\x00')
2016-07-21 12:07:57,583 root DEBUG iutctl.py                 78    read                      : Received: hdr: header(svc_id=2, op=128, ctrl_index=0, data_len=17) bytearray(b'\x02\x80\x00\x11\x00')
2016-07-21 12:07:57,583 root DEBUG btpparser.py              49    dec_data                  : dec_data, bytearray(b'\x00l7\xe0\xdc\x1b\x00\x02\xf2\x00\x05\x00\x01u\x01\x00\xff')
2016-07-21 12:07:57,583 root DEBUG iutctl.py                 91    read                      : Received data: ('\x00l7\xe0\xdc\x1b\x00\x02\xf2\x00\x05\x00\x01u\x01\x00\xff',), bytearray(b'\x00l7\xe0\xdc\x1b\x00\x02\xf2\x00\x05\x00\x01u\x01\x00\xff')
2016-07-21 12:07:57,584 root DEBUG btp.py                    1201  gattc_notification_ev     : received header(svc_id=2, op=128, ctrl_index=0, data_len=17) ('\x00l7\xe0\xdc\x1b\x00\x02\xf2\x00\x05\x00\x01u\x01\x00\xff',)
2016-07-21 12:07:57,584 root DEBUG testcase.py               494   on_implicit_send          : Sending response 'OK'
2016-07-21 12:07:57,584 ClientCallback.on_implicit_send INFO autoptsclient_common.py   143   on_implicit_send          : test case returned on_implicit_send, response: OK
2016-07-21 12:07:57,584 ClientCallback.on_implicit_send INFO autoptsclient_common.py   151   on_implicit_send          : END OnImplicitSend:
2016-07-21 12:07:57,584 ClientCallback.on_implicit_send INFO autoptsclient_common.py   152   on_implicit_send          : ********************
2016-07-21 12:07:57,599 ClientCallback.on_implicit_send INFO autoptsclient_common.py   116   on_implicit_send          : ********************
2016-07-21 12:07:57,599 ClientCallback.on_implicit_send INFO autoptsclient_common.py   117   on_implicit_send          : BEGIN OnImplicitSend:
2016-07-21 12:07:57,599 ClientCallback.on_implicit_send INFO autoptsclient_common.py   118   on_implicit_send          : project_name: GATT
2016-07-21 12:07:57,599 ClientCallback.on_implicit_send INFO autoptsclient_common.py   119   on_implicit_send          : wid: 95
2016-07-21 12:07:57,599 ClientCallback.on_implicit_send INFO autoptsclient_common.py   120   on_implicit_send          : test_case_name: TC_GAI_CL_BV_01_C
2016-07-21 12:07:57,599 ClientCallback.on_implicit_send INFO autoptsclient_common.py   121   on_implicit_send          : description: Please confirm IUT receive indication from PTS. Click YES if received, otherwise NO.

Description: Verify that the Implementation Under Test (IUT) can receive indication send from PTS.
2016-07-21 12:07:57,599 ClientCallback.on_implicit_send INFO autoptsclient_common.py   122   on_implicit_send          : style: MMI_Style_Yes_No1 0x11044
2016-07-21 12:07:57,599 ClientCallback.on_implicit_send INFO autoptsclient_common.py   124   on_implicit_send          : response: 4374404 <type 'int'> 22141864
2016-07-21 12:07:57,599 ClientCallback.on_implicit_send INFO autoptsclient_common.py   125   on_implicit_send          : response_size: 2048
2016-07-21 12:07:57,599 ClientCallback.on_implicit_send INFO autoptsclient_common.py   127   on_implicit_send          : response_is_present: 0 <type 'int'>
2016-07-21 12:07:57,599 ClientCallback.on_implicit_send INFO autoptsclient_common.py   131   on_implicit_send          : Calling test cases on_implicit_send
2016-07-21 12:07:57,599 root DEBUG testcase.py               467   on_implicit_send          : GATT TC_GAI_CL_BV_01_C on_implicit_send
2016-07-21 12:07:57,599 root DEBUG testcase.py               364   handle_mmi_style_yes_no1  : handle_mmi_style_yes_no1, 95 'Please confirm IUT receive indication from PTS. Click YES if received, otherwise NO.\n\nDescription: Verify that the Implementation Under Test (IUT) can receive indication send from PTS.'
2016-07-21 12:07:57,600 root DEBUG testcase.py               366   handle_mmi_style_yes_no1  : no_wid=None verify_wids=None
2016-07-21 12:07:57,600 root WARNING testcase.py               421   handle_mmi_style_yes_no1  : Verification missing for: 'Please confirm IUT receive indication from PTS. Click YES if received, otherwise NO.\n\nDescription: Verify that the Implementation Under Test (IUT) can receive indication send from PTS.'
2016-07-21 12:07:57,600 root DEBUG testcase.py               494   on_implicit_send          : Sending response 'Yes'
2016-07-21 12:07:57,600 ClientCallback.on_implicit_send INFO autoptsclient_common.py   143   on_implicit_send          : test case returned on_implicit_send, response: Yes
2016-07-21 12:07:57,600 ClientCallback.on_implicit_send INFO autoptsclient_common.py   151   on_implicit_send          : END OnImplicitSend:
2016-07-21 12:07:57,600 ClientCallback.on_implicit_send INFO autoptsclient_common.py   152   on_implicit_send          : ********************
2016-07-21 12:07:57,609 ClientCallback.on_implicit_send INFO autoptsclient_common.py   116   on_implicit_send          : ********************
2016-07-21 12:07:57,609 ClientCallback.on_implicit_send INFO autoptsclient_common.py   117   on_implicit_send          : BEGIN OnImplicitSend:
2016-07-21 12:07:57,610 ClientCallback.on_implicit_send INFO autoptsclient_common.py   118   on_implicit_send          : project_name: GATT
2016-07-21 12:07:57,610 ClientCallback.on_implicit_send INFO autoptsclient_common.py   119   on_implicit_send          : wid: 3
2016-07-21 12:07:57,610 ClientCallback.on_implicit_send INFO autoptsclient_common.py   120   on_implicit_send          : test_case_name: TC_GAI_CL_BV_01_C
2016-07-21 12:07:57,610 ClientCallback.on_implicit_send INFO autoptsclient_common.py   121   on_implicit_send          : description: Please initiate a GATT disconnection to the PTS.

Description: Verify that the Implementation Under Test (IUT) can initiate GATT disconnect request to PTS
2016-07-21 12:07:57,610 ClientCallback.on_implicit_send INFO autoptsclient_common.py   122   on_implicit_send          : style: MMI_Style_Ok_Cancel2 0x11141
2016-07-21 12:07:57,610 ClientCallback.on_implicit_send INFO autoptsclient_common.py   124   on_implicit_send          : response: 4374404 <type 'int'> 22141864
2016-07-21 12:07:57,610 ClientCallback.on_implicit_send INFO autoptsclient_common.py   125   on_implicit_send          : response_size: 2048
2016-07-21 12:07:57,610 ClientCallback.on_implicit_send INFO autoptsclient_common.py   127   on_implicit_send          : response_is_present: 0 <type 'int'>
2016-07-21 12:07:57,610 ClientCallback.on_implicit_send INFO autoptsclient_common.py   131   on_implicit_send          : Calling test cases on_implicit_send
2016-07-21 12:07:57,610 root DEBUG testcase.py               467   on_implicit_send          : GATT TC_GAI_CL_BV_01_C on_implicit_send
2016-07-21 12:07:57,611 root DEBUG testcase.py               201   start                     : Starting test function: ptsprojects.testcase.TestFunc <function gap_disconn at 0x7f63c1e7ede8> 3 None ('00:1B:DC:E0:37:6C', 0) {}
2016-07-21 12:07:57,611 root DEBUG testcase.py               209   start                     : Test function parameters: args=('00:1B:DC:E0:37:6C', 0), kwds={}
2016-07-21 12:07:57,611 root DEBUG btp.py                    365   gap_disconn               : gap_disconn '00:1B:DC:E0:37:6C' 0
2016-07-21 12:07:57,611 root DEBUG iutctl.py                 98    send                      : send, 1 15 0 bytearray(b'\x00l7\xe0\xdc\x1b\x00')
2016-07-21 12:07:57,611 root DEBUG iutctl.py                 108   send                      : btpclient command: send 1 15 0 006c37e0dc1b00
2016-07-21 12:07:57,611 root DEBUG btpparser.py              59    enc_frame                 : enc_frame, 1 15 0 bytearray(b'\x00l7\xe0\xdc\x1b\x00')
2016-07-21 12:07:57,611 root DEBUG iutctl.py                 112   send                      : sending frame '\x01\x0f\x00\x07\x00\x00l7\xe0\xdc\x1b\x00'
2016-07-21 12:07:57,611 root DEBUG btp.py                    588   gap_command_rsp_succ      : gap_command_rsp_succ
2016-07-21 12:07:57,611 root DEBUG iutctl.py                 64    read                      : read
2016-07-21 12:07:57,615 root DEBUG btpparser.py              39    dec_hdr                   : dec_hdr, bytearray(b'\x01\x0f\x00\x00\x00')
2016-07-21 12:07:57,615 root DEBUG iutctl.py                 78    read                      : Received: hdr: header(svc_id=1, op=15, ctrl_index=0, data_len=0) bytearray(b'\x01\x0f\x00\x00\x00')
2016-07-21 12:07:57,616 root DEBUG btpparser.py              49    dec_data                  : dec_data, bytearray(b'')
2016-07-21 12:07:57,616 root DEBUG iutctl.py                 91    read                      : Received data: ('',), bytearray(b'')
2016-07-21 12:07:57,616 root DEBUG btp.py                    593   gap_command_rsp_succ      : received header(svc_id=1, op=15, ctrl_index=0, data_len=0) ('',)
2016-07-21 12:07:57,616 root DEBUG testcase.py               201   start                     : Starting test function: ptsprojects.testcase.TestFunc <function gap_disconnected_ev at 0x7f63c1e7ed70> 3 None ('00:1B:DC:E0:37:6C', 0) {}
2016-07-21 12:07:57,616 root DEBUG testcase.py               209   start                     : Test function parameters: args=('00:1B:DC:E0:37:6C', 0), kwds={}
2016-07-21 12:07:57,616 root DEBUG btp.py                    345   gap_disconnected_ev       : gap_disconnected_ev '00:1B:DC:E0:37:6C' 0
2016-07-21 12:07:57,616 root DEBUG iutctl.py                 64    read                      : read
2016-07-21 12:07:57,632 root DEBUG btpparser.py              39    dec_hdr                   : dec_hdr, bytearray(b'\x01\x83\x00\x07\x00')
2016-07-21 12:07:57,632 root DEBUG iutctl.py                 78    read                      : Received: hdr: header(svc_id=1, op=131, ctrl_index=0, data_len=7) bytearray(b'\x01\x83\x00\x07\x00')
2016-07-21 12:07:57,633 root DEBUG btpparser.py              49    dec_data                  : dec_data, bytearray(b'l7\xe0\xdc\x1b\x00\x00')
2016-07-21 12:07:57,633 root DEBUG iutctl.py                 91    read                      : Received data: ('l7\xe0\xdc\x1b\x00\x00',), bytearray(b'l7\xe0\xdc\x1b\x00\x00')
2016-07-21 12:07:57,633 root DEBUG btp.py                    349   gap_disconnected_ev       : received header(svc_id=1, op=131, ctrl_index=0, data_len=7) ('l7\xe0\xdc\x1b\x00\x00',)
2016-07-21 12:07:57,633 root DEBUG testcase.py               494   on_implicit_send          : Sending response 'OK'
2016-07-21 12:07:57,633 ClientCallback.on_implicit_send INFO autoptsclient_common.py   143   on_implicit_send          : test case returned on_implicit_send, response: OK
2016-07-21 12:07:57,633 ClientCallback.on_implicit_send INFO autoptsclient_common.py   151   on_implicit_send          : END OnImplicitSend:
2016-07-21 12:07:57,633 ClientCallback.on_implicit_send INFO autoptsclient_common.py   152   on_implicit_send          : ********************
2016-07-21 12:08:00,265 ClientCallback.log INFO autoptsclient_common.py   82    log                       : PTS_LOGTYPE_START_TEST Start Test Case 

+609 ms
 TC_GAI_CL_BV_01_C

2016-07-21 12:08:00,265 root DEBUG testcase.py               358   log                       : New status GATT TC_GAI_CL_BV_01_C - Started
2016-07-21 12:08:00,519 ClientCallback.log INFO autoptsclient_common.py   82    log                       : PTS_LOGTYPE_FINAL_VERDICT Final Verdict 

+15273 ms
 PASS

2016-07-21 12:08:00,519 root DEBUG testcase.py               358   log                       : New status GATT TC_GAI_CL_BV_01_C - PASS
2016-07-21 12:08:00,525 ClientCallback.log INFO autoptsclient_common.py   82    log                       : PTS_LOGTYPE_FINAL_VERDICT Encrypted Verdict 

+15273 ms
 A1#NGJjMjc4Nzg3N2Y1OGRjNjA3MzFjOTQwMTQxZDFlYjQxZjcyYmNhNGEwMzhmZmQzMWQ0ODA5NTAwYjk4NDM4MQ==#2Io8LincYvIsAVqEYDXAJ5hY80us2d9Ly2VRnGTdI/5pWgVSNAnTpTkpi5NvmQQh

2016-07-21 12:08:00,580 ClientCallback.log INFO autoptsclient_common.py   82    log                       : PTS_LOGTYPE_END_TEST Test Case Ended 

+15273 ms
 TC_GAI_CL_BV_01_C

2016-07-21 12:08:00,659 root DEBUG testcase.py               518   post_run                  : post_run GATT TC_GAI_CL_BV_01_C 
2016-07-21 12:08:00,660 root DEBUG testcase.py               201   start                     : Starting test function: ptsprojects.testcase.TestFuncCleanUp <bound method ZephyrCtl.stop of <ptsprojects.zephyr.iutctl.ZephyrCtl instance at 0x7f63c1eadbd8>> None None () {}
2016-07-21 12:08:00,660 root DEBUG testcase.py               209   start                     : Test function parameters: args=(), kwds={}
2016-07-21 12:08:00,660 root DEBUG iutctl.py                 207   stop                      : ptsprojects.zephyr.iutctl.ZephyrCtl.stop
2016-07-21 12:08:03,664 root DEBUG autoptsclient_common.py   395   run_test_case             : Done TestCase wrapper GATT TC_GAI_CL_BV_01_C
