2016-07-21 11:14:59,494 root DEBUG autoptsclient_common.py   349   run_test_case             : Starting TestCase wrapper GATT TC_GAW_CL_BI_03_C
2016-07-21 11:14:59,495 root DEBUG testcase.py               499   pre_run                   : pre_run GATT TC_GAW_CL_BI_03_C
2016-07-21 11:14:59,495 root DEBUG testcase.py               502   pre_run                   : About to run test case GATT TC_GAW_CL_BI_03_C with commands:
2016-07-21 11:14:59,495 root DEBUG testcase.py               504   pre_run                   : 0) ptsprojects.testcase.TestFunc <bound method ZephyrCtl.start of <ptsprojects.zephyr.iutctl.ZephyrCtl instance at 0x7f5db38fafc8>> None None () {}
2016-07-21 11:14:59,495 root DEBUG testcase.py               504   pre_run                   : 1) ptsprojects.testcase.TestFunc <function core_reg_svc_gap at 0x7f5db38d5a28> None None () {}
2016-07-21 11:14:59,495 root DEBUG testcase.py               504   pre_run                   : 2) ptsprojects.testcase.TestFunc <function core_reg_svc_gatts at 0x7f5db38d5aa0> None None () {}
2016-07-21 11:14:59,496 root DEBUG testcase.py               504   pre_run                   : 3) ptsprojects.testcase.TestFunc <function gap_conn at 0x7f5db38d5cf8> 2 None ('00:1B:DC:E0:37:6C', 0) {}
2016-07-21 11:14:59,496 root DEBUG testcase.py               504   pre_run                   : 4) ptsprojects.testcase.TestFunc <function gap_connected_ev at 0x7f5db38d5c80> 2 None ('00:1B:DC:E0:37:6C', 0) {}
2016-07-21 11:14:59,496 root DEBUG testcase.py               504   pre_run                   : 5) ptsprojects.testcase.TestFunc <function gattc_write at 0x7f5db38edf50> 74 None (0, '00:1B:DC:E0:37:6C', 'MMI_arg_value_1', '12', 'MMI_arg_value_2') {}
2016-07-21 11:14:59,496 root DEBUG testcase.py               504   pre_run                   : 6) ptsprojects.testcase.TestFunc <function gattc_write_rsp at 0x7f5db38eea28> 74 None (True,) {}
2016-07-21 11:14:59,497 root DEBUG testcase.py               504   pre_run                   : 7) ptsprojects.testcase.TestFunc <function gap_disconn at 0x7f5db38d5de8> 3 None ('00:1B:DC:E0:37:6C', 0) {}
2016-07-21 11:14:59,497 root DEBUG testcase.py               504   pre_run                   : 8) ptsprojects.testcase.TestFunc <function gap_disconnected_ev at 0x7f5db38d5d70> 3 None ('00:1B:DC:E0:37:6C', 0) {}
2016-07-21 11:14:59,497 root DEBUG testcase.py               504   pre_run                   : 9) ptsprojects.testcase.TestFuncCleanUp <bound method ZephyrCtl.stop of <ptsprojects.zephyr.iutctl.ZephyrCtl instance at 0x7f5db38fafc8>> None None () {}
2016-07-21 11:14:59,497 root DEBUG testcase.py               201   start                     : Starting test function: ptsprojects.testcase.TestFunc <bound method ZephyrCtl.start of <ptsprojects.zephyr.iutctl.ZephyrCtl instance at 0x7f5db38fafc8>> None None () {}
2016-07-21 11:14:59,497 root DEBUG testcase.py               209   start                     : Test function parameters: args=(), kwds={}
2016-07-21 11:14:59,498 root DEBUG iutctl.py                 173   start                     : ptsprojects.zephyr.iutctl.ZephyrCtl.start
2016-07-21 11:14:59,498 root DEBUG iutctl.py                 160   reset_board               : About to reset DUT: "/home/skamrmar/bin/zflash/openocd/bin/openocd -s /home/skamrmar/bin/zflash/openocd/share/scripts -f /home/skamrmar/bin/zflash/boards/mountatlas/openocd.cfg -c 'init' -c 'reset run' -c 'shutdown'"
2016-07-21 11:15:01,516 root DEBUG iutctl.py                 184   start                     : Starting socat process: socat -x -v /dev/ttyUSB1,raw,b115200 UNIX-CONNECT:/tmp/bt-stack-tester
2016-07-21 11:15:01,519 root DEBUG iutctl.py                 56    accept                    : accept
2016-07-21 11:15:01,523 root DEBUG testcase.py               201   start                     : Starting test function: ptsprojects.testcase.TestFunc <function core_reg_svc_gap at 0x7f5db38d5a28> None None () {}
2016-07-21 11:15:01,523 root DEBUG testcase.py               209   start                     : Test function parameters: args=(), kwds={}
2016-07-21 11:15:01,523 root DEBUG btp.py                    226   core_reg_svc_gap          : core_reg_svc_gap
2016-07-21 11:15:01,524 root DEBUG iutctl.py                 98    send                      : send, 0 3 255 1
2016-07-21 11:15:01,524 root DEBUG iutctl.py                 108   send                      : btpclient command: send 0 3 255 01
2016-07-21 11:15:01,524 root DEBUG btpparser.py              59    enc_frame                 : enc_frame, 0 3 255 '\x01'
2016-07-21 11:15:01,524 root DEBUG iutctl.py                 112   send                      : sending frame '\x00\x03\xff\x01\x00\x01'
2016-07-21 11:15:03,093 root DEBUG btp.py                    246   core_reg_svc_rsp_succ     : core_reg_svc_rsp_succ
2016-07-21 11:15:03,094 root DEBUG iutctl.py                 64    read                      : read
2016-07-21 11:15:03,598 root DEBUG btpparser.py              39    dec_hdr                   : dec_hdr, bytearray(b'\x00\x03\xff\x00\x00')
2016-07-21 11:15:03,600 root DEBUG iutctl.py                 78    read                      : Received: hdr: header(svc_id=0, op=3, ctrl_index=255, data_len=0) bytearray(b'\x00\x03\xff\x00\x00')
2016-07-21 11:15:03,600 root DEBUG btpparser.py              49    dec_data                  : dec_data, bytearray(b'')
2016-07-21 11:15:03,600 root DEBUG iutctl.py                 91    read                      : Received data: ('',), bytearray(b'')
2016-07-21 11:15:03,600 root DEBUG btp.py                    257   core_reg_svc_rsp_succ     : received header(svc_id=0, op=3, ctrl_index=255, data_len=0) ('',)
2016-07-21 11:15:03,601 root DEBUG btp.py                    258   core_reg_svc_rsp_succ     : expected ((0, 3, 255, 0), ('',))
2016-07-21 11:15:03,601 root DEBUG btp.py                    264   core_reg_svc_rsp_succ     : response is valid
2016-07-21 11:15:03,601 root DEBUG testcase.py               201   start                     : Starting test function: ptsprojects.testcase.TestFunc <function core_reg_svc_gatts at 0x7f5db38d5aa0> None None () {}
2016-07-21 11:15:03,601 root DEBUG testcase.py               209   start                     : Test function parameters: args=(), kwds={}
2016-07-21 11:15:03,601 root DEBUG btp.py                    237   core_reg_svc_gatts        : core_reg_svc_gatts
2016-07-21 11:15:03,601 root DEBUG iutctl.py                 98    send                      : send, 0 3 255 2
2016-07-21 11:15:03,602 root DEBUG iutctl.py                 108   send                      : btpclient command: send 0 3 255 02
2016-07-21 11:15:03,602 root DEBUG btpparser.py              59    enc_frame                 : enc_frame, 0 3 255 '\x02'
2016-07-21 11:15:03,602 root DEBUG iutctl.py                 112   send                      : sending frame '\x00\x03\xff\x01\x00\x02'
2016-07-21 11:15:03,602 root DEBUG btp.py                    246   core_reg_svc_rsp_succ     : core_reg_svc_rsp_succ
2016-07-21 11:15:03,602 root DEBUG iutctl.py                 64    read                      : read
2016-07-21 11:15:03,604 root DEBUG btpparser.py              39    dec_hdr                   : dec_hdr, bytearray(b'\x00\x03\xff\x00\x00')
2016-07-21 11:15:03,605 root DEBUG iutctl.py                 78    read                      : Received: hdr: header(svc_id=0, op=3, ctrl_index=255, data_len=0) bytearray(b'\x00\x03\xff\x00\x00')
2016-07-21 11:15:03,606 root DEBUG btpparser.py              49    dec_data                  : dec_data, bytearray(b'')
2016-07-21 11:15:03,606 root DEBUG iutctl.py                 91    read                      : Received data: ('',), bytearray(b'')
2016-07-21 11:15:03,606 root DEBUG btp.py                    257   core_reg_svc_rsp_succ     : received header(svc_id=0, op=3, ctrl_index=255, data_len=0) ('',)
2016-07-21 11:15:03,606 root DEBUG btp.py                    258   core_reg_svc_rsp_succ     : expected ((0, 3, 255, 0), ('',))
2016-07-21 11:15:03,606 root DEBUG btp.py                    264   core_reg_svc_rsp_succ     : response is valid
2016-07-21 11:15:12,680 ClientCallback.on_implicit_send INFO autoptsclient_common.py   116   on_implicit_send          : ********************
2016-07-21 11:15:12,681 ClientCallback.on_implicit_send INFO autoptsclient_common.py   117   on_implicit_send          : BEGIN OnImplicitSend:
2016-07-21 11:15:12,681 ClientCallback.on_implicit_send INFO autoptsclient_common.py   118   on_implicit_send          : project_name: GATT
2016-07-21 11:15:12,681 ClientCallback.on_implicit_send INFO autoptsclient_common.py   119   on_implicit_send          : wid: 2
2016-07-21 11:15:12,681 ClientCallback.on_implicit_send INFO autoptsclient_common.py   120   on_implicit_send          : test_case_name: TC_GAW_CL_BI_03_C
2016-07-21 11:15:12,682 ClientCallback.on_implicit_send INFO autoptsclient_common.py   121   on_implicit_send          : description: Please initiate a GATT connection to the PTS.

Description: Verify that the Implementation Under Test (IUT) can initiate GATT connect request to PTS.
2016-07-21 11:15:12,682 ClientCallback.on_implicit_send INFO autoptsclient_common.py   122   on_implicit_send          : style: MMI_Style_Ok_Cancel2 0x11141
2016-07-21 11:15:12,682 ClientCallback.on_implicit_send INFO autoptsclient_common.py   124   on_implicit_send          : response: 1687860 <type 'int'> 17150216
2016-07-21 11:15:12,682 ClientCallback.on_implicit_send INFO autoptsclient_common.py   125   on_implicit_send          : response_size: 2048
2016-07-21 11:15:12,682 ClientCallback.on_implicit_send INFO autoptsclient_common.py   127   on_implicit_send          : response_is_present: 0 <type 'int'>
2016-07-21 11:15:12,682 ClientCallback.on_implicit_send INFO autoptsclient_common.py   131   on_implicit_send          : Calling test cases on_implicit_send
2016-07-21 11:15:12,683 root DEBUG testcase.py               467   on_implicit_send          : GATT TC_GAW_CL_BI_03_C on_implicit_send
2016-07-21 11:15:12,683 root DEBUG testcase.py               201   start                     : Starting test function: ptsprojects.testcase.TestFunc <function gap_conn at 0x7f5db38d5cf8> 2 None ('00:1B:DC:E0:37:6C', 0) {}
2016-07-21 11:15:12,683 root DEBUG testcase.py               209   start                     : Test function parameters: args=('00:1B:DC:E0:37:6C', 0), kwds={}
2016-07-21 11:15:12,683 root DEBUG btp.py                    329   gap_conn                  : gap_conn '00:1B:DC:E0:37:6C' 0
2016-07-21 11:15:12,683 root DEBUG iutctl.py                 98    send                      : send, 1 14 0 bytearray(b'\x00l7\xe0\xdc\x1b\x00')
2016-07-21 11:15:12,684 root DEBUG iutctl.py                 108   send                      : btpclient command: send 1 14 0 006c37e0dc1b00
2016-07-21 11:15:12,684 root DEBUG btpparser.py              59    enc_frame                 : enc_frame, 1 14 0 bytearray(b'\x00l7\xe0\xdc\x1b\x00')
2016-07-21 11:15:12,684 root DEBUG iutctl.py                 112   send                      : sending frame '\x01\x0e\x00\x07\x00\x00l7\xe0\xdc\x1b\x00'
2016-07-21 11:15:12,684 root DEBUG btp.py                    588   gap_command_rsp_succ      : gap_command_rsp_succ
2016-07-21 11:15:12,684 root DEBUG iutctl.py                 64    read                      : read
2016-07-21 11:15:12,689 root DEBUG btpparser.py              39    dec_hdr                   : dec_hdr, bytearray(b'\x01\x0e\x00\x00\x00')
2016-07-21 11:15:12,690 root DEBUG iutctl.py                 78    read                      : Received: hdr: header(svc_id=1, op=14, ctrl_index=0, data_len=0) bytearray(b'\x01\x0e\x00\x00\x00')
2016-07-21 11:15:12,690 root DEBUG btpparser.py              49    dec_data                  : dec_data, bytearray(b'')
2016-07-21 11:15:12,690 root DEBUG iutctl.py                 91    read                      : Received data: ('',), bytearray(b'')
2016-07-21 11:15:12,691 root DEBUG btp.py                    593   gap_command_rsp_succ      : received header(svc_id=1, op=14, ctrl_index=0, data_len=0) ('',)
2016-07-21 11:15:12,691 root DEBUG testcase.py               201   start                     : Starting test function: ptsprojects.testcase.TestFunc <function gap_connected_ev at 0x7f5db38d5c80> 2 None ('00:1B:DC:E0:37:6C', 0) {}
2016-07-21 11:15:12,691 root DEBUG testcase.py               209   start                     : Test function parameters: args=('00:1B:DC:E0:37:6C', 0), kwds={}
2016-07-21 11:15:12,691 root DEBUG btp.py                    309   gap_connected_ev          : gap_connected_ev '00:1B:DC:E0:37:6C' 0
2016-07-21 11:15:12,691 root DEBUG iutctl.py                 64    read                      : read
2016-07-21 11:15:13,245 root DEBUG btpparser.py              39    dec_hdr                   : dec_hdr, bytearray(b'\x01\x82\x00\x07\x00')
2016-07-21 11:15:13,247 root DEBUG iutctl.py                 78    read                      : Received: hdr: header(svc_id=1, op=130, ctrl_index=0, data_len=7) bytearray(b'\x01\x82\x00\x07\x00')
2016-07-21 11:15:13,247 root DEBUG btpparser.py              49    dec_data                  : dec_data, bytearray(b'l7\xe0\xdc\x1b\x00\x00')
2016-07-21 11:15:13,247 root DEBUG iutctl.py                 91    read                      : Received data: ('l7\xe0\xdc\x1b\x00\x00',), bytearray(b'l7\xe0\xdc\x1b\x00\x00')
2016-07-21 11:15:13,247 root DEBUG btp.py                    313   gap_connected_ev          : received header(svc_id=1, op=130, ctrl_index=0, data_len=7) ('l7\xe0\xdc\x1b\x00\x00',)
2016-07-21 11:15:13,247 root DEBUG testcase.py               494   on_implicit_send          : Sending response 'OK'
2016-07-21 11:15:13,248 ClientCallback.on_implicit_send INFO autoptsclient_common.py   143   on_implicit_send          : test case returned on_implicit_send, response: OK
2016-07-21 11:15:13,248 ClientCallback.on_implicit_send INFO autoptsclient_common.py   151   on_implicit_send          : END OnImplicitSend:
2016-07-21 11:15:13,248 ClientCallback.on_implicit_send INFO autoptsclient_common.py   152   on_implicit_send          : ********************
2016-07-21 11:15:13,260 ClientCallback.on_implicit_send INFO autoptsclient_common.py   116   on_implicit_send          : ********************
2016-07-21 11:15:13,260 ClientCallback.on_implicit_send INFO autoptsclient_common.py   117   on_implicit_send          : BEGIN OnImplicitSend:
2016-07-21 11:15:13,260 ClientCallback.on_implicit_send INFO autoptsclient_common.py   118   on_implicit_send          : project_name: GATT
2016-07-21 11:15:13,260 ClientCallback.on_implicit_send INFO autoptsclient_common.py   119   on_implicit_send          : wid: 74
2016-07-21 11:15:13,261 ClientCallback.on_implicit_send INFO autoptsclient_common.py   120   on_implicit_send          : test_case_name: TC_GAW_CL_BI_03_C
2016-07-21 11:15:13,261 ClientCallback.on_implicit_send INFO autoptsclient_common.py   121   on_implicit_send          : description: Please send write request with characteristic handle = '006A'O with <= '1' byte of any octet value to the PTS.

Description: Verify that the Implementation Under Test (IUT) can send write request.
2016-07-21 11:15:13,261 ClientCallback.on_implicit_send INFO autoptsclient_common.py   122   on_implicit_send          : style: MMI_Style_Ok_Cancel2 0x11141
2016-07-21 11:15:13,261 ClientCallback.on_implicit_send INFO autoptsclient_common.py   124   on_implicit_send          : response: 1687860 <type 'int'> 17150216
2016-07-21 11:15:13,261 ClientCallback.on_implicit_send INFO autoptsclient_common.py   125   on_implicit_send          : response_size: 2048
2016-07-21 11:15:13,261 ClientCallback.on_implicit_send INFO autoptsclient_common.py   127   on_implicit_send          : response_is_present: 0 <type 'int'>
2016-07-21 11:15:13,262 ClientCallback.on_implicit_send INFO autoptsclient_common.py   131   on_implicit_send          : Calling test cases on_implicit_send
2016-07-21 11:15:13,262 root DEBUG testcase.py               467   on_implicit_send          : GATT TC_GAW_CL_BI_03_C on_implicit_send
2016-07-21 11:15:13,262 root DEBUG testcase.py               59    parse_description         : parse_description "Please send write request with characteristic handle = '006A'O with <= '1' byte of any octet value to the PTS.\n\nDescription: Verify that the Implementation Under Test (IUT) can send write request."
2016-07-21 11:15:13,262 root DEBUG testcase.py               63    parse_description         : Parse result: ['006A', '1']
2016-07-21 11:15:13,262 root DEBUG testcase.py               201   start                     : Starting test function: ptsprojects.testcase.TestFunc <function gattc_write at 0x7f5db38edf50> 74 None (0, '00:1B:DC:E0:37:6C', 'MMI_arg_value_1', '12', 'MMI_arg_value_2') {}
2016-07-21 11:15:13,263 root DEBUG testcase.py               78    process_args              : process_args: (0, '00:1B:DC:E0:37:6C', 'MMI_arg_value_1', '12', 'MMI_arg_value_2')
2016-07-21 11:15:13,263 root DEBUG testcase.py               79    process_args              : MMI.args now ['006A', '1']
2016-07-21 11:15:13,263 root DEBUG testcase.py               93    process_args              : returning (0, '00:1B:DC:E0:37:6C', '006A', '12', '1')
2016-07-21 11:15:13,263 root DEBUG testcase.py               209   start                     : Test function parameters: args=(0, '00:1B:DC:E0:37:6C', '006A', '12', '1'), kwds={}
2016-07-21 11:15:13,263 root DEBUG btp.py                    1082  gattc_write               : gattc_write 0 '00:1B:DC:E0:37:6C' '006A' '12' '1'
2016-07-21 11:15:13,263 root DEBUG iutctl.py                 98    send                      : send, 2 23 0 bytearray(b'\x00l7\xe0\xdc\x1b\x00j\x00\x01\x00\x12')
2016-07-21 11:15:13,264 root DEBUG iutctl.py                 108   send                      : btpclient command: send 2 23 0 006c37e0dc1b006a00010012
2016-07-21 11:15:13,264 root DEBUG btpparser.py              59    enc_frame                 : enc_frame, 2 23 0 bytearray(b'\x00l7\xe0\xdc\x1b\x00j\x00\x01\x00\x12')
2016-07-21 11:15:13,264 root DEBUG iutctl.py                 112   send                      : sending frame '\x02\x17\x00\x0c\x00\x00l7\xe0\xdc\x1b\x00j\x00\x01\x00\x12'
2016-07-21 11:15:13,264 root DEBUG testcase.py               201   start                     : Starting test function: ptsprojects.testcase.TestFunc <function gattc_write_rsp at 0x7f5db38eea28> 74 None (True,) {}
2016-07-21 11:15:13,264 root DEBUG testcase.py               209   start                     : Test function parameters: args=(True,), kwds={}
2016-07-21 11:15:13,265 root DEBUG iutctl.py                 64    read                      : read
2016-07-21 11:15:13,348 root DEBUG btpparser.py              39    dec_hdr                   : dec_hdr, bytearray(b'\x02\x17\x00\x01\x00')
2016-07-21 11:15:13,349 root DEBUG iutctl.py                 78    read                      : Received: hdr: header(svc_id=2, op=23, ctrl_index=0, data_len=1) bytearray(b'\x02\x17\x00\x01\x00')
2016-07-21 11:15:13,350 root DEBUG btpparser.py              49    dec_data                  : dec_data, bytearray(b'\x03')
2016-07-21 11:15:13,350 root DEBUG iutctl.py                 91    read                      : Received data: ('\x03',), bytearray(b'\x03')
2016-07-21 11:15:13,350 root DEBUG btp.py                    1656  gattc_write_rsp           : gattc_write_rsp received header(svc_id=2, op=23, ctrl_index=0, data_len=1) ('\x03',)
2016-07-21 11:15:13,350 root DEBUG btp.py                    1661  gattc_write_rsp           : gattc_write_rsp 3
2016-07-21 11:15:13,350 root DEBUG testcase.py               494   on_implicit_send          : Sending response 'OK'
2016-07-21 11:15:13,351 ClientCallback.on_implicit_send INFO autoptsclient_common.py   143   on_implicit_send          : test case returned on_implicit_send, response: OK
2016-07-21 11:15:13,351 ClientCallback.on_implicit_send INFO autoptsclient_common.py   151   on_implicit_send          : END OnImplicitSend:
2016-07-21 11:15:13,351 ClientCallback.on_implicit_send INFO autoptsclient_common.py   152   on_implicit_send          : ********************
2016-07-21 11:15:13,362 ClientCallback.on_implicit_send INFO autoptsclient_common.py   116   on_implicit_send          : ********************
2016-07-21 11:15:13,363 ClientCallback.on_implicit_send INFO autoptsclient_common.py   117   on_implicit_send          : BEGIN OnImplicitSend:
2016-07-21 11:15:13,363 ClientCallback.on_implicit_send INFO autoptsclient_common.py   118   on_implicit_send          : project_name: GATT
2016-07-21 11:15:13,363 ClientCallback.on_implicit_send INFO autoptsclient_common.py   119   on_implicit_send          : wid: 62
2016-07-21 11:15:13,363 ClientCallback.on_implicit_send INFO autoptsclient_common.py   120   on_implicit_send          : test_case_name: TC_GAW_CL_BI_03_C
2016-07-21 11:15:13,363 ClientCallback.on_implicit_send INFO autoptsclient_common.py   121   on_implicit_send          : description: Please confirm IUT receive write is not permitted error. Click Yes if IUT receive it, othwise click No.

Description: Verify that the Implementation Under Test (IUT) indicate write is not permitted error when write a characteristic.
2016-07-21 11:15:13,364 ClientCallback.on_implicit_send INFO autoptsclient_common.py   122   on_implicit_send          : style: MMI_Style_Yes_No1 0x11044
2016-07-21 11:15:13,364 ClientCallback.on_implicit_send INFO autoptsclient_common.py   124   on_implicit_send          : response: 1687860 <type 'int'> 17150216
2016-07-21 11:15:13,364 ClientCallback.on_implicit_send INFO autoptsclient_common.py   125   on_implicit_send          : response_size: 2048
2016-07-21 11:15:13,364 ClientCallback.on_implicit_send INFO autoptsclient_common.py   127   on_implicit_send          : response_is_present: 0 <type 'int'>
2016-07-21 11:15:13,364 ClientCallback.on_implicit_send INFO autoptsclient_common.py   131   on_implicit_send          : Calling test cases on_implicit_send
2016-07-21 11:15:13,364 root DEBUG testcase.py               467   on_implicit_send          : GATT TC_GAW_CL_BI_03_C on_implicit_send
2016-07-21 11:15:13,365 root DEBUG testcase.py               364   handle_mmi_style_yes_no1  : handle_mmi_style_yes_no1, 62 'Please confirm IUT receive write is not permitted error. Click Yes if IUT receive it, othwise click No.\n\nDescription: Verify that the Implementation Under Test (IUT) indicate write is not permitted error when write a characteristic.'
2016-07-21 11:15:13,365 root DEBUG testcase.py               366   handle_mmi_style_yes_no1  : no_wid=None verify_wids={62: <function verify_description at 0x7f5db38d5848>}
2016-07-21 11:15:13,365 root DEBUG testcase.py               378   handle_mmi_style_yes_no1  : Starting verification of: {62: <function verify_description at 0x7f5db38d5848>}
2016-07-21 11:15:13,365 root DEBUG btp.py                    139   verify_description        : description='Please confirm IUT receive write is not permitted error. Click Yes if IUT receive it, othwise click No.\n\nDescription: Verify that the Implementation Under Test (IUT) indicate write is not permitted error when write a characteristic.'
2016-07-21 11:15:13,365 root DEBUG btp.py                    142   verify_description        : Verifying values: ['write is not permitted error']
2016-07-21 11:15:13,365 root DEBUG btp.py                    151   verify_description        : Verifying: 'write is not permitted error'
2016-07-21 11:15:13,366 root DEBUG btp.py                    157   verify_description        : All verifications passed
2016-07-21 11:15:13,366 root DEBUG testcase.py               408   handle_mmi_style_yes_no1  : All verifications passed
2016-07-21 11:15:13,366 root DEBUG testcase.py               494   on_implicit_send          : Sending response 'Yes'
2016-07-21 11:15:13,366 ClientCallback.on_implicit_send INFO autoptsclient_common.py   143   on_implicit_send          : test case returned on_implicit_send, response: Yes
2016-07-21 11:15:13,366 ClientCallback.on_implicit_send INFO autoptsclient_common.py   151   on_implicit_send          : END OnImplicitSend:
2016-07-21 11:15:13,367 ClientCallback.on_implicit_send INFO autoptsclient_common.py   152   on_implicit_send          : ********************
2016-07-21 11:15:13,376 ClientCallback.on_implicit_send INFO autoptsclient_common.py   116   on_implicit_send          : ********************
2016-07-21 11:15:13,377 ClientCallback.on_implicit_send INFO autoptsclient_common.py   117   on_implicit_send          : BEGIN OnImplicitSend:
2016-07-21 11:15:13,377 ClientCallback.on_implicit_send INFO autoptsclient_common.py   118   on_implicit_send          : project_name: GATT
2016-07-21 11:15:13,377 ClientCallback.on_implicit_send INFO autoptsclient_common.py   119   on_implicit_send          : wid: 3
2016-07-21 11:15:13,377 ClientCallback.on_implicit_send INFO autoptsclient_common.py   120   on_implicit_send          : test_case_name: TC_GAW_CL_BI_03_C
2016-07-21 11:15:13,377 ClientCallback.on_implicit_send INFO autoptsclient_common.py   121   on_implicit_send          : description: Please initiate a GATT disconnection to the PTS.

Description: Verify that the Implementation Under Test (IUT) can initiate GATT disconnect request to PTS
2016-07-21 11:15:13,377 ClientCallback.on_implicit_send INFO autoptsclient_common.py   122   on_implicit_send          : style: MMI_Style_Ok_Cancel2 0x11141
2016-07-21 11:15:13,378 ClientCallback.on_implicit_send INFO autoptsclient_common.py   124   on_implicit_send          : response: 1687860 <type 'int'> 17150216
2016-07-21 11:15:13,378 ClientCallback.on_implicit_send INFO autoptsclient_common.py   125   on_implicit_send          : response_size: 2048
2016-07-21 11:15:13,378 ClientCallback.on_implicit_send INFO autoptsclient_common.py   127   on_implicit_send          : response_is_present: 0 <type 'int'>
2016-07-21 11:15:13,378 ClientCallback.on_implicit_send INFO autoptsclient_common.py   131   on_implicit_send          : Calling test cases on_implicit_send
2016-07-21 11:15:13,378 root DEBUG testcase.py               467   on_implicit_send          : GATT TC_GAW_CL_BI_03_C on_implicit_send
2016-07-21 11:15:13,378 root DEBUG testcase.py               201   start                     : Starting test function: ptsprojects.testcase.TestFunc <function gap_disconn at 0x7f5db38d5de8> 3 None ('00:1B:DC:E0:37:6C', 0) {}
2016-07-21 11:15:13,379 root DEBUG testcase.py               209   start                     : Test function parameters: args=('00:1B:DC:E0:37:6C', 0), kwds={}
2016-07-21 11:15:13,379 root DEBUG btp.py                    365   gap_disconn               : gap_disconn '00:1B:DC:E0:37:6C' 0
2016-07-21 11:15:13,379 root DEBUG iutctl.py                 98    send                      : send, 1 15 0 bytearray(b'\x00l7\xe0\xdc\x1b\x00')
2016-07-21 11:15:13,379 root DEBUG iutctl.py                 108   send                      : btpclient command: send 1 15 0 006c37e0dc1b00
2016-07-21 11:15:13,379 root DEBUG btpparser.py              59    enc_frame                 : enc_frame, 1 15 0 bytearray(b'\x00l7\xe0\xdc\x1b\x00')
2016-07-21 11:15:13,379 root DEBUG iutctl.py                 112   send                      : sending frame '\x01\x0f\x00\x07\x00\x00l7\xe0\xdc\x1b\x00'
2016-07-21 11:15:13,380 root DEBUG btp.py                    588   gap_command_rsp_succ      : gap_command_rsp_succ
2016-07-21 11:15:13,380 root DEBUG iutctl.py                 64    read                      : read
2016-07-21 11:15:13,382 root DEBUG btpparser.py              39    dec_hdr                   : dec_hdr, bytearray(b'\x01\x0f\x00\x00\x00')
2016-07-21 11:15:13,383 root DEBUG iutctl.py                 78    read                      : Received: hdr: header(svc_id=1, op=15, ctrl_index=0, data_len=0) bytearray(b'\x01\x0f\x00\x00\x00')
2016-07-21 11:15:13,383 root DEBUG btpparser.py              49    dec_data                  : dec_data, bytearray(b'')
2016-07-21 11:15:13,383 root DEBUG iutctl.py                 91    read                      : Received data: ('',), bytearray(b'')
2016-07-21 11:15:13,384 root DEBUG btp.py                    593   gap_command_rsp_succ      : received header(svc_id=1, op=15, ctrl_index=0, data_len=0) ('',)
2016-07-21 11:15:13,384 root DEBUG testcase.py               201   start                     : Starting test function: ptsprojects.testcase.TestFunc <function gap_disconnected_ev at 0x7f5db38d5d70> 3 None ('00:1B:DC:E0:37:6C', 0) {}
2016-07-21 11:15:13,384 root DEBUG testcase.py               209   start                     : Test function parameters: args=('00:1B:DC:E0:37:6C', 0), kwds={}
2016-07-21 11:15:13,384 root DEBUG btp.py                    345   gap_disconnected_ev       : gap_disconnected_ev '00:1B:DC:E0:37:6C' 0
2016-07-21 11:15:13,384 root DEBUG iutctl.py                 64    read                      : read
2016-07-21 11:15:13,397 root DEBUG btpparser.py              39    dec_hdr                   : dec_hdr, bytearray(b'\x01\x83\x00\x07\x00')
2016-07-21 11:15:13,398 root DEBUG iutctl.py                 78    read                      : Received: hdr: header(svc_id=1, op=131, ctrl_index=0, data_len=7) bytearray(b'\x01\x83\x00\x07\x00')
2016-07-21 11:15:13,398 root DEBUG btpparser.py              49    dec_data                  : dec_data, bytearray(b'l7\xe0\xdc\x1b\x00\x00')
2016-07-21 11:15:13,399 root DEBUG iutctl.py                 91    read                      : Received data: ('l7\xe0\xdc\x1b\x00\x00',), bytearray(b'l7\xe0\xdc\x1b\x00\x00')
2016-07-21 11:15:13,399 root DEBUG btp.py                    349   gap_disconnected_ev       : received header(svc_id=1, op=131, ctrl_index=0, data_len=7) ('l7\xe0\xdc\x1b\x00\x00',)
2016-07-21 11:15:13,399 root DEBUG testcase.py               494   on_implicit_send          : Sending response 'OK'
2016-07-21 11:15:13,399 ClientCallback.on_implicit_send INFO autoptsclient_common.py   143   on_implicit_send          : test case returned on_implicit_send, response: OK
2016-07-21 11:15:13,399 ClientCallback.on_implicit_send INFO autoptsclient_common.py   151   on_implicit_send          : END OnImplicitSend:
2016-07-21 11:15:13,399 ClientCallback.on_implicit_send INFO autoptsclient_common.py   152   on_implicit_send          : ********************
2016-07-21 11:15:16,015 ClientCallback.log INFO autoptsclient_common.py   82    log                       : PTS_LOGTYPE_START_TEST Start Test Case 

+0 ms
 TC_GAW_CL_BI_03_C

2016-07-21 11:15:16,015 root DEBUG testcase.py               358   log                       : New status GATT TC_GAW_CL_BI_03_C - Started
2016-07-21 11:15:16,173 ClientCallback.log INFO autoptsclient_common.py   82    log                       : PTS_LOGTYPE_FINAL_VERDICT Final Verdict 

+7784 ms
 PASS

2016-07-21 11:15:16,173 root DEBUG testcase.py               358   log                       : New status GATT TC_GAW_CL_BI_03_C - PASS
2016-07-21 11:15:16,180 ClientCallback.log INFO autoptsclient_common.py   82    log                       : PTS_LOGTYPE_FINAL_VERDICT Encrypted Verdict 

+7784 ms
 A1#ZWY4MzQ5MDg3MmQwNTIxOGQzMzQ5YjY2ODA5M2MzNjQ5ZDY4NmY0Yjc2MzIzM2VkNTUyNTFhNGU4Mjg1MjI0NA==#qAKJAzAOegTV8dldVTZ6Ia5U+zy51/YapexS4YDyDhxsXK1xDGGoJoJZSlhAGrew

2016-07-21 11:15:16,207 ClientCallback.log INFO autoptsclient_common.py   82    log                       : PTS_LOGTYPE_END_TEST Test Case Ended 

+7784 ms
 TC_GAW_CL_BI_03_C

2016-07-21 11:15:16,271 root DEBUG testcase.py               518   post_run                  : post_run GATT TC_GAW_CL_BI_03_C 
2016-07-21 11:15:16,272 root DEBUG testcase.py               201   start                     : Starting test function: ptsprojects.testcase.TestFuncCleanUp <bound method ZephyrCtl.stop of <ptsprojects.zephyr.iutctl.ZephyrCtl instance at 0x7f5db38fafc8>> None None () {}
2016-07-21 11:15:16,272 root DEBUG testcase.py               209   start                     : Test function parameters: args=(), kwds={}
2016-07-21 11:15:16,272 root DEBUG iutctl.py                 207   stop                      : ptsprojects.zephyr.iutctl.ZephyrCtl.stop
2016-07-21 11:15:19,275 root DEBUG autoptsclient_common.py   395   run_test_case             : Done TestCase wrapper GATT TC_GAW_CL_BI_03_C
