2016-07-21 10:08:40,492 root DEBUG autoptsclient_common.py   349   run_test_case             : Starting TestCase wrapper GATT TC_GPA_SR_BV_11_C
2016-07-21 10:08:40,492 root DEBUG testcase.py               499   pre_run                   : pre_run GATT TC_GPA_SR_BV_11_C
2016-07-21 10:08:40,492 root DEBUG testcase.py               502   pre_run                   : About to run test case GATT TC_GPA_SR_BV_11_C with commands:
2016-07-21 10:08:40,492 root DEBUG testcase.py               504   pre_run                   : 0) ptsprojects.testcase.TestFunc <bound method ZephyrCtl.start of <ptsprojects.zephyr.iutctl.ZephyrCtl instance at 0x7fdb71194fc8>> None None () {}
2016-07-21 10:08:40,492 root DEBUG testcase.py               504   pre_run                   : 1) ptsprojects.testcase.TestFunc <function core_reg_svc_gap at 0x7fdb7116fa28> None None () {}
2016-07-21 10:08:40,492 root DEBUG testcase.py               504   pre_run                   : 2) ptsprojects.testcase.TestFunc <function core_reg_svc_gatts at 0x7fdb7116faa0> None None () {}
2016-07-21 10:08:40,492 root DEBUG testcase.py               504   pre_run                   : 3) ptsprojects.testcase.TestFunc <function gatts_add_svc at 0x7fdb711875f0> None None (0, 'AA50') {}
2016-07-21 10:08:40,492 root DEBUG testcase.py               504   pre_run                   : 4) ptsprojects.testcase.TestFunc <function gatts_add_char at 0x7fdb711876e0> None None (0, 10, 1, 'AA51') {}
2016-07-21 10:08:40,492 root DEBUG testcase.py               504   pre_run                   : 5) ptsprojects.testcase.TestFunc <function gatts_set_val at 0x7fdb71187758> None None (0, '65') {}
2016-07-21 10:08:40,492 root DEBUG testcase.py               504   pre_run                   : 6) ptsprojects.testcase.TestFunc <function gatts_add_desc at 0x7fdb711877d0> None None (0, 1, '2904') {}
2016-07-21 10:08:40,493 root DEBUG testcase.py               504   pre_run                   : 7) ptsprojects.testcase.TestFunc <function gatts_set_val at 0x7fdb71187758> None None (0, '04000127010100') {}
2016-07-21 10:08:40,493 root DEBUG testcase.py               504   pre_run                   : 8) ptsprojects.testcase.TestFunc <function gatts_add_char at 0x7fdb711876e0> None None (0, 10, 1, 'AA52') {}
2016-07-21 10:08:40,493 root DEBUG testcase.py               504   pre_run                   : 9) ptsprojects.testcase.TestFunc <function gatts_set_val at 0x7fdb71187758> None None (0, '1234') {}
2016-07-21 10:08:40,493 root DEBUG testcase.py               504   pre_run                   : 10) ptsprojects.testcase.TestFunc <function gatts_add_desc at 0x7fdb711877d0> None None (0, 1, '2904') {}
2016-07-21 10:08:40,493 root DEBUG testcase.py               504   pre_run                   : 11) ptsprojects.testcase.TestFunc <function gatts_set_val at 0x7fdb71187758> None None (0, '06001027010200') {}
2016-07-21 10:08:40,493 root DEBUG testcase.py               504   pre_run                   : 12) ptsprojects.testcase.TestFunc <function gatts_add_char at 0x7fdb711876e0> None None (0, 10, 1, 'AA53') {}
2016-07-21 10:08:40,493 root DEBUG testcase.py               504   pre_run                   : 13) ptsprojects.testcase.TestFunc <function gatts_set_val at 0x7fdb71187758> None None (0, '01020304') {}
2016-07-21 10:08:40,493 root DEBUG testcase.py               504   pre_run                   : 14) ptsprojects.testcase.TestFunc <function gatts_add_desc at 0x7fdb711877d0> None None (0, 1, '2904') {}
2016-07-21 10:08:40,493 root DEBUG testcase.py               504   pre_run                   : 15) ptsprojects.testcase.TestFunc <function gatts_set_val at 0x7fdb71187758> None None (0, '08001727010300') {}
2016-07-21 10:08:40,493 root DEBUG testcase.py               504   pre_run                   : 16) ptsprojects.testcase.TestFunc <function gatts_add_char at 0x7fdb711876e0> None None (0, 10, 1, 'AA54') {}
2016-07-21 10:08:40,493 root DEBUG testcase.py               504   pre_run                   : 17) ptsprojects.testcase.TestFunc <function gatts_set_val at 0x7fdb71187758> None None (0, '65123401020304') {}
2016-07-21 10:08:40,494 root DEBUG testcase.py               504   pre_run                   : 18) ptsprojects.testcase.TestFunc <function gatts_add_desc at 0x7fdb711877d0> None None (0, 1, '2905') {}
2016-07-21 10:08:40,494 root DEBUG testcase.py               504   pre_run                   : 19) ptsprojects.testcase.TestFunc <function gatts_set_val at 0x7fdb71187758> None None (0, '040007001000') {}
2016-07-21 10:08:40,494 root DEBUG testcase.py               504   pre_run                   : 20) ptsprojects.testcase.TestFunc <function gatts_start_server at 0x7fdb71187848> None None () {}
2016-07-21 10:08:40,494 root DEBUG testcase.py               504   pre_run                   : 21) ptsprojects.testcase.TestFunc <function gap_adv_ind_on at 0x7fdb7116fb90> 1 None () {}
2016-07-21 10:08:40,494 root DEBUG testcase.py               504   pre_run                   : 22) ptsprojects.testcase.TestFuncCleanUp <bound method ZephyrCtl.stop of <ptsprojects.zephyr.iutctl.ZephyrCtl instance at 0x7fdb71194fc8>> None None () {}
2016-07-21 10:08:40,494 root DEBUG testcase.py               201   start                     : Starting test function: ptsprojects.testcase.TestFunc <bound method ZephyrCtl.start of <ptsprojects.zephyr.iutctl.ZephyrCtl instance at 0x7fdb71194fc8>> None None () {}
2016-07-21 10:08:40,494 root DEBUG testcase.py               209   start                     : Test function parameters: args=(), kwds={}
2016-07-21 10:08:40,494 root DEBUG iutctl.py                 173   start                     : ptsprojects.zephyr.iutctl.ZephyrCtl.start
2016-07-21 10:08:40,494 root DEBUG iutctl.py                 160   reset_board               : About to reset DUT: "/home/skamrmar/bin/zflash/openocd/bin/openocd -s /home/skamrmar/bin/zflash/openocd/share/scripts -f /home/skamrmar/bin/zflash/boards/mountatlas/openocd.cfg -c 'init' -c 'reset run' -c 'shutdown'"
2016-07-21 10:08:42,495 root DEBUG iutctl.py                 184   start                     : Starting socat process: socat -x -v /dev/ttyUSB1,raw,b115200 UNIX-CONNECT:/tmp/bt-stack-tester
2016-07-21 10:08:42,497 root DEBUG iutctl.py                 56    accept                    : accept
2016-07-21 10:08:42,500 root DEBUG testcase.py               201   start                     : Starting test function: ptsprojects.testcase.TestFunc <function core_reg_svc_gap at 0x7fdb7116fa28> None None () {}
2016-07-21 10:08:42,500 root DEBUG testcase.py               209   start                     : Test function parameters: args=(), kwds={}
2016-07-21 10:08:42,500 root DEBUG btp.py                    226   core_reg_svc_gap          : core_reg_svc_gap
2016-07-21 10:08:42,500 root DEBUG iutctl.py                 98    send                      : send, 0 3 255 1
2016-07-21 10:08:42,500 root DEBUG iutctl.py                 108   send                      : btpclient command: send 0 3 255 01
2016-07-21 10:08:42,500 root DEBUG btpparser.py              59    enc_frame                 : enc_frame, 0 3 255 '\x01'
2016-07-21 10:08:42,500 root DEBUG iutctl.py                 112   send                      : sending frame '\x00\x03\xff\x01\x00\x01'
2016-07-21 10:08:44,050 root DEBUG btp.py                    246   core_reg_svc_rsp_succ     : core_reg_svc_rsp_succ
2016-07-21 10:08:44,050 root DEBUG iutctl.py                 64    read                      : read
2016-07-21 10:08:44,558 root DEBUG btpparser.py              39    dec_hdr                   : dec_hdr, bytearray(b'\x00\x03\xff\x00\x00')
2016-07-21 10:08:44,560 root DEBUG iutctl.py                 78    read                      : Received: hdr: header(svc_id=0, op=3, ctrl_index=255, data_len=0) bytearray(b'\x00\x03\xff\x00\x00')
2016-07-21 10:08:44,560 root DEBUG btpparser.py              49    dec_data                  : dec_data, bytearray(b'')
2016-07-21 10:08:44,560 root DEBUG iutctl.py                 91    read                      : Received data: ('',), bytearray(b'')
2016-07-21 10:08:44,560 root DEBUG btp.py                    257   core_reg_svc_rsp_succ     : received header(svc_id=0, op=3, ctrl_index=255, data_len=0) ('',)
2016-07-21 10:08:44,560 root DEBUG btp.py                    258   core_reg_svc_rsp_succ     : expected ((0, 3, 255, 0), ('',))
2016-07-21 10:08:44,561 root DEBUG btp.py                    264   core_reg_svc_rsp_succ     : response is valid
2016-07-21 10:08:44,561 root DEBUG testcase.py               201   start                     : Starting test function: ptsprojects.testcase.TestFunc <function core_reg_svc_gatts at 0x7fdb7116faa0> None None () {}
2016-07-21 10:08:44,561 root DEBUG testcase.py               209   start                     : Test function parameters: args=(), kwds={}
2016-07-21 10:08:44,561 root DEBUG btp.py                    237   core_reg_svc_gatts        : core_reg_svc_gatts
2016-07-21 10:08:44,561 root DEBUG iutctl.py                 98    send                      : send, 0 3 255 2
2016-07-21 10:08:44,561 root DEBUG iutctl.py                 108   send                      : btpclient command: send 0 3 255 02
2016-07-21 10:08:44,562 root DEBUG btpparser.py              59    enc_frame                 : enc_frame, 0 3 255 '\x02'
2016-07-21 10:08:44,562 root DEBUG iutctl.py                 112   send                      : sending frame '\x00\x03\xff\x01\x00\x02'
2016-07-21 10:08:44,562 root DEBUG btp.py                    246   core_reg_svc_rsp_succ     : core_reg_svc_rsp_succ
2016-07-21 10:08:44,562 root DEBUG iutctl.py                 64    read                      : read
2016-07-21 10:08:44,564 root DEBUG btpparser.py              39    dec_hdr                   : dec_hdr, bytearray(b'\x00\x03\xff\x00\x00')
2016-07-21 10:08:44,565 root DEBUG iutctl.py                 78    read                      : Received: hdr: header(svc_id=0, op=3, ctrl_index=255, data_len=0) bytearray(b'\x00\x03\xff\x00\x00')
2016-07-21 10:08:44,565 root DEBUG btpparser.py              49    dec_data                  : dec_data, bytearray(b'')
2016-07-21 10:08:44,565 root DEBUG iutctl.py                 91    read                      : Received data: ('',), bytearray(b'')
2016-07-21 10:08:44,565 root DEBUG btp.py                    257   core_reg_svc_rsp_succ     : received header(svc_id=0, op=3, ctrl_index=255, data_len=0) ('',)
2016-07-21 10:08:44,566 root DEBUG btp.py                    258   core_reg_svc_rsp_succ     : expected ((0, 3, 255, 0), ('',))
2016-07-21 10:08:44,566 root DEBUG btp.py                    264   core_reg_svc_rsp_succ     : response is valid
2016-07-21 10:08:44,566 root DEBUG testcase.py               201   start                     : Starting test function: ptsprojects.testcase.TestFunc <function gatts_add_svc at 0x7fdb711875f0> None None (0, 'AA50') {}
2016-07-21 10:08:44,566 root DEBUG testcase.py               209   start                     : Test function parameters: args=(0, 'AA50'), kwds={}
2016-07-21 10:08:44,566 root DEBUG btp.py                    599   gatts_add_svc             : gatts_add_svc 0 'AA50'
2016-07-21 10:08:44,566 root DEBUG iutctl.py                 98    send                      : send, 2 2 0 bytearray(b'\x00\x02P\xaa')
2016-07-21 10:08:44,566 root DEBUG iutctl.py                 108   send                      : btpclient command: send 2 2 0 000250aa
2016-07-21 10:08:44,566 root DEBUG btpparser.py              59    enc_frame                 : enc_frame, 2 2 0 bytearray(b'\x00\x02P\xaa')
2016-07-21 10:08:44,566 root DEBUG iutctl.py                 112   send                      : sending frame '\x02\x02\x00\x04\x00\x00\x02P\xaa'
2016-07-21 10:08:44,567 root DEBUG btp.py                    1218  gatt_command_rsp_succ     : gatt_command_rsp_succ
2016-07-21 10:08:44,567 root DEBUG iutctl.py                 64    read                      : read
2016-07-21 10:08:44,569 root DEBUG btpparser.py              39    dec_hdr                   : dec_hdr, bytearray(b'\x02\x02\x00\x02\x00')
2016-07-21 10:08:44,570 root DEBUG iutctl.py                 78    read                      : Received: hdr: header(svc_id=2, op=2, ctrl_index=0, data_len=2) bytearray(b'\x02\x02\x00\x02\x00')
2016-07-21 10:08:44,570 root DEBUG btpparser.py              49    dec_data                  : dec_data, bytearray(b'\x00\x00')
2016-07-21 10:08:44,570 root DEBUG iutctl.py                 91    read                      : Received data: ('\x00\x00',), bytearray(b'\x00\x00')
2016-07-21 10:08:44,570 root DEBUG btp.py                    1223  gatt_command_rsp_succ     : received header(svc_id=2, op=2, ctrl_index=0, data_len=2) ('\x00\x00',)
2016-07-21 10:08:44,571 root DEBUG testcase.py               201   start                     : Starting test function: ptsprojects.testcase.TestFunc <function gatts_add_char at 0x7fdb711876e0> None None (0, 10, 1, 'AA51') {}
2016-07-21 10:08:44,571 root DEBUG testcase.py               209   start                     : Test function parameters: args=(0, 10, 1, 'AA51'), kwds={}
2016-07-21 10:08:44,571 root DEBUG btp.py                    634   gatts_add_char            : gatts_add_char 0 10 1 'AA51'
2016-07-21 10:08:44,571 root DEBUG iutctl.py                 98    send                      : send, 2 3 0 bytearray(b'\x00\x00\n\x01\x02Q\xaa')
2016-07-21 10:08:44,571 root DEBUG iutctl.py                 108   send                      : btpclient command: send 2 3 0 00000a010251aa
2016-07-21 10:08:44,571 root DEBUG btpparser.py              59    enc_frame                 : enc_frame, 2 3 0 bytearray(b'\x00\x00\n\x01\x02Q\xaa')
2016-07-21 10:08:44,572 root DEBUG iutctl.py                 112   send                      : sending frame '\x02\x03\x00\x07\x00\x00\x00\n\x01\x02Q\xaa'
2016-07-21 10:08:44,572 root DEBUG btp.py                    1218  gatt_command_rsp_succ     : gatt_command_rsp_succ
2016-07-21 10:08:44,572 root DEBUG iutctl.py                 64    read                      : read
2016-07-21 10:08:44,574 root DEBUG btpparser.py              39    dec_hdr                   : dec_hdr, bytearray(b'\x02\x03\x00\x02\x00')
2016-07-21 10:08:44,575 root DEBUG iutctl.py                 78    read                      : Received: hdr: header(svc_id=2, op=3, ctrl_index=0, data_len=2) bytearray(b'\x02\x03\x00\x02\x00')
2016-07-21 10:08:44,575 root DEBUG btpparser.py              49    dec_data                  : dec_data, bytearray(b'\x00\x00')
2016-07-21 10:08:44,575 root DEBUG iutctl.py                 91    read                      : Received data: ('\x00\x00',), bytearray(b'\x00\x00')
2016-07-21 10:08:44,575 root DEBUG btp.py                    1223  gatt_command_rsp_succ     : received header(svc_id=2, op=3, ctrl_index=0, data_len=2) ('\x00\x00',)
2016-07-21 10:08:44,576 root DEBUG testcase.py               201   start                     : Starting test function: ptsprojects.testcase.TestFunc <function gatts_set_val at 0x7fdb71187758> None None (0, '65') {}
2016-07-21 10:08:44,576 root DEBUG testcase.py               209   start                     : Test function parameters: args=(0, '65'), kwds={}
2016-07-21 10:08:44,576 root DEBUG btp.py                    657   gatts_set_val             : gatts_set_val 0 '65' 
2016-07-21 10:08:44,576 root DEBUG iutctl.py                 98    send                      : send, 2 6 0 bytearray(b'\x00\x00\x01\x00e')
2016-07-21 10:08:44,576 root DEBUG iutctl.py                 108   send                      : btpclient command: send 2 6 0 0000010065
2016-07-21 10:08:44,576 root DEBUG btpparser.py              59    enc_frame                 : enc_frame, 2 6 0 bytearray(b'\x00\x00\x01\x00e')
2016-07-21 10:08:44,576 root DEBUG iutctl.py                 112   send                      : sending frame '\x02\x06\x00\x05\x00\x00\x00\x01\x00e'
2016-07-21 10:08:44,576 root DEBUG btp.py                    1218  gatt_command_rsp_succ     : gatt_command_rsp_succ
2016-07-21 10:08:44,577 root DEBUG iutctl.py                 64    read                      : read
2016-07-21 10:08:44,579 root DEBUG btpparser.py              39    dec_hdr                   : dec_hdr, bytearray(b'\x02\x06\x00\x00\x00')
2016-07-21 10:08:44,580 root DEBUG iutctl.py                 78    read                      : Received: hdr: header(svc_id=2, op=6, ctrl_index=0, data_len=0) bytearray(b'\x02\x06\x00\x00\x00')
2016-07-21 10:08:44,580 root DEBUG btpparser.py              49    dec_data                  : dec_data, bytearray(b'')
2016-07-21 10:08:44,580 root DEBUG iutctl.py                 91    read                      : Received data: ('',), bytearray(b'')
2016-07-21 10:08:44,580 root DEBUG btp.py                    1223  gatt_command_rsp_succ     : received header(svc_id=2, op=6, ctrl_index=0, data_len=0) ('',)
2016-07-21 10:08:44,580 root DEBUG testcase.py               201   start                     : Starting test function: ptsprojects.testcase.TestFunc <function gatts_add_desc at 0x7fdb711877d0> None None (0, 1, '2904') {}
2016-07-21 10:08:44,581 root DEBUG testcase.py               209   start                     : Test function parameters: args=(0, 1, '2904'), kwds={}
2016-07-21 10:08:44,581 root DEBUG btp.py                    679   gatts_add_desc            : gatts_add_desc 0 1 '2904'
2016-07-21 10:08:44,581 root DEBUG iutctl.py                 98    send                      : send, 2 4 0 bytearray(b'\x00\x00\x01\x02\x04)')
2016-07-21 10:08:44,581 root DEBUG iutctl.py                 108   send                      : btpclient command: send 2 4 0 000001020429
2016-07-21 10:08:44,581 root DEBUG btpparser.py              59    enc_frame                 : enc_frame, 2 4 0 bytearray(b'\x00\x00\x01\x02\x04)')
2016-07-21 10:08:44,581 root DEBUG iutctl.py                 112   send                      : sending frame '\x02\x04\x00\x06\x00\x00\x00\x01\x02\x04)'
2016-07-21 10:08:44,581 root DEBUG btp.py                    1218  gatt_command_rsp_succ     : gatt_command_rsp_succ
2016-07-21 10:08:44,581 root DEBUG iutctl.py                 64    read                      : read
2016-07-21 10:08:44,584 root DEBUG btpparser.py              39    dec_hdr                   : dec_hdr, bytearray(b'\x02\x04\x00\x02\x00')
2016-07-21 10:08:44,585 root DEBUG iutctl.py                 78    read                      : Received: hdr: header(svc_id=2, op=4, ctrl_index=0, data_len=2) bytearray(b'\x02\x04\x00\x02\x00')
2016-07-21 10:08:44,585 root DEBUG btpparser.py              49    dec_data                  : dec_data, bytearray(b'\x00\x00')
2016-07-21 10:08:44,585 root DEBUG iutctl.py                 91    read                      : Received data: ('\x00\x00',), bytearray(b'\x00\x00')
2016-07-21 10:08:44,586 root DEBUG btp.py                    1223  gatt_command_rsp_succ     : received header(svc_id=2, op=4, ctrl_index=0, data_len=2) ('\x00\x00',)
2016-07-21 10:08:44,586 root DEBUG testcase.py               201   start                     : Starting test function: ptsprojects.testcase.TestFunc <function gatts_set_val at 0x7fdb71187758> None None (0, '04000127010100') {}
2016-07-21 10:08:44,586 root DEBUG testcase.py               209   start                     : Test function parameters: args=(0, '04000127010100'), kwds={}
2016-07-21 10:08:44,586 root DEBUG btp.py                    657   gatts_set_val             : gatts_set_val 0 '04000127010100' 
2016-07-21 10:08:44,586 root DEBUG iutctl.py                 98    send                      : send, 2 6 0 bytearray(b"\x00\x00\x07\x00\x04\x00\x01\'\x01\x01\x00")
2016-07-21 10:08:44,586 root DEBUG iutctl.py                 108   send                      : btpclient command: send 2 6 0 0000070004000127010100
2016-07-21 10:08:44,586 root DEBUG btpparser.py              59    enc_frame                 : enc_frame, 2 6 0 bytearray(b"\x00\x00\x07\x00\x04\x00\x01\'\x01\x01\x00")
2016-07-21 10:08:44,586 root DEBUG iutctl.py                 112   send                      : sending frame "\x02\x06\x00\x0b\x00\x00\x00\x07\x00\x04\x00\x01'\x01\x01\x00"
2016-07-21 10:08:44,586 root DEBUG btp.py                    1218  gatt_command_rsp_succ     : gatt_command_rsp_succ
2016-07-21 10:08:44,587 root DEBUG iutctl.py                 64    read                      : read
2016-07-21 10:08:44,589 root DEBUG btpparser.py              39    dec_hdr                   : dec_hdr, bytearray(b'\x02\x06\x00\x00\x00')
2016-07-21 10:08:44,590 root DEBUG iutctl.py                 78    read                      : Received: hdr: header(svc_id=2, op=6, ctrl_index=0, data_len=0) bytearray(b'\x02\x06\x00\x00\x00')
2016-07-21 10:08:44,590 root DEBUG btpparser.py              49    dec_data                  : dec_data, bytearray(b'')
2016-07-21 10:08:44,590 root DEBUG iutctl.py                 91    read                      : Received data: ('',), bytearray(b'')
2016-07-21 10:08:44,590 root DEBUG btp.py                    1223  gatt_command_rsp_succ     : received header(svc_id=2, op=6, ctrl_index=0, data_len=0) ('',)
2016-07-21 10:08:44,591 root DEBUG testcase.py               201   start                     : Starting test function: ptsprojects.testcase.TestFunc <function gatts_add_char at 0x7fdb711876e0> None None (0, 10, 1, 'AA52') {}
2016-07-21 10:08:44,591 root DEBUG testcase.py               209   start                     : Test function parameters: args=(0, 10, 1, 'AA52'), kwds={}
2016-07-21 10:08:44,591 root DEBUG btp.py                    634   gatts_add_char            : gatts_add_char 0 10 1 'AA52'
2016-07-21 10:08:44,591 root DEBUG iutctl.py                 98    send                      : send, 2 3 0 bytearray(b'\x00\x00\n\x01\x02R\xaa')
2016-07-21 10:08:44,591 root DEBUG iutctl.py                 108   send                      : btpclient command: send 2 3 0 00000a010252aa
2016-07-21 10:08:44,591 root DEBUG btpparser.py              59    enc_frame                 : enc_frame, 2 3 0 bytearray(b'\x00\x00\n\x01\x02R\xaa')
2016-07-21 10:08:44,591 root DEBUG iutctl.py                 112   send                      : sending frame '\x02\x03\x00\x07\x00\x00\x00\n\x01\x02R\xaa'
2016-07-21 10:08:44,591 root DEBUG btp.py                    1218  gatt_command_rsp_succ     : gatt_command_rsp_succ
2016-07-21 10:08:44,591 root DEBUG iutctl.py                 64    read                      : read
2016-07-21 10:08:44,594 root DEBUG btpparser.py              39    dec_hdr                   : dec_hdr, bytearray(b'\x02\x03\x00\x02\x00')
2016-07-21 10:08:44,595 root DEBUG iutctl.py                 78    read                      : Received: hdr: header(svc_id=2, op=3, ctrl_index=0, data_len=2) bytearray(b'\x02\x03\x00\x02\x00')
2016-07-21 10:08:44,595 root DEBUG btpparser.py              49    dec_data                  : dec_data, bytearray(b'\x00\x00')
2016-07-21 10:08:44,595 root DEBUG iutctl.py                 91    read                      : Received data: ('\x00\x00',), bytearray(b'\x00\x00')
2016-07-21 10:08:44,595 root DEBUG btp.py                    1223  gatt_command_rsp_succ     : received header(svc_id=2, op=3, ctrl_index=0, data_len=2) ('\x00\x00',)
2016-07-21 10:08:44,595 root DEBUG testcase.py               201   start                     : Starting test function: ptsprojects.testcase.TestFunc <function gatts_set_val at 0x7fdb71187758> None None (0, '1234') {}
2016-07-21 10:08:44,595 root DEBUG testcase.py               209   start                     : Test function parameters: args=(0, '1234'), kwds={}
2016-07-21 10:08:44,596 root DEBUG btp.py                    657   gatts_set_val             : gatts_set_val 0 '1234' 
2016-07-21 10:08:44,596 root DEBUG iutctl.py                 98    send                      : send, 2 6 0 bytearray(b'\x00\x00\x02\x00\x124')
2016-07-21 10:08:44,596 root DEBUG iutctl.py                 108   send                      : btpclient command: send 2 6 0 000002001234
2016-07-21 10:08:44,596 root DEBUG btpparser.py              59    enc_frame                 : enc_frame, 2 6 0 bytearray(b'\x00\x00\x02\x00\x124')
2016-07-21 10:08:44,596 root DEBUG iutctl.py                 112   send                      : sending frame '\x02\x06\x00\x06\x00\x00\x00\x02\x00\x124'
2016-07-21 10:08:44,596 root DEBUG btp.py                    1218  gatt_command_rsp_succ     : gatt_command_rsp_succ
2016-07-21 10:08:44,596 root DEBUG iutctl.py                 64    read                      : read
2016-07-21 10:08:44,599 root DEBUG btpparser.py              39    dec_hdr                   : dec_hdr, bytearray(b'\x02\x06\x00\x00\x00')
2016-07-21 10:08:44,600 root DEBUG iutctl.py                 78    read                      : Received: hdr: header(svc_id=2, op=6, ctrl_index=0, data_len=0) bytearray(b'\x02\x06\x00\x00\x00')
2016-07-21 10:08:44,600 root DEBUG btpparser.py              49    dec_data                  : dec_data, bytearray(b'')
2016-07-21 10:08:44,600 root DEBUG iutctl.py                 91    read                      : Received data: ('',), bytearray(b'')
2016-07-21 10:08:44,600 root DEBUG btp.py                    1223  gatt_command_rsp_succ     : received header(svc_id=2, op=6, ctrl_index=0, data_len=0) ('',)
2016-07-21 10:08:44,600 root DEBUG testcase.py               201   start                     : Starting test function: ptsprojects.testcase.TestFunc <function gatts_add_desc at 0x7fdb711877d0> None None (0, 1, '2904') {}
2016-07-21 10:08:44,601 root DEBUG testcase.py               209   start                     : Test function parameters: args=(0, 1, '2904'), kwds={}
2016-07-21 10:08:44,601 root DEBUG btp.py                    679   gatts_add_desc            : gatts_add_desc 0 1 '2904'
2016-07-21 10:08:44,601 root DEBUG iutctl.py                 98    send                      : send, 2 4 0 bytearray(b'\x00\x00\x01\x02\x04)')
2016-07-21 10:08:44,601 root DEBUG iutctl.py                 108   send                      : btpclient command: send 2 4 0 000001020429
2016-07-21 10:08:44,601 root DEBUG btpparser.py              59    enc_frame                 : enc_frame, 2 4 0 bytearray(b'\x00\x00\x01\x02\x04)')
2016-07-21 10:08:44,601 root DEBUG iutctl.py                 112   send                      : sending frame '\x02\x04\x00\x06\x00\x00\x00\x01\x02\x04)'
2016-07-21 10:08:44,601 root DEBUG btp.py                    1218  gatt_command_rsp_succ     : gatt_command_rsp_succ
2016-07-21 10:08:44,601 root DEBUG iutctl.py                 64    read                      : read
2016-07-21 10:08:44,604 root DEBUG btpparser.py              39    dec_hdr                   : dec_hdr, bytearray(b'\x02\x04\x00\x02\x00')
2016-07-21 10:08:44,605 root DEBUG iutctl.py                 78    read                      : Received: hdr: header(svc_id=2, op=4, ctrl_index=0, data_len=2) bytearray(b'\x02\x04\x00\x02\x00')
2016-07-21 10:08:44,605 root DEBUG btpparser.py              49    dec_data                  : dec_data, bytearray(b'\x00\x00')
2016-07-21 10:08:44,605 root DEBUG iutctl.py                 91    read                      : Received data: ('\x00\x00',), bytearray(b'\x00\x00')
2016-07-21 10:08:44,605 root DEBUG btp.py                    1223  gatt_command_rsp_succ     : received header(svc_id=2, op=4, ctrl_index=0, data_len=2) ('\x00\x00',)
2016-07-21 10:08:44,605 root DEBUG testcase.py               201   start                     : Starting test function: ptsprojects.testcase.TestFunc <function gatts_set_val at 0x7fdb71187758> None None (0, '06001027010200') {}
2016-07-21 10:08:44,605 root DEBUG testcase.py               209   start                     : Test function parameters: args=(0, '06001027010200'), kwds={}
2016-07-21 10:08:44,605 root DEBUG btp.py                    657   gatts_set_val             : gatts_set_val 0 '06001027010200' 
2016-07-21 10:08:44,606 root DEBUG iutctl.py                 98    send                      : send, 2 6 0 bytearray(b"\x00\x00\x07\x00\x06\x00\x10\'\x01\x02\x00")
2016-07-21 10:08:44,606 root DEBUG iutctl.py                 108   send                      : btpclient command: send 2 6 0 0000070006001027010200
2016-07-21 10:08:44,606 root DEBUG btpparser.py              59    enc_frame                 : enc_frame, 2 6 0 bytearray(b"\x00\x00\x07\x00\x06\x00\x10\'\x01\x02\x00")
2016-07-21 10:08:44,606 root DEBUG iutctl.py                 112   send                      : sending frame "\x02\x06\x00\x0b\x00\x00\x00\x07\x00\x06\x00\x10'\x01\x02\x00"
2016-07-21 10:08:44,606 root DEBUG btp.py                    1218  gatt_command_rsp_succ     : gatt_command_rsp_succ
2016-07-21 10:08:44,606 root DEBUG iutctl.py                 64    read                      : read
2016-07-21 10:08:44,609 root DEBUG btpparser.py              39    dec_hdr                   : dec_hdr, bytearray(b'\x02\x06\x00\x00\x00')
2016-07-21 10:08:44,610 root DEBUG iutctl.py                 78    read                      : Received: hdr: header(svc_id=2, op=6, ctrl_index=0, data_len=0) bytearray(b'\x02\x06\x00\x00\x00')
2016-07-21 10:08:44,610 root DEBUG btpparser.py              49    dec_data                  : dec_data, bytearray(b'')
2016-07-21 10:08:44,611 root DEBUG iutctl.py                 91    read                      : Received data: ('',), bytearray(b'')
2016-07-21 10:08:44,611 root DEBUG btp.py                    1223  gatt_command_rsp_succ     : received header(svc_id=2, op=6, ctrl_index=0, data_len=0) ('',)
2016-07-21 10:08:44,611 root DEBUG testcase.py               201   start                     : Starting test function: ptsprojects.testcase.TestFunc <function gatts_add_char at 0x7fdb711876e0> None None (0, 10, 1, 'AA53') {}
2016-07-21 10:08:44,611 root DEBUG testcase.py               209   start                     : Test function parameters: args=(0, 10, 1, 'AA53'), kwds={}
2016-07-21 10:08:44,611 root DEBUG btp.py                    634   gatts_add_char            : gatts_add_char 0 10 1 'AA53'
2016-07-21 10:08:44,611 root DEBUG iutctl.py                 98    send                      : send, 2 3 0 bytearray(b'\x00\x00\n\x01\x02S\xaa')
2016-07-21 10:08:44,612 root DEBUG iutctl.py                 108   send                      : btpclient command: send 2 3 0 00000a010253aa
2016-07-21 10:08:44,612 root DEBUG btpparser.py              59    enc_frame                 : enc_frame, 2 3 0 bytearray(b'\x00\x00\n\x01\x02S\xaa')
2016-07-21 10:08:44,612 root DEBUG iutctl.py                 112   send                      : sending frame '\x02\x03\x00\x07\x00\x00\x00\n\x01\x02S\xaa'
2016-07-21 10:08:44,612 root DEBUG btp.py                    1218  gatt_command_rsp_succ     : gatt_command_rsp_succ
2016-07-21 10:08:44,612 root DEBUG iutctl.py                 64    read                      : read
2016-07-21 10:08:44,615 root DEBUG btpparser.py              39    dec_hdr                   : dec_hdr, bytearray(b'\x02\x03\x00\x02\x00')
2016-07-21 10:08:44,616 root DEBUG iutctl.py                 78    read                      : Received: hdr: header(svc_id=2, op=3, ctrl_index=0, data_len=2) bytearray(b'\x02\x03\x00\x02\x00')
2016-07-21 10:08:44,617 root DEBUG btpparser.py              49    dec_data                  : dec_data, bytearray(b'\x00\x00')
2016-07-21 10:08:44,617 root DEBUG iutctl.py                 91    read                      : Received data: ('\x00\x00',), bytearray(b'\x00\x00')
2016-07-21 10:08:44,617 root DEBUG btp.py                    1223  gatt_command_rsp_succ     : received header(svc_id=2, op=3, ctrl_index=0, data_len=2) ('\x00\x00',)
2016-07-21 10:08:44,617 root DEBUG testcase.py               201   start                     : Starting test function: ptsprojects.testcase.TestFunc <function gatts_set_val at 0x7fdb71187758> None None (0, '01020304') {}
2016-07-21 10:08:44,617 root DEBUG testcase.py               209   start                     : Test function parameters: args=(0, '01020304'), kwds={}
2016-07-21 10:08:44,617 root DEBUG btp.py                    657   gatts_set_val             : gatts_set_val 0 '01020304' 
2016-07-21 10:08:44,618 root DEBUG iutctl.py                 98    send                      : send, 2 6 0 bytearray(b'\x00\x00\x04\x00\x01\x02\x03\x04')
2016-07-21 10:08:44,618 root DEBUG iutctl.py                 108   send                      : btpclient command: send 2 6 0 0000040001020304
2016-07-21 10:08:44,618 root DEBUG btpparser.py              59    enc_frame                 : enc_frame, 2 6 0 bytearray(b'\x00\x00\x04\x00\x01\x02\x03\x04')
2016-07-21 10:08:44,618 root DEBUG iutctl.py                 112   send                      : sending frame '\x02\x06\x00\x08\x00\x00\x00\x04\x00\x01\x02\x03\x04'
2016-07-21 10:08:44,618 root DEBUG btp.py                    1218  gatt_command_rsp_succ     : gatt_command_rsp_succ
2016-07-21 10:08:44,618 root DEBUG iutctl.py                 64    read                      : read
2016-07-21 10:08:44,621 root DEBUG btpparser.py              39    dec_hdr                   : dec_hdr, bytearray(b'\x02\x06\x00\x00\x00')
2016-07-21 10:08:44,622 root DEBUG iutctl.py                 78    read                      : Received: hdr: header(svc_id=2, op=6, ctrl_index=0, data_len=0) bytearray(b'\x02\x06\x00\x00\x00')
2016-07-21 10:08:44,622 root DEBUG btpparser.py              49    dec_data                  : dec_data, bytearray(b'')
2016-07-21 10:08:44,622 root DEBUG iutctl.py                 91    read                      : Received data: ('',), bytearray(b'')
2016-07-21 10:08:44,622 root DEBUG btp.py                    1223  gatt_command_rsp_succ     : received header(svc_id=2, op=6, ctrl_index=0, data_len=0) ('',)
2016-07-21 10:08:44,622 root DEBUG testcase.py               201   start                     : Starting test function: ptsprojects.testcase.TestFunc <function gatts_add_desc at 0x7fdb711877d0> None None (0, 1, '2904') {}
2016-07-21 10:08:44,622 root DEBUG testcase.py               209   start                     : Test function parameters: args=(0, 1, '2904'), kwds={}
2016-07-21 10:08:44,622 root DEBUG btp.py                    679   gatts_add_desc            : gatts_add_desc 0 1 '2904'
2016-07-21 10:08:44,622 root DEBUG iutctl.py                 98    send                      : send, 2 4 0 bytearray(b'\x00\x00\x01\x02\x04)')
2016-07-21 10:08:44,623 root DEBUG iutctl.py                 108   send                      : btpclient command: send 2 4 0 000001020429
2016-07-21 10:08:44,623 root DEBUG btpparser.py              59    enc_frame                 : enc_frame, 2 4 0 bytearray(b'\x00\x00\x01\x02\x04)')
2016-07-21 10:08:44,623 root DEBUG iutctl.py                 112   send                      : sending frame '\x02\x04\x00\x06\x00\x00\x00\x01\x02\x04)'
2016-07-21 10:08:44,623 root DEBUG btp.py                    1218  gatt_command_rsp_succ     : gatt_command_rsp_succ
2016-07-21 10:08:44,623 root DEBUG iutctl.py                 64    read                      : read
2016-07-21 10:08:44,625 root DEBUG btpparser.py              39    dec_hdr                   : dec_hdr, bytearray(b'\x02\x04\x00\x02\x00')
2016-07-21 10:08:44,626 root DEBUG iutctl.py                 78    read                      : Received: hdr: header(svc_id=2, op=4, ctrl_index=0, data_len=2) bytearray(b'\x02\x04\x00\x02\x00')
2016-07-21 10:08:44,626 root DEBUG btpparser.py              49    dec_data                  : dec_data, bytearray(b'\x00\x00')
2016-07-21 10:08:44,626 root DEBUG iutctl.py                 91    read                      : Received data: ('\x00\x00',), bytearray(b'\x00\x00')
2016-07-21 10:08:44,626 root DEBUG btp.py                    1223  gatt_command_rsp_succ     : received header(svc_id=2, op=4, ctrl_index=0, data_len=2) ('\x00\x00',)
2016-07-21 10:08:44,626 root DEBUG testcase.py               201   start                     : Starting test function: ptsprojects.testcase.TestFunc <function gatts_set_val at 0x7fdb71187758> None None (0, '08001727010300') {}
2016-07-21 10:08:44,627 root DEBUG testcase.py               209   start                     : Test function parameters: args=(0, '08001727010300'), kwds={}
2016-07-21 10:08:44,627 root DEBUG btp.py                    657   gatts_set_val             : gatts_set_val 0 '08001727010300' 
2016-07-21 10:08:44,627 root DEBUG iutctl.py                 98    send                      : send, 2 6 0 bytearray(b"\x00\x00\x07\x00\x08\x00\x17\'\x01\x03\x00")
2016-07-21 10:08:44,627 root DEBUG iutctl.py                 108   send                      : btpclient command: send 2 6 0 0000070008001727010300
2016-07-21 10:08:44,627 root DEBUG btpparser.py              59    enc_frame                 : enc_frame, 2 6 0 bytearray(b"\x00\x00\x07\x00\x08\x00\x17\'\x01\x03\x00")
2016-07-21 10:08:44,627 root DEBUG iutctl.py                 112   send                      : sending frame "\x02\x06\x00\x0b\x00\x00\x00\x07\x00\x08\x00\x17'\x01\x03\x00"
2016-07-21 10:08:44,627 root DEBUG btp.py                    1218  gatt_command_rsp_succ     : gatt_command_rsp_succ
2016-07-21 10:08:44,627 root DEBUG iutctl.py                 64    read                      : read
2016-07-21 10:08:44,630 root DEBUG btpparser.py              39    dec_hdr                   : dec_hdr, bytearray(b'\x02\x06\x00\x00\x00')
2016-07-21 10:08:44,631 root DEBUG iutctl.py                 78    read                      : Received: hdr: header(svc_id=2, op=6, ctrl_index=0, data_len=0) bytearray(b'\x02\x06\x00\x00\x00')
2016-07-21 10:08:44,631 root DEBUG btpparser.py              49    dec_data                  : dec_data, bytearray(b'')
2016-07-21 10:08:44,631 root DEBUG iutctl.py                 91    read                      : Received data: ('',), bytearray(b'')
2016-07-21 10:08:44,631 root DEBUG btp.py                    1223  gatt_command_rsp_succ     : received header(svc_id=2, op=6, ctrl_index=0, data_len=0) ('',)
2016-07-21 10:08:44,631 root DEBUG testcase.py               201   start                     : Starting test function: ptsprojects.testcase.TestFunc <function gatts_add_char at 0x7fdb711876e0> None None (0, 10, 1, 'AA54') {}
2016-07-21 10:08:44,631 root DEBUG testcase.py               209   start                     : Test function parameters: args=(0, 10, 1, 'AA54'), kwds={}
2016-07-21 10:08:44,632 root DEBUG btp.py                    634   gatts_add_char            : gatts_add_char 0 10 1 'AA54'
2016-07-21 10:08:44,632 root DEBUG iutctl.py                 98    send                      : send, 2 3 0 bytearray(b'\x00\x00\n\x01\x02T\xaa')
2016-07-21 10:08:44,632 root DEBUG iutctl.py                 108   send                      : btpclient command: send 2 3 0 00000a010254aa
2016-07-21 10:08:44,632 root DEBUG btpparser.py              59    enc_frame                 : enc_frame, 2 3 0 bytearray(b'\x00\x00\n\x01\x02T\xaa')
2016-07-21 10:08:44,632 root DEBUG iutctl.py                 112   send                      : sending frame '\x02\x03\x00\x07\x00\x00\x00\n\x01\x02T\xaa'
2016-07-21 10:08:44,632 root DEBUG btp.py                    1218  gatt_command_rsp_succ     : gatt_command_rsp_succ
2016-07-21 10:08:44,632 root DEBUG iutctl.py                 64    read                      : read
2016-07-21 10:08:44,635 root DEBUG btpparser.py              39    dec_hdr                   : dec_hdr, bytearray(b'\x02\x03\x00\x02\x00')
2016-07-21 10:08:44,636 root DEBUG iutctl.py                 78    read                      : Received: hdr: header(svc_id=2, op=3, ctrl_index=0, data_len=2) bytearray(b'\x02\x03\x00\x02\x00')
2016-07-21 10:08:44,636 root DEBUG btpparser.py              49    dec_data                  : dec_data, bytearray(b'\x00\x00')
2016-07-21 10:08:44,636 root DEBUG iutctl.py                 91    read                      : Received data: ('\x00\x00',), bytearray(b'\x00\x00')
2016-07-21 10:08:44,636 root DEBUG btp.py                    1223  gatt_command_rsp_succ     : received header(svc_id=2, op=3, ctrl_index=0, data_len=2) ('\x00\x00',)
2016-07-21 10:08:44,636 root DEBUG testcase.py               201   start                     : Starting test function: ptsprojects.testcase.TestFunc <function gatts_set_val at 0x7fdb71187758> None None (0, '65123401020304') {}
2016-07-21 10:08:44,636 root DEBUG testcase.py               209   start                     : Test function parameters: args=(0, '65123401020304'), kwds={}
2016-07-21 10:08:44,636 root DEBUG btp.py                    657   gatts_set_val             : gatts_set_val 0 '65123401020304' 
2016-07-21 10:08:44,637 root DEBUG iutctl.py                 98    send                      : send, 2 6 0 bytearray(b'\x00\x00\x07\x00e\x124\x01\x02\x03\x04')
2016-07-21 10:08:44,637 root DEBUG iutctl.py                 108   send                      : btpclient command: send 2 6 0 0000070065123401020304
2016-07-21 10:08:44,637 root DEBUG btpparser.py              59    enc_frame                 : enc_frame, 2 6 0 bytearray(b'\x00\x00\x07\x00e\x124\x01\x02\x03\x04')
2016-07-21 10:08:44,637 root DEBUG iutctl.py                 112   send                      : sending frame '\x02\x06\x00\x0b\x00\x00\x00\x07\x00e\x124\x01\x02\x03\x04'
2016-07-21 10:08:44,637 root DEBUG btp.py                    1218  gatt_command_rsp_succ     : gatt_command_rsp_succ
2016-07-21 10:08:44,637 root DEBUG iutctl.py                 64    read                      : read
2016-07-21 10:08:44,640 root DEBUG btpparser.py              39    dec_hdr                   : dec_hdr, bytearray(b'\x02\x06\x00\x00\x00')
2016-07-21 10:08:44,641 root DEBUG iutctl.py                 78    read                      : Received: hdr: header(svc_id=2, op=6, ctrl_index=0, data_len=0) bytearray(b'\x02\x06\x00\x00\x00')
2016-07-21 10:08:44,641 root DEBUG btpparser.py              49    dec_data                  : dec_data, bytearray(b'')
2016-07-21 10:08:44,641 root DEBUG iutctl.py                 91    read                      : Received data: ('',), bytearray(b'')
2016-07-21 10:08:44,641 root DEBUG btp.py                    1223  gatt_command_rsp_succ     : received header(svc_id=2, op=6, ctrl_index=0, data_len=0) ('',)
2016-07-21 10:08:44,641 root DEBUG testcase.py               201   start                     : Starting test function: ptsprojects.testcase.TestFunc <function gatts_add_desc at 0x7fdb711877d0> None None (0, 1, '2905') {}
2016-07-21 10:08:44,641 root DEBUG testcase.py               209   start                     : Test function parameters: args=(0, 1, '2905'), kwds={}
2016-07-21 10:08:44,641 root DEBUG btp.py                    679   gatts_add_desc            : gatts_add_desc 0 1 '2905'
2016-07-21 10:08:44,641 root DEBUG iutctl.py                 98    send                      : send, 2 4 0 bytearray(b'\x00\x00\x01\x02\x05)')
2016-07-21 10:08:44,641 root DEBUG iutctl.py                 108   send                      : btpclient command: send 2 4 0 000001020529
2016-07-21 10:08:44,642 root DEBUG btpparser.py              59    enc_frame                 : enc_frame, 2 4 0 bytearray(b'\x00\x00\x01\x02\x05)')
2016-07-21 10:08:44,642 root DEBUG iutctl.py                 112   send                      : sending frame '\x02\x04\x00\x06\x00\x00\x00\x01\x02\x05)'
2016-07-21 10:08:44,642 root DEBUG btp.py                    1218  gatt_command_rsp_succ     : gatt_command_rsp_succ
2016-07-21 10:08:44,642 root DEBUG iutctl.py                 64    read                      : read
2016-07-21 10:08:44,644 root DEBUG btpparser.py              39    dec_hdr                   : dec_hdr, bytearray(b'\x02\x04\x00\x02\x00')
2016-07-21 10:08:44,645 root DEBUG iutctl.py                 78    read                      : Received: hdr: header(svc_id=2, op=4, ctrl_index=0, data_len=2) bytearray(b'\x02\x04\x00\x02\x00')
2016-07-21 10:08:44,645 root DEBUG btpparser.py              49    dec_data                  : dec_data, bytearray(b'\x00\x00')
2016-07-21 10:08:44,645 root DEBUG iutctl.py                 91    read                      : Received data: ('\x00\x00',), bytearray(b'\x00\x00')
2016-07-21 10:08:44,645 root DEBUG btp.py                    1223  gatt_command_rsp_succ     : received header(svc_id=2, op=4, ctrl_index=0, data_len=2) ('\x00\x00',)
2016-07-21 10:08:44,646 root DEBUG testcase.py               201   start                     : Starting test function: ptsprojects.testcase.TestFunc <function gatts_set_val at 0x7fdb71187758> None None (0, '040007001000') {}
2016-07-21 10:08:44,646 root DEBUG testcase.py               209   start                     : Test function parameters: args=(0, '040007001000'), kwds={}
2016-07-21 10:08:44,646 root DEBUG btp.py                    657   gatts_set_val             : gatts_set_val 0 '040007001000' 
2016-07-21 10:08:44,646 root DEBUG iutctl.py                 98    send                      : send, 2 6 0 bytearray(b'\x00\x00\x06\x00\x04\x00\x07\x00\x10\x00')
2016-07-21 10:08:44,646 root DEBUG iutctl.py                 108   send                      : btpclient command: send 2 6 0 00000600040007001000
2016-07-21 10:08:44,646 root DEBUG btpparser.py              59    enc_frame                 : enc_frame, 2 6 0 bytearray(b'\x00\x00\x06\x00\x04\x00\x07\x00\x10\x00')
2016-07-21 10:08:44,646 root DEBUG iutctl.py                 112   send                      : sending frame '\x02\x06\x00\n\x00\x00\x00\x06\x00\x04\x00\x07\x00\x10\x00'
2016-07-21 10:08:44,646 root DEBUG btp.py                    1218  gatt_command_rsp_succ     : gatt_command_rsp_succ
2016-07-21 10:08:44,647 root DEBUG iutctl.py                 64    read                      : read
2016-07-21 10:08:44,649 root DEBUG btpparser.py              39    dec_hdr                   : dec_hdr, bytearray(b'\x02\x06\x00\x00\x00')
2016-07-21 10:08:44,650 root DEBUG iutctl.py                 78    read                      : Received: hdr: header(svc_id=2, op=6, ctrl_index=0, data_len=0) bytearray(b'\x02\x06\x00\x00\x00')
2016-07-21 10:08:44,650 root DEBUG btpparser.py              49    dec_data                  : dec_data, bytearray(b'')
2016-07-21 10:08:44,650 root DEBUG iutctl.py                 91    read                      : Received data: ('',), bytearray(b'')
2016-07-21 10:08:44,650 root DEBUG btp.py                    1223  gatt_command_rsp_succ     : received header(svc_id=2, op=6, ctrl_index=0, data_len=0) ('',)
2016-07-21 10:08:44,650 root DEBUG testcase.py               201   start                     : Starting test function: ptsprojects.testcase.TestFunc <function gatts_start_server at 0x7fdb71187848> None None () {}
2016-07-21 10:08:44,650 root DEBUG testcase.py               209   start                     : Test function parameters: args=(), kwds={}
2016-07-21 10:08:44,651 root DEBUG btp.py                    701   gatts_start_server        : gatts_start_server
2016-07-21 10:08:44,651 root DEBUG iutctl.py                 98    send                      : send, 2 7 0 ''
2016-07-21 10:08:44,651 root DEBUG iutctl.py                 108   send                      : btpclient command: send 2 7 0 
2016-07-21 10:08:44,651 root DEBUG btpparser.py              59    enc_frame                 : enc_frame, 2 7 0 ''
2016-07-21 10:08:44,651 root DEBUG iutctl.py                 112   send                      : sending frame '\x02\x07\x00\x00\x00'
2016-07-21 10:08:44,651 root DEBUG btp.py                    1218  gatt_command_rsp_succ     : gatt_command_rsp_succ
2016-07-21 10:08:44,651 root DEBUG iutctl.py                 64    read                      : read
2016-07-21 10:08:44,653 root DEBUG btpparser.py              39    dec_hdr                   : dec_hdr, bytearray(b'\x02\x07\x00\x03\x00')
2016-07-21 10:08:44,654 root DEBUG iutctl.py                 78    read                      : Received: hdr: header(svc_id=2, op=7, ctrl_index=0, data_len=3) bytearray(b'\x02\x07\x00\x03\x00')
2016-07-21 10:08:44,654 root DEBUG btpparser.py              49    dec_data                  : dec_data, bytearray(b'\x00\x00\r')
2016-07-21 10:08:44,654 root DEBUG iutctl.py                 91    read                      : Received data: ('\x00\x00\r',), bytearray(b'\x00\x00\r')
2016-07-21 10:08:44,654 root DEBUG btp.py                    1223  gatt_command_rsp_succ     : received header(svc_id=2, op=7, ctrl_index=0, data_len=3) ('\x00\x00\r',)
2016-07-21 10:08:53,877 ClientCallback.on_implicit_send INFO autoptsclient_common.py   116   on_implicit_send          : ********************
2016-07-21 10:08:53,877 ClientCallback.on_implicit_send INFO autoptsclient_common.py   117   on_implicit_send          : BEGIN OnImplicitSend:
2016-07-21 10:08:53,878 ClientCallback.on_implicit_send INFO autoptsclient_common.py   118   on_implicit_send          : project_name: GATT
2016-07-21 10:08:53,878 ClientCallback.on_implicit_send INFO autoptsclient_common.py   119   on_implicit_send          : wid: 1
2016-07-21 10:08:53,878 ClientCallback.on_implicit_send INFO autoptsclient_common.py   120   on_implicit_send          : test_case_name: TC_GPA_SR_BV_11_C
2016-07-21 10:08:53,878 ClientCallback.on_implicit_send INFO autoptsclient_common.py   121   on_implicit_send          : description: Please prepare IUT into a connectable mode.

Description: Verify that the Implementation Under Test (IUT) can accept GATT connect request from PTS.
2016-07-21 10:08:53,878 ClientCallback.on_implicit_send INFO autoptsclient_common.py   122   on_implicit_send          : style: MMI_Style_Ok_Cancel2 0x11141
2016-07-21 10:08:53,878 ClientCallback.on_implicit_send INFO autoptsclient_common.py   124   on_implicit_send          : response: 1687736 <type 'int'> 37964520
2016-07-21 10:08:53,878 ClientCallback.on_implicit_send INFO autoptsclient_common.py   125   on_implicit_send          : response_size: 2048
2016-07-21 10:08:53,878 ClientCallback.on_implicit_send INFO autoptsclient_common.py   127   on_implicit_send          : response_is_present: 0 <type 'int'>
2016-07-21 10:08:53,878 ClientCallback.on_implicit_send INFO autoptsclient_common.py   131   on_implicit_send          : Calling test cases on_implicit_send
2016-07-21 10:08:53,878 root DEBUG testcase.py               467   on_implicit_send          : GATT TC_GPA_SR_BV_11_C on_implicit_send
2016-07-21 10:08:53,879 root DEBUG testcase.py               201   start                     : Starting test function: ptsprojects.testcase.TestFunc <function gap_adv_ind_on at 0x7fdb7116fb90> 1 None () {}
2016-07-21 10:08:53,879 root DEBUG testcase.py               209   start                     : Test function parameters: args=(), kwds={}
2016-07-21 10:08:53,879 root DEBUG btp.py                    268   gap_adv_ind_on            : gap_adv_ind_on None None
2016-07-21 10:08:53,879 root DEBUG iutctl.py                 98    send                      : send, 1 10 0 bytearray(b'\x00\x00')
2016-07-21 10:08:53,879 root DEBUG iutctl.py                 108   send                      : btpclient command: send 1 10 0 0000
2016-07-21 10:08:53,879 root DEBUG btpparser.py              59    enc_frame                 : enc_frame, 1 10 0 bytearray(b'\x00\x00')
2016-07-21 10:08:53,879 root DEBUG iutctl.py                 112   send                      : sending frame '\x01\n\x00\x02\x00\x00\x00'
2016-07-21 10:08:53,879 root DEBUG btp.py                    588   gap_command_rsp_succ      : gap_command_rsp_succ
2016-07-21 10:08:53,879 root DEBUG iutctl.py                 64    read                      : read
2016-07-21 10:08:53,887 root DEBUG btpparser.py              39    dec_hdr                   : dec_hdr, bytearray(b'\x01\n\x00\x04\x00')
2016-07-21 10:08:53,888 root DEBUG iutctl.py                 78    read                      : Received: hdr: header(svc_id=1, op=10, ctrl_index=0, data_len=4) bytearray(b'\x01\n\x00\x04\x00')
2016-07-21 10:08:53,888 root DEBUG btpparser.py              49    dec_data                  : dec_data, bytearray(b'\x13\x06\x00\x00')
2016-07-21 10:08:53,888 root DEBUG iutctl.py                 91    read                      : Received data: ('\x13\x06\x00\x00',), bytearray(b'\x13\x06\x00\x00')
2016-07-21 10:08:53,888 root DEBUG btp.py                    593   gap_command_rsp_succ      : received header(svc_id=1, op=10, ctrl_index=0, data_len=4) ('\x13\x06\x00\x00',)
2016-07-21 10:08:53,888 root DEBUG testcase.py               494   on_implicit_send          : Sending response 'OK'
2016-07-21 10:08:53,888 ClientCallback.on_implicit_send INFO autoptsclient_common.py   143   on_implicit_send          : test case returned on_implicit_send, response: OK
2016-07-21 10:08:53,888 ClientCallback.on_implicit_send INFO autoptsclient_common.py   151   on_implicit_send          : END OnImplicitSend:
2016-07-21 10:08:53,889 ClientCallback.on_implicit_send INFO autoptsclient_common.py   152   on_implicit_send          : ********************
2016-07-21 10:08:57,279 ClientCallback.log INFO autoptsclient_common.py   82    log                       : PTS_LOGTYPE_START_TEST Start Test Case 

+0 ms
 TC_GPA_SR_BV_11_C

2016-07-21 10:08:57,279 root DEBUG testcase.py               358   log                       : New status GATT TC_GPA_SR_BV_11_C - Started
2016-07-21 10:08:57,858 ClientCallback.log INFO autoptsclient_common.py   82    log                       : PTS_LOGTYPE_FINAL_VERDICT Final Verdict 

+7660 ms
 FAIL

2016-07-21 10:08:57,858 root DEBUG testcase.py               358   log                       : New status GATT TC_GPA_SR_BV_11_C - FAIL
2016-07-21 10:08:57,867 ClientCallback.log INFO autoptsclient_common.py   82    log                       : PTS_LOGTYPE_FINAL_VERDICT Encrypted Verdict 

+7660 ms
 A1#ZWY4MzQ5MDg3MmQwNTIxOGQzMzQ5YjY2ODA5M2MzNjQ5ZDY4NmY0Yjc2MzIzM2VkNTUyNTFhNGU4Mjg1MjI0NA==#qAKJAzAOegSfqrjW17S9xHfgTZXvluUrxiAl3hbRZs40zkI39aZYP3+ea4SC+u+n

2016-07-21 10:08:57,909 ClientCallback.log INFO autoptsclient_common.py   82    log                       : PTS_LOGTYPE_END_TEST Test Case Ended 

+7660 ms
 TC_GPA_SR_BV_11_C

2016-07-21 10:08:58,035 root DEBUG testcase.py               518   post_run                  : post_run GATT TC_GPA_SR_BV_11_C 
2016-07-21 10:08:58,035 root DEBUG testcase.py               201   start                     : Starting test function: ptsprojects.testcase.TestFuncCleanUp <bound method ZephyrCtl.stop of <ptsprojects.zephyr.iutctl.ZephyrCtl instance at 0x7fdb71194fc8>> None None () {}
2016-07-21 10:08:58,035 root DEBUG testcase.py               209   start                     : Test function parameters: args=(), kwds={}
2016-07-21 10:08:58,035 root DEBUG iutctl.py                 207   stop                      : ptsprojects.zephyr.iutctl.ZephyrCtl.stop
2016-07-21 10:09:01,039 root DEBUG autoptsclient_common.py   395   run_test_case             : Done TestCase wrapper GATT TC_GPA_SR_BV_11_C
