2016-07-21 11:05:49,959 root DEBUG autoptsclient_common.py   349   run_test_case             : Starting TestCase wrapper GATT TC_GAR_CL_BI_22_C
2016-07-21 11:05:49,959 root DEBUG testcase.py               499   pre_run                   : pre_run GATT TC_GAR_CL_BI_22_C
2016-07-21 11:05:49,959 root DEBUG testcase.py               502   pre_run                   : About to run test case GATT TC_GAR_CL_BI_22_C with commands:
2016-07-21 11:05:49,959 root DEBUG testcase.py               504   pre_run                   : 0) ptsprojects.testcase.TestFunc <bound method ZephyrCtl.start of <ptsprojects.zephyr.iutctl.ZephyrCtl instance at 0x7f5db38fafc8>> None None () {}
2016-07-21 11:05:49,959 root DEBUG testcase.py               504   pre_run                   : 1) ptsprojects.testcase.TestFunc <function core_reg_svc_gap at 0x7f5db38d5a28> None None () {}
2016-07-21 11:05:49,960 root DEBUG testcase.py               504   pre_run                   : 2) ptsprojects.testcase.TestFunc <function core_reg_svc_gatts at 0x7f5db38d5aa0> None None () {}
2016-07-21 11:05:49,960 root DEBUG testcase.py               504   pre_run                   : 3) ptsprojects.testcase.TestFunc <function gap_conn at 0x7f5db38d5cf8> 2 None ('00:1B:DC:E0:37:6C', 0) {}
2016-07-21 11:05:49,960 root DEBUG testcase.py               504   pre_run                   : 4) ptsprojects.testcase.TestFunc <function gap_connected_ev at 0x7f5db38d5c80> 2 None ('00:1B:DC:E0:37:6C', 0) {}
2016-07-21 11:05:49,960 root DEBUG testcase.py               504   pre_run                   : 5) ptsprojects.testcase.TestFunc <function gattc_read_multiple at 0x7f5db38edde8> 57 None (0, '00:1B:DC:E0:37:6C', 'MMI_arg_value_1', 'MMI_arg_value_2') {}
2016-07-21 11:05:49,960 root DEBUG testcase.py               504   pre_run                   : 6) ptsprojects.testcase.TestFunc <function gattc_read_multiple_rsp at 0x7f5db38ee9b0> 57 None () {'store_rsp': True}
2016-07-21 11:05:49,960 root DEBUG testcase.py               504   pre_run                   : 7) ptsprojects.testcase.TestFunc <function gap_disconn at 0x7f5db38d5de8> 3 None ('00:1B:DC:E0:37:6C', 0) {}
2016-07-21 11:05:49,961 root DEBUG testcase.py               504   pre_run                   : 8) ptsprojects.testcase.TestFunc <function gap_disconnected_ev at 0x7f5db38d5d70> 3 None ('00:1B:DC:E0:37:6C', 0) {}
2016-07-21 11:05:49,961 root DEBUG testcase.py               504   pre_run                   : 9) ptsprojects.testcase.TestFuncCleanUp <bound method ZephyrCtl.stop of <ptsprojects.zephyr.iutctl.ZephyrCtl instance at 0x7f5db38fafc8>> None None () {}
2016-07-21 11:05:49,961 root DEBUG testcase.py               201   start                     : Starting test function: ptsprojects.testcase.TestFunc <bound method ZephyrCtl.start of <ptsprojects.zephyr.iutctl.ZephyrCtl instance at 0x7f5db38fafc8>> None None () {}
2016-07-21 11:05:49,961 root DEBUG testcase.py               209   start                     : Test function parameters: args=(), kwds={}
2016-07-21 11:05:49,961 root DEBUG iutctl.py                 173   start                     : ptsprojects.zephyr.iutctl.ZephyrCtl.start
2016-07-21 11:05:49,962 root DEBUG iutctl.py                 160   reset_board               : About to reset DUT: "/home/skamrmar/bin/zflash/openocd/bin/openocd -s /home/skamrmar/bin/zflash/openocd/share/scripts -f /home/skamrmar/bin/zflash/boards/mountatlas/openocd.cfg -c 'init' -c 'reset run' -c 'shutdown'"
2016-07-21 11:05:51,975 root DEBUG iutctl.py                 184   start                     : Starting socat process: socat -x -v /dev/ttyUSB1,raw,b115200 UNIX-CONNECT:/tmp/bt-stack-tester
2016-07-21 11:05:51,978 root DEBUG iutctl.py                 56    accept                    : accept
2016-07-21 11:05:51,981 root DEBUG testcase.py               201   start                     : Starting test function: ptsprojects.testcase.TestFunc <function core_reg_svc_gap at 0x7f5db38d5a28> None None () {}
2016-07-21 11:05:51,982 root DEBUG testcase.py               209   start                     : Test function parameters: args=(), kwds={}
2016-07-21 11:05:51,982 root DEBUG btp.py                    226   core_reg_svc_gap          : core_reg_svc_gap
2016-07-21 11:05:51,982 root DEBUG iutctl.py                 98    send                      : send, 0 3 255 1
2016-07-21 11:05:51,982 root DEBUG iutctl.py                 108   send                      : btpclient command: send 0 3 255 01
2016-07-21 11:05:51,982 root DEBUG btpparser.py              59    enc_frame                 : enc_frame, 0 3 255 '\x01'
2016-07-21 11:05:51,983 root DEBUG iutctl.py                 112   send                      : sending frame '\x00\x03\xff\x01\x00\x01'
2016-07-21 11:05:53,534 root DEBUG btp.py                    246   core_reg_svc_rsp_succ     : core_reg_svc_rsp_succ
2016-07-21 11:05:53,534 root DEBUG iutctl.py                 64    read                      : read
2016-07-21 11:05:54,048 root DEBUG btpparser.py              39    dec_hdr                   : dec_hdr, bytearray(b'\x00\x03\xff\x00\x00')
2016-07-21 11:05:54,049 root DEBUG iutctl.py                 78    read                      : Received: hdr: header(svc_id=0, op=3, ctrl_index=255, data_len=0) bytearray(b'\x00\x03\xff\x00\x00')
2016-07-21 11:05:54,050 root DEBUG btpparser.py              49    dec_data                  : dec_data, bytearray(b'')
2016-07-21 11:05:54,050 root DEBUG iutctl.py                 91    read                      : Received data: ('',), bytearray(b'')
2016-07-21 11:05:54,050 root DEBUG btp.py                    257   core_reg_svc_rsp_succ     : received header(svc_id=0, op=3, ctrl_index=255, data_len=0) ('',)
2016-07-21 11:05:54,050 root DEBUG btp.py                    258   core_reg_svc_rsp_succ     : expected ((0, 3, 255, 0), ('',))
2016-07-21 11:05:54,050 root DEBUG btp.py                    264   core_reg_svc_rsp_succ     : response is valid
2016-07-21 11:05:54,051 root DEBUG testcase.py               201   start                     : Starting test function: ptsprojects.testcase.TestFunc <function core_reg_svc_gatts at 0x7f5db38d5aa0> None None () {}
2016-07-21 11:05:54,051 root DEBUG testcase.py               209   start                     : Test function parameters: args=(), kwds={}
2016-07-21 11:05:54,051 root DEBUG btp.py                    237   core_reg_svc_gatts        : core_reg_svc_gatts
2016-07-21 11:05:54,051 root DEBUG iutctl.py                 98    send                      : send, 0 3 255 2
2016-07-21 11:05:54,051 root DEBUG iutctl.py                 108   send                      : btpclient command: send 0 3 255 02
2016-07-21 11:05:54,051 root DEBUG btpparser.py              59    enc_frame                 : enc_frame, 0 3 255 '\x02'
2016-07-21 11:05:54,052 root DEBUG iutctl.py                 112   send                      : sending frame '\x00\x03\xff\x01\x00\x02'
2016-07-21 11:05:54,052 root DEBUG btp.py                    246   core_reg_svc_rsp_succ     : core_reg_svc_rsp_succ
2016-07-21 11:05:54,052 root DEBUG iutctl.py                 64    read                      : read
2016-07-21 11:05:54,055 root DEBUG btpparser.py              39    dec_hdr                   : dec_hdr, bytearray(b'\x00\x03\xff\x00\x00')
2016-07-21 11:05:54,056 root DEBUG iutctl.py                 78    read                      : Received: hdr: header(svc_id=0, op=3, ctrl_index=255, data_len=0) bytearray(b'\x00\x03\xff\x00\x00')
2016-07-21 11:05:54,056 root DEBUG btpparser.py              49    dec_data                  : dec_data, bytearray(b'')
2016-07-21 11:05:54,056 root DEBUG iutctl.py                 91    read                      : Received data: ('',), bytearray(b'')
2016-07-21 11:05:54,057 root DEBUG btp.py                    257   core_reg_svc_rsp_succ     : received header(svc_id=0, op=3, ctrl_index=255, data_len=0) ('',)
2016-07-21 11:05:54,057 root DEBUG btp.py                    258   core_reg_svc_rsp_succ     : expected ((0, 3, 255, 0), ('',))
2016-07-21 11:05:54,057 root DEBUG btp.py                    264   core_reg_svc_rsp_succ     : response is valid
2016-07-21 11:06:03,182 ClientCallback.on_implicit_send INFO autoptsclient_common.py   116   on_implicit_send          : ********************
2016-07-21 11:06:03,182 ClientCallback.on_implicit_send INFO autoptsclient_common.py   117   on_implicit_send          : BEGIN OnImplicitSend:
2016-07-21 11:06:03,182 ClientCallback.on_implicit_send INFO autoptsclient_common.py   118   on_implicit_send          : project_name: GATT
2016-07-21 11:06:03,182 ClientCallback.on_implicit_send INFO autoptsclient_common.py   119   on_implicit_send          : wid: 2
2016-07-21 11:06:03,183 ClientCallback.on_implicit_send INFO autoptsclient_common.py   120   on_implicit_send          : test_case_name: TC_GAR_CL_BI_22_C
2016-07-21 11:06:03,183 ClientCallback.on_implicit_send INFO autoptsclient_common.py   121   on_implicit_send          : description: Please initiate a GATT connection to the PTS.

Description: Verify that the Implementation Under Test (IUT) can initiate GATT connect request to PTS.
2016-07-21 11:06:03,183 ClientCallback.on_implicit_send INFO autoptsclient_common.py   122   on_implicit_send          : style: MMI_Style_Ok_Cancel2 0x11141
2016-07-21 11:06:03,183 ClientCallback.on_implicit_send INFO autoptsclient_common.py   124   on_implicit_send          : response: 1687860 <type 'int'> 17150312
2016-07-21 11:06:03,183 ClientCallback.on_implicit_send INFO autoptsclient_common.py   125   on_implicit_send          : response_size: 2048
2016-07-21 11:06:03,183 ClientCallback.on_implicit_send INFO autoptsclient_common.py   127   on_implicit_send          : response_is_present: 0 <type 'int'>
2016-07-21 11:06:03,184 ClientCallback.on_implicit_send INFO autoptsclient_common.py   131   on_implicit_send          : Calling test cases on_implicit_send
2016-07-21 11:06:03,184 root DEBUG testcase.py               467   on_implicit_send          : GATT TC_GAR_CL_BI_22_C on_implicit_send
2016-07-21 11:06:03,184 root DEBUG testcase.py               201   start                     : Starting test function: ptsprojects.testcase.TestFunc <function gap_conn at 0x7f5db38d5cf8> 2 None ('00:1B:DC:E0:37:6C', 0) {}
2016-07-21 11:06:03,184 root DEBUG testcase.py               209   start                     : Test function parameters: args=('00:1B:DC:E0:37:6C', 0), kwds={}
2016-07-21 11:06:03,184 root DEBUG btp.py                    329   gap_conn                  : gap_conn '00:1B:DC:E0:37:6C' 0
2016-07-21 11:06:03,184 root DEBUG iutctl.py                 98    send                      : send, 1 14 0 bytearray(b'\x00l7\xe0\xdc\x1b\x00')
2016-07-21 11:06:03,185 root DEBUG iutctl.py                 108   send                      : btpclient command: send 1 14 0 006c37e0dc1b00
2016-07-21 11:06:03,185 root DEBUG btpparser.py              59    enc_frame                 : enc_frame, 1 14 0 bytearray(b'\x00l7\xe0\xdc\x1b\x00')
2016-07-21 11:06:03,185 root DEBUG iutctl.py                 112   send                      : sending frame '\x01\x0e\x00\x07\x00\x00l7\xe0\xdc\x1b\x00'
2016-07-21 11:06:03,185 root DEBUG btp.py                    588   gap_command_rsp_succ      : gap_command_rsp_succ
2016-07-21 11:06:03,185 root DEBUG iutctl.py                 64    read                      : read
2016-07-21 11:06:03,189 root DEBUG btpparser.py              39    dec_hdr                   : dec_hdr, bytearray(b'\x01\x0e\x00\x00\x00')
2016-07-21 11:06:03,190 root DEBUG iutctl.py                 78    read                      : Received: hdr: header(svc_id=1, op=14, ctrl_index=0, data_len=0) bytearray(b'\x01\x0e\x00\x00\x00')
2016-07-21 11:06:03,191 root DEBUG btpparser.py              49    dec_data                  : dec_data, bytearray(b'')
2016-07-21 11:06:03,191 root DEBUG iutctl.py                 91    read                      : Received data: ('',), bytearray(b'')
2016-07-21 11:06:03,191 root DEBUG btp.py                    593   gap_command_rsp_succ      : received header(svc_id=1, op=14, ctrl_index=0, data_len=0) ('',)
2016-07-21 11:06:03,191 root DEBUG testcase.py               201   start                     : Starting test function: ptsprojects.testcase.TestFunc <function gap_connected_ev at 0x7f5db38d5c80> 2 None ('00:1B:DC:E0:37:6C', 0) {}
2016-07-21 11:06:03,191 root DEBUG testcase.py               209   start                     : Test function parameters: args=('00:1B:DC:E0:37:6C', 0), kwds={}
2016-07-21 11:06:03,192 root DEBUG btp.py                    309   gap_connected_ev          : gap_connected_ev '00:1B:DC:E0:37:6C' 0
2016-07-21 11:06:03,192 root DEBUG iutctl.py                 64    read                      : read
2016-07-21 11:06:03,756 root DEBUG btpparser.py              39    dec_hdr                   : dec_hdr, bytearray(b'\x01\x82\x00\x07\x00')
2016-07-21 11:06:03,757 root DEBUG iutctl.py                 78    read                      : Received: hdr: header(svc_id=1, op=130, ctrl_index=0, data_len=7) bytearray(b'\x01\x82\x00\x07\x00')
2016-07-21 11:06:03,757 root DEBUG btpparser.py              49    dec_data                  : dec_data, bytearray(b'l7\xe0\xdc\x1b\x00\x00')
2016-07-21 11:06:03,758 root DEBUG iutctl.py                 91    read                      : Received data: ('l7\xe0\xdc\x1b\x00\x00',), bytearray(b'l7\xe0\xdc\x1b\x00\x00')
2016-07-21 11:06:03,758 root DEBUG btp.py                    313   gap_connected_ev          : received header(svc_id=1, op=130, ctrl_index=0, data_len=7) ('l7\xe0\xdc\x1b\x00\x00',)
2016-07-21 11:06:03,758 root DEBUG testcase.py               494   on_implicit_send          : Sending response 'OK'
2016-07-21 11:06:03,758 ClientCallback.on_implicit_send INFO autoptsclient_common.py   143   on_implicit_send          : test case returned on_implicit_send, response: OK
2016-07-21 11:06:03,758 ClientCallback.on_implicit_send INFO autoptsclient_common.py   151   on_implicit_send          : END OnImplicitSend:
2016-07-21 11:06:03,758 ClientCallback.on_implicit_send INFO autoptsclient_common.py   152   on_implicit_send          : ********************
2016-07-21 11:06:04,626 ClientCallback.on_implicit_send INFO autoptsclient_common.py   116   on_implicit_send          : ********************
2016-07-21 11:06:04,626 ClientCallback.on_implicit_send INFO autoptsclient_common.py   117   on_implicit_send          : BEGIN OnImplicitSend:
2016-07-21 11:06:04,626 ClientCallback.on_implicit_send INFO autoptsclient_common.py   118   on_implicit_send          : project_name: GATT
2016-07-21 11:06:04,626 ClientCallback.on_implicit_send INFO autoptsclient_common.py   119   on_implicit_send          : wid: 57
2016-07-21 11:06:04,626 ClientCallback.on_implicit_send INFO autoptsclient_common.py   120   on_implicit_send          : test_case_name: TC_GAR_CL_BI_22_C
2016-07-21 11:06:04,626 ClientCallback.on_implicit_send INFO autoptsclient_common.py   121   on_implicit_send          : description: Please send read multiple characteristics handles seperated by space = '01C9'O '00DC'O to the PTS.

Description: Verify that the Implementation Under Test (IUT) can send Read multiple characteristics.
2016-07-21 11:06:04,626 ClientCallback.on_implicit_send INFO autoptsclient_common.py   122   on_implicit_send          : style: MMI_Style_Ok_Cancel2 0x11141
2016-07-21 11:06:04,626 ClientCallback.on_implicit_send INFO autoptsclient_common.py   124   on_implicit_send          : response: 1687860 <type 'int'> 17150312
2016-07-21 11:06:04,626 ClientCallback.on_implicit_send INFO autoptsclient_common.py   125   on_implicit_send          : response_size: 2048
2016-07-21 11:06:04,626 ClientCallback.on_implicit_send INFO autoptsclient_common.py   127   on_implicit_send          : response_is_present: 0 <type 'int'>
2016-07-21 11:06:04,627 ClientCallback.on_implicit_send INFO autoptsclient_common.py   131   on_implicit_send          : Calling test cases on_implicit_send
2016-07-21 11:06:04,627 root DEBUG testcase.py               467   on_implicit_send          : GATT TC_GAR_CL_BI_22_C on_implicit_send
2016-07-21 11:06:04,627 root DEBUG testcase.py               59    parse_description         : parse_description "Please send read multiple characteristics handles seperated by space = '01C9'O '00DC'O to the PTS.\n\nDescription: Verify that the Implementation Under Test (IUT) can send Read multiple characteristics."
2016-07-21 11:06:04,627 root DEBUG testcase.py               63    parse_description         : Parse result: ['01C9', '00DC']
2016-07-21 11:06:04,627 root DEBUG testcase.py               201   start                     : Starting test function: ptsprojects.testcase.TestFunc <function gattc_read_multiple at 0x7f5db38edde8> 57 None (0, '00:1B:DC:E0:37:6C', 'MMI_arg_value_1', 'MMI_arg_value_2') {}
2016-07-21 11:06:04,627 root DEBUG testcase.py               78    process_args              : process_args: (0, '00:1B:DC:E0:37:6C', 'MMI_arg_value_1', 'MMI_arg_value_2')
2016-07-21 11:06:04,627 root DEBUG testcase.py               79    process_args              : MMI.args now ['01C9', '00DC']
2016-07-21 11:06:04,627 root DEBUG testcase.py               93    process_args              : returning (0, '00:1B:DC:E0:37:6C', '01C9', '00DC')
2016-07-21 11:06:04,627 root DEBUG testcase.py               209   start                     : Test function parameters: args=(0, '00:1B:DC:E0:37:6C', '01C9', '00DC'), kwds={}
2016-07-21 11:06:04,627 root DEBUG btp.py                    1001  gattc_read_multiple       : gattc_read_multiple 0 '00:1B:DC:E0:37:6C' ('01C9', '00DC')
2016-07-21 11:06:04,627 root DEBUG iutctl.py                 98    send                      : send, 2 20 0 bytearray(b'\x00l7\xe0\xdc\x1b\x00\x02\xc9\x01\xdc\x00')
2016-07-21 11:06:04,628 root DEBUG iutctl.py                 108   send                      : btpclient command: send 2 20 0 006c37e0dc1b0002c901dc00
2016-07-21 11:06:04,628 root DEBUG btpparser.py              59    enc_frame                 : enc_frame, 2 20 0 bytearray(b'\x00l7\xe0\xdc\x1b\x00\x02\xc9\x01\xdc\x00')
2016-07-21 11:06:04,628 root DEBUG iutctl.py                 112   send                      : sending frame '\x02\x14\x00\x0c\x00\x00l7\xe0\xdc\x1b\x00\x02\xc9\x01\xdc\x00'
2016-07-21 11:06:04,628 root DEBUG testcase.py               201   start                     : Starting test function: ptsprojects.testcase.TestFunc <function gattc_read_multiple_rsp at 0x7f5db38ee9b0> 57 None () {'store_rsp': True}
2016-07-21 11:06:04,628 root DEBUG testcase.py               209   start                     : Test function parameters: args=(), kwds={'store_rsp': True}
2016-07-21 11:06:04,628 root DEBUG iutctl.py                 64    read                      : read
2016-07-21 11:06:06,007 root DEBUG btpparser.py              39    dec_hdr                   : dec_hdr, bytearray(b'\x02\x14\x00\x03\x00')
2016-07-21 11:06:06,008 root DEBUG iutctl.py                 78    read                      : Received: hdr: header(svc_id=2, op=20, ctrl_index=0, data_len=3) bytearray(b'\x02\x14\x00\x03\x00')
2016-07-21 11:06:06,009 root DEBUG btpparser.py              49    dec_data                  : dec_data, bytearray(b'\x0c\x00\x00')
2016-07-21 11:06:06,009 root DEBUG iutctl.py                 91    read                      : Received data: ('\x0c\x00\x00',), bytearray(b'\x0c\x00\x00')
2016-07-21 11:06:06,009 root DEBUG btp.py                    1632  gattc_read_multiple_rsp   : gattc_read_multiple_rsp received header(svc_id=2, op=20, ctrl_index=0, data_len=3) ('\x0c\x00\x00',)
2016-07-21 11:06:06,009 root DEBUG btp.py                    1638  gattc_read_multiple_rsp   : gattc_read_multiple_rsp 12 ('',)
2016-07-21 11:06:06,009 root DEBUG testcase.py               494   on_implicit_send          : Sending response 'OK'
2016-07-21 11:06:06,010 ClientCallback.on_implicit_send INFO autoptsclient_common.py   143   on_implicit_send          : test case returned on_implicit_send, response: OK
2016-07-21 11:06:06,010 ClientCallback.on_implicit_send INFO autoptsclient_common.py   151   on_implicit_send          : END OnImplicitSend:
2016-07-21 11:06:06,010 ClientCallback.on_implicit_send INFO autoptsclient_common.py   152   on_implicit_send          : ********************
2016-07-21 11:06:06,021 ClientCallback.on_implicit_send INFO autoptsclient_common.py   116   on_implicit_send          : ********************
2016-07-21 11:06:06,021 ClientCallback.on_implicit_send INFO autoptsclient_common.py   117   on_implicit_send          : BEGIN OnImplicitSend:
2016-07-21 11:06:06,021 ClientCallback.on_implicit_send INFO autoptsclient_common.py   118   on_implicit_send          : project_name: GATT
2016-07-21 11:06:06,021 ClientCallback.on_implicit_send INFO autoptsclient_common.py   119   on_implicit_send          : wid: 44
2016-07-21 11:06:06,022 ClientCallback.on_implicit_send INFO autoptsclient_common.py   120   on_implicit_send          : test_case_name: TC_GAR_CL_BI_22_C
2016-07-21 11:06:06,022 ClientCallback.on_implicit_send INFO autoptsclient_common.py   121   on_implicit_send          : description: Please confirm IUT receive encryption key size error. Click Yes if IUT receive it, othwise click No.

Description: Verify that the Implementation Under Test (IUT) indicate encryption key size error when read a characteristic.
2016-07-21 11:06:06,022 ClientCallback.on_implicit_send INFO autoptsclient_common.py   122   on_implicit_send          : style: MMI_Style_Yes_No1 0x11044
2016-07-21 11:06:06,022 ClientCallback.on_implicit_send INFO autoptsclient_common.py   124   on_implicit_send          : response: 1687860 <type 'int'> 17150312
2016-07-21 11:06:06,022 ClientCallback.on_implicit_send INFO autoptsclient_common.py   125   on_implicit_send          : response_size: 2048
2016-07-21 11:06:06,022 ClientCallback.on_implicit_send INFO autoptsclient_common.py   127   on_implicit_send          : response_is_present: 0 <type 'int'>
2016-07-21 11:06:06,023 ClientCallback.on_implicit_send INFO autoptsclient_common.py   131   on_implicit_send          : Calling test cases on_implicit_send
2016-07-21 11:06:06,023 root DEBUG testcase.py               467   on_implicit_send          : GATT TC_GAR_CL_BI_22_C on_implicit_send
2016-07-21 11:06:06,023 root DEBUG testcase.py               364   handle_mmi_style_yes_no1  : handle_mmi_style_yes_no1, 44 'Please confirm IUT receive encryption key size error. Click Yes if IUT receive it, othwise click No.\n\nDescription: Verify that the Implementation Under Test (IUT) indicate encryption key size error when read a characteristic.'
2016-07-21 11:06:06,023 root DEBUG testcase.py               366   handle_mmi_style_yes_no1  : no_wid=None verify_wids={44: <function verify_description at 0x7f5db38d5848>}
2016-07-21 11:06:06,023 root DEBUG testcase.py               378   handle_mmi_style_yes_no1  : Starting verification of: {44: <function verify_description at 0x7f5db38d5848>}
2016-07-21 11:06:06,024 root DEBUG btp.py                    139   verify_description        : description='Please confirm IUT receive encryption key size error. Click Yes if IUT receive it, othwise click No.\n\nDescription: Verify that the Implementation Under Test (IUT) indicate encryption key size error when read a characteristic.'
2016-07-21 11:06:06,024 root DEBUG btp.py                    142   verify_description        : Verifying values: ['encryption key size error']
2016-07-21 11:06:06,024 root DEBUG btp.py                    151   verify_description        : Verifying: 'encryption key size error'
2016-07-21 11:06:06,024 root DEBUG btp.py                    157   verify_description        : All verifications passed
2016-07-21 11:06:06,024 root DEBUG testcase.py               408   handle_mmi_style_yes_no1  : All verifications passed
2016-07-21 11:06:06,025 root DEBUG testcase.py               494   on_implicit_send          : Sending response 'Yes'
2016-07-21 11:06:06,025 ClientCallback.on_implicit_send INFO autoptsclient_common.py   143   on_implicit_send          : test case returned on_implicit_send, response: Yes
2016-07-21 11:06:06,025 ClientCallback.on_implicit_send INFO autoptsclient_common.py   151   on_implicit_send          : END OnImplicitSend:
2016-07-21 11:06:06,025 ClientCallback.on_implicit_send INFO autoptsclient_common.py   152   on_implicit_send          : ********************
2016-07-21 11:06:06,035 ClientCallback.on_implicit_send INFO autoptsclient_common.py   116   on_implicit_send          : ********************
2016-07-21 11:06:06,036 ClientCallback.on_implicit_send INFO autoptsclient_common.py   117   on_implicit_send          : BEGIN OnImplicitSend:
2016-07-21 11:06:06,036 ClientCallback.on_implicit_send INFO autoptsclient_common.py   118   on_implicit_send          : project_name: GATT
2016-07-21 11:06:06,036 ClientCallback.on_implicit_send INFO autoptsclient_common.py   119   on_implicit_send          : wid: 3
2016-07-21 11:06:06,036 ClientCallback.on_implicit_send INFO autoptsclient_common.py   120   on_implicit_send          : test_case_name: TC_GAR_CL_BI_22_C
2016-07-21 11:06:06,036 ClientCallback.on_implicit_send INFO autoptsclient_common.py   121   on_implicit_send          : description: Please initiate a GATT disconnection to the PTS.

Description: Verify that the Implementation Under Test (IUT) can initiate GATT disconnect request to PTS
2016-07-21 11:06:06,036 ClientCallback.on_implicit_send INFO autoptsclient_common.py   122   on_implicit_send          : style: MMI_Style_Ok_Cancel2 0x11141
2016-07-21 11:06:06,037 ClientCallback.on_implicit_send INFO autoptsclient_common.py   124   on_implicit_send          : response: 1687860 <type 'int'> 17150312
2016-07-21 11:06:06,037 ClientCallback.on_implicit_send INFO autoptsclient_common.py   125   on_implicit_send          : response_size: 2048
2016-07-21 11:06:06,037 ClientCallback.on_implicit_send INFO autoptsclient_common.py   127   on_implicit_send          : response_is_present: 0 <type 'int'>
2016-07-21 11:06:06,037 ClientCallback.on_implicit_send INFO autoptsclient_common.py   131   on_implicit_send          : Calling test cases on_implicit_send
2016-07-21 11:06:06,037 root DEBUG testcase.py               467   on_implicit_send          : GATT TC_GAR_CL_BI_22_C on_implicit_send
2016-07-21 11:06:06,037 root DEBUG testcase.py               201   start                     : Starting test function: ptsprojects.testcase.TestFunc <function gap_disconn at 0x7f5db38d5de8> 3 None ('00:1B:DC:E0:37:6C', 0) {}
2016-07-21 11:06:06,038 root DEBUG testcase.py               209   start                     : Test function parameters: args=('00:1B:DC:E0:37:6C', 0), kwds={}
2016-07-21 11:06:06,038 root DEBUG btp.py                    365   gap_disconn               : gap_disconn '00:1B:DC:E0:37:6C' 0
2016-07-21 11:06:06,038 root DEBUG iutctl.py                 98    send                      : send, 1 15 0 bytearray(b'\x00l7\xe0\xdc\x1b\x00')
2016-07-21 11:06:06,038 root DEBUG iutctl.py                 108   send                      : btpclient command: send 1 15 0 006c37e0dc1b00
2016-07-21 11:06:06,038 root DEBUG btpparser.py              59    enc_frame                 : enc_frame, 1 15 0 bytearray(b'\x00l7\xe0\xdc\x1b\x00')
2016-07-21 11:06:06,039 root DEBUG iutctl.py                 112   send                      : sending frame '\x01\x0f\x00\x07\x00\x00l7\xe0\xdc\x1b\x00'
2016-07-21 11:06:06,039 root DEBUG btp.py                    588   gap_command_rsp_succ      : gap_command_rsp_succ
2016-07-21 11:06:06,039 root DEBUG iutctl.py                 64    read                      : read
2016-07-21 11:06:06,042 root DEBUG btpparser.py              39    dec_hdr                   : dec_hdr, bytearray(b'\x01\x0f\x00\x00\x00')
2016-07-21 11:06:06,043 root DEBUG iutctl.py                 78    read                      : Received: hdr: header(svc_id=1, op=15, ctrl_index=0, data_len=0) bytearray(b'\x01\x0f\x00\x00\x00')
2016-07-21 11:06:06,044 root DEBUG btpparser.py              49    dec_data                  : dec_data, bytearray(b'')
2016-07-21 11:06:06,044 root DEBUG iutctl.py                 91    read                      : Received data: ('',), bytearray(b'')
2016-07-21 11:06:06,044 root DEBUG btp.py                    593   gap_command_rsp_succ      : received header(svc_id=1, op=15, ctrl_index=0, data_len=0) ('',)
2016-07-21 11:06:06,044 root DEBUG testcase.py               201   start                     : Starting test function: ptsprojects.testcase.TestFunc <function gap_disconnected_ev at 0x7f5db38d5d70> 3 None ('00:1B:DC:E0:37:6C', 0) {}
2016-07-21 11:06:06,044 root DEBUG testcase.py               209   start                     : Test function parameters: args=('00:1B:DC:E0:37:6C', 0), kwds={}
2016-07-21 11:06:06,045 root DEBUG btp.py                    345   gap_disconnected_ev       : gap_disconnected_ev '00:1B:DC:E0:37:6C' 0
2016-07-21 11:06:06,045 root DEBUG iutctl.py                 64    read                      : read
2016-07-21 11:06:06,057 root DEBUG btpparser.py              39    dec_hdr                   : dec_hdr, bytearray(b'\x01\x83\x00\x07\x00')
2016-07-21 11:06:06,058 root DEBUG iutctl.py                 78    read                      : Received: hdr: header(svc_id=1, op=131, ctrl_index=0, data_len=7) bytearray(b'\x01\x83\x00\x07\x00')
2016-07-21 11:06:06,058 root DEBUG btpparser.py              49    dec_data                  : dec_data, bytearray(b'l7\xe0\xdc\x1b\x00\x00')
2016-07-21 11:06:06,058 root DEBUG iutctl.py                 91    read                      : Received data: ('l7\xe0\xdc\x1b\x00\x00',), bytearray(b'l7\xe0\xdc\x1b\x00\x00')
2016-07-21 11:06:06,059 root DEBUG btp.py                    349   gap_disconnected_ev       : received header(svc_id=1, op=131, ctrl_index=0, data_len=7) ('l7\xe0\xdc\x1b\x00\x00',)
2016-07-21 11:06:06,059 root DEBUG testcase.py               494   on_implicit_send          : Sending response 'OK'
2016-07-21 11:06:06,059 ClientCallback.on_implicit_send INFO autoptsclient_common.py   143   on_implicit_send          : test case returned on_implicit_send, response: OK
2016-07-21 11:06:06,059 ClientCallback.on_implicit_send INFO autoptsclient_common.py   151   on_implicit_send          : END OnImplicitSend:
2016-07-21 11:06:06,059 ClientCallback.on_implicit_send INFO autoptsclient_common.py   152   on_implicit_send          : ********************
2016-07-21 11:06:08,693 ClientCallback.log INFO autoptsclient_common.py   82    log                       : PTS_LOGTYPE_START_TEST Start Test Case 

+0 ms
 TC_GAR_CL_BI_22_C

2016-07-21 11:06:08,693 root DEBUG testcase.py               358   log                       : New status GATT TC_GAR_CL_BI_22_C - Started
2016-07-21 11:06:08,926 ClientCallback.log INFO autoptsclient_common.py   82    log                       : PTS_LOGTYPE_FINAL_VERDICT Final Verdict 

+10015 ms
 PASS

2016-07-21 11:06:08,926 root DEBUG testcase.py               358   log                       : New status GATT TC_GAR_CL_BI_22_C - PASS
2016-07-21 11:06:08,932 ClientCallback.log INFO autoptsclient_common.py   82    log                       : PTS_LOGTYPE_FINAL_VERDICT Encrypted Verdict 

+10015 ms
 A1#ZWY4MzQ5MDg3MmQwNTIxOGQzMzQ5YjY2ODA5M2MzNjQ5ZDY4NmY0Yjc2MzIzM2VkNTUyNTFhNGU4Mjg1MjI0NA==#qAKJAzAOegRnXp2vKWgjtJ5uo3nS3cq8aUxBGvjFZj2QWZhwWX0jK3+ea4SC+u+n

2016-07-21 11:06:08,962 ClientCallback.log INFO autoptsclient_common.py   82    log                       : PTS_LOGTYPE_END_TEST Test Case Ended 

+10015 ms
 TC_GAR_CL_BI_22_C

2016-07-21 11:06:09,023 root DEBUG testcase.py               518   post_run                  : post_run GATT TC_GAR_CL_BI_22_C 
2016-07-21 11:06:09,023 root DEBUG testcase.py               201   start                     : Starting test function: ptsprojects.testcase.TestFuncCleanUp <bound method ZephyrCtl.stop of <ptsprojects.zephyr.iutctl.ZephyrCtl instance at 0x7f5db38fafc8>> None None () {}
2016-07-21 11:06:09,024 root DEBUG testcase.py               209   start                     : Test function parameters: args=(), kwds={}
2016-07-21 11:06:09,024 root DEBUG iutctl.py                 207   stop                      : ptsprojects.zephyr.iutctl.ZephyrCtl.stop
2016-07-21 11:06:12,025 root DEBUG autoptsclient_common.py   395   run_test_case             : Done TestCase wrapper GATT TC_GAR_CL_BI_22_C
