2016-07-21 10:05:09,887 root DEBUG autoptsclient_common.py   349   run_test_case             : Starting TestCase wrapper GATT TC_GAI_SR_BV_01_C
2016-07-21 10:05:09,887 root DEBUG testcase.py               499   pre_run                   : pre_run GATT TC_GAI_SR_BV_01_C
2016-07-21 10:05:09,887 root DEBUG testcase.py               502   pre_run                   : About to run test case GATT TC_GAI_SR_BV_01_C with commands:
2016-07-21 10:05:09,888 root DEBUG testcase.py               504   pre_run                   : 0) ptsprojects.testcase.TestFunc <bound method ZephyrCtl.start of <ptsprojects.zephyr.iutctl.ZephyrCtl instance at 0x7fdb71194fc8>> None None () {}
2016-07-21 10:05:09,888 root DEBUG testcase.py               504   pre_run                   : 1) ptsprojects.testcase.TestFunc <function core_reg_svc_gap at 0x7fdb7116fa28> None None () {}
2016-07-21 10:05:09,888 root DEBUG testcase.py               504   pre_run                   : 2) ptsprojects.testcase.TestFunc <function core_reg_svc_gatts at 0x7fdb7116faa0> None None () {}
2016-07-21 10:05:09,888 root DEBUG testcase.py               504   pre_run                   : 3) ptsprojects.testcase.TestFunc <function gatts_add_svc at 0x7fdb711875f0> None None (0, 'AA50') {}
2016-07-21 10:05:09,888 root DEBUG testcase.py               504   pre_run                   : 4) ptsprojects.testcase.TestFunc <function gatts_add_char at 0x7fdb711876e0> None None (0, 34, 1, 'AA51') {}
2016-07-21 10:05:09,888 root DEBUG testcase.py               504   pre_run                   : 5) ptsprojects.testcase.TestFunc <function gatts_set_val at 0x7fdb71187758> None None (0, '00') {}
2016-07-21 10:05:09,888 root DEBUG testcase.py               504   pre_run                   : 6) ptsprojects.testcase.TestFunc <function gatts_add_desc at 0x7fdb711877d0> None None (0, 3, '2902') {}
2016-07-21 10:05:09,888 root DEBUG testcase.py               504   pre_run                   : 7) ptsprojects.testcase.TestFunc <function gatts_add_char at 0x7fdb711876e0> None None (0, 34, 1, 'AA52') {}
2016-07-21 10:05:09,888 root DEBUG testcase.py               504   pre_run                   : 8) ptsprojects.testcase.TestFunc <function gatts_start_server at 0x7fdb71187848> None None () {}
2016-07-21 10:05:09,888 root DEBUG testcase.py               504   pre_run                   : 9) ptsprojects.testcase.TestFunc <function gap_adv_ind_on at 0x7fdb7116fb90> 1 None () {}
2016-07-21 10:05:09,888 root DEBUG testcase.py               504   pre_run                   : 10) ptsprojects.testcase.TestFunc <function gap_connected_ev at 0x7fdb7116fc80> 98 None ('00:1B:DC:E0:37:6C', 0) {}
2016-07-21 10:05:09,888 root DEBUG testcase.py               504   pre_run                   : 11) ptsprojects.testcase.TestFunc <built-in function sleep> 98 None (1,) {}
2016-07-21 10:05:09,889 root DEBUG testcase.py               504   pre_run                   : 12) ptsprojects.testcase.TestFunc <function gatts_set_val at 0x7fdb71187758> 98 None (3, '01') {}
2016-07-21 10:05:09,889 root DEBUG testcase.py               504   pre_run                   : 13) ptsprojects.testcase.TestFuncCleanUp <bound method ZephyrCtl.stop of <ptsprojects.zephyr.iutctl.ZephyrCtl instance at 0x7fdb71194fc8>> None None () {}
2016-07-21 10:05:09,889 root DEBUG testcase.py               201   start                     : Starting test function: ptsprojects.testcase.TestFunc <bound method ZephyrCtl.start of <ptsprojects.zephyr.iutctl.ZephyrCtl instance at 0x7fdb71194fc8>> None None () {}
2016-07-21 10:05:09,889 root DEBUG testcase.py               209   start                     : Test function parameters: args=(), kwds={}
2016-07-21 10:05:09,889 root DEBUG iutctl.py                 173   start                     : ptsprojects.zephyr.iutctl.ZephyrCtl.start
2016-07-21 10:05:09,889 root DEBUG iutctl.py                 160   reset_board               : About to reset DUT: "/home/skamrmar/bin/zflash/openocd/bin/openocd -s /home/skamrmar/bin/zflash/openocd/share/scripts -f /home/skamrmar/bin/zflash/boards/mountatlas/openocd.cfg -c 'init' -c 'reset run' -c 'shutdown'"
2016-07-21 10:05:11,906 root DEBUG iutctl.py                 184   start                     : Starting socat process: socat -x -v /dev/ttyUSB1,raw,b115200 UNIX-CONNECT:/tmp/bt-stack-tester
2016-07-21 10:05:11,909 root DEBUG iutctl.py                 56    accept                    : accept
2016-07-21 10:05:11,913 root DEBUG testcase.py               201   start                     : Starting test function: ptsprojects.testcase.TestFunc <function core_reg_svc_gap at 0x7fdb7116fa28> None None () {}
2016-07-21 10:05:11,913 root DEBUG testcase.py               209   start                     : Test function parameters: args=(), kwds={}
2016-07-21 10:05:11,914 root DEBUG btp.py                    226   core_reg_svc_gap          : core_reg_svc_gap
2016-07-21 10:05:11,914 root DEBUG iutctl.py                 98    send                      : send, 0 3 255 1
2016-07-21 10:05:11,914 root DEBUG iutctl.py                 108   send                      : btpclient command: send 0 3 255 01
2016-07-21 10:05:11,914 root DEBUG btpparser.py              59    enc_frame                 : enc_frame, 0 3 255 '\x01'
2016-07-21 10:05:11,914 root DEBUG iutctl.py                 112   send                      : sending frame '\x00\x03\xff\x01\x00\x01'
2016-07-21 10:05:13,479 root DEBUG btp.py                    246   core_reg_svc_rsp_succ     : core_reg_svc_rsp_succ
2016-07-21 10:05:13,479 root DEBUG iutctl.py                 64    read                      : read
2016-07-21 10:05:13,988 root DEBUG btpparser.py              39    dec_hdr                   : dec_hdr, bytearray(b'\x00\x03\xff\x00\x00')
2016-07-21 10:05:13,990 root DEBUG iutctl.py                 78    read                      : Received: hdr: header(svc_id=0, op=3, ctrl_index=255, data_len=0) bytearray(b'\x00\x03\xff\x00\x00')
2016-07-21 10:05:13,990 root DEBUG btpparser.py              49    dec_data                  : dec_data, bytearray(b'')
2016-07-21 10:05:13,990 root DEBUG iutctl.py                 91    read                      : Received data: ('',), bytearray(b'')
2016-07-21 10:05:13,990 root DEBUG btp.py                    257   core_reg_svc_rsp_succ     : received header(svc_id=0, op=3, ctrl_index=255, data_len=0) ('',)
2016-07-21 10:05:13,990 root DEBUG btp.py                    258   core_reg_svc_rsp_succ     : expected ((0, 3, 255, 0), ('',))
2016-07-21 10:05:13,990 root DEBUG btp.py                    264   core_reg_svc_rsp_succ     : response is valid
2016-07-21 10:05:13,991 root DEBUG testcase.py               201   start                     : Starting test function: ptsprojects.testcase.TestFunc <function core_reg_svc_gatts at 0x7fdb7116faa0> None None () {}
2016-07-21 10:05:13,991 root DEBUG testcase.py               209   start                     : Test function parameters: args=(), kwds={}
2016-07-21 10:05:13,991 root DEBUG btp.py                    237   core_reg_svc_gatts        : core_reg_svc_gatts
2016-07-21 10:05:13,991 root DEBUG iutctl.py                 98    send                      : send, 0 3 255 2
2016-07-21 10:05:13,991 root DEBUG iutctl.py                 108   send                      : btpclient command: send 0 3 255 02
2016-07-21 10:05:13,992 root DEBUG btpparser.py              59    enc_frame                 : enc_frame, 0 3 255 '\x02'
2016-07-21 10:05:13,992 root DEBUG iutctl.py                 112   send                      : sending frame '\x00\x03\xff\x01\x00\x02'
2016-07-21 10:05:13,992 root DEBUG btp.py                    246   core_reg_svc_rsp_succ     : core_reg_svc_rsp_succ
2016-07-21 10:05:13,992 root DEBUG iutctl.py                 64    read                      : read
2016-07-21 10:05:13,994 root DEBUG btpparser.py              39    dec_hdr                   : dec_hdr, bytearray(b'\x00\x03\xff\x00\x00')
2016-07-21 10:05:13,995 root DEBUG iutctl.py                 78    read                      : Received: hdr: header(svc_id=0, op=3, ctrl_index=255, data_len=0) bytearray(b'\x00\x03\xff\x00\x00')
2016-07-21 10:05:13,995 root DEBUG btpparser.py              49    dec_data                  : dec_data, bytearray(b'')
2016-07-21 10:05:13,996 root DEBUG iutctl.py                 91    read                      : Received data: ('',), bytearray(b'')
2016-07-21 10:05:13,996 root DEBUG btp.py                    257   core_reg_svc_rsp_succ     : received header(svc_id=0, op=3, ctrl_index=255, data_len=0) ('',)
2016-07-21 10:05:13,996 root DEBUG btp.py                    258   core_reg_svc_rsp_succ     : expected ((0, 3, 255, 0), ('',))
2016-07-21 10:05:13,996 root DEBUG btp.py                    264   core_reg_svc_rsp_succ     : response is valid
2016-07-21 10:05:13,996 root DEBUG testcase.py               201   start                     : Starting test function: ptsprojects.testcase.TestFunc <function gatts_add_svc at 0x7fdb711875f0> None None (0, 'AA50') {}
2016-07-21 10:05:13,996 root DEBUG testcase.py               209   start                     : Test function parameters: args=(0, 'AA50'), kwds={}
2016-07-21 10:05:13,996 root DEBUG btp.py                    599   gatts_add_svc             : gatts_add_svc 0 'AA50'
2016-07-21 10:05:13,997 root DEBUG iutctl.py                 98    send                      : send, 2 2 0 bytearray(b'\x00\x02P\xaa')
2016-07-21 10:05:13,997 root DEBUG iutctl.py                 108   send                      : btpclient command: send 2 2 0 000250aa
2016-07-21 10:05:13,997 root DEBUG btpparser.py              59    enc_frame                 : enc_frame, 2 2 0 bytearray(b'\x00\x02P\xaa')
2016-07-21 10:05:13,997 root DEBUG iutctl.py                 112   send                      : sending frame '\x02\x02\x00\x04\x00\x00\x02P\xaa'
2016-07-21 10:05:13,997 root DEBUG btp.py                    1218  gatt_command_rsp_succ     : gatt_command_rsp_succ
2016-07-21 10:05:13,997 root DEBUG iutctl.py                 64    read                      : read
2016-07-21 10:05:14,000 root DEBUG btpparser.py              39    dec_hdr                   : dec_hdr, bytearray(b'\x02\x02\x00\x02\x00')
2016-07-21 10:05:14,001 root DEBUG iutctl.py                 78    read                      : Received: hdr: header(svc_id=2, op=2, ctrl_index=0, data_len=2) bytearray(b'\x02\x02\x00\x02\x00')
2016-07-21 10:05:14,001 root DEBUG btpparser.py              49    dec_data                  : dec_data, bytearray(b'\x00\x00')
2016-07-21 10:05:14,001 root DEBUG iutctl.py                 91    read                      : Received data: ('\x00\x00',), bytearray(b'\x00\x00')
2016-07-21 10:05:14,002 root DEBUG btp.py                    1223  gatt_command_rsp_succ     : received header(svc_id=2, op=2, ctrl_index=0, data_len=2) ('\x00\x00',)
2016-07-21 10:05:14,002 root DEBUG testcase.py               201   start                     : Starting test function: ptsprojects.testcase.TestFunc <function gatts_add_char at 0x7fdb711876e0> None None (0, 34, 1, 'AA51') {}
2016-07-21 10:05:14,002 root DEBUG testcase.py               209   start                     : Test function parameters: args=(0, 34, 1, 'AA51'), kwds={}
2016-07-21 10:05:14,002 root DEBUG btp.py                    634   gatts_add_char            : gatts_add_char 0 34 1 'AA51'
2016-07-21 10:05:14,002 root DEBUG iutctl.py                 98    send                      : send, 2 3 0 bytearray(b'\x00\x00"\x01\x02Q\xaa')
2016-07-21 10:05:14,002 root DEBUG iutctl.py                 108   send                      : btpclient command: send 2 3 0 000022010251aa
2016-07-21 10:05:14,003 root DEBUG btpparser.py              59    enc_frame                 : enc_frame, 2 3 0 bytearray(b'\x00\x00"\x01\x02Q\xaa')
2016-07-21 10:05:14,003 root DEBUG iutctl.py                 112   send                      : sending frame '\x02\x03\x00\x07\x00\x00\x00"\x01\x02Q\xaa'
2016-07-21 10:05:14,003 root DEBUG btp.py                    1218  gatt_command_rsp_succ     : gatt_command_rsp_succ
2016-07-21 10:05:14,003 root DEBUG iutctl.py                 64    read                      : read
2016-07-21 10:05:14,006 root DEBUG btpparser.py              39    dec_hdr                   : dec_hdr, bytearray(b'\x02\x03\x00\x02\x00')
2016-07-21 10:05:14,007 root DEBUG iutctl.py                 78    read                      : Received: hdr: header(svc_id=2, op=3, ctrl_index=0, data_len=2) bytearray(b'\x02\x03\x00\x02\x00')
2016-07-21 10:05:14,007 root DEBUG btpparser.py              49    dec_data                  : dec_data, bytearray(b'\x00\x00')
2016-07-21 10:05:14,007 root DEBUG iutctl.py                 91    read                      : Received data: ('\x00\x00',), bytearray(b'\x00\x00')
2016-07-21 10:05:14,007 root DEBUG btp.py                    1223  gatt_command_rsp_succ     : received header(svc_id=2, op=3, ctrl_index=0, data_len=2) ('\x00\x00',)
2016-07-21 10:05:14,008 root DEBUG testcase.py               201   start                     : Starting test function: ptsprojects.testcase.TestFunc <function gatts_set_val at 0x7fdb71187758> None None (0, '00') {}
2016-07-21 10:05:14,008 root DEBUG testcase.py               209   start                     : Test function parameters: args=(0, '00'), kwds={}
2016-07-21 10:05:14,008 root DEBUG btp.py                    657   gatts_set_val             : gatts_set_val 0 '00' 
2016-07-21 10:05:14,008 root DEBUG iutctl.py                 98    send                      : send, 2 6 0 bytearray(b'\x00\x00\x01\x00\x00')
2016-07-21 10:05:14,008 root DEBUG iutctl.py                 108   send                      : btpclient command: send 2 6 0 0000010000
2016-07-21 10:05:14,008 root DEBUG btpparser.py              59    enc_frame                 : enc_frame, 2 6 0 bytearray(b'\x00\x00\x01\x00\x00')
2016-07-21 10:05:14,008 root DEBUG iutctl.py                 112   send                      : sending frame '\x02\x06\x00\x05\x00\x00\x00\x01\x00\x00'
2016-07-21 10:05:14,009 root DEBUG btp.py                    1218  gatt_command_rsp_succ     : gatt_command_rsp_succ
2016-07-21 10:05:14,009 root DEBUG iutctl.py                 64    read                      : read
2016-07-21 10:05:14,011 root DEBUG btpparser.py              39    dec_hdr                   : dec_hdr, bytearray(b'\x02\x06\x00\x00\x00')
2016-07-21 10:05:14,012 root DEBUG iutctl.py                 78    read                      : Received: hdr: header(svc_id=2, op=6, ctrl_index=0, data_len=0) bytearray(b'\x02\x06\x00\x00\x00')
2016-07-21 10:05:14,012 root DEBUG btpparser.py              49    dec_data                  : dec_data, bytearray(b'')
2016-07-21 10:05:14,012 root DEBUG iutctl.py                 91    read                      : Received data: ('',), bytearray(b'')
2016-07-21 10:05:14,012 root DEBUG btp.py                    1223  gatt_command_rsp_succ     : received header(svc_id=2, op=6, ctrl_index=0, data_len=0) ('',)
2016-07-21 10:05:14,013 root DEBUG testcase.py               201   start                     : Starting test function: ptsprojects.testcase.TestFunc <function gatts_add_desc at 0x7fdb711877d0> None None (0, 3, '2902') {}
2016-07-21 10:05:14,013 root DEBUG testcase.py               209   start                     : Test function parameters: args=(0, 3, '2902'), kwds={}
2016-07-21 10:05:14,013 root DEBUG btp.py                    679   gatts_add_desc            : gatts_add_desc 0 3 '2902'
2016-07-21 10:05:14,013 root DEBUG iutctl.py                 98    send                      : send, 2 4 0 bytearray(b'\x00\x00\x03\x02\x02)')
2016-07-21 10:05:14,013 root DEBUG iutctl.py                 108   send                      : btpclient command: send 2 4 0 000003020229
2016-07-21 10:05:14,013 root DEBUG btpparser.py              59    enc_frame                 : enc_frame, 2 4 0 bytearray(b'\x00\x00\x03\x02\x02)')
2016-07-21 10:05:14,013 root DEBUG iutctl.py                 112   send                      : sending frame '\x02\x04\x00\x06\x00\x00\x00\x03\x02\x02)'
2016-07-21 10:05:14,013 root DEBUG btp.py                    1218  gatt_command_rsp_succ     : gatt_command_rsp_succ
2016-07-21 10:05:14,014 root DEBUG iutctl.py                 64    read                      : read
2016-07-21 10:05:14,016 root DEBUG btpparser.py              39    dec_hdr                   : dec_hdr, bytearray(b'\x02\x04\x00\x02\x00')
2016-07-21 10:05:14,017 root DEBUG iutctl.py                 78    read                      : Received: hdr: header(svc_id=2, op=4, ctrl_index=0, data_len=2) bytearray(b'\x02\x04\x00\x02\x00')
2016-07-21 10:05:14,017 root DEBUG btpparser.py              49    dec_data                  : dec_data, bytearray(b'\x00\x00')
2016-07-21 10:05:14,017 root DEBUG iutctl.py                 91    read                      : Received data: ('\x00\x00',), bytearray(b'\x00\x00')
2016-07-21 10:05:14,017 root DEBUG btp.py                    1223  gatt_command_rsp_succ     : received header(svc_id=2, op=4, ctrl_index=0, data_len=2) ('\x00\x00',)
2016-07-21 10:05:14,018 root DEBUG testcase.py               201   start                     : Starting test function: ptsprojects.testcase.TestFunc <function gatts_add_char at 0x7fdb711876e0> None None (0, 34, 1, 'AA52') {}
2016-07-21 10:05:14,018 root DEBUG testcase.py               209   start                     : Test function parameters: args=(0, 34, 1, 'AA52'), kwds={}
2016-07-21 10:05:14,018 root DEBUG btp.py                    634   gatts_add_char            : gatts_add_char 0 34 1 'AA52'
2016-07-21 10:05:14,018 root DEBUG iutctl.py                 98    send                      : send, 2 3 0 bytearray(b'\x00\x00"\x01\x02R\xaa')
2016-07-21 10:05:14,018 root DEBUG iutctl.py                 108   send                      : btpclient command: send 2 3 0 000022010252aa
2016-07-21 10:05:14,018 root DEBUG btpparser.py              59    enc_frame                 : enc_frame, 2 3 0 bytearray(b'\x00\x00"\x01\x02R\xaa')
2016-07-21 10:05:14,018 root DEBUG iutctl.py                 112   send                      : sending frame '\x02\x03\x00\x07\x00\x00\x00"\x01\x02R\xaa'
2016-07-21 10:05:14,019 root DEBUG btp.py                    1218  gatt_command_rsp_succ     : gatt_command_rsp_succ
2016-07-21 10:05:14,019 root DEBUG iutctl.py                 64    read                      : read
2016-07-21 10:05:14,021 root DEBUG btpparser.py              39    dec_hdr                   : dec_hdr, bytearray(b'\x02\x03\x00\x02\x00')
2016-07-21 10:05:14,022 root DEBUG iutctl.py                 78    read                      : Received: hdr: header(svc_id=2, op=3, ctrl_index=0, data_len=2) bytearray(b'\x02\x03\x00\x02\x00')
2016-07-21 10:05:14,022 root DEBUG btpparser.py              49    dec_data                  : dec_data, bytearray(b'\x00\x00')
2016-07-21 10:05:14,022 root DEBUG iutctl.py                 91    read                      : Received data: ('\x00\x00',), bytearray(b'\x00\x00')
2016-07-21 10:05:14,022 root DEBUG btp.py                    1223  gatt_command_rsp_succ     : received header(svc_id=2, op=3, ctrl_index=0, data_len=2) ('\x00\x00',)
2016-07-21 10:05:14,023 root DEBUG testcase.py               201   start                     : Starting test function: ptsprojects.testcase.TestFunc <function gatts_start_server at 0x7fdb71187848> None None () {}
2016-07-21 10:05:14,023 root DEBUG testcase.py               209   start                     : Test function parameters: args=(), kwds={}
2016-07-21 10:05:14,023 root DEBUG btp.py                    701   gatts_start_server        : gatts_start_server
2016-07-21 10:05:14,023 root DEBUG iutctl.py                 98    send                      : send, 2 7 0 ''
2016-07-21 10:05:14,023 root DEBUG iutctl.py                 108   send                      : btpclient command: send 2 7 0 
2016-07-21 10:05:14,023 root DEBUG btpparser.py              59    enc_frame                 : enc_frame, 2 7 0 ''
2016-07-21 10:05:14,023 root DEBUG iutctl.py                 112   send                      : sending frame '\x02\x07\x00\x00\x00'
2016-07-21 10:05:14,023 root DEBUG btp.py                    1218  gatt_command_rsp_succ     : gatt_command_rsp_succ
2016-07-21 10:05:14,023 root DEBUG iutctl.py                 64    read                      : read
2016-07-21 10:05:14,025 root DEBUG btpparser.py              39    dec_hdr                   : dec_hdr, bytearray(b'\x02\x07\x00\x03\x00')
2016-07-21 10:05:14,026 root DEBUG iutctl.py                 78    read                      : Received: hdr: header(svc_id=2, op=7, ctrl_index=0, data_len=3) bytearray(b'\x02\x07\x00\x03\x00')
2016-07-21 10:05:14,026 root DEBUG btpparser.py              49    dec_data                  : dec_data, bytearray(b'\x00\x00\x06')
2016-07-21 10:05:14,026 root DEBUG iutctl.py                 91    read                      : Received data: ('\x00\x00\x06',), bytearray(b'\x00\x00\x06')
2016-07-21 10:05:14,026 root DEBUG btp.py                    1223  gatt_command_rsp_succ     : received header(svc_id=2, op=7, ctrl_index=0, data_len=3) ('\x00\x00\x06',)
2016-07-21 10:05:32,259 root DEBUG testcase.py               518   post_run                  : post_run GATT TC_GAI_SR_BV_01_C PTSCONTROL_E_TESTCASE_NOT_ACTIVE
2016-07-21 10:05:32,259 root DEBUG testcase.py               201   start                     : Starting test function: ptsprojects.testcase.TestFuncCleanUp <bound method ZephyrCtl.stop of <ptsprojects.zephyr.iutctl.ZephyrCtl instance at 0x7fdb71194fc8>> None None () {}
2016-07-21 10:05:32,260 root DEBUG testcase.py               209   start                     : Test function parameters: args=(), kwds={}
2016-07-21 10:05:32,260 root DEBUG iutctl.py                 207   stop                      : ptsprojects.zephyr.iutctl.ZephyrCtl.stop
2016-07-21 10:05:35,263 root DEBUG autoptsclient_common.py   395   run_test_case             : Done TestCase wrapper GATT TC_GAI_SR_BV_01_C
