2016-07-21 10:09:01,039 root DEBUG autoptsclient_common.py   349   run_test_case             : Starting TestCase wrapper GATT TC_GPA_SR_BV_12_C
2016-07-21 10:09:01,039 root DEBUG testcase.py               499   pre_run                   : pre_run GATT TC_GPA_SR_BV_12_C
2016-07-21 10:09:01,039 root DEBUG testcase.py               502   pre_run                   : About to run test case GATT TC_GPA_SR_BV_12_C with commands:
2016-07-21 10:09:01,039 root DEBUG testcase.py               504   pre_run                   : 0) ptsprojects.testcase.TestFunc <bound method ZephyrCtl.start of <ptsprojects.zephyr.iutctl.ZephyrCtl instance at 0x7fdb71194fc8>> None None () {}
2016-07-21 10:09:01,040 root DEBUG testcase.py               504   pre_run                   : 1) ptsprojects.testcase.TestFunc <function core_reg_svc_gap at 0x7fdb7116fa28> None None () {}
2016-07-21 10:09:01,040 root DEBUG testcase.py               504   pre_run                   : 2) ptsprojects.testcase.TestFunc <function core_reg_svc_gatts at 0x7fdb7116faa0> None None () {}
2016-07-21 10:09:01,040 root DEBUG testcase.py               504   pre_run                   : 3) ptsprojects.testcase.TestFunc <function gatts_add_svc at 0x7fdb711875f0> None None (0, 'AA50') {}
2016-07-21 10:09:01,040 root DEBUG testcase.py               504   pre_run                   : 4) ptsprojects.testcase.TestFunc <function gatts_add_char at 0x7fdb711876e0> None None (0, 2, 1, 'AA51') {}
2016-07-21 10:09:01,040 root DEBUG testcase.py               504   pre_run                   : 5) ptsprojects.testcase.TestFunc <function gatts_set_val at 0x7fdb71187758> None None (0, '1234') {}
2016-07-21 10:09:01,040 root DEBUG testcase.py               504   pre_run                   : 6) ptsprojects.testcase.TestFunc <function gatts_add_desc at 0x7fdb711877d0> None None (0, 1, '2904') {}
2016-07-21 10:09:01,040 root DEBUG testcase.py               504   pre_run                   : 7) ptsprojects.testcase.TestFunc <function gatts_set_val at 0x7fdb71187758> None None (0, '0600A327010100') {}
2016-07-21 10:09:01,040 root DEBUG testcase.py               504   pre_run                   : 8) ptsprojects.testcase.TestFunc <function gatts_start_server at 0x7fdb71187848> None None () {}
2016-07-21 10:09:01,040 root DEBUG testcase.py               504   pre_run                   : 9) ptsprojects.testcase.TestFunc <function gap_adv_ind_on at 0x7fdb7116fb90> 1 None () {}
2016-07-21 10:09:01,040 root DEBUG testcase.py               504   pre_run                   : 10) ptsprojects.testcase.TestFuncCleanUp <bound method ZephyrCtl.stop of <ptsprojects.zephyr.iutctl.ZephyrCtl instance at 0x7fdb71194fc8>> None None () {}
2016-07-21 10:09:01,041 root DEBUG testcase.py               201   start                     : Starting test function: ptsprojects.testcase.TestFunc <bound method ZephyrCtl.start of <ptsprojects.zephyr.iutctl.ZephyrCtl instance at 0x7fdb71194fc8>> None None () {}
2016-07-21 10:09:01,041 root DEBUG testcase.py               209   start                     : Test function parameters: args=(), kwds={}
2016-07-21 10:09:01,041 root DEBUG iutctl.py                 173   start                     : ptsprojects.zephyr.iutctl.ZephyrCtl.start
2016-07-21 10:09:01,041 root DEBUG iutctl.py                 160   reset_board               : About to reset DUT: "/home/skamrmar/bin/zflash/openocd/bin/openocd -s /home/skamrmar/bin/zflash/openocd/share/scripts -f /home/skamrmar/bin/zflash/boards/mountatlas/openocd.cfg -c 'init' -c 'reset run' -c 'shutdown'"
2016-07-21 10:09:03,052 root DEBUG iutctl.py                 184   start                     : Starting socat process: socat -x -v /dev/ttyUSB1,raw,b115200 UNIX-CONNECT:/tmp/bt-stack-tester
2016-07-21 10:09:03,054 root DEBUG iutctl.py                 56    accept                    : accept
2016-07-21 10:09:03,057 root DEBUG testcase.py               201   start                     : Starting test function: ptsprojects.testcase.TestFunc <function core_reg_svc_gap at 0x7fdb7116fa28> None None () {}
2016-07-21 10:09:03,057 root DEBUG testcase.py               209   start                     : Test function parameters: args=(), kwds={}
2016-07-21 10:09:03,058 root DEBUG btp.py                    226   core_reg_svc_gap          : core_reg_svc_gap
2016-07-21 10:09:03,058 root DEBUG iutctl.py                 98    send                      : send, 0 3 255 1
2016-07-21 10:09:03,058 root DEBUG iutctl.py                 108   send                      : btpclient command: send 0 3 255 01
2016-07-21 10:09:03,058 root DEBUG btpparser.py              59    enc_frame                 : enc_frame, 0 3 255 '\x01'
2016-07-21 10:09:03,058 root DEBUG iutctl.py                 112   send                      : sending frame '\x00\x03\xff\x01\x00\x01'
2016-07-21 10:09:04,609 root DEBUG btp.py                    246   core_reg_svc_rsp_succ     : core_reg_svc_rsp_succ
2016-07-21 10:09:04,609 root DEBUG iutctl.py                 64    read                      : read
2016-07-21 10:09:05,115 root DEBUG btpparser.py              39    dec_hdr                   : dec_hdr, bytearray(b'\x00\x03\xff\x00\x00')
2016-07-21 10:09:05,116 root DEBUG iutctl.py                 78    read                      : Received: hdr: header(svc_id=0, op=3, ctrl_index=255, data_len=0) bytearray(b'\x00\x03\xff\x00\x00')
2016-07-21 10:09:05,116 root DEBUG btpparser.py              49    dec_data                  : dec_data, bytearray(b'')
2016-07-21 10:09:05,116 root DEBUG iutctl.py                 91    read                      : Received data: ('',), bytearray(b'')
2016-07-21 10:09:05,117 root DEBUG btp.py                    257   core_reg_svc_rsp_succ     : received header(svc_id=0, op=3, ctrl_index=255, data_len=0) ('',)
2016-07-21 10:09:05,117 root DEBUG btp.py                    258   core_reg_svc_rsp_succ     : expected ((0, 3, 255, 0), ('',))
2016-07-21 10:09:05,117 root DEBUG btp.py                    264   core_reg_svc_rsp_succ     : response is valid
2016-07-21 10:09:05,117 root DEBUG testcase.py               201   start                     : Starting test function: ptsprojects.testcase.TestFunc <function core_reg_svc_gatts at 0x7fdb7116faa0> None None () {}
2016-07-21 10:09:05,117 root DEBUG testcase.py               209   start                     : Test function parameters: args=(), kwds={}
2016-07-21 10:09:05,117 root DEBUG btp.py                    237   core_reg_svc_gatts        : core_reg_svc_gatts
2016-07-21 10:09:05,118 root DEBUG iutctl.py                 98    send                      : send, 0 3 255 2
2016-07-21 10:09:05,118 root DEBUG iutctl.py                 108   send                      : btpclient command: send 0 3 255 02
2016-07-21 10:09:05,118 root DEBUG btpparser.py              59    enc_frame                 : enc_frame, 0 3 255 '\x02'
2016-07-21 10:09:05,118 root DEBUG iutctl.py                 112   send                      : sending frame '\x00\x03\xff\x01\x00\x02'
2016-07-21 10:09:05,118 root DEBUG btp.py                    246   core_reg_svc_rsp_succ     : core_reg_svc_rsp_succ
2016-07-21 10:09:05,118 root DEBUG iutctl.py                 64    read                      : read
2016-07-21 10:09:05,120 root DEBUG btpparser.py              39    dec_hdr                   : dec_hdr, bytearray(b'\x00\x03\xff\x00\x00')
2016-07-21 10:09:05,122 root DEBUG iutctl.py                 78    read                      : Received: hdr: header(svc_id=0, op=3, ctrl_index=255, data_len=0) bytearray(b'\x00\x03\xff\x00\x00')
2016-07-21 10:09:05,122 root DEBUG btpparser.py              49    dec_data                  : dec_data, bytearray(b'')
2016-07-21 10:09:05,122 root DEBUG iutctl.py                 91    read                      : Received data: ('',), bytearray(b'')
2016-07-21 10:09:05,122 root DEBUG btp.py                    257   core_reg_svc_rsp_succ     : received header(svc_id=0, op=3, ctrl_index=255, data_len=0) ('',)
2016-07-21 10:09:05,122 root DEBUG btp.py                    258   core_reg_svc_rsp_succ     : expected ((0, 3, 255, 0), ('',))
2016-07-21 10:09:05,122 root DEBUG btp.py                    264   core_reg_svc_rsp_succ     : response is valid
2016-07-21 10:09:05,122 root DEBUG testcase.py               201   start                     : Starting test function: ptsprojects.testcase.TestFunc <function gatts_add_svc at 0x7fdb711875f0> None None (0, 'AA50') {}
2016-07-21 10:09:05,123 root DEBUG testcase.py               209   start                     : Test function parameters: args=(0, 'AA50'), kwds={}
2016-07-21 10:09:05,123 root DEBUG btp.py                    599   gatts_add_svc             : gatts_add_svc 0 'AA50'
2016-07-21 10:09:05,123 root DEBUG iutctl.py                 98    send                      : send, 2 2 0 bytearray(b'\x00\x02P\xaa')
2016-07-21 10:09:05,123 root DEBUG iutctl.py                 108   send                      : btpclient command: send 2 2 0 000250aa
2016-07-21 10:09:05,123 root DEBUG btpparser.py              59    enc_frame                 : enc_frame, 2 2 0 bytearray(b'\x00\x02P\xaa')
2016-07-21 10:09:05,123 root DEBUG iutctl.py                 112   send                      : sending frame '\x02\x02\x00\x04\x00\x00\x02P\xaa'
2016-07-21 10:09:05,124 root DEBUG btp.py                    1218  gatt_command_rsp_succ     : gatt_command_rsp_succ
2016-07-21 10:09:05,124 root DEBUG iutctl.py                 64    read                      : read
2016-07-21 10:09:05,126 root DEBUG btpparser.py              39    dec_hdr                   : dec_hdr, bytearray(b'\x02\x02\x00\x02\x00')
2016-07-21 10:09:05,127 root DEBUG iutctl.py                 78    read                      : Received: hdr: header(svc_id=2, op=2, ctrl_index=0, data_len=2) bytearray(b'\x02\x02\x00\x02\x00')
2016-07-21 10:09:05,127 root DEBUG btpparser.py              49    dec_data                  : dec_data, bytearray(b'\x00\x00')
2016-07-21 10:09:05,127 root DEBUG iutctl.py                 91    read                      : Received data: ('\x00\x00',), bytearray(b'\x00\x00')
2016-07-21 10:09:05,128 root DEBUG btp.py                    1223  gatt_command_rsp_succ     : received header(svc_id=2, op=2, ctrl_index=0, data_len=2) ('\x00\x00',)
2016-07-21 10:09:05,128 root DEBUG testcase.py               201   start                     : Starting test function: ptsprojects.testcase.TestFunc <function gatts_add_char at 0x7fdb711876e0> None None (0, 2, 1, 'AA51') {}
2016-07-21 10:09:05,128 root DEBUG testcase.py               209   start                     : Test function parameters: args=(0, 2, 1, 'AA51'), kwds={}
2016-07-21 10:09:05,128 root DEBUG btp.py                    634   gatts_add_char            : gatts_add_char 0 2 1 'AA51'
2016-07-21 10:09:05,128 root DEBUG iutctl.py                 98    send                      : send, 2 3 0 bytearray(b'\x00\x00\x02\x01\x02Q\xaa')
2016-07-21 10:09:05,128 root DEBUG iutctl.py                 108   send                      : btpclient command: send 2 3 0 000002010251aa
2016-07-21 10:09:05,128 root DEBUG btpparser.py              59    enc_frame                 : enc_frame, 2 3 0 bytearray(b'\x00\x00\x02\x01\x02Q\xaa')
2016-07-21 10:09:05,129 root DEBUG iutctl.py                 112   send                      : sending frame '\x02\x03\x00\x07\x00\x00\x00\x02\x01\x02Q\xaa'
2016-07-21 10:09:05,129 root DEBUG btp.py                    1218  gatt_command_rsp_succ     : gatt_command_rsp_succ
2016-07-21 10:09:05,129 root DEBUG iutctl.py                 64    read                      : read
2016-07-21 10:09:05,131 root DEBUG btpparser.py              39    dec_hdr                   : dec_hdr, bytearray(b'\x02\x03\x00\x02\x00')
2016-07-21 10:09:05,132 root DEBUG iutctl.py                 78    read                      : Received: hdr: header(svc_id=2, op=3, ctrl_index=0, data_len=2) bytearray(b'\x02\x03\x00\x02\x00')
2016-07-21 10:09:05,132 root DEBUG btpparser.py              49    dec_data                  : dec_data, bytearray(b'\x00\x00')
2016-07-21 10:09:05,133 root DEBUG iutctl.py                 91    read                      : Received data: ('\x00\x00',), bytearray(b'\x00\x00')
2016-07-21 10:09:05,133 root DEBUG btp.py                    1223  gatt_command_rsp_succ     : received header(svc_id=2, op=3, ctrl_index=0, data_len=2) ('\x00\x00',)
2016-07-21 10:09:05,133 root DEBUG testcase.py               201   start                     : Starting test function: ptsprojects.testcase.TestFunc <function gatts_set_val at 0x7fdb71187758> None None (0, '1234') {}
2016-07-21 10:09:05,133 root DEBUG testcase.py               209   start                     : Test function parameters: args=(0, '1234'), kwds={}
2016-07-21 10:09:05,133 root DEBUG btp.py                    657   gatts_set_val             : gatts_set_val 0 '1234' 
2016-07-21 10:09:05,133 root DEBUG iutctl.py                 98    send                      : send, 2 6 0 bytearray(b'\x00\x00\x02\x00\x124')
2016-07-21 10:09:05,133 root DEBUG iutctl.py                 108   send                      : btpclient command: send 2 6 0 000002001234
2016-07-21 10:09:05,133 root DEBUG btpparser.py              59    enc_frame                 : enc_frame, 2 6 0 bytearray(b'\x00\x00\x02\x00\x124')
2016-07-21 10:09:05,133 root DEBUG iutctl.py                 112   send                      : sending frame '\x02\x06\x00\x06\x00\x00\x00\x02\x00\x124'
2016-07-21 10:09:05,134 root DEBUG btp.py                    1218  gatt_command_rsp_succ     : gatt_command_rsp_succ
2016-07-21 10:09:05,134 root DEBUG iutctl.py                 64    read                      : read
2016-07-21 10:09:05,137 root DEBUG btpparser.py              39    dec_hdr                   : dec_hdr, bytearray(b'\x02\x06\x00\x00\x00')
2016-07-21 10:09:05,138 root DEBUG iutctl.py                 78    read                      : Received: hdr: header(svc_id=2, op=6, ctrl_index=0, data_len=0) bytearray(b'\x02\x06\x00\x00\x00')
2016-07-21 10:09:05,138 root DEBUG btpparser.py              49    dec_data                  : dec_data, bytearray(b'')
2016-07-21 10:09:05,138 root DEBUG iutctl.py                 91    read                      : Received data: ('',), bytearray(b'')
2016-07-21 10:09:05,138 root DEBUG btp.py                    1223  gatt_command_rsp_succ     : received header(svc_id=2, op=6, ctrl_index=0, data_len=0) ('',)
2016-07-21 10:09:05,138 root DEBUG testcase.py               201   start                     : Starting test function: ptsprojects.testcase.TestFunc <function gatts_add_desc at 0x7fdb711877d0> None None (0, 1, '2904') {}
2016-07-21 10:09:05,138 root DEBUG testcase.py               209   start                     : Test function parameters: args=(0, 1, '2904'), kwds={}
2016-07-21 10:09:05,138 root DEBUG btp.py                    679   gatts_add_desc            : gatts_add_desc 0 1 '2904'
2016-07-21 10:09:05,139 root DEBUG iutctl.py                 98    send                      : send, 2 4 0 bytearray(b'\x00\x00\x01\x02\x04)')
2016-07-21 10:09:05,139 root DEBUG iutctl.py                 108   send                      : btpclient command: send 2 4 0 000001020429
2016-07-21 10:09:05,139 root DEBUG btpparser.py              59    enc_frame                 : enc_frame, 2 4 0 bytearray(b'\x00\x00\x01\x02\x04)')
2016-07-21 10:09:05,139 root DEBUG iutctl.py                 112   send                      : sending frame '\x02\x04\x00\x06\x00\x00\x00\x01\x02\x04)'
2016-07-21 10:09:05,139 root DEBUG btp.py                    1218  gatt_command_rsp_succ     : gatt_command_rsp_succ
2016-07-21 10:09:05,139 root DEBUG iutctl.py                 64    read                      : read
2016-07-21 10:09:05,141 root DEBUG btpparser.py              39    dec_hdr                   : dec_hdr, bytearray(b'\x02\x04\x00\x02\x00')
2016-07-21 10:09:05,142 root DEBUG iutctl.py                 78    read                      : Received: hdr: header(svc_id=2, op=4, ctrl_index=0, data_len=2) bytearray(b'\x02\x04\x00\x02\x00')
2016-07-21 10:09:05,142 root DEBUG btpparser.py              49    dec_data                  : dec_data, bytearray(b'\x00\x00')
2016-07-21 10:09:05,143 root DEBUG iutctl.py                 91    read                      : Received data: ('\x00\x00',), bytearray(b'\x00\x00')
2016-07-21 10:09:05,143 root DEBUG btp.py                    1223  gatt_command_rsp_succ     : received header(svc_id=2, op=4, ctrl_index=0, data_len=2) ('\x00\x00',)
2016-07-21 10:09:05,143 root DEBUG testcase.py               201   start                     : Starting test function: ptsprojects.testcase.TestFunc <function gatts_set_val at 0x7fdb71187758> None None (0, '0600A327010100') {}
2016-07-21 10:09:05,143 root DEBUG testcase.py               209   start                     : Test function parameters: args=(0, '0600A327010100'), kwds={}
2016-07-21 10:09:05,143 root DEBUG btp.py                    657   gatts_set_val             : gatts_set_val 0 '0600A327010100' 
2016-07-21 10:09:05,143 root DEBUG iutctl.py                 98    send                      : send, 2 6 0 bytearray(b"\x00\x00\x07\x00\x06\x00\xa3\'\x01\x01\x00")
2016-07-21 10:09:05,143 root DEBUG iutctl.py                 108   send                      : btpclient command: send 2 6 0 000007000600a327010100
2016-07-21 10:09:05,143 root DEBUG btpparser.py              59    enc_frame                 : enc_frame, 2 6 0 bytearray(b"\x00\x00\x07\x00\x06\x00\xa3\'\x01\x01\x00")
2016-07-21 10:09:05,143 root DEBUG iutctl.py                 112   send                      : sending frame "\x02\x06\x00\x0b\x00\x00\x00\x07\x00\x06\x00\xa3'\x01\x01\x00"
2016-07-21 10:09:05,144 root DEBUG btp.py                    1218  gatt_command_rsp_succ     : gatt_command_rsp_succ
2016-07-21 10:09:05,144 root DEBUG iutctl.py                 64    read                      : read
2016-07-21 10:09:05,146 root DEBUG btpparser.py              39    dec_hdr                   : dec_hdr, bytearray(b'\x02\x06\x00\x00\x00')
2016-07-21 10:09:05,147 root DEBUG iutctl.py                 78    read                      : Received: hdr: header(svc_id=2, op=6, ctrl_index=0, data_len=0) bytearray(b'\x02\x06\x00\x00\x00')
2016-07-21 10:09:05,147 root DEBUG btpparser.py              49    dec_data                  : dec_data, bytearray(b'')
2016-07-21 10:09:05,147 root DEBUG iutctl.py                 91    read                      : Received data: ('',), bytearray(b'')
2016-07-21 10:09:05,147 root DEBUG btp.py                    1223  gatt_command_rsp_succ     : received header(svc_id=2, op=6, ctrl_index=0, data_len=0) ('',)
2016-07-21 10:09:05,148 root DEBUG testcase.py               201   start                     : Starting test function: ptsprojects.testcase.TestFunc <function gatts_start_server at 0x7fdb71187848> None None () {}
2016-07-21 10:09:05,148 root DEBUG testcase.py               209   start                     : Test function parameters: args=(), kwds={}
2016-07-21 10:09:05,148 root DEBUG btp.py                    701   gatts_start_server        : gatts_start_server
2016-07-21 10:09:05,148 root DEBUG iutctl.py                 98    send                      : send, 2 7 0 ''
2016-07-21 10:09:05,148 root DEBUG iutctl.py                 108   send                      : btpclient command: send 2 7 0 
2016-07-21 10:09:05,148 root DEBUG btpparser.py              59    enc_frame                 : enc_frame, 2 7 0 ''
2016-07-21 10:09:05,148 root DEBUG iutctl.py                 112   send                      : sending frame '\x02\x07\x00\x00\x00'
2016-07-21 10:09:05,148 root DEBUG btp.py                    1218  gatt_command_rsp_succ     : gatt_command_rsp_succ
2016-07-21 10:09:05,149 root DEBUG iutctl.py                 64    read                      : read
2016-07-21 10:09:05,150 root DEBUG btpparser.py              39    dec_hdr                   : dec_hdr, bytearray(b'\x02\x07\x00\x03\x00')
2016-07-21 10:09:05,151 root DEBUG iutctl.py                 78    read                      : Received: hdr: header(svc_id=2, op=7, ctrl_index=0, data_len=3) bytearray(b'\x02\x07\x00\x03\x00')
2016-07-21 10:09:05,151 root DEBUG btpparser.py              49    dec_data                  : dec_data, bytearray(b'\x00\x00\x04')
2016-07-21 10:09:05,151 root DEBUG iutctl.py                 91    read                      : Received data: ('\x00\x00\x04',), bytearray(b'\x00\x00\x04')
2016-07-21 10:09:05,151 root DEBUG btp.py                    1223  gatt_command_rsp_succ     : received header(svc_id=2, op=7, ctrl_index=0, data_len=3) ('\x00\x00\x04',)
2016-07-21 10:09:14,013 ClientCallback.on_implicit_send INFO autoptsclient_common.py   116   on_implicit_send          : ********************
2016-07-21 10:09:14,013 ClientCallback.on_implicit_send INFO autoptsclient_common.py   117   on_implicit_send          : BEGIN OnImplicitSend:
2016-07-21 10:09:14,013 ClientCallback.on_implicit_send INFO autoptsclient_common.py   118   on_implicit_send          : project_name: GATT
2016-07-21 10:09:14,013 ClientCallback.on_implicit_send INFO autoptsclient_common.py   119   on_implicit_send          : wid: 1
2016-07-21 10:09:14,014 ClientCallback.on_implicit_send INFO autoptsclient_common.py   120   on_implicit_send          : test_case_name: TC_GPA_SR_BV_12_C
2016-07-21 10:09:14,014 ClientCallback.on_implicit_send INFO autoptsclient_common.py   121   on_implicit_send          : description: Please prepare IUT into a connectable mode.

Description: Verify that the Implementation Under Test (IUT) can accept GATT connect request from PTS.
2016-07-21 10:09:14,014 ClientCallback.on_implicit_send INFO autoptsclient_common.py   122   on_implicit_send          : style: MMI_Style_Ok_Cancel2 0x11141
2016-07-21 10:09:14,014 ClientCallback.on_implicit_send INFO autoptsclient_common.py   124   on_implicit_send          : response: 1687736 <type 'int'> 37964928
2016-07-21 10:09:14,014 ClientCallback.on_implicit_send INFO autoptsclient_common.py   125   on_implicit_send          : response_size: 2048
2016-07-21 10:09:14,014 ClientCallback.on_implicit_send INFO autoptsclient_common.py   127   on_implicit_send          : response_is_present: 0 <type 'int'>
2016-07-21 10:09:14,014 ClientCallback.on_implicit_send INFO autoptsclient_common.py   131   on_implicit_send          : Calling test cases on_implicit_send
2016-07-21 10:09:14,014 root DEBUG testcase.py               467   on_implicit_send          : GATT TC_GPA_SR_BV_12_C on_implicit_send
2016-07-21 10:09:14,015 root DEBUG testcase.py               201   start                     : Starting test function: ptsprojects.testcase.TestFunc <function gap_adv_ind_on at 0x7fdb7116fb90> 1 None () {}
2016-07-21 10:09:14,015 root DEBUG testcase.py               209   start                     : Test function parameters: args=(), kwds={}
2016-07-21 10:09:14,015 root DEBUG btp.py                    268   gap_adv_ind_on            : gap_adv_ind_on None None
2016-07-21 10:09:14,015 root DEBUG iutctl.py                 98    send                      : send, 1 10 0 bytearray(b'\x00\x00')
2016-07-21 10:09:14,015 root DEBUG iutctl.py                 108   send                      : btpclient command: send 1 10 0 0000
2016-07-21 10:09:14,015 root DEBUG btpparser.py              59    enc_frame                 : enc_frame, 1 10 0 bytearray(b'\x00\x00')
2016-07-21 10:09:14,015 root DEBUG iutctl.py                 112   send                      : sending frame '\x01\n\x00\x02\x00\x00\x00'
2016-07-21 10:09:14,015 root DEBUG btp.py                    588   gap_command_rsp_succ      : gap_command_rsp_succ
2016-07-21 10:09:14,015 root DEBUG iutctl.py                 64    read                      : read
2016-07-21 10:09:14,023 root DEBUG btpparser.py              39    dec_hdr                   : dec_hdr, bytearray(b'\x01\n\x00\x04\x00')
2016-07-21 10:09:14,023 root DEBUG iutctl.py                 78    read                      : Received: hdr: header(svc_id=1, op=10, ctrl_index=0, data_len=4) bytearray(b'\x01\n\x00\x04\x00')
2016-07-21 10:09:14,023 root DEBUG btpparser.py              49    dec_data                  : dec_data, bytearray(b'\x13\x06\x00\x00')
2016-07-21 10:09:14,024 root DEBUG iutctl.py                 91    read                      : Received data: ('\x13\x06\x00\x00',), bytearray(b'\x13\x06\x00\x00')
2016-07-21 10:09:14,024 root DEBUG btp.py                    593   gap_command_rsp_succ      : received header(svc_id=1, op=10, ctrl_index=0, data_len=4) ('\x13\x06\x00\x00',)
2016-07-21 10:09:14,024 root DEBUG testcase.py               494   on_implicit_send          : Sending response 'OK'
2016-07-21 10:09:14,024 ClientCallback.on_implicit_send INFO autoptsclient_common.py   143   on_implicit_send          : test case returned on_implicit_send, response: OK
2016-07-21 10:09:14,024 ClientCallback.on_implicit_send INFO autoptsclient_common.py   151   on_implicit_send          : END OnImplicitSend:
2016-07-21 10:09:14,024 ClientCallback.on_implicit_send INFO autoptsclient_common.py   152   on_implicit_send          : ********************
2016-07-21 10:09:14,503 ClientCallback.on_implicit_send INFO autoptsclient_common.py   116   on_implicit_send          : ********************
2016-07-21 10:09:14,503 ClientCallback.on_implicit_send INFO autoptsclient_common.py   117   on_implicit_send          : BEGIN OnImplicitSend:
2016-07-21 10:09:14,503 ClientCallback.on_implicit_send INFO autoptsclient_common.py   118   on_implicit_send          : project_name: GATT
2016-07-21 10:09:14,503 ClientCallback.on_implicit_send INFO autoptsclient_common.py   119   on_implicit_send          : wid: 107
2016-07-21 10:09:14,503 ClientCallback.on_implicit_send INFO autoptsclient_common.py   120   on_implicit_send          : test_case_name: TC_GPA_SR_BV_12_C
2016-07-21 10:09:14,504 ClientCallback.on_implicit_send INFO autoptsclient_common.py   121   on_implicit_send          : description: Click OK if IUT is ready for PTS to discovery the characteristic.
2016-07-21 10:09:14,504 ClientCallback.on_implicit_send INFO autoptsclient_common.py   122   on_implicit_send          : style: MMI_Style_Ok 0x11040
2016-07-21 10:09:14,504 ClientCallback.on_implicit_send INFO autoptsclient_common.py   124   on_implicit_send          : response: 1687736 <type 'int'> 37964928
2016-07-21 10:09:14,504 ClientCallback.on_implicit_send INFO autoptsclient_common.py   125   on_implicit_send          : response_size: 2048
2016-07-21 10:09:14,504 ClientCallback.on_implicit_send INFO autoptsclient_common.py   127   on_implicit_send          : response_is_present: 0 <type 'int'>
2016-07-21 10:09:14,504 ClientCallback.on_implicit_send INFO autoptsclient_common.py   131   on_implicit_send          : Calling test cases on_implicit_send
2016-07-21 10:09:14,504 root DEBUG testcase.py               467   on_implicit_send          : GATT TC_GPA_SR_BV_12_C on_implicit_send
2016-07-21 10:09:14,504 root DEBUG testcase.py               494   on_implicit_send          : Sending response 'OK'
2016-07-21 10:09:14,505 ClientCallback.on_implicit_send INFO autoptsclient_common.py   143   on_implicit_send          : test case returned on_implicit_send, response: OK
2016-07-21 10:09:14,505 ClientCallback.on_implicit_send INFO autoptsclient_common.py   151   on_implicit_send          : END OnImplicitSend:
2016-07-21 10:09:14,505 ClientCallback.on_implicit_send INFO autoptsclient_common.py   152   on_implicit_send          : ********************
2016-07-21 10:09:16,847 ClientCallback.on_implicit_send INFO autoptsclient_common.py   116   on_implicit_send          : ********************
2016-07-21 10:09:16,848 ClientCallback.on_implicit_send INFO autoptsclient_common.py   117   on_implicit_send          : BEGIN OnImplicitSend:
2016-07-21 10:09:16,848 ClientCallback.on_implicit_send INFO autoptsclient_common.py   118   on_implicit_send          : project_name: GATT
2016-07-21 10:09:16,848 ClientCallback.on_implicit_send INFO autoptsclient_common.py   119   on_implicit_send          : wid: 104
2016-07-21 10:09:16,848 ClientCallback.on_implicit_send INFO autoptsclient_common.py   120   on_implicit_send          : test_case_name: TC_GPA_SR_BV_12_C
2016-07-21 10:09:16,848 ClientCallback.on_implicit_send INFO autoptsclient_common.py   121   on_implicit_send          : description: Please confirm Value = '1234'O 
Attribute Handle = '0004'O Format = '06'O,Exponent = 0,Uint = '27A3'O,Namespace = '01'O,Description = '0001'O
 is in IUT database. Click Yes if IUT value match, otherwise click No.

Description: Verify that the Implementation Under Test (IUT) can report a specified Generic Profile Attribute.
2016-07-21 10:09:16,849 ClientCallback.on_implicit_send INFO autoptsclient_common.py   122   on_implicit_send          : style: MMI_Style_Yes_No1 0x11044
2016-07-21 10:09:16,849 ClientCallback.on_implicit_send INFO autoptsclient_common.py   124   on_implicit_send          : response: 1687736 <type 'int'> 37964928
2016-07-21 10:09:16,849 ClientCallback.on_implicit_send INFO autoptsclient_common.py   125   on_implicit_send          : response_size: 2048
2016-07-21 10:09:16,849 ClientCallback.on_implicit_send INFO autoptsclient_common.py   127   on_implicit_send          : response_is_present: 0 <type 'int'>
2016-07-21 10:09:16,849 ClientCallback.on_implicit_send INFO autoptsclient_common.py   131   on_implicit_send          : Calling test cases on_implicit_send
2016-07-21 10:09:16,850 root DEBUG testcase.py               467   on_implicit_send          : GATT TC_GPA_SR_BV_12_C on_implicit_send
2016-07-21 10:09:16,850 root DEBUG testcase.py               364   handle_mmi_style_yes_no1  : handle_mmi_style_yes_no1, 104 "Please confirm Value = '1234'O \nAttribute Handle = '0004'O Format = '06'O,Exponent = 0,Uint = '27A3'O,Namespace = '01'O,Description = '0001'O\n is in IUT database. Click Yes if IUT value match, otherwise click No.\n\nDescription: Verify that the Implementation Under Test (IUT) can report a specified Generic Profile Attribute."
2016-07-21 10:09:16,850 root DEBUG testcase.py               366   handle_mmi_style_yes_no1  : no_wid=None verify_wids={104: ("Value = '1234'", "Attribute Handle = '0004'", "Format = '06'", 'Exponent = 0', "Uint = '27A3'", "Namespace = '01'", "Description = '0001'")}
2016-07-21 10:09:16,850 root DEBUG testcase.py               378   handle_mmi_style_yes_no1  : Starting verification of: {104: ("Value = '1234'", "Attribute Handle = '0004'", "Format = '06'", 'Exponent = 0', "Uint = '27A3'", "Namespace = '01'", "Description = '0001'")}
2016-07-21 10:09:16,850 root DEBUG testcase.py               386   handle_mmi_style_yes_no1  : Verifying: "Value = '1234'"
2016-07-21 10:09:16,850 root DEBUG testcase.py               386   handle_mmi_style_yes_no1  : Verifying: "Attribute Handle = '0004'"
2016-07-21 10:09:16,851 root DEBUG testcase.py               386   handle_mmi_style_yes_no1  : Verifying: "Format = '06'"
2016-07-21 10:09:16,851 root DEBUG testcase.py               386   handle_mmi_style_yes_no1  : Verifying: 'Exponent = 0'
2016-07-21 10:09:16,851 root DEBUG testcase.py               386   handle_mmi_style_yes_no1  : Verifying: "Uint = '27A3'"
2016-07-21 10:09:16,851 root DEBUG testcase.py               386   handle_mmi_style_yes_no1  : Verifying: "Namespace = '01'"
2016-07-21 10:09:16,851 root DEBUG testcase.py               386   handle_mmi_style_yes_no1  : Verifying: "Description = '0001'"
2016-07-21 10:09:16,851 root DEBUG testcase.py               408   handle_mmi_style_yes_no1  : All verifications passed
2016-07-21 10:09:16,851 root DEBUG testcase.py               494   on_implicit_send          : Sending response 'Yes'
2016-07-21 10:09:16,851 ClientCallback.on_implicit_send INFO autoptsclient_common.py   143   on_implicit_send          : test case returned on_implicit_send, response: Yes
2016-07-21 10:09:16,851 ClientCallback.on_implicit_send INFO autoptsclient_common.py   151   on_implicit_send          : END OnImplicitSend:
2016-07-21 10:09:16,852 ClientCallback.on_implicit_send INFO autoptsclient_common.py   152   on_implicit_send          : ********************
2016-07-21 10:09:16,862 ClientCallback.on_implicit_send INFO autoptsclient_common.py   116   on_implicit_send          : ********************
2016-07-21 10:09:16,863 ClientCallback.on_implicit_send INFO autoptsclient_common.py   117   on_implicit_send          : BEGIN OnImplicitSend:
2016-07-21 10:09:16,863 ClientCallback.on_implicit_send INFO autoptsclient_common.py   118   on_implicit_send          : project_name: GATT
2016-07-21 10:09:16,863 ClientCallback.on_implicit_send INFO autoptsclient_common.py   119   on_implicit_send          : wid: 107
2016-07-21 10:09:16,863 ClientCallback.on_implicit_send INFO autoptsclient_common.py   120   on_implicit_send          : test_case_name: TC_GPA_SR_BV_12_C
2016-07-21 10:09:16,863 ClientCallback.on_implicit_send INFO autoptsclient_common.py   121   on_implicit_send          : description: Click OK if IUT is ready for PTS to discovery the characteristic.
2016-07-21 10:09:16,863 ClientCallback.on_implicit_send INFO autoptsclient_common.py   122   on_implicit_send          : style: MMI_Style_Ok 0x11040
2016-07-21 10:09:16,863 ClientCallback.on_implicit_send INFO autoptsclient_common.py   124   on_implicit_send          : response: 1687736 <type 'int'> 37964928
2016-07-21 10:09:16,863 ClientCallback.on_implicit_send INFO autoptsclient_common.py   125   on_implicit_send          : response_size: 2048
2016-07-21 10:09:16,863 ClientCallback.on_implicit_send INFO autoptsclient_common.py   127   on_implicit_send          : response_is_present: 0 <type 'int'>
2016-07-21 10:09:16,863 ClientCallback.on_implicit_send INFO autoptsclient_common.py   131   on_implicit_send          : Calling test cases on_implicit_send
2016-07-21 10:09:16,864 root DEBUG testcase.py               467   on_implicit_send          : GATT TC_GPA_SR_BV_12_C on_implicit_send
2016-07-21 10:09:16,864 root DEBUG testcase.py               494   on_implicit_send          : Sending response 'OK'
2016-07-21 10:09:16,864 ClientCallback.on_implicit_send INFO autoptsclient_common.py   143   on_implicit_send          : test case returned on_implicit_send, response: OK
2016-07-21 10:09:16,864 ClientCallback.on_implicit_send INFO autoptsclient_common.py   151   on_implicit_send          : END OnImplicitSend:
2016-07-21 10:09:16,864 ClientCallback.on_implicit_send INFO autoptsclient_common.py   152   on_implicit_send          : ********************
2016-07-21 10:09:19,216 ClientCallback.on_implicit_send INFO autoptsclient_common.py   116   on_implicit_send          : ********************
2016-07-21 10:09:19,216 ClientCallback.on_implicit_send INFO autoptsclient_common.py   117   on_implicit_send          : BEGIN OnImplicitSend:
2016-07-21 10:09:19,216 ClientCallback.on_implicit_send INFO autoptsclient_common.py   118   on_implicit_send          : project_name: GATT
2016-07-21 10:09:19,216 ClientCallback.on_implicit_send INFO autoptsclient_common.py   119   on_implicit_send          : wid: 104
2016-07-21 10:09:19,216 ClientCallback.on_implicit_send INFO autoptsclient_common.py   120   on_implicit_send          : test_case_name: TC_GPA_SR_BV_12_C
2016-07-21 10:09:19,216 ClientCallback.on_implicit_send INFO autoptsclient_common.py   121   on_implicit_send          : description: Please confirm Value = '1234'O 
Attribute Handle = '0004'O Format = '06'O,Exponent = 0,Uint = '27A3'O,Namespace = '01'O,Description = '0001'O
 is in IUT database. Click Yes if IUT value match, otherwise click No.

Description: Verify that the Implementation Under Test (IUT) can report a specified Generic Profile Attribute.
2016-07-21 10:09:19,217 ClientCallback.on_implicit_send INFO autoptsclient_common.py   122   on_implicit_send          : style: MMI_Style_Yes_No1 0x11044
2016-07-21 10:09:19,217 ClientCallback.on_implicit_send INFO autoptsclient_common.py   124   on_implicit_send          : response: 1687736 <type 'int'> 37964928
2016-07-21 10:09:19,217 ClientCallback.on_implicit_send INFO autoptsclient_common.py   125   on_implicit_send          : response_size: 2048
2016-07-21 10:09:19,217 ClientCallback.on_implicit_send INFO autoptsclient_common.py   127   on_implicit_send          : response_is_present: 0 <type 'int'>
2016-07-21 10:09:19,217 ClientCallback.on_implicit_send INFO autoptsclient_common.py   131   on_implicit_send          : Calling test cases on_implicit_send
2016-07-21 10:09:19,217 root DEBUG testcase.py               467   on_implicit_send          : GATT TC_GPA_SR_BV_12_C on_implicit_send
2016-07-21 10:09:19,217 root DEBUG testcase.py               364   handle_mmi_style_yes_no1  : handle_mmi_style_yes_no1, 104 "Please confirm Value = '1234'O \nAttribute Handle = '0004'O Format = '06'O,Exponent = 0,Uint = '27A3'O,Namespace = '01'O,Description = '0001'O\n is in IUT database. Click Yes if IUT value match, otherwise click No.\n\nDescription: Verify that the Implementation Under Test (IUT) can report a specified Generic Profile Attribute."
2016-07-21 10:09:19,217 root DEBUG testcase.py               366   handle_mmi_style_yes_no1  : no_wid=None verify_wids={104: ("Value = '1234'", "Attribute Handle = '0004'", "Format = '06'", 'Exponent = 0', "Uint = '27A3'", "Namespace = '01'", "Description = '0001'")}
2016-07-21 10:09:19,217 root DEBUG testcase.py               378   handle_mmi_style_yes_no1  : Starting verification of: {104: ("Value = '1234'", "Attribute Handle = '0004'", "Format = '06'", 'Exponent = 0', "Uint = '27A3'", "Namespace = '01'", "Description = '0001'")}
2016-07-21 10:09:19,218 root DEBUG testcase.py               386   handle_mmi_style_yes_no1  : Verifying: "Value = '1234'"
2016-07-21 10:09:19,218 root DEBUG testcase.py               386   handle_mmi_style_yes_no1  : Verifying: "Attribute Handle = '0004'"
2016-07-21 10:09:19,218 root DEBUG testcase.py               386   handle_mmi_style_yes_no1  : Verifying: "Format = '06'"
2016-07-21 10:09:19,218 root DEBUG testcase.py               386   handle_mmi_style_yes_no1  : Verifying: 'Exponent = 0'
2016-07-21 10:09:19,218 root DEBUG testcase.py               386   handle_mmi_style_yes_no1  : Verifying: "Uint = '27A3'"
2016-07-21 10:09:19,218 root DEBUG testcase.py               386   handle_mmi_style_yes_no1  : Verifying: "Namespace = '01'"
2016-07-21 10:09:19,218 root DEBUG testcase.py               386   handle_mmi_style_yes_no1  : Verifying: "Description = '0001'"
2016-07-21 10:09:19,218 root DEBUG testcase.py               408   handle_mmi_style_yes_no1  : All verifications passed
2016-07-21 10:09:19,218 root DEBUG testcase.py               494   on_implicit_send          : Sending response 'Yes'
2016-07-21 10:09:19,219 ClientCallback.on_implicit_send INFO autoptsclient_common.py   143   on_implicit_send          : test case returned on_implicit_send, response: Yes
2016-07-21 10:09:19,219 ClientCallback.on_implicit_send INFO autoptsclient_common.py   151   on_implicit_send          : END OnImplicitSend:
2016-07-21 10:09:19,219 ClientCallback.on_implicit_send INFO autoptsclient_common.py   152   on_implicit_send          : ********************
2016-07-21 10:09:19,230 ClientCallback.on_implicit_send INFO autoptsclient_common.py   116   on_implicit_send          : ********************
2016-07-21 10:09:19,230 ClientCallback.on_implicit_send INFO autoptsclient_common.py   117   on_implicit_send          : BEGIN OnImplicitSend:
2016-07-21 10:09:19,230 ClientCallback.on_implicit_send INFO autoptsclient_common.py   118   on_implicit_send          : project_name: GATT
2016-07-21 10:09:19,230 ClientCallback.on_implicit_send INFO autoptsclient_common.py   119   on_implicit_send          : wid: 107
2016-07-21 10:09:19,230 ClientCallback.on_implicit_send INFO autoptsclient_common.py   120   on_implicit_send          : test_case_name: TC_GPA_SR_BV_12_C
2016-07-21 10:09:19,230 ClientCallback.on_implicit_send INFO autoptsclient_common.py   121   on_implicit_send          : description: Click OK if IUT is ready for PTS to discovery the characteristic.
2016-07-21 10:09:19,231 ClientCallback.on_implicit_send INFO autoptsclient_common.py   122   on_implicit_send          : style: MMI_Style_Ok 0x11040
2016-07-21 10:09:19,231 ClientCallback.on_implicit_send INFO autoptsclient_common.py   124   on_implicit_send          : response: 1687736 <type 'int'> 37964928
2016-07-21 10:09:19,231 ClientCallback.on_implicit_send INFO autoptsclient_common.py   125   on_implicit_send          : response_size: 2048
2016-07-21 10:09:19,231 ClientCallback.on_implicit_send INFO autoptsclient_common.py   127   on_implicit_send          : response_is_present: 0 <type 'int'>
2016-07-21 10:09:19,231 ClientCallback.on_implicit_send INFO autoptsclient_common.py   131   on_implicit_send          : Calling test cases on_implicit_send
2016-07-21 10:09:19,231 root DEBUG testcase.py               467   on_implicit_send          : GATT TC_GPA_SR_BV_12_C on_implicit_send
2016-07-21 10:09:19,231 root DEBUG testcase.py               494   on_implicit_send          : Sending response 'OK'
2016-07-21 10:09:19,231 ClientCallback.on_implicit_send INFO autoptsclient_common.py   143   on_implicit_send          : test case returned on_implicit_send, response: OK
2016-07-21 10:09:19,232 ClientCallback.on_implicit_send INFO autoptsclient_common.py   151   on_implicit_send          : END OnImplicitSend:
2016-07-21 10:09:19,232 ClientCallback.on_implicit_send INFO autoptsclient_common.py   152   on_implicit_send          : ********************
2016-07-21 10:09:21,360 ClientCallback.on_implicit_send INFO autoptsclient_common.py   116   on_implicit_send          : ********************
2016-07-21 10:09:21,360 ClientCallback.on_implicit_send INFO autoptsclient_common.py   117   on_implicit_send          : BEGIN OnImplicitSend:
2016-07-21 10:09:21,360 ClientCallback.on_implicit_send INFO autoptsclient_common.py   118   on_implicit_send          : project_name: GATT
2016-07-21 10:09:21,360 ClientCallback.on_implicit_send INFO autoptsclient_common.py   119   on_implicit_send          : wid: 104
2016-07-21 10:09:21,360 ClientCallback.on_implicit_send INFO autoptsclient_common.py   120   on_implicit_send          : test_case_name: TC_GPA_SR_BV_12_C
2016-07-21 10:09:21,361 ClientCallback.on_implicit_send INFO autoptsclient_common.py   121   on_implicit_send          : description: Please confirm Value = '1234'O 
Attribute Handle = '0004'O Format = '06'O,Exponent = 0,Uint = '27A3'O,Namespace = '01'O,Description = '0001'O
 is in IUT database. Click Yes if IUT value match, otherwise click No.

Description: Verify that the Implementation Under Test (IUT) can report a specified Generic Profile Attribute.
2016-07-21 10:09:21,361 ClientCallback.on_implicit_send INFO autoptsclient_common.py   122   on_implicit_send          : style: MMI_Style_Yes_No1 0x11044
2016-07-21 10:09:21,361 ClientCallback.on_implicit_send INFO autoptsclient_common.py   124   on_implicit_send          : response: 1687736 <type 'int'> 37964928
2016-07-21 10:09:21,361 ClientCallback.on_implicit_send INFO autoptsclient_common.py   125   on_implicit_send          : response_size: 2048
2016-07-21 10:09:21,361 ClientCallback.on_implicit_send INFO autoptsclient_common.py   127   on_implicit_send          : response_is_present: 0 <type 'int'>
2016-07-21 10:09:21,361 ClientCallback.on_implicit_send INFO autoptsclient_common.py   131   on_implicit_send          : Calling test cases on_implicit_send
2016-07-21 10:09:21,361 root DEBUG testcase.py               467   on_implicit_send          : GATT TC_GPA_SR_BV_12_C on_implicit_send
2016-07-21 10:09:21,361 root DEBUG testcase.py               364   handle_mmi_style_yes_no1  : handle_mmi_style_yes_no1, 104 "Please confirm Value = '1234'O \nAttribute Handle = '0004'O Format = '06'O,Exponent = 0,Uint = '27A3'O,Namespace = '01'O,Description = '0001'O\n is in IUT database. Click Yes if IUT value match, otherwise click No.\n\nDescription: Verify that the Implementation Under Test (IUT) can report a specified Generic Profile Attribute."
2016-07-21 10:09:21,362 root DEBUG testcase.py               366   handle_mmi_style_yes_no1  : no_wid=None verify_wids={104: ("Value = '1234'", "Attribute Handle = '0004'", "Format = '06'", 'Exponent = 0', "Uint = '27A3'", "Namespace = '01'", "Description = '0001'")}
2016-07-21 10:09:21,362 root DEBUG testcase.py               378   handle_mmi_style_yes_no1  : Starting verification of: {104: ("Value = '1234'", "Attribute Handle = '0004'", "Format = '06'", 'Exponent = 0', "Uint = '27A3'", "Namespace = '01'", "Description = '0001'")}
2016-07-21 10:09:21,362 root DEBUG testcase.py               386   handle_mmi_style_yes_no1  : Verifying: "Value = '1234'"
2016-07-21 10:09:21,362 root DEBUG testcase.py               386   handle_mmi_style_yes_no1  : Verifying: "Attribute Handle = '0004'"
2016-07-21 10:09:21,362 root DEBUG testcase.py               386   handle_mmi_style_yes_no1  : Verifying: "Format = '06'"
2016-07-21 10:09:21,362 root DEBUG testcase.py               386   handle_mmi_style_yes_no1  : Verifying: 'Exponent = 0'
2016-07-21 10:09:21,362 root DEBUG testcase.py               386   handle_mmi_style_yes_no1  : Verifying: "Uint = '27A3'"
2016-07-21 10:09:21,362 root DEBUG testcase.py               386   handle_mmi_style_yes_no1  : Verifying: "Namespace = '01'"
2016-07-21 10:09:21,362 root DEBUG testcase.py               386   handle_mmi_style_yes_no1  : Verifying: "Description = '0001'"
2016-07-21 10:09:21,363 root DEBUG testcase.py               408   handle_mmi_style_yes_no1  : All verifications passed
2016-07-21 10:09:21,363 root DEBUG testcase.py               494   on_implicit_send          : Sending response 'Yes'
2016-07-21 10:09:21,363 ClientCallback.on_implicit_send INFO autoptsclient_common.py   143   on_implicit_send          : test case returned on_implicit_send, response: Yes
2016-07-21 10:09:21,363 ClientCallback.on_implicit_send INFO autoptsclient_common.py   151   on_implicit_send          : END OnImplicitSend:
2016-07-21 10:09:21,363 ClientCallback.on_implicit_send INFO autoptsclient_common.py   152   on_implicit_send          : ********************
2016-07-21 10:09:21,373 ClientCallback.on_implicit_send INFO autoptsclient_common.py   116   on_implicit_send          : ********************
2016-07-21 10:09:21,373 ClientCallback.on_implicit_send INFO autoptsclient_common.py   117   on_implicit_send          : BEGIN OnImplicitSend:
2016-07-21 10:09:21,373 ClientCallback.on_implicit_send INFO autoptsclient_common.py   118   on_implicit_send          : project_name: GATT
2016-07-21 10:09:21,373 ClientCallback.on_implicit_send INFO autoptsclient_common.py   119   on_implicit_send          : wid: 107
2016-07-21 10:09:21,374 ClientCallback.on_implicit_send INFO autoptsclient_common.py   120   on_implicit_send          : test_case_name: TC_GPA_SR_BV_12_C
2016-07-21 10:09:21,374 ClientCallback.on_implicit_send INFO autoptsclient_common.py   121   on_implicit_send          : description: Click OK if IUT is ready for PTS to discovery the characteristic.
2016-07-21 10:09:21,374 ClientCallback.on_implicit_send INFO autoptsclient_common.py   122   on_implicit_send          : style: MMI_Style_Ok 0x11040
2016-07-21 10:09:21,374 ClientCallback.on_implicit_send INFO autoptsclient_common.py   124   on_implicit_send          : response: 1687736 <type 'int'> 37964928
2016-07-21 10:09:21,374 ClientCallback.on_implicit_send INFO autoptsclient_common.py   125   on_implicit_send          : response_size: 2048
2016-07-21 10:09:21,374 ClientCallback.on_implicit_send INFO autoptsclient_common.py   127   on_implicit_send          : response_is_present: 0 <type 'int'>
2016-07-21 10:09:21,374 ClientCallback.on_implicit_send INFO autoptsclient_common.py   131   on_implicit_send          : Calling test cases on_implicit_send
2016-07-21 10:09:21,374 root DEBUG testcase.py               467   on_implicit_send          : GATT TC_GPA_SR_BV_12_C on_implicit_send
2016-07-21 10:09:21,375 root DEBUG testcase.py               494   on_implicit_send          : Sending response 'OK'
2016-07-21 10:09:21,375 ClientCallback.on_implicit_send INFO autoptsclient_common.py   143   on_implicit_send          : test case returned on_implicit_send, response: OK
2016-07-21 10:09:21,375 ClientCallback.on_implicit_send INFO autoptsclient_common.py   151   on_implicit_send          : END OnImplicitSend:
2016-07-21 10:09:21,375 ClientCallback.on_implicit_send INFO autoptsclient_common.py   152   on_implicit_send          : ********************
2016-07-21 10:09:24,960 ClientCallback.on_implicit_send INFO autoptsclient_common.py   116   on_implicit_send          : ********************
2016-07-21 10:09:24,960 ClientCallback.on_implicit_send INFO autoptsclient_common.py   117   on_implicit_send          : BEGIN OnImplicitSend:
2016-07-21 10:09:24,960 ClientCallback.on_implicit_send INFO autoptsclient_common.py   118   on_implicit_send          : project_name: GATT
2016-07-21 10:09:24,960 ClientCallback.on_implicit_send INFO autoptsclient_common.py   119   on_implicit_send          : wid: 104
2016-07-21 10:09:24,961 ClientCallback.on_implicit_send INFO autoptsclient_common.py   120   on_implicit_send          : test_case_name: TC_GPA_SR_BV_12_C
2016-07-21 10:09:24,961 ClientCallback.on_implicit_send INFO autoptsclient_common.py   121   on_implicit_send          : description: Please confirm Value = '1234'O 
Attribute Handle = '0004'O Format = '06'O,Exponent = 0,Uint = '27A3'O,Namespace = '01'O,Description = '0001'O
 is in IUT database. Click Yes if IUT value match, otherwise click No.

Description: Verify that the Implementation Under Test (IUT) can report a specified Generic Profile Attribute.
2016-07-21 10:09:24,961 ClientCallback.on_implicit_send INFO autoptsclient_common.py   122   on_implicit_send          : style: MMI_Style_Yes_No1 0x11044
2016-07-21 10:09:24,961 ClientCallback.on_implicit_send INFO autoptsclient_common.py   124   on_implicit_send          : response: 1687736 <type 'int'> 37964928
2016-07-21 10:09:24,961 ClientCallback.on_implicit_send INFO autoptsclient_common.py   125   on_implicit_send          : response_size: 2048
2016-07-21 10:09:24,961 ClientCallback.on_implicit_send INFO autoptsclient_common.py   127   on_implicit_send          : response_is_present: 0 <type 'int'>
2016-07-21 10:09:24,961 ClientCallback.on_implicit_send INFO autoptsclient_common.py   131   on_implicit_send          : Calling test cases on_implicit_send
2016-07-21 10:09:24,962 root DEBUG testcase.py               467   on_implicit_send          : GATT TC_GPA_SR_BV_12_C on_implicit_send
2016-07-21 10:09:24,962 root DEBUG testcase.py               364   handle_mmi_style_yes_no1  : handle_mmi_style_yes_no1, 104 "Please confirm Value = '1234'O \nAttribute Handle = '0004'O Format = '06'O,Exponent = 0,Uint = '27A3'O,Namespace = '01'O,Description = '0001'O\n is in IUT database. Click Yes if IUT value match, otherwise click No.\n\nDescription: Verify that the Implementation Under Test (IUT) can report a specified Generic Profile Attribute."
2016-07-21 10:09:24,962 root DEBUG testcase.py               366   handle_mmi_style_yes_no1  : no_wid=None verify_wids={104: ("Value = '1234'", "Attribute Handle = '0004'", "Format = '06'", 'Exponent = 0', "Uint = '27A3'", "Namespace = '01'", "Description = '0001'")}
2016-07-21 10:09:24,962 root DEBUG testcase.py               378   handle_mmi_style_yes_no1  : Starting verification of: {104: ("Value = '1234'", "Attribute Handle = '0004'", "Format = '06'", 'Exponent = 0', "Uint = '27A3'", "Namespace = '01'", "Description = '0001'")}
2016-07-21 10:09:24,962 root DEBUG testcase.py               386   handle_mmi_style_yes_no1  : Verifying: "Value = '1234'"
2016-07-21 10:09:24,962 root DEBUG testcase.py               386   handle_mmi_style_yes_no1  : Verifying: "Attribute Handle = '0004'"
2016-07-21 10:09:24,962 root DEBUG testcase.py               386   handle_mmi_style_yes_no1  : Verifying: "Format = '06'"
2016-07-21 10:09:24,963 root DEBUG testcase.py               386   handle_mmi_style_yes_no1  : Verifying: 'Exponent = 0'
2016-07-21 10:09:24,963 root DEBUG testcase.py               386   handle_mmi_style_yes_no1  : Verifying: "Uint = '27A3'"
2016-07-21 10:09:24,963 root DEBUG testcase.py               386   handle_mmi_style_yes_no1  : Verifying: "Namespace = '01'"
2016-07-21 10:09:24,963 root DEBUG testcase.py               386   handle_mmi_style_yes_no1  : Verifying: "Description = '0001'"
2016-07-21 10:09:24,963 root DEBUG testcase.py               408   handle_mmi_style_yes_no1  : All verifications passed
2016-07-21 10:09:24,963 root DEBUG testcase.py               494   on_implicit_send          : Sending response 'Yes'
2016-07-21 10:09:24,963 ClientCallback.on_implicit_send INFO autoptsclient_common.py   143   on_implicit_send          : test case returned on_implicit_send, response: Yes
2016-07-21 10:09:24,964 ClientCallback.on_implicit_send INFO autoptsclient_common.py   151   on_implicit_send          : END OnImplicitSend:
2016-07-21 10:09:24,964 ClientCallback.on_implicit_send INFO autoptsclient_common.py   152   on_implicit_send          : ********************
2016-07-21 10:09:24,974 ClientCallback.on_implicit_send INFO autoptsclient_common.py   116   on_implicit_send          : ********************
2016-07-21 10:09:24,974 ClientCallback.on_implicit_send INFO autoptsclient_common.py   117   on_implicit_send          : BEGIN OnImplicitSend:
2016-07-21 10:09:24,975 ClientCallback.on_implicit_send INFO autoptsclient_common.py   118   on_implicit_send          : project_name: GATT
2016-07-21 10:09:24,975 ClientCallback.on_implicit_send INFO autoptsclient_common.py   119   on_implicit_send          : wid: 107
2016-07-21 10:09:24,975 ClientCallback.on_implicit_send INFO autoptsclient_common.py   120   on_implicit_send          : test_case_name: TC_GPA_SR_BV_12_C
2016-07-21 10:09:24,975 ClientCallback.on_implicit_send INFO autoptsclient_common.py   121   on_implicit_send          : description: Click OK if IUT is ready for PTS to discovery the characteristic.
2016-07-21 10:09:24,975 ClientCallback.on_implicit_send INFO autoptsclient_common.py   122   on_implicit_send          : style: MMI_Style_Ok 0x11040
2016-07-21 10:09:24,975 ClientCallback.on_implicit_send INFO autoptsclient_common.py   124   on_implicit_send          : response: 1687736 <type 'int'> 37964928
2016-07-21 10:09:24,975 ClientCallback.on_implicit_send INFO autoptsclient_common.py   125   on_implicit_send          : response_size: 2048
2016-07-21 10:09:24,975 ClientCallback.on_implicit_send INFO autoptsclient_common.py   127   on_implicit_send          : response_is_present: 0 <type 'int'>
2016-07-21 10:09:24,976 ClientCallback.on_implicit_send INFO autoptsclient_common.py   131   on_implicit_send          : Calling test cases on_implicit_send
2016-07-21 10:09:24,976 root DEBUG testcase.py               467   on_implicit_send          : GATT TC_GPA_SR_BV_12_C on_implicit_send
2016-07-21 10:09:24,976 root DEBUG testcase.py               494   on_implicit_send          : Sending response 'OK'
2016-07-21 10:09:24,976 ClientCallback.on_implicit_send INFO autoptsclient_common.py   143   on_implicit_send          : test case returned on_implicit_send, response: OK
2016-07-21 10:09:24,976 ClientCallback.on_implicit_send INFO autoptsclient_common.py   151   on_implicit_send          : END OnImplicitSend:
2016-07-21 10:09:24,976 ClientCallback.on_implicit_send INFO autoptsclient_common.py   152   on_implicit_send          : ********************
2016-07-21 10:09:27,210 ClientCallback.on_implicit_send INFO autoptsclient_common.py   116   on_implicit_send          : ********************
2016-07-21 10:09:27,210 ClientCallback.on_implicit_send INFO autoptsclient_common.py   117   on_implicit_send          : BEGIN OnImplicitSend:
2016-07-21 10:09:27,210 ClientCallback.on_implicit_send INFO autoptsclient_common.py   118   on_implicit_send          : project_name: GATT
2016-07-21 10:09:27,210 ClientCallback.on_implicit_send INFO autoptsclient_common.py   119   on_implicit_send          : wid: 104
2016-07-21 10:09:27,211 ClientCallback.on_implicit_send INFO autoptsclient_common.py   120   on_implicit_send          : test_case_name: TC_GPA_SR_BV_12_C
2016-07-21 10:09:27,211 ClientCallback.on_implicit_send INFO autoptsclient_common.py   121   on_implicit_send          : description: Please confirm Value = '1234'O 
Attribute Handle = '0004'O Format = '06'O,Exponent = 0,Uint = '27A3'O,Namespace = '01'O,Description = '0001'O
 is in IUT database. Click Yes if IUT value match, otherwise click No.

Description: Verify that the Implementation Under Test (IUT) can report a specified Generic Profile Attribute.
2016-07-21 10:09:27,211 ClientCallback.on_implicit_send INFO autoptsclient_common.py   122   on_implicit_send          : style: MMI_Style_Yes_No1 0x11044
2016-07-21 10:09:27,211 ClientCallback.on_implicit_send INFO autoptsclient_common.py   124   on_implicit_send          : response: 1687736 <type 'int'> 37964928
2016-07-21 10:09:27,211 ClientCallback.on_implicit_send INFO autoptsclient_common.py   125   on_implicit_send          : response_size: 2048
2016-07-21 10:09:27,211 ClientCallback.on_implicit_send INFO autoptsclient_common.py   127   on_implicit_send          : response_is_present: 0 <type 'int'>
2016-07-21 10:09:27,211 ClientCallback.on_implicit_send INFO autoptsclient_common.py   131   on_implicit_send          : Calling test cases on_implicit_send
2016-07-21 10:09:27,211 root DEBUG testcase.py               467   on_implicit_send          : GATT TC_GPA_SR_BV_12_C on_implicit_send
2016-07-21 10:09:27,211 root DEBUG testcase.py               364   handle_mmi_style_yes_no1  : handle_mmi_style_yes_no1, 104 "Please confirm Value = '1234'O \nAttribute Handle = '0004'O Format = '06'O,Exponent = 0,Uint = '27A3'O,Namespace = '01'O,Description = '0001'O\n is in IUT database. Click Yes if IUT value match, otherwise click No.\n\nDescription: Verify that the Implementation Under Test (IUT) can report a specified Generic Profile Attribute."
2016-07-21 10:09:27,212 root DEBUG testcase.py               366   handle_mmi_style_yes_no1  : no_wid=None verify_wids={104: ("Value = '1234'", "Attribute Handle = '0004'", "Format = '06'", 'Exponent = 0', "Uint = '27A3'", "Namespace = '01'", "Description = '0001'")}
2016-07-21 10:09:27,212 root DEBUG testcase.py               378   handle_mmi_style_yes_no1  : Starting verification of: {104: ("Value = '1234'", "Attribute Handle = '0004'", "Format = '06'", 'Exponent = 0', "Uint = '27A3'", "Namespace = '01'", "Description = '0001'")}
2016-07-21 10:09:27,212 root DEBUG testcase.py               386   handle_mmi_style_yes_no1  : Verifying: "Value = '1234'"
2016-07-21 10:09:27,212 root DEBUG testcase.py               386   handle_mmi_style_yes_no1  : Verifying: "Attribute Handle = '0004'"
2016-07-21 10:09:27,212 root DEBUG testcase.py               386   handle_mmi_style_yes_no1  : Verifying: "Format = '06'"
2016-07-21 10:09:27,212 root DEBUG testcase.py               386   handle_mmi_style_yes_no1  : Verifying: 'Exponent = 0'
2016-07-21 10:09:27,212 root DEBUG testcase.py               386   handle_mmi_style_yes_no1  : Verifying: "Uint = '27A3'"
2016-07-21 10:09:27,212 root DEBUG testcase.py               386   handle_mmi_style_yes_no1  : Verifying: "Namespace = '01'"
2016-07-21 10:09:27,213 root DEBUG testcase.py               386   handle_mmi_style_yes_no1  : Verifying: "Description = '0001'"
2016-07-21 10:09:27,213 root DEBUG testcase.py               408   handle_mmi_style_yes_no1  : All verifications passed
2016-07-21 10:09:27,213 root DEBUG testcase.py               494   on_implicit_send          : Sending response 'Yes'
2016-07-21 10:09:27,213 ClientCallback.on_implicit_send INFO autoptsclient_common.py   143   on_implicit_send          : test case returned on_implicit_send, response: Yes
2016-07-21 10:09:27,213 ClientCallback.on_implicit_send INFO autoptsclient_common.py   151   on_implicit_send          : END OnImplicitSend:
2016-07-21 10:09:27,213 ClientCallback.on_implicit_send INFO autoptsclient_common.py   152   on_implicit_send          : ********************
2016-07-21 10:09:29,367 ClientCallback.log INFO autoptsclient_common.py   82    log                       : PTS_LOGTYPE_START_TEST Start Test Case 

+15 ms
 TC_GPA_SR_BV_12_C

2016-07-21 10:09:29,367 root DEBUG testcase.py               358   log                       : New status GATT TC_GPA_SR_BV_12_C - Started
2016-07-21 10:09:30,082 ClientCallback.log INFO autoptsclient_common.py   82    log                       : PTS_LOGTYPE_FINAL_VERDICT Final Verdict 

+19640 ms
 PASS

2016-07-21 10:09:30,082 root DEBUG testcase.py               358   log                       : New status GATT TC_GPA_SR_BV_12_C - PASS
2016-07-21 10:09:30,088 ClientCallback.log INFO autoptsclient_common.py   82    log                       : PTS_LOGTYPE_FINAL_VERDICT Encrypted Verdict 

+19640 ms
 A1#ZWY4MzQ5MDg3MmQwNTIxOGQzMzQ5YjY2ODA5M2MzNjQ5ZDY4NmY0Yjc2MzIzM2VkNTUyNTFhNGU4Mjg1MjI0NA==#qAKJAzAOegQaGOMh3qw1u6cYhjxZnh8SxiAl3hbRZs6QWZhwWX0jK3+ea4SC+u+n

2016-07-21 10:09:30,161 ClientCallback.log INFO autoptsclient_common.py   82    log                       : PTS_LOGTYPE_END_TEST Test Case Ended 

+19640 ms
 TC_GPA_SR_BV_12_C

2016-07-21 10:09:30,262 root DEBUG testcase.py               518   post_run                  : post_run GATT TC_GPA_SR_BV_12_C 
2016-07-21 10:09:30,263 root DEBUG testcase.py               201   start                     : Starting test function: ptsprojects.testcase.TestFuncCleanUp <bound method ZephyrCtl.stop of <ptsprojects.zephyr.iutctl.ZephyrCtl instance at 0x7fdb71194fc8>> None None () {}
2016-07-21 10:09:30,263 root DEBUG testcase.py               209   start                     : Test function parameters: args=(), kwds={}
2016-07-21 10:09:30,263 root DEBUG iutctl.py                 207   stop                      : ptsprojects.zephyr.iutctl.ZephyrCtl.stop
2016-07-21 10:09:33,266 root DEBUG autoptsclient_common.py   395   run_test_case             : Done TestCase wrapper GATT TC_GPA_SR_BV_12_C
