2016-07-21 11:08:20,868 root DEBUG autoptsclient_common.py   349   run_test_case             : Starting TestCase wrapper GATT TC_GAR_CL_BV_07_C
2016-07-21 11:08:20,869 root DEBUG testcase.py               499   pre_run                   : pre_run GATT TC_GAR_CL_BV_07_C
2016-07-21 11:08:20,869 root DEBUG testcase.py               502   pre_run                   : About to run test case GATT TC_GAR_CL_BV_07_C with commands:
2016-07-21 11:08:20,869 root DEBUG testcase.py               504   pre_run                   : 0) ptsprojects.testcase.TestFunc <bound method ZephyrCtl.start of <ptsprojects.zephyr.iutctl.ZephyrCtl instance at 0x7f5db38fafc8>> None None () {}
2016-07-21 11:08:20,869 root DEBUG testcase.py               504   pre_run                   : 1) ptsprojects.testcase.TestFunc <function core_reg_svc_gap at 0x7f5db38d5a28> None None () {}
2016-07-21 11:08:20,869 root DEBUG testcase.py               504   pre_run                   : 2) ptsprojects.testcase.TestFunc <function core_reg_svc_gatts at 0x7f5db38d5aa0> None None () {}
2016-07-21 11:08:20,869 root DEBUG testcase.py               504   pre_run                   : 3) ptsprojects.testcase.TestFunc <function gap_conn at 0x7f5db38d5cf8> 2 None ('00:1B:DC:E0:37:6C', 0) {}
2016-07-21 11:08:20,870 root DEBUG testcase.py               504   pre_run                   : 4) ptsprojects.testcase.TestFunc <function gap_connected_ev at 0x7f5db38d5c80> 2 None ('00:1B:DC:E0:37:6C', 0) {}
2016-07-21 11:08:20,870 root DEBUG testcase.py               504   pre_run                   : 5) ptsprojects.testcase.TestFunc <function gattc_read at 0x7f5db38edcf8> 58 None (0, '00:1B:DC:E0:37:6C', 'MMI_arg_value_1') {}
2016-07-21 11:08:20,870 root DEBUG testcase.py               504   pre_run                   : 6) ptsprojects.testcase.TestFunc <function gattc_read_rsp at 0x7f5db38ee8c0> 58 None () {'store_val': True}
2016-07-21 11:08:20,870 root DEBUG testcase.py               504   pre_run                   : 7) ptsprojects.testcase.TestFunc <function gap_disconn at 0x7f5db38d5de8> 3 None ('00:1B:DC:E0:37:6C', 0) {}
2016-07-21 11:08:20,870 root DEBUG testcase.py               504   pre_run                   : 8) ptsprojects.testcase.TestFunc <function gap_disconnected_ev at 0x7f5db38d5d70> 3 None ('00:1B:DC:E0:37:6C', 0) {}
2016-07-21 11:08:20,871 root DEBUG testcase.py               504   pre_run                   : 9) ptsprojects.testcase.TestFuncCleanUp <bound method ZephyrCtl.stop of <ptsprojects.zephyr.iutctl.ZephyrCtl instance at 0x7f5db38fafc8>> None None () {}
2016-07-21 11:08:20,871 root DEBUG testcase.py               201   start                     : Starting test function: ptsprojects.testcase.TestFunc <bound method ZephyrCtl.start of <ptsprojects.zephyr.iutctl.ZephyrCtl instance at 0x7f5db38fafc8>> None None () {}
2016-07-21 11:08:20,871 root DEBUG testcase.py               209   start                     : Test function parameters: args=(), kwds={}
2016-07-21 11:08:20,871 root DEBUG iutctl.py                 173   start                     : ptsprojects.zephyr.iutctl.ZephyrCtl.start
2016-07-21 11:08:20,871 root DEBUG iutctl.py                 160   reset_board               : About to reset DUT: "/home/skamrmar/bin/zflash/openocd/bin/openocd -s /home/skamrmar/bin/zflash/openocd/share/scripts -f /home/skamrmar/bin/zflash/boards/mountatlas/openocd.cfg -c 'init' -c 'reset run' -c 'shutdown'"
2016-07-21 11:08:22,887 root DEBUG iutctl.py                 184   start                     : Starting socat process: socat -x -v /dev/ttyUSB1,raw,b115200 UNIX-CONNECT:/tmp/bt-stack-tester
2016-07-21 11:08:22,890 root DEBUG iutctl.py                 56    accept                    : accept
2016-07-21 11:08:22,894 root DEBUG testcase.py               201   start                     : Starting test function: ptsprojects.testcase.TestFunc <function core_reg_svc_gap at 0x7f5db38d5a28> None None () {}
2016-07-21 11:08:22,894 root DEBUG testcase.py               209   start                     : Test function parameters: args=(), kwds={}
2016-07-21 11:08:22,895 root DEBUG btp.py                    226   core_reg_svc_gap          : core_reg_svc_gap
2016-07-21 11:08:22,895 root DEBUG iutctl.py                 98    send                      : send, 0 3 255 1
2016-07-21 11:08:22,895 root DEBUG iutctl.py                 108   send                      : btpclient command: send 0 3 255 01
2016-07-21 11:08:22,895 root DEBUG btpparser.py              59    enc_frame                 : enc_frame, 0 3 255 '\x01'
2016-07-21 11:08:22,895 root DEBUG iutctl.py                 112   send                      : sending frame '\x00\x03\xff\x01\x00\x01'
2016-07-21 11:08:24,432 root DEBUG btp.py                    246   core_reg_svc_rsp_succ     : core_reg_svc_rsp_succ
2016-07-21 11:08:24,433 root DEBUG iutctl.py                 64    read                      : read
2016-07-21 11:08:24,949 root DEBUG btpparser.py              39    dec_hdr                   : dec_hdr, bytearray(b'\x00\x03\xff\x00\x00')
2016-07-21 11:08:24,951 root DEBUG iutctl.py                 78    read                      : Received: hdr: header(svc_id=0, op=3, ctrl_index=255, data_len=0) bytearray(b'\x00\x03\xff\x00\x00')
2016-07-21 11:08:24,951 root DEBUG btpparser.py              49    dec_data                  : dec_data, bytearray(b'')
2016-07-21 11:08:24,951 root DEBUG iutctl.py                 91    read                      : Received data: ('',), bytearray(b'')
2016-07-21 11:08:24,952 root DEBUG btp.py                    257   core_reg_svc_rsp_succ     : received header(svc_id=0, op=3, ctrl_index=255, data_len=0) ('',)
2016-07-21 11:08:24,952 root DEBUG btp.py                    258   core_reg_svc_rsp_succ     : expected ((0, 3, 255, 0), ('',))
2016-07-21 11:08:24,952 root DEBUG btp.py                    264   core_reg_svc_rsp_succ     : response is valid
2016-07-21 11:08:24,952 root DEBUG testcase.py               201   start                     : Starting test function: ptsprojects.testcase.TestFunc <function core_reg_svc_gatts at 0x7f5db38d5aa0> None None () {}
2016-07-21 11:08:24,952 root DEBUG testcase.py               209   start                     : Test function parameters: args=(), kwds={}
2016-07-21 11:08:24,953 root DEBUG btp.py                    237   core_reg_svc_gatts        : core_reg_svc_gatts
2016-07-21 11:08:24,953 root DEBUG iutctl.py                 98    send                      : send, 0 3 255 2
2016-07-21 11:08:24,953 root DEBUG iutctl.py                 108   send                      : btpclient command: send 0 3 255 02
2016-07-21 11:08:24,953 root DEBUG btpparser.py              59    enc_frame                 : enc_frame, 0 3 255 '\x02'
2016-07-21 11:08:24,954 root DEBUG iutctl.py                 112   send                      : sending frame '\x00\x03\xff\x01\x00\x02'
2016-07-21 11:08:24,954 root DEBUG btp.py                    246   core_reg_svc_rsp_succ     : core_reg_svc_rsp_succ
2016-07-21 11:08:24,954 root DEBUG iutctl.py                 64    read                      : read
2016-07-21 11:08:24,956 root DEBUG btpparser.py              39    dec_hdr                   : dec_hdr, bytearray(b'\x00\x03\xff\x00\x00')
2016-07-21 11:08:24,957 root DEBUG iutctl.py                 78    read                      : Received: hdr: header(svc_id=0, op=3, ctrl_index=255, data_len=0) bytearray(b'\x00\x03\xff\x00\x00')
2016-07-21 11:08:24,958 root DEBUG btpparser.py              49    dec_data                  : dec_data, bytearray(b'')
2016-07-21 11:08:24,958 root DEBUG iutctl.py                 91    read                      : Received data: ('',), bytearray(b'')
2016-07-21 11:08:24,958 root DEBUG btp.py                    257   core_reg_svc_rsp_succ     : received header(svc_id=0, op=3, ctrl_index=255, data_len=0) ('',)
2016-07-21 11:08:24,958 root DEBUG btp.py                    258   core_reg_svc_rsp_succ     : expected ((0, 3, 255, 0), ('',))
2016-07-21 11:08:24,958 root DEBUG btp.py                    264   core_reg_svc_rsp_succ     : response is valid
2016-07-21 11:08:34,781 ClientCallback.on_implicit_send INFO autoptsclient_common.py   116   on_implicit_send          : ********************
2016-07-21 11:08:34,781 ClientCallback.on_implicit_send INFO autoptsclient_common.py   117   on_implicit_send          : BEGIN OnImplicitSend:
2016-07-21 11:08:34,781 ClientCallback.on_implicit_send INFO autoptsclient_common.py   118   on_implicit_send          : project_name: GATT
2016-07-21 11:08:34,781 ClientCallback.on_implicit_send INFO autoptsclient_common.py   119   on_implicit_send          : wid: 2
2016-07-21 11:08:34,781 ClientCallback.on_implicit_send INFO autoptsclient_common.py   120   on_implicit_send          : test_case_name: TC_GAR_CL_BV_07_C
2016-07-21 11:08:34,782 ClientCallback.on_implicit_send INFO autoptsclient_common.py   121   on_implicit_send          : description: Please initiate a GATT connection to the PTS.

Description: Verify that the Implementation Under Test (IUT) can initiate GATT connect request to PTS.
2016-07-21 11:08:34,782 ClientCallback.on_implicit_send INFO autoptsclient_common.py   122   on_implicit_send          : style: MMI_Style_Ok_Cancel2 0x11141
2016-07-21 11:08:34,782 ClientCallback.on_implicit_send INFO autoptsclient_common.py   124   on_implicit_send          : response: 1687860 <type 'int'> 16914960
2016-07-21 11:08:34,782 ClientCallback.on_implicit_send INFO autoptsclient_common.py   125   on_implicit_send          : response_size: 2048
2016-07-21 11:08:34,782 ClientCallback.on_implicit_send INFO autoptsclient_common.py   127   on_implicit_send          : response_is_present: 0 <type 'int'>
2016-07-21 11:08:34,782 ClientCallback.on_implicit_send INFO autoptsclient_common.py   131   on_implicit_send          : Calling test cases on_implicit_send
2016-07-21 11:08:34,782 root DEBUG testcase.py               467   on_implicit_send          : GATT TC_GAR_CL_BV_07_C on_implicit_send
2016-07-21 11:08:34,783 root DEBUG testcase.py               201   start                     : Starting test function: ptsprojects.testcase.TestFunc <function gap_conn at 0x7f5db38d5cf8> 2 None ('00:1B:DC:E0:37:6C', 0) {}
2016-07-21 11:08:34,783 root DEBUG testcase.py               209   start                     : Test function parameters: args=('00:1B:DC:E0:37:6C', 0), kwds={}
2016-07-21 11:08:34,783 root DEBUG btp.py                    329   gap_conn                  : gap_conn '00:1B:DC:E0:37:6C' 0
2016-07-21 11:08:34,783 root DEBUG iutctl.py                 98    send                      : send, 1 14 0 bytearray(b'\x00l7\xe0\xdc\x1b\x00')
2016-07-21 11:08:34,783 root DEBUG iutctl.py                 108   send                      : btpclient command: send 1 14 0 006c37e0dc1b00
2016-07-21 11:08:34,784 root DEBUG btpparser.py              59    enc_frame                 : enc_frame, 1 14 0 bytearray(b'\x00l7\xe0\xdc\x1b\x00')
2016-07-21 11:08:34,784 root DEBUG iutctl.py                 112   send                      : sending frame '\x01\x0e\x00\x07\x00\x00l7\xe0\xdc\x1b\x00'
2016-07-21 11:08:34,784 root DEBUG btp.py                    588   gap_command_rsp_succ      : gap_command_rsp_succ
2016-07-21 11:08:34,784 root DEBUG iutctl.py                 64    read                      : read
2016-07-21 11:08:34,788 root DEBUG btpparser.py              39    dec_hdr                   : dec_hdr, bytearray(b'\x01\x0e\x00\x00\x00')
2016-07-21 11:08:34,789 root DEBUG iutctl.py                 78    read                      : Received: hdr: header(svc_id=1, op=14, ctrl_index=0, data_len=0) bytearray(b'\x01\x0e\x00\x00\x00')
2016-07-21 11:08:34,789 root DEBUG btpparser.py              49    dec_data                  : dec_data, bytearray(b'')
2016-07-21 11:08:34,790 root DEBUG iutctl.py                 91    read                      : Received data: ('',), bytearray(b'')
2016-07-21 11:08:34,790 root DEBUG btp.py                    593   gap_command_rsp_succ      : received header(svc_id=1, op=14, ctrl_index=0, data_len=0) ('',)
2016-07-21 11:08:34,790 root DEBUG testcase.py               201   start                     : Starting test function: ptsprojects.testcase.TestFunc <function gap_connected_ev at 0x7f5db38d5c80> 2 None ('00:1B:DC:E0:37:6C', 0) {}
2016-07-21 11:08:34,790 root DEBUG testcase.py               209   start                     : Test function parameters: args=('00:1B:DC:E0:37:6C', 0), kwds={}
2016-07-21 11:08:34,790 root DEBUG btp.py                    309   gap_connected_ev          : gap_connected_ev '00:1B:DC:E0:37:6C' 0
2016-07-21 11:08:34,790 root DEBUG iutctl.py                 64    read                      : read
2016-07-21 11:08:36,834 root DEBUG btpparser.py              39    dec_hdr                   : dec_hdr, bytearray(b'\x01\x82\x00\x07\x00')
2016-07-21 11:08:36,835 root DEBUG iutctl.py                 78    read                      : Received: hdr: header(svc_id=1, op=130, ctrl_index=0, data_len=7) bytearray(b'\x01\x82\x00\x07\x00')
2016-07-21 11:08:36,835 root DEBUG btpparser.py              49    dec_data                  : dec_data, bytearray(b'l7\xe0\xdc\x1b\x00\x00')
2016-07-21 11:08:36,836 root DEBUG iutctl.py                 91    read                      : Received data: ('l7\xe0\xdc\x1b\x00\x00',), bytearray(b'l7\xe0\xdc\x1b\x00\x00')
2016-07-21 11:08:36,836 root DEBUG btp.py                    313   gap_connected_ev          : received header(svc_id=1, op=130, ctrl_index=0, data_len=7) ('l7\xe0\xdc\x1b\x00\x00',)
2016-07-21 11:08:36,836 root DEBUG testcase.py               494   on_implicit_send          : Sending response 'OK'
2016-07-21 11:08:36,836 ClientCallback.on_implicit_send INFO autoptsclient_common.py   143   on_implicit_send          : test case returned on_implicit_send, response: OK
2016-07-21 11:08:36,836 ClientCallback.on_implicit_send INFO autoptsclient_common.py   151   on_implicit_send          : END OnImplicitSend:
2016-07-21 11:08:36,837 ClientCallback.on_implicit_send INFO autoptsclient_common.py   152   on_implicit_send          : ********************
2016-07-21 11:08:36,849 ClientCallback.on_implicit_send INFO autoptsclient_common.py   116   on_implicit_send          : ********************
2016-07-21 11:08:36,849 ClientCallback.on_implicit_send INFO autoptsclient_common.py   117   on_implicit_send          : BEGIN OnImplicitSend:
2016-07-21 11:08:36,849 ClientCallback.on_implicit_send INFO autoptsclient_common.py   118   on_implicit_send          : project_name: GATT
2016-07-21 11:08:36,850 ClientCallback.on_implicit_send INFO autoptsclient_common.py   119   on_implicit_send          : wid: 58
2016-07-21 11:08:36,850 ClientCallback.on_implicit_send INFO autoptsclient_common.py   120   on_implicit_send          : test_case_name: TC_GAR_CL_BV_07_C
2016-07-21 11:08:36,850 ClientCallback.on_implicit_send INFO autoptsclient_common.py   121   on_implicit_send          : description: Please send read characteristic descriptor handle = '0074'O to the PTS.

Description: Verify that the Implementation Under Test (IUT) can send Read characteristic descriptor.
2016-07-21 11:08:36,850 ClientCallback.on_implicit_send INFO autoptsclient_common.py   122   on_implicit_send          : style: MMI_Style_Ok_Cancel2 0x11141
2016-07-21 11:08:36,850 ClientCallback.on_implicit_send INFO autoptsclient_common.py   124   on_implicit_send          : response: 1687860 <type 'int'> 16914960
2016-07-21 11:08:36,850 ClientCallback.on_implicit_send INFO autoptsclient_common.py   125   on_implicit_send          : response_size: 2048
2016-07-21 11:08:36,850 ClientCallback.on_implicit_send INFO autoptsclient_common.py   127   on_implicit_send          : response_is_present: 0 <type 'int'>
2016-07-21 11:08:36,851 ClientCallback.on_implicit_send INFO autoptsclient_common.py   131   on_implicit_send          : Calling test cases on_implicit_send
2016-07-21 11:08:36,851 root DEBUG testcase.py               467   on_implicit_send          : GATT TC_GAR_CL_BV_07_C on_implicit_send
2016-07-21 11:08:36,851 root DEBUG testcase.py               59    parse_description         : parse_description "Please send read characteristic descriptor handle = '0074'O to the PTS.\n\nDescription: Verify that the Implementation Under Test (IUT) can send Read characteristic descriptor."
2016-07-21 11:08:36,851 root DEBUG testcase.py               63    parse_description         : Parse result: ['0074']
2016-07-21 11:08:36,851 root DEBUG testcase.py               201   start                     : Starting test function: ptsprojects.testcase.TestFunc <function gattc_read at 0x7f5db38edcf8> 58 None (0, '00:1B:DC:E0:37:6C', 'MMI_arg_value_1') {}
2016-07-21 11:08:36,851 root DEBUG testcase.py               78    process_args              : process_args: (0, '00:1B:DC:E0:37:6C', 'MMI_arg_value_1')
2016-07-21 11:08:36,852 root DEBUG testcase.py               79    process_args              : MMI.args now ['0074']
2016-07-21 11:08:36,852 root DEBUG testcase.py               93    process_args              : returning (0, '00:1B:DC:E0:37:6C', '0074')
2016-07-21 11:08:36,852 root DEBUG testcase.py               209   start                     : Test function parameters: args=(0, '00:1B:DC:E0:37:6C', '0074'), kwds={}
2016-07-21 11:08:36,852 root DEBUG btp.py                    956   gattc_read                : gattc_read 0 '00:1B:DC:E0:37:6C' '0074'
2016-07-21 11:08:36,852 root DEBUG iutctl.py                 98    send                      : send, 2 17 0 bytearray(b'\x00l7\xe0\xdc\x1b\x00t\x00')
2016-07-21 11:08:36,852 root DEBUG iutctl.py                 108   send                      : btpclient command: send 2 17 0 006c37e0dc1b007400
2016-07-21 11:08:36,852 root DEBUG btpparser.py              59    enc_frame                 : enc_frame, 2 17 0 bytearray(b'\x00l7\xe0\xdc\x1b\x00t\x00')
2016-07-21 11:08:36,853 root DEBUG iutctl.py                 112   send                      : sending frame '\x02\x11\x00\t\x00\x00l7\xe0\xdc\x1b\x00t\x00'
2016-07-21 11:08:36,853 root DEBUG testcase.py               201   start                     : Starting test function: ptsprojects.testcase.TestFunc <function gattc_read_rsp at 0x7f5db38ee8c0> 58 None () {'store_val': True}
2016-07-21 11:08:36,853 root DEBUG testcase.py               209   start                     : Test function parameters: args=(), kwds={'store_val': True}
2016-07-21 11:08:36,853 root DEBUG iutctl.py                 64    read                      : read
2016-07-21 11:08:37,036 root DEBUG btpparser.py              39    dec_hdr                   : dec_hdr, bytearray(b'\x02\x11\x00\x1d\x00')
2016-07-21 11:08:37,037 root DEBUG iutctl.py                 78    read                      : Received: hdr: header(svc_id=2, op=17, ctrl_index=0, data_len=29) bytearray(b'\x02\x11\x00\x1d\x00')
2016-07-21 11:08:37,039 root DEBUG btpparser.py              49    dec_data                  : dec_data, bytearray(b'\x00\x1a\x00ABCDEFGHIJKLMNOPQRSTUVWXYZ')
2016-07-21 11:08:37,039 root DEBUG iutctl.py                 91    read                      : Received data: ('\x00\x1a\x00ABCDEFGHIJKLMNOPQRSTUVWXYZ',), bytearray(b'\x00\x1a\x00ABCDEFGHIJKLMNOPQRSTUVWXYZ')
2016-07-21 11:08:37,039 root DEBUG btp.py                    1586  gattc_read_rsp            : gattc_read_rsp received header(svc_id=2, op=17, ctrl_index=0, data_len=29) ('\x00\x1a\x00ABCDEFGHIJKLMNOPQRSTUVWXYZ',)
2016-07-21 11:08:37,039 root DEBUG btp.py                    1591  gattc_read_rsp            : gattc_read_rsp 0 ('ABCDEFGHIJKLMNOPQRSTUVWXYZ',)
2016-07-21 11:08:37,039 root DEBUG testcase.py               494   on_implicit_send          : Sending response 'OK'
2016-07-21 11:08:37,040 ClientCallback.on_implicit_send INFO autoptsclient_common.py   143   on_implicit_send          : test case returned on_implicit_send, response: OK
2016-07-21 11:08:37,040 ClientCallback.on_implicit_send INFO autoptsclient_common.py   151   on_implicit_send          : END OnImplicitSend:
2016-07-21 11:08:37,040 ClientCallback.on_implicit_send INFO autoptsclient_common.py   152   on_implicit_send          : ********************
2016-07-21 11:08:37,052 ClientCallback.on_implicit_send INFO autoptsclient_common.py   116   on_implicit_send          : ********************
2016-07-21 11:08:37,052 ClientCallback.on_implicit_send INFO autoptsclient_common.py   117   on_implicit_send          : BEGIN OnImplicitSend:
2016-07-21 11:08:37,053 ClientCallback.on_implicit_send INFO autoptsclient_common.py   118   on_implicit_send          : project_name: GATT
2016-07-21 11:08:37,053 ClientCallback.on_implicit_send INFO autoptsclient_common.py   119   on_implicit_send          : wid: 52
2016-07-21 11:08:37,053 ClientCallback.on_implicit_send INFO autoptsclient_common.py   120   on_implicit_send          : test_case_name: TC_GAR_CL_BV_07_C
2016-07-21 11:08:37,053 ClientCallback.on_implicit_send INFO autoptsclient_common.py   121   on_implicit_send          : description: Please confirm IUT Handle='74'O characteristic value='4142434445464748494A4B4C4D4E4F505152535455565758595A'O in random selected adopted database. Click Yes if it matches the IUT, othwise click No.

Description: Verify that the Implementation Under Test (IUT) can send Read long characteristic to PTS random select adopted database.
2016-07-21 11:08:37,053 ClientCallback.on_implicit_send INFO autoptsclient_common.py   122   on_implicit_send          : style: MMI_Style_Yes_No1 0x11044
2016-07-21 11:08:37,053 ClientCallback.on_implicit_send INFO autoptsclient_common.py   124   on_implicit_send          : response: 1687860 <type 'int'> 16914960
2016-07-21 11:08:37,054 ClientCallback.on_implicit_send INFO autoptsclient_common.py   125   on_implicit_send          : response_size: 2048
2016-07-21 11:08:37,054 ClientCallback.on_implicit_send INFO autoptsclient_common.py   127   on_implicit_send          : response_is_present: 0 <type 'int'>
2016-07-21 11:08:37,054 ClientCallback.on_implicit_send INFO autoptsclient_common.py   131   on_implicit_send          : Calling test cases on_implicit_send
2016-07-21 11:08:37,054 root DEBUG testcase.py               467   on_implicit_send          : GATT TC_GAR_CL_BV_07_C on_implicit_send
2016-07-21 11:08:37,054 root DEBUG testcase.py               364   handle_mmi_style_yes_no1  : handle_mmi_style_yes_no1, 52 "Please confirm IUT Handle='74'O characteristic value='4142434445464748494A4B4C4D4E4F505152535455565758595A'O in random selected adopted database. Click Yes if it matches the IUT, othwise click No.\n\nDescription: Verify that the Implementation Under Test (IUT) can send Read long characteristic to PTS random select adopted database."
2016-07-21 11:08:37,054 root DEBUG testcase.py               366   handle_mmi_style_yes_no1  : no_wid=None verify_wids={52: <function verify_description at 0x7f5db38d5848>}
2016-07-21 11:08:37,055 root DEBUG testcase.py               378   handle_mmi_style_yes_no1  : Starting verification of: {52: <function verify_description at 0x7f5db38d5848>}
2016-07-21 11:08:37,055 root DEBUG btp.py                    139   verify_description        : description="Please confirm IUT Handle='74'O characteristic value='4142434445464748494A4B4C4D4E4F505152535455565758595A'O in random selected adopted database. Click Yes if it matches the IUT, othwise click No.\n\nDescription: Verify that the Implementation Under Test (IUT) can send Read long characteristic to PTS random select adopted database."
2016-07-21 11:08:37,055 root DEBUG btp.py                    142   verify_description        : Verifying values: ['4142434445464748494A4B4C4D4E4F505152535455565758595A']
2016-07-21 11:08:37,055 root DEBUG btp.py                    151   verify_description        : Verifying: '4142434445464748494A4B4C4D4E4F505152535455565758595A'
2016-07-21 11:08:37,055 root DEBUG btp.py                    157   verify_description        : All verifications passed
2016-07-21 11:08:37,056 root DEBUG testcase.py               408   handle_mmi_style_yes_no1  : All verifications passed
2016-07-21 11:08:37,056 root DEBUG testcase.py               494   on_implicit_send          : Sending response 'Yes'
2016-07-21 11:08:37,056 ClientCallback.on_implicit_send INFO autoptsclient_common.py   143   on_implicit_send          : test case returned on_implicit_send, response: Yes
2016-07-21 11:08:37,056 ClientCallback.on_implicit_send INFO autoptsclient_common.py   151   on_implicit_send          : END OnImplicitSend:
2016-07-21 11:08:37,056 ClientCallback.on_implicit_send INFO autoptsclient_common.py   152   on_implicit_send          : ********************
2016-07-21 11:08:37,066 ClientCallback.on_implicit_send INFO autoptsclient_common.py   116   on_implicit_send          : ********************
2016-07-21 11:08:37,066 ClientCallback.on_implicit_send INFO autoptsclient_common.py   117   on_implicit_send          : BEGIN OnImplicitSend:
2016-07-21 11:08:37,066 ClientCallback.on_implicit_send INFO autoptsclient_common.py   118   on_implicit_send          : project_name: GATT
2016-07-21 11:08:37,066 ClientCallback.on_implicit_send INFO autoptsclient_common.py   119   on_implicit_send          : wid: 58
2016-07-21 11:08:37,067 ClientCallback.on_implicit_send INFO autoptsclient_common.py   120   on_implicit_send          : test_case_name: TC_GAR_CL_BV_07_C
2016-07-21 11:08:37,067 ClientCallback.on_implicit_send INFO autoptsclient_common.py   121   on_implicit_send          : description: Please send read characteristic descriptor handle = '00D1'O to the PTS.

Description: Verify that the Implementation Under Test (IUT) can send Read characteristic descriptor.
2016-07-21 11:08:37,067 ClientCallback.on_implicit_send INFO autoptsclient_common.py   122   on_implicit_send          : style: MMI_Style_Ok_Cancel2 0x11141
2016-07-21 11:08:37,067 ClientCallback.on_implicit_send INFO autoptsclient_common.py   124   on_implicit_send          : response: 1687860 <type 'int'> 16914960
2016-07-21 11:08:37,067 ClientCallback.on_implicit_send INFO autoptsclient_common.py   125   on_implicit_send          : response_size: 2048
2016-07-21 11:08:37,067 ClientCallback.on_implicit_send INFO autoptsclient_common.py   127   on_implicit_send          : response_is_present: 0 <type 'int'>
2016-07-21 11:08:37,067 ClientCallback.on_implicit_send INFO autoptsclient_common.py   131   on_implicit_send          : Calling test cases on_implicit_send
2016-07-21 11:08:37,068 root DEBUG testcase.py               467   on_implicit_send          : GATT TC_GAR_CL_BV_07_C on_implicit_send
2016-07-21 11:08:37,068 root DEBUG testcase.py               59    parse_description         : parse_description "Please send read characteristic descriptor handle = '00D1'O to the PTS.\n\nDescription: Verify that the Implementation Under Test (IUT) can send Read characteristic descriptor."
2016-07-21 11:08:37,068 root DEBUG testcase.py               63    parse_description         : Parse result: ['00D1']
2016-07-21 11:08:37,068 root DEBUG testcase.py               201   start                     : Starting test function: ptsprojects.testcase.TestFunc <function gattc_read at 0x7f5db38edcf8> 58 None (0, '00:1B:DC:E0:37:6C', 'MMI_arg_value_1') {}
2016-07-21 11:08:37,068 root DEBUG testcase.py               78    process_args              : process_args: (0, '00:1B:DC:E0:37:6C', 'MMI_arg_value_1')
2016-07-21 11:08:37,068 root DEBUG testcase.py               79    process_args              : MMI.args now ['00D1']
2016-07-21 11:08:37,068 root DEBUG testcase.py               93    process_args              : returning (0, '00:1B:DC:E0:37:6C', '00D1')
2016-07-21 11:08:37,069 root DEBUG testcase.py               209   start                     : Test function parameters: args=(0, '00:1B:DC:E0:37:6C', '00D1'), kwds={}
2016-07-21 11:08:37,069 root DEBUG btp.py                    956   gattc_read                : gattc_read 0 '00:1B:DC:E0:37:6C' '00D1'
2016-07-21 11:08:37,069 root DEBUG iutctl.py                 98    send                      : send, 2 17 0 bytearray(b'\x00l7\xe0\xdc\x1b\x00\xd1\x00')
2016-07-21 11:08:37,069 root DEBUG iutctl.py                 108   send                      : btpclient command: send 2 17 0 006c37e0dc1b00d100
2016-07-21 11:08:37,069 root DEBUG btpparser.py              59    enc_frame                 : enc_frame, 2 17 0 bytearray(b'\x00l7\xe0\xdc\x1b\x00\xd1\x00')
2016-07-21 11:08:37,069 root DEBUG iutctl.py                 112   send                      : sending frame '\x02\x11\x00\t\x00\x00l7\xe0\xdc\x1b\x00\xd1\x00'
2016-07-21 11:08:37,070 root DEBUG testcase.py               201   start                     : Starting test function: ptsprojects.testcase.TestFunc <function gattc_read_rsp at 0x7f5db38ee8c0> 58 None () {'store_val': True}
2016-07-21 11:08:37,070 root DEBUG testcase.py               209   start                     : Test function parameters: args=(), kwds={'store_val': True}
2016-07-21 11:08:37,070 root DEBUG iutctl.py                 64    read                      : read
2016-07-21 11:08:37,335 root DEBUG btpparser.py              39    dec_hdr                   : dec_hdr, bytearray(b'\x02\x11\x00/\x00')
2016-07-21 11:08:37,336 root DEBUG iutctl.py                 78    read                      : Received: hdr: header(svc_id=2, op=17, ctrl_index=0, data_len=47) bytearray(b'\x02\x11\x00/\x00')
2016-07-21 11:08:37,340 root DEBUG btpparser.py              49    dec_data                  : dec_data, bytearray(b'\x00,\x00\x11"3DUfw\x88\x99\x00\x124Vx\x90\x124Vx\x90\x124Vx\x90\x124Vx\x90\x11"3DUfw\x88\x99\x00\x11"3D')
2016-07-21 11:08:37,341 root DEBUG iutctl.py                 91    read                      : Received data: ('\x00,\x00\x11"3DUfw\x88\x99\x00\x124Vx\x90\x124Vx\x90\x124Vx\x90\x124Vx\x90\x11"3DUfw\x88\x99\x00\x11"3D',), bytearray(b'\x00,\x00\x11"3DUfw\x88\x99\x00\x124Vx\x90\x124Vx\x90\x124Vx\x90\x124Vx\x90\x11"3DUfw\x88\x99\x00\x11"3D')
2016-07-21 11:08:37,341 root DEBUG btp.py                    1586  gattc_read_rsp            : gattc_read_rsp received header(svc_id=2, op=17, ctrl_index=0, data_len=47) ('\x00,\x00\x11"3DUfw\x88\x99\x00\x124Vx\x90\x124Vx\x90\x124Vx\x90\x124Vx\x90\x11"3DUfw\x88\x99\x00\x11"3D',)
2016-07-21 11:08:37,341 root DEBUG btp.py                    1591  gattc_read_rsp            : gattc_read_rsp 0 ('\x11"3DUfw\x88\x99\x00\x124Vx\x90\x124Vx\x90\x124Vx\x90\x124Vx\x90\x11"3DUfw\x88\x99\x00\x11"3D',)
2016-07-21 11:08:37,341 root DEBUG testcase.py               494   on_implicit_send          : Sending response 'OK'
2016-07-21 11:08:37,341 ClientCallback.on_implicit_send INFO autoptsclient_common.py   143   on_implicit_send          : test case returned on_implicit_send, response: OK
2016-07-21 11:08:37,342 ClientCallback.on_implicit_send INFO autoptsclient_common.py   151   on_implicit_send          : END OnImplicitSend:
2016-07-21 11:08:37,342 ClientCallback.on_implicit_send INFO autoptsclient_common.py   152   on_implicit_send          : ********************
2016-07-21 11:08:37,354 ClientCallback.on_implicit_send INFO autoptsclient_common.py   116   on_implicit_send          : ********************
2016-07-21 11:08:37,354 ClientCallback.on_implicit_send INFO autoptsclient_common.py   117   on_implicit_send          : BEGIN OnImplicitSend:
2016-07-21 11:08:37,354 ClientCallback.on_implicit_send INFO autoptsclient_common.py   118   on_implicit_send          : project_name: GATT
2016-07-21 11:08:37,354 ClientCallback.on_implicit_send INFO autoptsclient_common.py   119   on_implicit_send          : wid: 52
2016-07-21 11:08:37,355 ClientCallback.on_implicit_send INFO autoptsclient_common.py   120   on_implicit_send          : test_case_name: TC_GAR_CL_BV_07_C
2016-07-21 11:08:37,355 ClientCallback.on_implicit_send INFO autoptsclient_common.py   121   on_implicit_send          : description: Please confirm IUT Handle='d1'O characteristic value='1122334455667788990012345678901234567890123456789012345678901122334455667788990011223344'O in random selected adopted database. Click Yes if it matches the IUT, othwise click No.

Description: Verify that the Implementation Under Test (IUT) can send Read long characteristic to PTS random select adopted database.
2016-07-21 11:08:37,355 ClientCallback.on_implicit_send INFO autoptsclient_common.py   122   on_implicit_send          : style: MMI_Style_Yes_No1 0x11044
2016-07-21 11:08:37,355 ClientCallback.on_implicit_send INFO autoptsclient_common.py   124   on_implicit_send          : response: 1687860 <type 'int'> 16914960
2016-07-21 11:08:37,355 ClientCallback.on_implicit_send INFO autoptsclient_common.py   125   on_implicit_send          : response_size: 2048
2016-07-21 11:08:37,355 ClientCallback.on_implicit_send INFO autoptsclient_common.py   127   on_implicit_send          : response_is_present: 0 <type 'int'>
2016-07-21 11:08:37,355 ClientCallback.on_implicit_send INFO autoptsclient_common.py   131   on_implicit_send          : Calling test cases on_implicit_send
2016-07-21 11:08:37,356 root DEBUG testcase.py               467   on_implicit_send          : GATT TC_GAR_CL_BV_07_C on_implicit_send
2016-07-21 11:08:37,356 root DEBUG testcase.py               364   handle_mmi_style_yes_no1  : handle_mmi_style_yes_no1, 52 "Please confirm IUT Handle='d1'O characteristic value='1122334455667788990012345678901234567890123456789012345678901122334455667788990011223344'O in random selected adopted database. Click Yes if it matches the IUT, othwise click No.\n\nDescription: Verify that the Implementation Under Test (IUT) can send Read long characteristic to PTS random select adopted database."
2016-07-21 11:08:37,356 root DEBUG testcase.py               366   handle_mmi_style_yes_no1  : no_wid=None verify_wids={52: <function verify_description at 0x7f5db38d5848>}
2016-07-21 11:08:37,356 root DEBUG testcase.py               378   handle_mmi_style_yes_no1  : Starting verification of: {52: <function verify_description at 0x7f5db38d5848>}
2016-07-21 11:08:37,356 root DEBUG btp.py                    139   verify_description        : description="Please confirm IUT Handle='d1'O characteristic value='1122334455667788990012345678901234567890123456789012345678901122334455667788990011223344'O in random selected adopted database. Click Yes if it matches the IUT, othwise click No.\n\nDescription: Verify that the Implementation Under Test (IUT) can send Read long characteristic to PTS random select adopted database."
2016-07-21 11:08:37,356 root DEBUG btp.py                    142   verify_description        : Verifying values: ['1122334455667788990012345678901234567890123456789012345678901122334455667788990011223344']
2016-07-21 11:08:37,357 root DEBUG btp.py                    151   verify_description        : Verifying: '1122334455667788990012345678901234567890123456789012345678901122334455667788990011223344'
2016-07-21 11:08:37,357 root DEBUG btp.py                    157   verify_description        : All verifications passed
2016-07-21 11:08:37,357 root DEBUG testcase.py               408   handle_mmi_style_yes_no1  : All verifications passed
2016-07-21 11:08:37,357 root DEBUG testcase.py               494   on_implicit_send          : Sending response 'Yes'
2016-07-21 11:08:37,357 ClientCallback.on_implicit_send INFO autoptsclient_common.py   143   on_implicit_send          : test case returned on_implicit_send, response: Yes
2016-07-21 11:08:37,357 ClientCallback.on_implicit_send INFO autoptsclient_common.py   151   on_implicit_send          : END OnImplicitSend:
2016-07-21 11:08:37,357 ClientCallback.on_implicit_send INFO autoptsclient_common.py   152   on_implicit_send          : ********************
2016-07-21 11:08:37,369 ClientCallback.on_implicit_send INFO autoptsclient_common.py   116   on_implicit_send          : ********************
2016-07-21 11:08:37,369 ClientCallback.on_implicit_send INFO autoptsclient_common.py   117   on_implicit_send          : BEGIN OnImplicitSend:
2016-07-21 11:08:37,369 ClientCallback.on_implicit_send INFO autoptsclient_common.py   118   on_implicit_send          : project_name: GATT
2016-07-21 11:08:37,370 ClientCallback.on_implicit_send INFO autoptsclient_common.py   119   on_implicit_send          : wid: 58
2016-07-21 11:08:37,370 ClientCallback.on_implicit_send INFO autoptsclient_common.py   120   on_implicit_send          : test_case_name: TC_GAR_CL_BV_07_C
2016-07-21 11:08:37,370 ClientCallback.on_implicit_send INFO autoptsclient_common.py   121   on_implicit_send          : description: Please send read characteristic descriptor handle = '00C8'O to the PTS.

Description: Verify that the Implementation Under Test (IUT) can send Read characteristic descriptor.
2016-07-21 11:08:37,370 ClientCallback.on_implicit_send INFO autoptsclient_common.py   122   on_implicit_send          : style: MMI_Style_Ok_Cancel2 0x11141
2016-07-21 11:08:37,370 ClientCallback.on_implicit_send INFO autoptsclient_common.py   124   on_implicit_send          : response: 1687860 <type 'int'> 16914960
2016-07-21 11:08:37,370 ClientCallback.on_implicit_send INFO autoptsclient_common.py   125   on_implicit_send          : response_size: 2048
2016-07-21 11:08:37,370 ClientCallback.on_implicit_send INFO autoptsclient_common.py   127   on_implicit_send          : response_is_present: 0 <type 'int'>
2016-07-21 11:08:37,371 ClientCallback.on_implicit_send INFO autoptsclient_common.py   131   on_implicit_send          : Calling test cases on_implicit_send
2016-07-21 11:08:37,371 root DEBUG testcase.py               467   on_implicit_send          : GATT TC_GAR_CL_BV_07_C on_implicit_send
2016-07-21 11:08:37,371 root DEBUG testcase.py               59    parse_description         : parse_description "Please send read characteristic descriptor handle = '00C8'O to the PTS.\n\nDescription: Verify that the Implementation Under Test (IUT) can send Read characteristic descriptor."
2016-07-21 11:08:37,371 root DEBUG testcase.py               63    parse_description         : Parse result: ['00C8']
2016-07-21 11:08:37,371 root DEBUG testcase.py               201   start                     : Starting test function: ptsprojects.testcase.TestFunc <function gattc_read at 0x7f5db38edcf8> 58 None (0, '00:1B:DC:E0:37:6C', 'MMI_arg_value_1') {}
2016-07-21 11:08:37,371 root DEBUG testcase.py               78    process_args              : process_args: (0, '00:1B:DC:E0:37:6C', 'MMI_arg_value_1')
2016-07-21 11:08:37,371 root DEBUG testcase.py               79    process_args              : MMI.args now ['00C8']
2016-07-21 11:08:37,372 root DEBUG testcase.py               93    process_args              : returning (0, '00:1B:DC:E0:37:6C', '00C8')
2016-07-21 11:08:37,372 root DEBUG testcase.py               209   start                     : Test function parameters: args=(0, '00:1B:DC:E0:37:6C', '00C8'), kwds={}
2016-07-21 11:08:37,372 root DEBUG btp.py                    956   gattc_read                : gattc_read 0 '00:1B:DC:E0:37:6C' '00C8'
2016-07-21 11:08:37,372 root DEBUG iutctl.py                 98    send                      : send, 2 17 0 bytearray(b'\x00l7\xe0\xdc\x1b\x00\xc8\x00')
2016-07-21 11:08:37,372 root DEBUG iutctl.py                 108   send                      : btpclient command: send 2 17 0 006c37e0dc1b00c800
2016-07-21 11:08:37,372 root DEBUG btpparser.py              59    enc_frame                 : enc_frame, 2 17 0 bytearray(b'\x00l7\xe0\xdc\x1b\x00\xc8\x00')
2016-07-21 11:08:37,373 root DEBUG iutctl.py                 112   send                      : sending frame '\x02\x11\x00\t\x00\x00l7\xe0\xdc\x1b\x00\xc8\x00'
2016-07-21 11:08:37,373 root DEBUG testcase.py               201   start                     : Starting test function: ptsprojects.testcase.TestFunc <function gattc_read_rsp at 0x7f5db38ee8c0> 58 None () {'store_val': True}
2016-07-21 11:08:37,373 root DEBUG testcase.py               209   start                     : Test function parameters: args=(), kwds={'store_val': True}
2016-07-21 11:08:37,373 root DEBUG iutctl.py                 64    read                      : read
2016-07-21 11:08:37,535 root DEBUG btpparser.py              39    dec_hdr                   : dec_hdr, bytearray(b'\x02\x11\x00\x19\x00')
2016-07-21 11:08:37,536 root DEBUG iutctl.py                 78    read                      : Received: hdr: header(svc_id=2, op=17, ctrl_index=0, data_len=25) bytearray(b'\x02\x11\x00\x19\x00')
2016-07-21 11:08:37,538 root DEBUG btpparser.py              49    dec_data                  : dec_data, bytearray(b'\x00\x16\x00\x11"3DUfw\x88\x99\x00\x124Vx\x90\x124Vx\x90\x11"')
2016-07-21 11:08:37,538 root DEBUG iutctl.py                 91    read                      : Received data: ('\x00\x16\x00\x11"3DUfw\x88\x99\x00\x124Vx\x90\x124Vx\x90\x11"',), bytearray(b'\x00\x16\x00\x11"3DUfw\x88\x99\x00\x124Vx\x90\x124Vx\x90\x11"')
2016-07-21 11:08:37,539 root DEBUG btp.py                    1586  gattc_read_rsp            : gattc_read_rsp received header(svc_id=2, op=17, ctrl_index=0, data_len=25) ('\x00\x16\x00\x11"3DUfw\x88\x99\x00\x124Vx\x90\x124Vx\x90\x11"',)
2016-07-21 11:08:37,539 root DEBUG btp.py                    1591  gattc_read_rsp            : gattc_read_rsp 0 ('\x11"3DUfw\x88\x99\x00\x124Vx\x90\x124Vx\x90\x11"',)
2016-07-21 11:08:37,539 root DEBUG testcase.py               494   on_implicit_send          : Sending response 'OK'
2016-07-21 11:08:37,539 ClientCallback.on_implicit_send INFO autoptsclient_common.py   143   on_implicit_send          : test case returned on_implicit_send, response: OK
2016-07-21 11:08:37,539 ClientCallback.on_implicit_send INFO autoptsclient_common.py   151   on_implicit_send          : END OnImplicitSend:
2016-07-21 11:08:37,540 ClientCallback.on_implicit_send INFO autoptsclient_common.py   152   on_implicit_send          : ********************
2016-07-21 11:08:37,550 ClientCallback.on_implicit_send INFO autoptsclient_common.py   116   on_implicit_send          : ********************
2016-07-21 11:08:37,550 ClientCallback.on_implicit_send INFO autoptsclient_common.py   117   on_implicit_send          : BEGIN OnImplicitSend:
2016-07-21 11:08:37,550 ClientCallback.on_implicit_send INFO autoptsclient_common.py   118   on_implicit_send          : project_name: GATT
2016-07-21 11:08:37,550 ClientCallback.on_implicit_send INFO autoptsclient_common.py   119   on_implicit_send          : wid: 52
2016-07-21 11:08:37,551 ClientCallback.on_implicit_send INFO autoptsclient_common.py   120   on_implicit_send          : test_case_name: TC_GAR_CL_BV_07_C
2016-07-21 11:08:37,551 ClientCallback.on_implicit_send INFO autoptsclient_common.py   121   on_implicit_send          : description: Please confirm IUT Handle='c8'O characteristic value='11223344556677889900123456789012345678901122'O in random selected adopted database. Click Yes if it matches the IUT, othwise click No.

Description: Verify that the Implementation Under Test (IUT) can send Read long characteristic to PTS random select adopted database.
2016-07-21 11:08:37,551 ClientCallback.on_implicit_send INFO autoptsclient_common.py   122   on_implicit_send          : style: MMI_Style_Yes_No1 0x11044
2016-07-21 11:08:37,551 ClientCallback.on_implicit_send INFO autoptsclient_common.py   124   on_implicit_send          : response: 1687860 <type 'int'> 16914960
2016-07-21 11:08:37,551 ClientCallback.on_implicit_send INFO autoptsclient_common.py   125   on_implicit_send          : response_size: 2048
2016-07-21 11:08:37,551 ClientCallback.on_implicit_send INFO autoptsclient_common.py   127   on_implicit_send          : response_is_present: 0 <type 'int'>
2016-07-21 11:08:37,551 ClientCallback.on_implicit_send INFO autoptsclient_common.py   131   on_implicit_send          : Calling test cases on_implicit_send
2016-07-21 11:08:37,551 root DEBUG testcase.py               467   on_implicit_send          : GATT TC_GAR_CL_BV_07_C on_implicit_send
2016-07-21 11:08:37,552 root DEBUG testcase.py               364   handle_mmi_style_yes_no1  : handle_mmi_style_yes_no1, 52 "Please confirm IUT Handle='c8'O characteristic value='11223344556677889900123456789012345678901122'O in random selected adopted database. Click Yes if it matches the IUT, othwise click No.\n\nDescription: Verify that the Implementation Under Test (IUT) can send Read long characteristic to PTS random select adopted database."
2016-07-21 11:08:37,552 root DEBUG testcase.py               366   handle_mmi_style_yes_no1  : no_wid=None verify_wids={52: <function verify_description at 0x7f5db38d5848>}
2016-07-21 11:08:37,552 root DEBUG testcase.py               378   handle_mmi_style_yes_no1  : Starting verification of: {52: <function verify_description at 0x7f5db38d5848>}
2016-07-21 11:08:37,552 root DEBUG btp.py                    139   verify_description        : description="Please confirm IUT Handle='c8'O characteristic value='11223344556677889900123456789012345678901122'O in random selected adopted database. Click Yes if it matches the IUT, othwise click No.\n\nDescription: Verify that the Implementation Under Test (IUT) can send Read long characteristic to PTS random select adopted database."
2016-07-21 11:08:37,552 root DEBUG btp.py                    142   verify_description        : Verifying values: ['11223344556677889900123456789012345678901122']
2016-07-21 11:08:37,552 root DEBUG btp.py                    151   verify_description        : Verifying: '11223344556677889900123456789012345678901122'
2016-07-21 11:08:37,553 root DEBUG btp.py                    157   verify_description        : All verifications passed
2016-07-21 11:08:37,553 root DEBUG testcase.py               408   handle_mmi_style_yes_no1  : All verifications passed
2016-07-21 11:08:37,553 root DEBUG testcase.py               494   on_implicit_send          : Sending response 'Yes'
2016-07-21 11:08:37,553 ClientCallback.on_implicit_send INFO autoptsclient_common.py   143   on_implicit_send          : test case returned on_implicit_send, response: Yes
2016-07-21 11:08:37,553 ClientCallback.on_implicit_send INFO autoptsclient_common.py   151   on_implicit_send          : END OnImplicitSend:
2016-07-21 11:08:37,553 ClientCallback.on_implicit_send INFO autoptsclient_common.py   152   on_implicit_send          : ********************
2016-07-21 11:08:37,563 ClientCallback.on_implicit_send INFO autoptsclient_common.py   116   on_implicit_send          : ********************
2016-07-21 11:08:37,564 ClientCallback.on_implicit_send INFO autoptsclient_common.py   117   on_implicit_send          : BEGIN OnImplicitSend:
2016-07-21 11:08:37,564 ClientCallback.on_implicit_send INFO autoptsclient_common.py   118   on_implicit_send          : project_name: GATT
2016-07-21 11:08:37,564 ClientCallback.on_implicit_send INFO autoptsclient_common.py   119   on_implicit_send          : wid: 58
2016-07-21 11:08:37,564 ClientCallback.on_implicit_send INFO autoptsclient_common.py   120   on_implicit_send          : test_case_name: TC_GAR_CL_BV_07_C
2016-07-21 11:08:37,564 ClientCallback.on_implicit_send INFO autoptsclient_common.py   121   on_implicit_send          : description: Please send read characteristic descriptor handle = '01F4'O to the PTS.

Description: Verify that the Implementation Under Test (IUT) can send Read characteristic descriptor.
2016-07-21 11:08:37,564 ClientCallback.on_implicit_send INFO autoptsclient_common.py   122   on_implicit_send          : style: MMI_Style_Ok_Cancel2 0x11141
2016-07-21 11:08:37,565 ClientCallback.on_implicit_send INFO autoptsclient_common.py   124   on_implicit_send          : response: 1687860 <type 'int'> 16914960
2016-07-21 11:08:37,565 ClientCallback.on_implicit_send INFO autoptsclient_common.py   125   on_implicit_send          : response_size: 2048
2016-07-21 11:08:37,565 ClientCallback.on_implicit_send INFO autoptsclient_common.py   127   on_implicit_send          : response_is_present: 0 <type 'int'>
2016-07-21 11:08:37,565 ClientCallback.on_implicit_send INFO autoptsclient_common.py   131   on_implicit_send          : Calling test cases on_implicit_send
2016-07-21 11:08:37,565 root DEBUG testcase.py               467   on_implicit_send          : GATT TC_GAR_CL_BV_07_C on_implicit_send
2016-07-21 11:08:37,565 root DEBUG testcase.py               59    parse_description         : parse_description "Please send read characteristic descriptor handle = '01F4'O to the PTS.\n\nDescription: Verify that the Implementation Under Test (IUT) can send Read characteristic descriptor."
2016-07-21 11:08:37,565 root DEBUG testcase.py               63    parse_description         : Parse result: ['01F4']
2016-07-21 11:08:37,566 root DEBUG testcase.py               201   start                     : Starting test function: ptsprojects.testcase.TestFunc <function gattc_read at 0x7f5db38edcf8> 58 None (0, '00:1B:DC:E0:37:6C', 'MMI_arg_value_1') {}
2016-07-21 11:08:37,566 root DEBUG testcase.py               78    process_args              : process_args: (0, '00:1B:DC:E0:37:6C', 'MMI_arg_value_1')
2016-07-21 11:08:37,566 root DEBUG testcase.py               79    process_args              : MMI.args now ['01F4']
2016-07-21 11:08:37,566 root DEBUG testcase.py               93    process_args              : returning (0, '00:1B:DC:E0:37:6C', '01F4')
2016-07-21 11:08:37,566 root DEBUG testcase.py               209   start                     : Test function parameters: args=(0, '00:1B:DC:E0:37:6C', '01F4'), kwds={}
2016-07-21 11:08:37,566 root DEBUG btp.py                    956   gattc_read                : gattc_read 0 '00:1B:DC:E0:37:6C' '01F4'
2016-07-21 11:08:37,566 root DEBUG iutctl.py                 98    send                      : send, 2 17 0 bytearray(b'\x00l7\xe0\xdc\x1b\x00\xf4\x01')
2016-07-21 11:08:37,567 root DEBUG iutctl.py                 108   send                      : btpclient command: send 2 17 0 006c37e0dc1b00f401
2016-07-21 11:08:37,567 root DEBUG btpparser.py              59    enc_frame                 : enc_frame, 2 17 0 bytearray(b'\x00l7\xe0\xdc\x1b\x00\xf4\x01')
2016-07-21 11:08:37,567 root DEBUG iutctl.py                 112   send                      : sending frame '\x02\x11\x00\t\x00\x00l7\xe0\xdc\x1b\x00\xf4\x01'
2016-07-21 11:08:37,567 root DEBUG testcase.py               201   start                     : Starting test function: ptsprojects.testcase.TestFunc <function gattc_read_rsp at 0x7f5db38ee8c0> 58 None () {'store_val': True}
2016-07-21 11:08:37,567 root DEBUG testcase.py               209   start                     : Test function parameters: args=(), kwds={'store_val': True}
2016-07-21 11:08:37,567 root DEBUG iutctl.py                 64    read                      : read
2016-07-21 11:08:37,636 root DEBUG btpparser.py              39    dec_hdr                   : dec_hdr, bytearray(b'\x02\x11\x00\n\x00')
2016-07-21 11:08:37,637 root DEBUG iutctl.py                 78    read                      : Received: hdr: header(svc_id=2, op=17, ctrl_index=0, data_len=10) bytearray(b'\x02\x11\x00\n\x00')
2016-07-21 11:08:37,638 root DEBUG btpparser.py              49    dec_data                  : dec_data, bytearray(b"\x00\x07\x00\x0c\x00\x00\'\x01\x04\x00")
2016-07-21 11:08:37,638 root DEBUG iutctl.py                 91    read                      : Received data: ("\x00\x07\x00\x0c\x00\x00'\x01\x04\x00",), bytearray(b"\x00\x07\x00\x0c\x00\x00\'\x01\x04\x00")
2016-07-21 11:08:37,638 root DEBUG btp.py                    1586  gattc_read_rsp            : gattc_read_rsp received header(svc_id=2, op=17, ctrl_index=0, data_len=10) ("\x00\x07\x00\x0c\x00\x00'\x01\x04\x00",)
2016-07-21 11:08:37,638 root DEBUG btp.py                    1591  gattc_read_rsp            : gattc_read_rsp 0 ("\x0c\x00\x00'\x01\x04\x00",)
2016-07-21 11:08:37,638 root DEBUG testcase.py               494   on_implicit_send          : Sending response 'OK'
2016-07-21 11:08:37,638 ClientCallback.on_implicit_send INFO autoptsclient_common.py   143   on_implicit_send          : test case returned on_implicit_send, response: OK
2016-07-21 11:08:37,639 ClientCallback.on_implicit_send INFO autoptsclient_common.py   151   on_implicit_send          : END OnImplicitSend:
2016-07-21 11:08:37,639 ClientCallback.on_implicit_send INFO autoptsclient_common.py   152   on_implicit_send          : ********************
2016-07-21 11:08:37,648 ClientCallback.on_implicit_send INFO autoptsclient_common.py   116   on_implicit_send          : ********************
2016-07-21 11:08:37,649 ClientCallback.on_implicit_send INFO autoptsclient_common.py   117   on_implicit_send          : BEGIN OnImplicitSend:
2016-07-21 11:08:37,649 ClientCallback.on_implicit_send INFO autoptsclient_common.py   118   on_implicit_send          : project_name: GATT
2016-07-21 11:08:37,649 ClientCallback.on_implicit_send INFO autoptsclient_common.py   119   on_implicit_send          : wid: 52
2016-07-21 11:08:37,649 ClientCallback.on_implicit_send INFO autoptsclient_common.py   120   on_implicit_send          : test_case_name: TC_GAR_CL_BV_07_C
2016-07-21 11:08:37,649 ClientCallback.on_implicit_send INFO autoptsclient_common.py   121   on_implicit_send          : description: Please confirm IUT Handle='1f4'O characteristic value='0C000027010400'O in random selected adopted database. Click Yes if it matches the IUT, othwise click No.

Description: Verify that the Implementation Under Test (IUT) can send Read long characteristic to PTS random select adopted database.
2016-07-21 11:08:37,650 ClientCallback.on_implicit_send INFO autoptsclient_common.py   122   on_implicit_send          : style: MMI_Style_Yes_No1 0x11044
2016-07-21 11:08:37,650 ClientCallback.on_implicit_send INFO autoptsclient_common.py   124   on_implicit_send          : response: 1687860 <type 'int'> 16914960
2016-07-21 11:08:37,650 ClientCallback.on_implicit_send INFO autoptsclient_common.py   125   on_implicit_send          : response_size: 2048
2016-07-21 11:08:37,650 ClientCallback.on_implicit_send INFO autoptsclient_common.py   127   on_implicit_send          : response_is_present: 0 <type 'int'>
2016-07-21 11:08:37,650 ClientCallback.on_implicit_send INFO autoptsclient_common.py   131   on_implicit_send          : Calling test cases on_implicit_send
2016-07-21 11:08:37,651 root DEBUG testcase.py               467   on_implicit_send          : GATT TC_GAR_CL_BV_07_C on_implicit_send
2016-07-21 11:08:37,651 root DEBUG testcase.py               364   handle_mmi_style_yes_no1  : handle_mmi_style_yes_no1, 52 "Please confirm IUT Handle='1f4'O characteristic value='0C000027010400'O in random selected adopted database. Click Yes if it matches the IUT, othwise click No.\n\nDescription: Verify that the Implementation Under Test (IUT) can send Read long characteristic to PTS random select adopted database."
2016-07-21 11:08:37,651 root DEBUG testcase.py               366   handle_mmi_style_yes_no1  : no_wid=None verify_wids={52: <function verify_description at 0x7f5db38d5848>}
2016-07-21 11:08:37,651 root DEBUG testcase.py               378   handle_mmi_style_yes_no1  : Starting verification of: {52: <function verify_description at 0x7f5db38d5848>}
2016-07-21 11:08:37,651 root DEBUG btp.py                    139   verify_description        : description="Please confirm IUT Handle='1f4'O characteristic value='0C000027010400'O in random selected adopted database. Click Yes if it matches the IUT, othwise click No.\n\nDescription: Verify that the Implementation Under Test (IUT) can send Read long characteristic to PTS random select adopted database."
2016-07-21 11:08:37,651 root DEBUG btp.py                    142   verify_description        : Verifying values: ['0C000027010400']
2016-07-21 11:08:37,652 root DEBUG btp.py                    151   verify_description        : Verifying: '0C000027010400'
2016-07-21 11:08:37,652 root DEBUG btp.py                    157   verify_description        : All verifications passed
2016-07-21 11:08:37,652 root DEBUG testcase.py               408   handle_mmi_style_yes_no1  : All verifications passed
2016-07-21 11:08:37,652 root DEBUG testcase.py               494   on_implicit_send          : Sending response 'Yes'
2016-07-21 11:08:37,652 ClientCallback.on_implicit_send INFO autoptsclient_common.py   143   on_implicit_send          : test case returned on_implicit_send, response: Yes
2016-07-21 11:08:37,652 ClientCallback.on_implicit_send INFO autoptsclient_common.py   151   on_implicit_send          : END OnImplicitSend:
2016-07-21 11:08:37,652 ClientCallback.on_implicit_send INFO autoptsclient_common.py   152   on_implicit_send          : ********************
2016-07-21 11:08:37,663 ClientCallback.on_implicit_send INFO autoptsclient_common.py   116   on_implicit_send          : ********************
2016-07-21 11:08:37,664 ClientCallback.on_implicit_send INFO autoptsclient_common.py   117   on_implicit_send          : BEGIN OnImplicitSend:
2016-07-21 11:08:37,664 ClientCallback.on_implicit_send INFO autoptsclient_common.py   118   on_implicit_send          : project_name: GATT
2016-07-21 11:08:37,664 ClientCallback.on_implicit_send INFO autoptsclient_common.py   119   on_implicit_send          : wid: 3
2016-07-21 11:08:37,664 ClientCallback.on_implicit_send INFO autoptsclient_common.py   120   on_implicit_send          : test_case_name: TC_GAR_CL_BV_07_C
2016-07-21 11:08:37,664 ClientCallback.on_implicit_send INFO autoptsclient_common.py   121   on_implicit_send          : description: Please initiate a GATT disconnection to the PTS.

Description: Verify that the Implementation Under Test (IUT) can initiate GATT disconnect request to PTS
2016-07-21 11:08:37,664 ClientCallback.on_implicit_send INFO autoptsclient_common.py   122   on_implicit_send          : style: MMI_Style_Ok_Cancel2 0x11141
2016-07-21 11:08:37,664 ClientCallback.on_implicit_send INFO autoptsclient_common.py   124   on_implicit_send          : response: 1687860 <type 'int'> 16914960
2016-07-21 11:08:37,664 ClientCallback.on_implicit_send INFO autoptsclient_common.py   125   on_implicit_send          : response_size: 2048
2016-07-21 11:08:37,665 ClientCallback.on_implicit_send INFO autoptsclient_common.py   127   on_implicit_send          : response_is_present: 0 <type 'int'>
2016-07-21 11:08:37,665 ClientCallback.on_implicit_send INFO autoptsclient_common.py   131   on_implicit_send          : Calling test cases on_implicit_send
2016-07-21 11:08:37,665 root DEBUG testcase.py               467   on_implicit_send          : GATT TC_GAR_CL_BV_07_C on_implicit_send
2016-07-21 11:08:37,665 root DEBUG testcase.py               201   start                     : Starting test function: ptsprojects.testcase.TestFunc <function gap_disconn at 0x7f5db38d5de8> 3 None ('00:1B:DC:E0:37:6C', 0) {}
2016-07-21 11:08:37,665 root DEBUG testcase.py               209   start                     : Test function parameters: args=('00:1B:DC:E0:37:6C', 0), kwds={}
2016-07-21 11:08:37,666 root DEBUG btp.py                    365   gap_disconn               : gap_disconn '00:1B:DC:E0:37:6C' 0
2016-07-21 11:08:37,666 root DEBUG iutctl.py                 98    send                      : send, 1 15 0 bytearray(b'\x00l7\xe0\xdc\x1b\x00')
2016-07-21 11:08:37,666 root DEBUG iutctl.py                 108   send                      : btpclient command: send 1 15 0 006c37e0dc1b00
2016-07-21 11:08:37,666 root DEBUG btpparser.py              59    enc_frame                 : enc_frame, 1 15 0 bytearray(b'\x00l7\xe0\xdc\x1b\x00')
2016-07-21 11:08:37,666 root DEBUG iutctl.py                 112   send                      : sending frame '\x01\x0f\x00\x07\x00\x00l7\xe0\xdc\x1b\x00'
2016-07-21 11:08:37,666 root DEBUG btp.py                    588   gap_command_rsp_succ      : gap_command_rsp_succ
2016-07-21 11:08:37,667 root DEBUG iutctl.py                 64    read                      : read
2016-07-21 11:08:37,669 root DEBUG btpparser.py              39    dec_hdr                   : dec_hdr, bytearray(b'\x01\x0f\x00\x00\x00')
2016-07-21 11:08:37,670 root DEBUG iutctl.py                 78    read                      : Received: hdr: header(svc_id=1, op=15, ctrl_index=0, data_len=0) bytearray(b'\x01\x0f\x00\x00\x00')
2016-07-21 11:08:37,670 root DEBUG btpparser.py              49    dec_data                  : dec_data, bytearray(b'')
2016-07-21 11:08:37,670 root DEBUG iutctl.py                 91    read                      : Received data: ('',), bytearray(b'')
2016-07-21 11:08:37,671 root DEBUG btp.py                    593   gap_command_rsp_succ      : received header(svc_id=1, op=15, ctrl_index=0, data_len=0) ('',)
2016-07-21 11:08:37,671 root DEBUG testcase.py               201   start                     : Starting test function: ptsprojects.testcase.TestFunc <function gap_disconnected_ev at 0x7f5db38d5d70> 3 None ('00:1B:DC:E0:37:6C', 0) {}
2016-07-21 11:08:37,671 root DEBUG testcase.py               209   start                     : Test function parameters: args=('00:1B:DC:E0:37:6C', 0), kwds={}
2016-07-21 11:08:37,671 root DEBUG btp.py                    345   gap_disconnected_ev       : gap_disconnected_ev '00:1B:DC:E0:37:6C' 0
2016-07-21 11:08:37,671 root DEBUG iutctl.py                 64    read                      : read
2016-07-21 11:08:37,686 root DEBUG btpparser.py              39    dec_hdr                   : dec_hdr, bytearray(b'\x01\x83\x00\x07\x00')
2016-07-21 11:08:37,687 root DEBUG iutctl.py                 78    read                      : Received: hdr: header(svc_id=1, op=131, ctrl_index=0, data_len=7) bytearray(b'\x01\x83\x00\x07\x00')
2016-07-21 11:08:37,687 root DEBUG btpparser.py              49    dec_data                  : dec_data, bytearray(b'l7\xe0\xdc\x1b\x00\x00')
2016-07-21 11:08:37,687 root DEBUG iutctl.py                 91    read                      : Received data: ('l7\xe0\xdc\x1b\x00\x00',), bytearray(b'l7\xe0\xdc\x1b\x00\x00')
2016-07-21 11:08:37,688 root DEBUG btp.py                    349   gap_disconnected_ev       : received header(svc_id=1, op=131, ctrl_index=0, data_len=7) ('l7\xe0\xdc\x1b\x00\x00',)
2016-07-21 11:08:37,688 root DEBUG testcase.py               494   on_implicit_send          : Sending response 'OK'
2016-07-21 11:08:37,688 ClientCallback.on_implicit_send INFO autoptsclient_common.py   143   on_implicit_send          : test case returned on_implicit_send, response: OK
2016-07-21 11:08:37,688 ClientCallback.on_implicit_send INFO autoptsclient_common.py   151   on_implicit_send          : END OnImplicitSend:
2016-07-21 11:08:37,688 ClientCallback.on_implicit_send INFO autoptsclient_common.py   152   on_implicit_send          : ********************
2016-07-21 11:08:40,317 ClientCallback.log INFO autoptsclient_common.py   82    log                       : PTS_LOGTYPE_START_TEST Start Test Case 

+0 ms
 TC_GAR_CL_BV_07_C

2016-07-21 11:08:40,317 root DEBUG testcase.py               358   log                       : New status GATT TC_GAR_CL_BV_07_C - Started
2016-07-21 11:08:40,662 ClientCallback.log INFO autoptsclient_common.py   82    log                       : PTS_LOGTYPE_FINAL_VERDICT Final Verdict 

+10265 ms
 PASS

2016-07-21 11:08:40,663 root DEBUG testcase.py               358   log                       : New status GATT TC_GAR_CL_BV_07_C - PASS
2016-07-21 11:08:40,670 ClientCallback.log INFO autoptsclient_common.py   82    log                       : PTS_LOGTYPE_FINAL_VERDICT Encrypted Verdict 

+10265 ms
 A1#ZWY4MzQ5MDg3MmQwNTIxOGQzMzQ5YjY2ODA5M2MzNjQ5ZDY4NmY0Yjc2MzIzM2VkNTUyNTFhNGU4Mjg1MjI0NA==#qAKJAzAOegRSBs8l6oD3ftJVews4BGXDNYV8LNR/RVp3r47vTQ/YAw==

2016-07-21 11:08:40,677 ClientCallback.log INFO autoptsclient_common.py   82    log                       : PTS_LOGTYPE_END_TEST Test Case Ended 

+10265 ms
 TC_GAR_CL_BV_07_C

2016-07-21 11:08:40,790 root DEBUG testcase.py               518   post_run                  : post_run GATT TC_GAR_CL_BV_07_C 
2016-07-21 11:08:40,791 root DEBUG testcase.py               201   start                     : Starting test function: ptsprojects.testcase.TestFuncCleanUp <bound method ZephyrCtl.stop of <ptsprojects.zephyr.iutctl.ZephyrCtl instance at 0x7f5db38fafc8>> None None () {}
2016-07-21 11:08:40,791 root DEBUG testcase.py               209   start                     : Test function parameters: args=(), kwds={}
2016-07-21 11:08:40,791 root DEBUG iutctl.py                 207   stop                      : ptsprojects.zephyr.iutctl.ZephyrCtl.stop
2016-07-21 11:08:43,794 root DEBUG autoptsclient_common.py   395   run_test_case             : Done TestCase wrapper GATT TC_GAR_CL_BV_07_C
