2016-07-20 14:30:18,612 root DEBUG autoptsclient_common.py   349   run_test_case             : Starting TestCase wrapper SM TC_OOB_BV_05_C
2016-07-20 14:30:18,612 root DEBUG testcase.py               499   pre_run                   : pre_run SM TC_OOB_BV_05_C
2016-07-20 14:30:18,612 root DEBUG testcase.py               502   pre_run                   : About to run test case SM TC_OOB_BV_05_C with commands:
2016-07-20 14:30:18,612 root DEBUG testcase.py               504   pre_run                   : 0) ptsprojects.testcase.TestFunc <bound method ZephyrCtl.start of <ptsprojects.zephyr.iutctl.ZephyrCtl instance at 0x7f29e39373f8>> None None () {}
2016-07-20 14:30:18,612 root DEBUG testcase.py               504   pre_run                   : 1) ptsprojects.testcase.TestFunc <function core_reg_svc_gap at 0x7f29e3909a28> None None () {}
2016-07-20 14:30:18,613 root DEBUG testcase.py               504   pre_run                   : 2) ptsprojects.testcase.TestFunc <function gap_set_io_cap at 0x7f29e3909e60> None None (0,) {}
2016-07-20 14:30:18,613 root DEBUG testcase.py               504   pre_run                   : 3) ptsprojects.testcase.TestFunc <function gap_conn at 0x7f29e3909cf8> 100 None ('00:1B:DC:E0:37:6C', 0) {}
2016-07-20 14:30:18,613 root DEBUG testcase.py               504   pre_run                   : 4) ptsprojects.testcase.TestFunc <function gap_connected_ev at 0x7f29e3909c80> 100 None ('00:1B:DC:E0:37:6C', 0) {}
2016-07-20 14:30:18,613 root DEBUG testcase.py               504   pre_run                   : 5) ptsprojects.testcase.TestFunc <function gap_pair at 0x7f29e3909ed8> 100 None ('00:1B:DC:E0:37:6C', 0) {}
2016-07-20 14:30:18,613 root DEBUG testcase.py               504   pre_run                   : 6) ptsprojects.testcase.TestFunc <function gap_passkey_disp_ev at 0x7f29e39200c8> 100 None ('00:1B:DC:E0:37:6C', 0, True) {}
2016-07-20 14:30:18,613 root DEBUG testcase.py               504   pre_run                   : 7) ptsprojects.testcase.TestFuncCleanUp <bound method ZephyrCtl.stop of <ptsprojects.zephyr.iutctl.ZephyrCtl instance at 0x7f29e39373f8>> None None () {}
2016-07-20 14:30:18,614 root DEBUG testcase.py               201   start                     : Starting test function: ptsprojects.testcase.TestFunc <bound method ZephyrCtl.start of <ptsprojects.zephyr.iutctl.ZephyrCtl instance at 0x7f29e39373f8>> None None () {}
2016-07-20 14:30:18,614 root DEBUG testcase.py               209   start                     : Test function parameters: args=(), kwds={}
2016-07-20 14:30:18,614 root DEBUG iutctl.py                 173   start                     : ptsprojects.zephyr.iutctl.ZephyrCtl.start
2016-07-20 14:30:18,614 root DEBUG iutctl.py                 160   reset_board               : About to reset DUT: "/home/skamrmar/bin/zflash/openocd/bin/openocd -s /home/skamrmar/bin/zflash/openocd/share/scripts -f /home/skamrmar/bin/zflash/boards/mountatlas/openocd.cfg -c 'init' -c 'reset run' -c 'shutdown'"
2016-07-20 14:30:20,621 root DEBUG iutctl.py                 184   start                     : Starting socat process: socat -x -v /dev/ttyUSB1,raw,b115200 UNIX-CONNECT:/tmp/bt-stack-tester
2016-07-20 14:30:20,623 root DEBUG iutctl.py                 56    accept                    : accept
2016-07-20 14:30:20,626 root DEBUG testcase.py               201   start                     : Starting test function: ptsprojects.testcase.TestFunc <function core_reg_svc_gap at 0x7f29e3909a28> None None () {}
2016-07-20 14:30:20,626 root DEBUG testcase.py               209   start                     : Test function parameters: args=(), kwds={}
2016-07-20 14:30:20,627 root DEBUG btp.py                    226   core_reg_svc_gap          : core_reg_svc_gap
2016-07-20 14:30:20,627 root DEBUG iutctl.py                 98    send                      : send, 0 3 255 1
2016-07-20 14:30:20,627 root DEBUG iutctl.py                 108   send                      : btpclient command: send 0 3 255 01
2016-07-20 14:30:20,627 root DEBUG btpparser.py              59    enc_frame                 : enc_frame, 0 3 255 '\x01'
2016-07-20 14:30:20,627 root DEBUG iutctl.py                 112   send                      : sending frame '\x00\x03\xff\x01\x00\x01'
2016-07-20 14:30:22,186 root DEBUG btp.py                    246   core_reg_svc_rsp_succ     : core_reg_svc_rsp_succ
2016-07-20 14:30:22,186 root DEBUG iutctl.py                 64    read                      : read
2016-07-20 14:30:22,704 root DEBUG btpparser.py              39    dec_hdr                   : dec_hdr, bytearray(b'\x00\x03\xff\x00\x00')
2016-07-20 14:30:22,705 root DEBUG iutctl.py                 78    read                      : Received: hdr: header(svc_id=0, op=3, ctrl_index=255, data_len=0) bytearray(b'\x00\x03\xff\x00\x00')
2016-07-20 14:30:22,705 root DEBUG btpparser.py              49    dec_data                  : dec_data, bytearray(b'')
2016-07-20 14:30:22,705 root DEBUG iutctl.py                 91    read                      : Received data: ('',), bytearray(b'')
2016-07-20 14:30:22,706 root DEBUG btp.py                    257   core_reg_svc_rsp_succ     : received header(svc_id=0, op=3, ctrl_index=255, data_len=0) ('',)
2016-07-20 14:30:22,706 root DEBUG btp.py                    258   core_reg_svc_rsp_succ     : expected ((0, 3, 255, 0), ('',))
2016-07-20 14:30:22,706 root DEBUG btp.py                    264   core_reg_svc_rsp_succ     : response is valid
2016-07-20 14:30:22,706 root DEBUG testcase.py               201   start                     : Starting test function: ptsprojects.testcase.TestFunc <function gap_set_io_cap at 0x7f29e3909e60> None None (0,) {}
2016-07-20 14:30:22,706 root DEBUG testcase.py               209   start                     : Test function parameters: args=(0,), kwds={}
2016-07-20 14:30:22,706 root DEBUG btp.py                    380   gap_set_io_cap            : gap_set_io_cap 0
2016-07-20 14:30:22,707 root DEBUG iutctl.py                 98    send                      : send, 1 16 0 '\x00'
2016-07-20 14:30:22,707 root DEBUG iutctl.py                 108   send                      : btpclient command: send 1 16 0 00
2016-07-20 14:30:22,707 root DEBUG btpparser.py              59    enc_frame                 : enc_frame, 1 16 0 '\x00'
2016-07-20 14:30:22,707 root DEBUG iutctl.py                 112   send                      : sending frame '\x01\x10\x00\x01\x00\x00'
2016-07-20 14:30:22,707 root DEBUG btp.py                    588   gap_command_rsp_succ      : gap_command_rsp_succ
2016-07-20 14:30:22,707 root DEBUG iutctl.py                 64    read                      : read
2016-07-20 14:30:22,710 root DEBUG btpparser.py              39    dec_hdr                   : dec_hdr, bytearray(b'\x01\x10\x00\x00\x00')
2016-07-20 14:30:22,711 root DEBUG iutctl.py                 78    read                      : Received: hdr: header(svc_id=1, op=16, ctrl_index=0, data_len=0) bytearray(b'\x01\x10\x00\x00\x00')
2016-07-20 14:30:22,711 root DEBUG btpparser.py              49    dec_data                  : dec_data, bytearray(b'')
2016-07-20 14:30:22,711 root DEBUG iutctl.py                 91    read                      : Received data: ('',), bytearray(b'')
2016-07-20 14:30:22,711 root DEBUG btp.py                    593   gap_command_rsp_succ      : received header(svc_id=1, op=16, ctrl_index=0, data_len=0) ('',)
2016-07-20 14:30:31,657 ClientCallback.on_implicit_send INFO autoptsclient_common.py   116   on_implicit_send          : ********************
2016-07-20 14:30:31,657 ClientCallback.on_implicit_send INFO autoptsclient_common.py   117   on_implicit_send          : BEGIN OnImplicitSend:
2016-07-20 14:30:31,657 ClientCallback.on_implicit_send INFO autoptsclient_common.py   118   on_implicit_send          : project_name: SM
2016-07-20 14:30:31,658 ClientCallback.on_implicit_send INFO autoptsclient_common.py   119   on_implicit_send          : wid: 100
2016-07-20 14:30:31,658 ClientCallback.on_implicit_send INFO autoptsclient_common.py   120   on_implicit_send          : test_case_name: TC_OOB_BV_05_C
2016-07-20 14:30:31,658 ClientCallback.on_implicit_send INFO autoptsclient_common.py   121   on_implicit_send          : description:  Initiate an L2CAP connection from the IUT to the PTS

Description: The Implementation Under Test (IUT) should initiate an ACL connection by sending a connection request to PTS.

Note: Tester is waiting for L2CAP_LE_CONNECTED, IUT might need to send pairing request.  
2016-07-20 14:30:31,658 ClientCallback.on_implicit_send INFO autoptsclient_common.py   122   on_implicit_send          : style: MMI_Style_Ok_Cancel2 0x11141
2016-07-20 14:30:31,658 ClientCallback.on_implicit_send INFO autoptsclient_common.py   124   on_implicit_send          : response: 3062888 <type 'int'> 23752936
2016-07-20 14:30:31,659 ClientCallback.on_implicit_send INFO autoptsclient_common.py   125   on_implicit_send          : response_size: 2048
2016-07-20 14:30:31,659 ClientCallback.on_implicit_send INFO autoptsclient_common.py   127   on_implicit_send          : response_is_present: 0 <type 'int'>
2016-07-20 14:30:31,659 ClientCallback.on_implicit_send INFO autoptsclient_common.py   131   on_implicit_send          : Calling test cases on_implicit_send
2016-07-20 14:30:31,659 root DEBUG testcase.py               467   on_implicit_send          : SM TC_OOB_BV_05_C on_implicit_send
2016-07-20 14:30:31,659 root DEBUG testcase.py               201   start                     : Starting test function: ptsprojects.testcase.TestFunc <function gap_conn at 0x7f29e3909cf8> 100 None ('00:1B:DC:E0:37:6C', 0) {}
2016-07-20 14:30:31,659 root DEBUG testcase.py               209   start                     : Test function parameters: args=('00:1B:DC:E0:37:6C', 0), kwds={}
2016-07-20 14:30:31,659 root DEBUG btp.py                    329   gap_conn                  : gap_conn '00:1B:DC:E0:37:6C' 0
2016-07-20 14:30:31,660 root DEBUG iutctl.py                 98    send                      : send, 1 14 0 bytearray(b'\x00l7\xe0\xdc\x1b\x00')
2016-07-20 14:30:31,660 root DEBUG iutctl.py                 108   send                      : btpclient command: send 1 14 0 006c37e0dc1b00
2016-07-20 14:30:31,660 root DEBUG btpparser.py              59    enc_frame                 : enc_frame, 1 14 0 bytearray(b'\x00l7\xe0\xdc\x1b\x00')
2016-07-20 14:30:31,660 root DEBUG iutctl.py                 112   send                      : sending frame '\x01\x0e\x00\x07\x00\x00l7\xe0\xdc\x1b\x00'
2016-07-20 14:30:31,660 root DEBUG btp.py                    588   gap_command_rsp_succ      : gap_command_rsp_succ
2016-07-20 14:30:31,660 root DEBUG iutctl.py                 64    read                      : read
2016-07-20 14:30:31,665 root DEBUG btpparser.py              39    dec_hdr                   : dec_hdr, bytearray(b'\x01\x0e\x00\x00\x00')
2016-07-20 14:30:31,666 root DEBUG iutctl.py                 78    read                      : Received: hdr: header(svc_id=1, op=14, ctrl_index=0, data_len=0) bytearray(b'\x01\x0e\x00\x00\x00')
2016-07-20 14:30:31,666 root DEBUG btpparser.py              49    dec_data                  : dec_data, bytearray(b'')
2016-07-20 14:30:31,666 root DEBUG iutctl.py                 91    read                      : Received data: ('',), bytearray(b'')
2016-07-20 14:30:31,666 root DEBUG btp.py                    593   gap_command_rsp_succ      : received header(svc_id=1, op=14, ctrl_index=0, data_len=0) ('',)
2016-07-20 14:30:31,666 root DEBUG testcase.py               201   start                     : Starting test function: ptsprojects.testcase.TestFunc <function gap_connected_ev at 0x7f29e3909c80> 100 None ('00:1B:DC:E0:37:6C', 0) {}
2016-07-20 14:30:31,666 root DEBUG testcase.py               209   start                     : Test function parameters: args=('00:1B:DC:E0:37:6C', 0), kwds={}
2016-07-20 14:30:31,666 root DEBUG btp.py                    309   gap_connected_ev          : gap_connected_ev '00:1B:DC:E0:37:6C' 0
2016-07-20 14:30:31,667 root DEBUG iutctl.py                 64    read                      : read
2016-07-20 14:30:31,969 root DEBUG btpparser.py              39    dec_hdr                   : dec_hdr, bytearray(b'\x01\x82\x00\x07\x00')
2016-07-20 14:30:31,970 root DEBUG iutctl.py                 78    read                      : Received: hdr: header(svc_id=1, op=130, ctrl_index=0, data_len=7) bytearray(b'\x01\x82\x00\x07\x00')
2016-07-20 14:30:31,970 root DEBUG btpparser.py              49    dec_data                  : dec_data, bytearray(b'l7\xe0\xdc\x1b\x00\x00')
2016-07-20 14:30:31,970 root DEBUG iutctl.py                 91    read                      : Received data: ('l7\xe0\xdc\x1b\x00\x00',), bytearray(b'l7\xe0\xdc\x1b\x00\x00')
2016-07-20 14:30:31,970 root DEBUG btp.py                    313   gap_connected_ev          : received header(svc_id=1, op=130, ctrl_index=0, data_len=7) ('l7\xe0\xdc\x1b\x00\x00',)
2016-07-20 14:30:31,970 root DEBUG testcase.py               201   start                     : Starting test function: ptsprojects.testcase.TestFunc <function gap_pair at 0x7f29e3909ed8> 100 None ('00:1B:DC:E0:37:6C', 0) {}
2016-07-20 14:30:31,970 root DEBUG testcase.py               209   start                     : Test function parameters: args=('00:1B:DC:E0:37:6C', 0), kwds={}
2016-07-20 14:30:31,970 root DEBUG btp.py                    389   gap_pair                  : gap_pair '00:1B:DC:E0:37:6C' 0
2016-07-20 14:30:31,970 root DEBUG iutctl.py                 98    send                      : send, 1 17 0 bytearray(b'\x00l7\xe0\xdc\x1b\x00')
2016-07-20 14:30:31,971 root DEBUG iutctl.py                 108   send                      : btpclient command: send 1 17 0 006c37e0dc1b00
2016-07-20 14:30:31,971 root DEBUG btpparser.py              59    enc_frame                 : enc_frame, 1 17 0 bytearray(b'\x00l7\xe0\xdc\x1b\x00')
2016-07-20 14:30:31,971 root DEBUG iutctl.py                 112   send                      : sending frame '\x01\x11\x00\x07\x00\x00l7\xe0\xdc\x1b\x00'
2016-07-20 14:30:31,971 root DEBUG btp.py                    588   gap_command_rsp_succ      : gap_command_rsp_succ
2016-07-20 14:30:31,971 root DEBUG iutctl.py                 64    read                      : read
2016-07-20 14:30:31,981 root DEBUG btpparser.py              39    dec_hdr                   : dec_hdr, bytearray(b'\x01\x11\x00\x00\x00')
2016-07-20 14:30:31,982 root DEBUG iutctl.py                 78    read                      : Received: hdr: header(svc_id=1, op=17, ctrl_index=0, data_len=0) bytearray(b'\x01\x11\x00\x00\x00')
2016-07-20 14:30:31,982 root DEBUG btpparser.py              49    dec_data                  : dec_data, bytearray(b'')
2016-07-20 14:30:31,982 root DEBUG iutctl.py                 91    read                      : Received data: ('',), bytearray(b'')
2016-07-20 14:30:31,982 root DEBUG btp.py                    593   gap_command_rsp_succ      : received header(svc_id=1, op=17, ctrl_index=0, data_len=0) ('',)
2016-07-20 14:30:31,982 root DEBUG testcase.py               201   start                     : Starting test function: ptsprojects.testcase.TestFunc <function gap_passkey_disp_ev at 0x7f29e39200c8> 100 None ('00:1B:DC:E0:37:6C', 0, True) {}
2016-07-20 14:30:31,982 root DEBUG testcase.py               209   start                     : Test function parameters: args=('00:1B:DC:E0:37:6C', 0, True), kwds={}
2016-07-20 14:30:31,983 root DEBUG btp.py                    418   gap_passkey_disp_ev       : gap_passkey_disp_ev '00:1B:DC:E0:37:6C' 0
2016-07-20 14:30:31,983 root DEBUG iutctl.py                 64    read                      : read
2016-07-20 14:30:33,328 root DEBUG btpparser.py              39    dec_hdr                   : dec_hdr, bytearray(b'\x01\x84\x00\x0b\x00')
2016-07-20 14:30:33,329 root DEBUG iutctl.py                 78    read                      : Received: hdr: header(svc_id=1, op=132, ctrl_index=0, data_len=11) bytearray(b'\x01\x84\x00\x0b\x00')
2016-07-20 14:30:33,329 root DEBUG btpparser.py              49    dec_data                  : dec_data, bytearray(b'\x00l7\xe0\xdc\x1b\x00\x17#\x0e\x00')
2016-07-20 14:30:33,329 root DEBUG iutctl.py                 91    read                      : Received data: ('\x00l7\xe0\xdc\x1b\x00\x17#\x0e\x00',), bytearray(b'\x00l7\xe0\xdc\x1b\x00\x17#\x0e\x00')
2016-07-20 14:30:33,329 root DEBUG btp.py                    422   gap_passkey_disp_ev       : received header(svc_id=1, op=132, ctrl_index=0, data_len=11) ('\x00l7\xe0\xdc\x1b\x00\x17#\x0e\x00',)
2016-07-20 14:30:33,329 root DEBUG btp.py                    437   gap_passkey_disp_ev       : passkey = 926487
2016-07-20 14:30:33,330 root DEBUG testcase.py               494   on_implicit_send          : Sending response 'OK'
2016-07-20 14:30:33,330 ClientCallback.on_implicit_send INFO autoptsclient_common.py   143   on_implicit_send          : test case returned on_implicit_send, response: OK
2016-07-20 14:30:33,330 ClientCallback.on_implicit_send INFO autoptsclient_common.py   151   on_implicit_send          : END OnImplicitSend:
2016-07-20 14:30:33,330 ClientCallback.on_implicit_send INFO autoptsclient_common.py   152   on_implicit_send          : ********************
2016-07-20 14:30:33,341 ClientCallback.on_implicit_send INFO autoptsclient_common.py   116   on_implicit_send          : ********************
2016-07-20 14:30:33,341 ClientCallback.on_implicit_send INFO autoptsclient_common.py   117   on_implicit_send          : BEGIN OnImplicitSend:
2016-07-20 14:30:33,341 ClientCallback.on_implicit_send INFO autoptsclient_common.py   118   on_implicit_send          : project_name: SM
2016-07-20 14:30:33,342 ClientCallback.on_implicit_send INFO autoptsclient_common.py   119   on_implicit_send          : wid: 108
2016-07-20 14:30:33,342 ClientCallback.on_implicit_send INFO autoptsclient_common.py   120   on_implicit_send          : test_case_name: TC_OOB_BV_05_C
2016-07-20 14:30:33,342 ClientCallback.on_implicit_send INFO autoptsclient_common.py   121   on_implicit_send          : description:  Please send pairing request 
2016-07-20 14:30:33,342 ClientCallback.on_implicit_send INFO autoptsclient_common.py   122   on_implicit_send          : style: MMI_Style_Ok_Cancel2 0x11141
2016-07-20 14:30:33,342 ClientCallback.on_implicit_send INFO autoptsclient_common.py   124   on_implicit_send          : response: 3062888 <type 'int'> 23752936
2016-07-20 14:30:33,342 ClientCallback.on_implicit_send INFO autoptsclient_common.py   125   on_implicit_send          : response_size: 2048
2016-07-20 14:30:33,342 ClientCallback.on_implicit_send INFO autoptsclient_common.py   127   on_implicit_send          : response_is_present: 0 <type 'int'>
2016-07-20 14:30:33,342 ClientCallback.on_implicit_send INFO autoptsclient_common.py   131   on_implicit_send          : Calling test cases on_implicit_send
2016-07-20 14:30:33,342 root DEBUG testcase.py               467   on_implicit_send          : SM TC_OOB_BV_05_C on_implicit_send
2016-07-20 14:30:33,343 root DEBUG testcase.py               494   on_implicit_send          : Sending response 'OK'
2016-07-20 14:30:33,343 ClientCallback.on_implicit_send INFO autoptsclient_common.py   143   on_implicit_send          : test case returned on_implicit_send, response: OK
2016-07-20 14:30:33,343 ClientCallback.on_implicit_send INFO autoptsclient_common.py   151   on_implicit_send          : END OnImplicitSend:
2016-07-20 14:30:33,343 ClientCallback.on_implicit_send INFO autoptsclient_common.py   152   on_implicit_send          : ********************
2016-07-20 14:30:33,353 ClientCallback.on_implicit_send INFO autoptsclient_common.py   116   on_implicit_send          : ********************
2016-07-20 14:30:33,353 ClientCallback.on_implicit_send INFO autoptsclient_common.py   117   on_implicit_send          : BEGIN OnImplicitSend:
2016-07-20 14:30:33,353 ClientCallback.on_implicit_send INFO autoptsclient_common.py   118   on_implicit_send          : project_name: SM
2016-07-20 14:30:33,353 ClientCallback.on_implicit_send INFO autoptsclient_common.py   119   on_implicit_send          : wid: 104
2016-07-20 14:30:33,353 ClientCallback.on_implicit_send INFO autoptsclient_common.py   120   on_implicit_send          : test_case_name: TC_OOB_BV_05_C
2016-07-20 14:30:33,353 ClientCallback.on_implicit_send INFO autoptsclient_common.py   121   on_implicit_send          : description: Enter the 6 digit pin code,then click OK.
2016-07-20 14:30:33,354 ClientCallback.on_implicit_send INFO autoptsclient_common.py   122   on_implicit_send          : style: MMI_Style_Edit1 0x12040
2016-07-20 14:30:33,354 ClientCallback.on_implicit_send INFO autoptsclient_common.py   124   on_implicit_send          : response: 3062888 <type 'int'> 23752936
2016-07-20 14:30:33,354 ClientCallback.on_implicit_send INFO autoptsclient_common.py   125   on_implicit_send          : response_size: 2048
2016-07-20 14:30:33,354 ClientCallback.on_implicit_send INFO autoptsclient_common.py   127   on_implicit_send          : response_is_present: 0 <type 'int'>
2016-07-20 14:30:33,354 ClientCallback.on_implicit_send INFO autoptsclient_common.py   131   on_implicit_send          : Calling test cases on_implicit_send
2016-07-20 14:30:33,354 root DEBUG testcase.py               467   on_implicit_send          : SM TC_OOB_BV_05_C on_implicit_send
2016-07-20 14:30:33,354 root DEBUG testcase.py               428   handle_mmi_style_edit1    : handle_mmi_style_edit1, 104 edit1_wids={104: <function var_get_passkey at 0x7f29e3909f50>}
2016-07-20 14:30:33,355 root DEBUG testcase.py               494   on_implicit_send          : Sending response '926487'
2016-07-20 14:30:33,355 ClientCallback.on_implicit_send INFO autoptsclient_common.py   143   on_implicit_send          : test case returned on_implicit_send, response: 926487
2016-07-20 14:30:33,355 ClientCallback.on_implicit_send INFO autoptsclient_common.py   151   on_implicit_send          : END OnImplicitSend:
2016-07-20 14:30:33,355 ClientCallback.on_implicit_send INFO autoptsclient_common.py   152   on_implicit_send          : ********************
2016-07-20 14:30:55,601 ClientCallback.log INFO autoptsclient_common.py   82    log                       : PTS_LOGTYPE_START_TEST Start Test Case 

+3011 ms
 TC_OOB_BV_05_C

2016-07-20 14:30:55,601 root DEBUG testcase.py               358   log                       : New status SM TC_OOB_BV_05_C - Started
2016-07-20 14:30:57,769 ClientCallback.log INFO autoptsclient_common.py   82    log                       : PTS_LOGTYPE_FINAL_VERDICT Final verdict 

+27737 ms
 : [12] INCONC

2016-07-20 14:30:57,769 root DEBUG testcase.py               358   log                       : New status SM TC_OOB_BV_05_C - INCONC
2016-07-20 14:30:57,776 ClientCallback.log INFO autoptsclient_common.py   82    log                       : PTS_LOGTYPE_FINAL_VERDICT Encrypted Verdict 

+27737 ms
 A1#ZWY4MzQ5MDg3MmQwNTIxOGQzMzQ5YjY2ODA5M2MzNjQ5ZDY4NmY0Yjc2MzIzM2VkNTUyNTFhNGU4Mjg1MjI0NA==#K+E9aRZGH9LU9rycewQkazNr4Sb+EJ/xMZau4cVMp2HfyMqi+RCUooGEq97N2OM3

2016-07-20 14:30:57,788 ClientCallback.log INFO autoptsclient_common.py   82    log                       : PTS_LOGTYPE_END_TEST Test Case ended 

+27737 ms
 TC_OOB_BV_05_C

2016-07-20 14:30:57,894 root DEBUG testcase.py               518   post_run                  : post_run SM TC_OOB_BV_05_C 
2016-07-20 14:30:57,894 root DEBUG testcase.py               201   start                     : Starting test function: ptsprojects.testcase.TestFuncCleanUp <bound method ZephyrCtl.stop of <ptsprojects.zephyr.iutctl.ZephyrCtl instance at 0x7f29e39373f8>> None None () {}
2016-07-20 14:30:57,894 root DEBUG testcase.py               209   start                     : Test function parameters: args=(), kwds={}
2016-07-20 14:30:57,894 root DEBUG iutctl.py                 207   stop                      : ptsprojects.zephyr.iutctl.ZephyrCtl.stop
2016-07-20 14:31:00,897 root DEBUG autoptsclient_common.py   395   run_test_case             : Done TestCase wrapper SM TC_OOB_BV_05_C
