2016-07-20 14:37:09,070 root DEBUG autoptsclient_common.py   349   run_test_case             : Starting TestCase wrapper SM TC_KDU_BV_03_C
2016-07-20 14:37:09,070 root DEBUG testcase.py               499   pre_run                   : pre_run SM TC_KDU_BV_03_C
2016-07-20 14:37:09,070 root DEBUG testcase.py               502   pre_run                   : About to run test case SM TC_KDU_BV_03_C with commands:
2016-07-20 14:37:09,070 root DEBUG testcase.py               504   pre_run                   : 0) ptsprojects.testcase.TestFunc <bound method ZephyrCtl.start of <ptsprojects.zephyr.iutctl.ZephyrCtl instance at 0x7f5a66e7b3f8>> None None () {}
2016-07-20 14:37:09,070 root DEBUG testcase.py               504   pre_run                   : 1) ptsprojects.testcase.TestFunc <function core_reg_svc_gap at 0x7f5a66e4ca28> None None () {}
2016-07-20 14:37:09,070 root DEBUG testcase.py               504   pre_run                   : 2) ptsprojects.testcase.TestFunc <function gap_set_io_cap at 0x7f5a66e4ce60> None None (0,) {}
2016-07-20 14:37:09,070 root DEBUG testcase.py               504   pre_run                   : 3) ptsprojects.testcase.TestFunc <function gap_adv_ind_on at 0x7f5a66e4cb90> 115 None () {}
2016-07-20 14:37:09,071 root DEBUG testcase.py               504   pre_run                   : 4) ptsprojects.testcase.TestFunc <function gap_connected_ev at 0x7f5a66e4cc80> 115 None ('00:1B:DC:E0:37:6C', 0) {}
2016-07-20 14:37:09,071 root DEBUG testcase.py               504   pre_run                   : 5) ptsprojects.testcase.TestFunc <function gap_passkey_disp_ev at 0x7f5a66e640c8> 115 None ('00:1B:DC:E0:37:6C', 0, True) {}
2016-07-20 14:37:09,071 root DEBUG testcase.py               504   pre_run                   : 6) ptsprojects.testcase.TestFuncCleanUp <bound method ZephyrCtl.stop of <ptsprojects.zephyr.iutctl.ZephyrCtl instance at 0x7f5a66e7b3f8>> None None () {}
2016-07-20 14:37:09,071 root DEBUG testcase.py               201   start                     : Starting test function: ptsprojects.testcase.TestFunc <bound method ZephyrCtl.start of <ptsprojects.zephyr.iutctl.ZephyrCtl instance at 0x7f5a66e7b3f8>> None None () {}
2016-07-20 14:37:09,071 root DEBUG testcase.py               209   start                     : Test function parameters: args=(), kwds={}
2016-07-20 14:37:09,071 root DEBUG iutctl.py                 173   start                     : ptsprojects.zephyr.iutctl.ZephyrCtl.start
2016-07-20 14:37:09,071 root DEBUG iutctl.py                 160   reset_board               : About to reset DUT: "/home/skamrmar/bin/zflash/openocd/bin/openocd -s /home/skamrmar/bin/zflash/openocd/share/scripts -f /home/skamrmar/bin/zflash/boards/mountatlas/openocd.cfg -c 'init' -c 'reset run' -c 'shutdown'"
2016-07-20 14:37:11,076 root DEBUG iutctl.py                 184   start                     : Starting socat process: socat -x -v /dev/ttyUSB1,raw,b115200 UNIX-CONNECT:/tmp/bt-stack-tester
2016-07-20 14:37:11,079 root DEBUG iutctl.py                 56    accept                    : accept
2016-07-20 14:37:11,082 root DEBUG testcase.py               201   start                     : Starting test function: ptsprojects.testcase.TestFunc <function core_reg_svc_gap at 0x7f5a66e4ca28> None None () {}
2016-07-20 14:37:11,082 root DEBUG testcase.py               209   start                     : Test function parameters: args=(), kwds={}
2016-07-20 14:37:11,083 root DEBUG btp.py                    226   core_reg_svc_gap          : core_reg_svc_gap
2016-07-20 14:37:11,083 root DEBUG iutctl.py                 98    send                      : send, 0 3 255 1
2016-07-20 14:37:11,083 root DEBUG iutctl.py                 108   send                      : btpclient command: send 0 3 255 01
2016-07-20 14:37:11,083 root DEBUG btpparser.py              59    enc_frame                 : enc_frame, 0 3 255 '\x01'
2016-07-20 14:37:11,083 root DEBUG iutctl.py                 112   send                      : sending frame '\x00\x03\xff\x01\x00\x01'
2016-07-20 14:37:12,636 root DEBUG btp.py                    246   core_reg_svc_rsp_succ     : core_reg_svc_rsp_succ
2016-07-20 14:37:12,637 root DEBUG iutctl.py                 64    read                      : read
2016-07-20 14:37:13,149 root DEBUG btpparser.py              39    dec_hdr                   : dec_hdr, bytearray(b'\x00\x03\xff\x00\x00')
2016-07-20 14:37:13,150 root DEBUG iutctl.py                 78    read                      : Received: hdr: header(svc_id=0, op=3, ctrl_index=255, data_len=0) bytearray(b'\x00\x03\xff\x00\x00')
2016-07-20 14:37:13,150 root DEBUG btpparser.py              49    dec_data                  : dec_data, bytearray(b'')
2016-07-20 14:37:13,151 root DEBUG iutctl.py                 91    read                      : Received data: ('',), bytearray(b'')
2016-07-20 14:37:13,151 root DEBUG btp.py                    257   core_reg_svc_rsp_succ     : received header(svc_id=0, op=3, ctrl_index=255, data_len=0) ('',)
2016-07-20 14:37:13,151 root DEBUG btp.py                    258   core_reg_svc_rsp_succ     : expected ((0, 3, 255, 0), ('',))
2016-07-20 14:37:13,151 root DEBUG btp.py                    264   core_reg_svc_rsp_succ     : response is valid
2016-07-20 14:37:13,152 root DEBUG testcase.py               201   start                     : Starting test function: ptsprojects.testcase.TestFunc <function gap_set_io_cap at 0x7f5a66e4ce60> None None (0,) {}
2016-07-20 14:37:13,152 root DEBUG testcase.py               209   start                     : Test function parameters: args=(0,), kwds={}
2016-07-20 14:37:13,152 root DEBUG btp.py                    380   gap_set_io_cap            : gap_set_io_cap 0
2016-07-20 14:37:13,152 root DEBUG iutctl.py                 98    send                      : send, 1 16 0 '\x00'
2016-07-20 14:37:13,152 root DEBUG iutctl.py                 108   send                      : btpclient command: send 1 16 0 00
2016-07-20 14:37:13,152 root DEBUG btpparser.py              59    enc_frame                 : enc_frame, 1 16 0 '\x00'
2016-07-20 14:37:13,153 root DEBUG iutctl.py                 112   send                      : sending frame '\x01\x10\x00\x01\x00\x00'
2016-07-20 14:37:13,153 root DEBUG btp.py                    588   gap_command_rsp_succ      : gap_command_rsp_succ
2016-07-20 14:37:13,153 root DEBUG iutctl.py                 64    read                      : read
2016-07-20 14:37:13,155 root DEBUG btpparser.py              39    dec_hdr                   : dec_hdr, bytearray(b'\x01\x10\x00\x00\x00')
2016-07-20 14:37:13,156 root DEBUG iutctl.py                 78    read                      : Received: hdr: header(svc_id=1, op=16, ctrl_index=0, data_len=0) bytearray(b'\x01\x10\x00\x00\x00')
2016-07-20 14:37:13,156 root DEBUG btpparser.py              49    dec_data                  : dec_data, bytearray(b'')
2016-07-20 14:37:13,156 root DEBUG iutctl.py                 91    read                      : Received data: ('',), bytearray(b'')
2016-07-20 14:37:13,156 root DEBUG btp.py                    593   gap_command_rsp_succ      : received header(svc_id=1, op=16, ctrl_index=0, data_len=0) ('',)
2016-07-20 14:37:23,005 ClientCallback.on_implicit_send INFO autoptsclient_common.py   116   on_implicit_send          : ********************
2016-07-20 14:37:23,005 ClientCallback.on_implicit_send INFO autoptsclient_common.py   117   on_implicit_send          : BEGIN OnImplicitSend:
2016-07-20 14:37:23,005 ClientCallback.on_implicit_send INFO autoptsclient_common.py   118   on_implicit_send          : project_name: SM
2016-07-20 14:37:23,006 ClientCallback.on_implicit_send INFO autoptsclient_common.py   119   on_implicit_send          : wid: 115
2016-07-20 14:37:23,006 ClientCallback.on_implicit_send INFO autoptsclient_common.py   120   on_implicit_send          : test_case_name: TC_KDU_BV_03_C
2016-07-20 14:37:23,006 ClientCallback.on_implicit_send INFO autoptsclient_common.py   121   on_implicit_send          : description: Action: Place the IUT in connectable mode.

Description:  PTS requires that the IUT be in connectable mode.  The PTS will attempt to establish a SLC and open an L2CAP channel.
2016-07-20 14:37:23,006 ClientCallback.on_implicit_send INFO autoptsclient_common.py   122   on_implicit_send          : style: MMI_Style_Ok_Cancel2 0x11141
2016-07-20 14:37:23,006 ClientCallback.on_implicit_send INFO autoptsclient_common.py   124   on_implicit_send          : response: 3062896 <type 'int'> 42269032
2016-07-20 14:37:23,006 ClientCallback.on_implicit_send INFO autoptsclient_common.py   125   on_implicit_send          : response_size: 2048
2016-07-20 14:37:23,006 ClientCallback.on_implicit_send INFO autoptsclient_common.py   127   on_implicit_send          : response_is_present: 0 <type 'int'>
2016-07-20 14:37:23,006 ClientCallback.on_implicit_send INFO autoptsclient_common.py   131   on_implicit_send          : Calling test cases on_implicit_send
2016-07-20 14:37:23,006 root DEBUG testcase.py               467   on_implicit_send          : SM TC_KDU_BV_03_C on_implicit_send
2016-07-20 14:37:23,006 root DEBUG testcase.py               201   start                     : Starting test function: ptsprojects.testcase.TestFunc <function gap_adv_ind_on at 0x7f5a66e4cb90> 115 None () {}
2016-07-20 14:37:23,007 root DEBUG testcase.py               209   start                     : Test function parameters: args=(), kwds={}
2016-07-20 14:37:23,007 root DEBUG btp.py                    268   gap_adv_ind_on            : gap_adv_ind_on None None
2016-07-20 14:37:23,007 root DEBUG iutctl.py                 98    send                      : send, 1 10 0 bytearray(b'\x00\x00')
2016-07-20 14:37:23,007 root DEBUG iutctl.py                 108   send                      : btpclient command: send 1 10 0 0000
2016-07-20 14:37:23,007 root DEBUG btpparser.py              59    enc_frame                 : enc_frame, 1 10 0 bytearray(b'\x00\x00')
2016-07-20 14:37:23,007 root DEBUG iutctl.py                 112   send                      : sending frame '\x01\n\x00\x02\x00\x00\x00'
2016-07-20 14:37:23,007 root DEBUG btp.py                    588   gap_command_rsp_succ      : gap_command_rsp_succ
2016-07-20 14:37:23,007 root DEBUG iutctl.py                 64    read                      : read
2016-07-20 14:37:23,014 root DEBUG btpparser.py              39    dec_hdr                   : dec_hdr, bytearray(b'\x01\n\x00\x04\x00')
2016-07-20 14:37:23,015 root DEBUG iutctl.py                 78    read                      : Received: hdr: header(svc_id=1, op=10, ctrl_index=0, data_len=4) bytearray(b'\x01\n\x00\x04\x00')
2016-07-20 14:37:23,015 root DEBUG btpparser.py              49    dec_data                  : dec_data, bytearray(b'\x13\x06\x00\x00')
2016-07-20 14:37:23,015 root DEBUG iutctl.py                 91    read                      : Received data: ('\x13\x06\x00\x00',), bytearray(b'\x13\x06\x00\x00')
2016-07-20 14:37:23,016 root DEBUG btp.py                    593   gap_command_rsp_succ      : received header(svc_id=1, op=10, ctrl_index=0, data_len=4) ('\x13\x06\x00\x00',)
2016-07-20 14:37:23,016 root DEBUG testcase.py               201   start                     : Starting test function: ptsprojects.testcase.TestFunc <function gap_connected_ev at 0x7f5a66e4cc80> 115 None ('00:1B:DC:E0:37:6C', 0) {}
2016-07-20 14:37:23,016 root DEBUG testcase.py               209   start                     : Test function parameters: args=('00:1B:DC:E0:37:6C', 0), kwds={}
2016-07-20 14:37:23,016 root DEBUG btp.py                    309   gap_connected_ev          : gap_connected_ev '00:1B:DC:E0:37:6C' 0
2016-07-20 14:37:23,016 root DEBUG iutctl.py                 64    read                      : read
2016-07-20 14:37:23,166 root DEBUG btpparser.py              39    dec_hdr                   : dec_hdr, bytearray(b'\x01\x82\x00\x07\x00')
2016-07-20 14:37:23,167 root DEBUG iutctl.py                 78    read                      : Received: hdr: header(svc_id=1, op=130, ctrl_index=0, data_len=7) bytearray(b'\x01\x82\x00\x07\x00')
2016-07-20 14:37:23,167 root DEBUG btpparser.py              49    dec_data                  : dec_data, bytearray(b'l7\xe0\xdc\x1b\x00\x00')
2016-07-20 14:37:23,167 root DEBUG iutctl.py                 91    read                      : Received data: ('l7\xe0\xdc\x1b\x00\x00',), bytearray(b'l7\xe0\xdc\x1b\x00\x00')
2016-07-20 14:37:23,167 root DEBUG btp.py                    313   gap_connected_ev          : received header(svc_id=1, op=130, ctrl_index=0, data_len=7) ('l7\xe0\xdc\x1b\x00\x00',)
2016-07-20 14:37:23,168 root DEBUG testcase.py               201   start                     : Starting test function: ptsprojects.testcase.TestFunc <function gap_passkey_disp_ev at 0x7f5a66e640c8> 115 None ('00:1B:DC:E0:37:6C', 0, True) {}
2016-07-20 14:37:23,168 root DEBUG testcase.py               209   start                     : Test function parameters: args=('00:1B:DC:E0:37:6C', 0, True), kwds={}
2016-07-20 14:37:23,168 root DEBUG btp.py                    418   gap_passkey_disp_ev       : gap_passkey_disp_ev '00:1B:DC:E0:37:6C' 0
2016-07-20 14:37:23,168 root DEBUG iutctl.py                 64    read                      : read
2016-07-20 14:37:24,003 root DEBUG btpparser.py              39    dec_hdr                   : dec_hdr, bytearray(b'\x01\x84\x00\x0b\x00')
2016-07-20 14:37:24,004 root DEBUG iutctl.py                 78    read                      : Received: hdr: header(svc_id=1, op=132, ctrl_index=0, data_len=11) bytearray(b'\x01\x84\x00\x0b\x00')
2016-07-20 14:37:24,004 root DEBUG btpparser.py              49    dec_data                  : dec_data, bytearray(b'\x00l7\xe0\xdc\x1b\x00\xbby\t\x00')
2016-07-20 14:37:24,004 root DEBUG iutctl.py                 91    read                      : Received data: ('\x00l7\xe0\xdc\x1b\x00\xbby\t\x00',), bytearray(b'\x00l7\xe0\xdc\x1b\x00\xbby\t\x00')
2016-07-20 14:37:24,004 root DEBUG btp.py                    422   gap_passkey_disp_ev       : received header(svc_id=1, op=132, ctrl_index=0, data_len=11) ('\x00l7\xe0\xdc\x1b\x00\xbby\t\x00',)
2016-07-20 14:37:24,004 root DEBUG btp.py                    437   gap_passkey_disp_ev       : passkey = 620987
2016-07-20 14:37:24,005 root DEBUG testcase.py               494   on_implicit_send          : Sending response 'OK'
2016-07-20 14:37:24,005 ClientCallback.on_implicit_send INFO autoptsclient_common.py   143   on_implicit_send          : test case returned on_implicit_send, response: OK
2016-07-20 14:37:24,005 ClientCallback.on_implicit_send INFO autoptsclient_common.py   151   on_implicit_send          : END OnImplicitSend:
2016-07-20 14:37:24,005 ClientCallback.on_implicit_send INFO autoptsclient_common.py   152   on_implicit_send          : ********************
2016-07-20 14:37:24,502 ClientCallback.on_implicit_send INFO autoptsclient_common.py   116   on_implicit_send          : ********************
2016-07-20 14:37:24,503 ClientCallback.on_implicit_send INFO autoptsclient_common.py   117   on_implicit_send          : BEGIN OnImplicitSend:
2016-07-20 14:37:24,503 ClientCallback.on_implicit_send INFO autoptsclient_common.py   118   on_implicit_send          : project_name: SM
2016-07-20 14:37:24,503 ClientCallback.on_implicit_send INFO autoptsclient_common.py   119   on_implicit_send          : wid: 104
2016-07-20 14:37:24,503 ClientCallback.on_implicit_send INFO autoptsclient_common.py   120   on_implicit_send          : test_case_name: TC_KDU_BV_03_C
2016-07-20 14:37:24,503 ClientCallback.on_implicit_send INFO autoptsclient_common.py   121   on_implicit_send          : description: Enter the 6 digit pin code,then click OK.
2016-07-20 14:37:24,503 ClientCallback.on_implicit_send INFO autoptsclient_common.py   122   on_implicit_send          : style: MMI_Style_Edit1 0x12040
2016-07-20 14:37:24,504 ClientCallback.on_implicit_send INFO autoptsclient_common.py   124   on_implicit_send          : response: 3062896 <type 'int'> 42269032
2016-07-20 14:37:24,504 ClientCallback.on_implicit_send INFO autoptsclient_common.py   125   on_implicit_send          : response_size: 2048
2016-07-20 14:37:24,504 ClientCallback.on_implicit_send INFO autoptsclient_common.py   127   on_implicit_send          : response_is_present: 0 <type 'int'>
2016-07-20 14:37:24,504 ClientCallback.on_implicit_send INFO autoptsclient_common.py   131   on_implicit_send          : Calling test cases on_implicit_send
2016-07-20 14:37:24,504 root DEBUG testcase.py               467   on_implicit_send          : SM TC_KDU_BV_03_C on_implicit_send
2016-07-20 14:37:24,505 root DEBUG testcase.py               428   handle_mmi_style_edit1    : handle_mmi_style_edit1, 104 edit1_wids={104: <function var_get_passkey at 0x7f5a66e4cf50>}
2016-07-20 14:37:24,505 root DEBUG testcase.py               494   on_implicit_send          : Sending response '620987'
2016-07-20 14:37:24,505 ClientCallback.on_implicit_send INFO autoptsclient_common.py   143   on_implicit_send          : test case returned on_implicit_send, response: 620987
2016-07-20 14:37:24,505 ClientCallback.on_implicit_send INFO autoptsclient_common.py   151   on_implicit_send          : END OnImplicitSend:
2016-07-20 14:37:24,505 ClientCallback.on_implicit_send INFO autoptsclient_common.py   152   on_implicit_send          : ********************
2016-07-20 14:37:37,122 ClientCallback.log INFO autoptsclient_common.py   82    log                       : PTS_LOGTYPE_START_TEST Start Test Case 

+3011 ms
 TC_KDU_BV_03_C

2016-07-20 14:37:37,122 root DEBUG testcase.py               358   log                       : New status SM TC_KDU_BV_03_C - Started
2016-07-20 14:37:39,018 ClientCallback.log INFO autoptsclient_common.py   82    log                       : PTS_LOGTYPE_FINAL_VERDICT Final verdict 

+18158 ms
 : [12] PASS

2016-07-20 14:37:39,018 root DEBUG testcase.py               358   log                       : New status SM TC_KDU_BV_03_C - PASS
2016-07-20 14:37:39,024 ClientCallback.log INFO autoptsclient_common.py   82    log                       : PTS_LOGTYPE_FINAL_VERDICT Encrypted Verdict 

+18158 ms
 A1#MDRlNjNmYjFjNjgzMDNhMDM4ODIzNjMyYTc3NmJmMmI2NDA4Yjg0ZTI1NzJkMzRkNGExZjljZGRkMTc5ODM0NA==#jeLcmWwsym+65eTjHGaK9DUTnA3J5jdeOQ1cXY5swFsZsqLpbOCPkaI1Y6bs/7vF

2016-07-20 14:37:39,035 ClientCallback.log INFO autoptsclient_common.py   82    log                       : PTS_LOGTYPE_END_TEST Test Case ended 

+18158 ms
 TC_KDU_BV_03_C

2016-07-20 14:37:39,063 root DEBUG testcase.py               518   post_run                  : post_run SM TC_KDU_BV_03_C 
2016-07-20 14:37:39,063 root DEBUG testcase.py               201   start                     : Starting test function: ptsprojects.testcase.TestFuncCleanUp <bound method ZephyrCtl.stop of <ptsprojects.zephyr.iutctl.ZephyrCtl instance at 0x7f5a66e7b3f8>> None None () {}
2016-07-20 14:37:39,063 root DEBUG testcase.py               209   start                     : Test function parameters: args=(), kwds={}
2016-07-20 14:37:39,063 root DEBUG iutctl.py                 207   stop                      : ptsprojects.zephyr.iutctl.ZephyrCtl.stop
2016-07-20 14:37:42,067 root DEBUG autoptsclient_common.py   395   run_test_case             : Done TestCase wrapper SM TC_KDU_BV_03_C
